{ "timestamp":"2017-11-08T02:38:09Z", "event":"Fileheader", "part":1, "language":"English\\UK", "gameversion":"2.4", "build":"r156431/r0 " }
{ "timestamp":"2017-11-08T02:38:09Z", "event":"Music", "MusicTrack":"NoTrack" }
{ "timestamp":"2017-11-08T02:38:09Z", "event":"Music", "MusicTrack":"MainMenu" }
{ "timestamp":"2017-11-08T02:38:26Z", "event":"Friends", "Status":"Online", "Name":"Arbitration" }
{ "timestamp":"2017-11-08T02:38:34Z", "event":"Cargo", "Inventory":[ { "Name":"militarygradefabrics", "Count":304 } ] }
{ "timestamp":"2017-11-08T02:38:34Z", "event":"Loadout", "Ship":"Type7", "ShipID":14, "ShipName":"Behemoth", "ShipIdent":"TS-002", "Modules":[ { "Slot":"Armour", "Item":"Type7_Armour_Grade1", "On":true, "Priority":1, "Health":1.000000, "Value":0 }, { "Slot":"PowerPlant", "Item":"Int_Powerplant_Size2_Class5", "On":true, "Priority":1, "Health":0.991061, "Value":160224 }, { "Slot":"MainEngines", "Item":"Int_Engine_Size5_Class3", "On":true, "Priority":0, "Health":0.991032, "Value":567106 }, { "Slot":"FrameShiftDrive", "Item":"Int_Hyperdrive_Size5_Class4", "On":true, "Priority":0, "Health":0.989953, "Value":1701318 }, { "Slot":"LifeSupport", "Item":"Int_LifeSupport_Size4_Class1", "On":true, "Priority":2, "Health":0.987060, "Value":11349 }, { "Slot":"PowerDistributor", "Item":"Int_PowerDistributor_Size1_Class2", "On":true, "Priority":0, "Health":0.986548, "Value":1293 }, { "Slot":"Radar", "Item":"Int_Sensors_Size3_Class2", "On":true, "Priority":0, "Health":0.989482, "Value":10133 }, { "Slot":"Decal1", "Item":"Decal_Trade_Merchant", "On":true, "Priority":1, "Health":1.000000, "Value":0 }, { "Slot":"Decal2", "Item":"Decal_Combat_Competent", "On":true, "Priority":1, "Health":1.000000, "Value":0 }, { "Slot":"Decal3", "Item":"Decal_Explorer_Surveyor", "On":true, "Priority":1, "Health":1.000000, "Value":0 }, { "Slot":"ShipName0", "Item":"Nameplate_ShipName_Black", "On":true, "Priority":1, "Health":1.000000, "Value":0 }, { "Slot":"ShipName1", "Item":"Nameplate_ShipName_Black", "On":true, "Priority":1, "Health":1.000000, "Value":0 }, { "Slot":"FuelTank", "Item":"Int_FuelTank_Size5_Class3", "On":true, "Priority":1, "Health":1.000000, "Value":97754 }, { "Slot":"Slot01_Size6", "Item":"Int_CargoRack_Size6_Class1", "On":true, "Priority":1, "Health":1.000000, "Value":362591 }, { "Slot":"Slot02_Size6", "Item":"Int_CargoRack_Size6_Class1", "On":true, "Priority":1, "Health":1.000000, "Value":362591 }, { "Slot":"Slot03_Size5", "Item":"Int_CargoRack_Size6_Class1", "On":true, "Priority":1, "Health":1.000000, "Value":362591 }, { "Slot":"Slot04_Size5", "Item":"Int_CargoRack_Size5_Class1", "On":true, "Priority":1, "Health":1.000000, "Value":111566 }, { "Slot":"Slot05_Size4", "Item":"Int_CargoRack_Size5_Class1", "On":true, "Priority":1, "Health":1.000000, "Value":111566 }, { "Slot":"Slot06_Size4", "Item":"Int_CargoRack_Size5_Class1", "On":true, "Priority":1, "Health":1.000000, "Value":111566 }, { "Slot":"Slot07_Size2", "Item":"Int_CargoRack_Size3_Class1", "On":true, "Priority":1, "Health":1.000000, "Value":10563 }, { "Slot":"Slot08_Size2", "Item":"Int_CargoRack_Size3_Class1", "On":true, "Priority":1, "Health":1.000000, "Value":8979 }, { "Slot":"PlanetaryApproachSuite", "Item":"Int_PlanetApproachSuite", "On":true, "Priority":1, "Health":1.000000, "Value":500 }, { "Slot":"ShipCockpit", "Item":"Type7_Cockpit", "On":true, "Priority":1, "Health":0.984065, "Value":0 }, { "Slot":"CargoHatch", "Item":"ModularCargoBayDoor", "On":true, "Priority":2, "Health":0.981986, "Value":0 } ] }
{ "timestamp":"2017-11-08T02:38:34Z", "event":"Materials", "Raw":[ { "Name":"nickel", "Count":38 }, { "Name":"iron", "Count":63 }, { "Name":"carbon", "Count":14 }, { "Name":"sulphur", "Count":9 }, { "Name":"germanium", "Count":1 }, { "Name":"chromium", "Count":7 }, { "Name":"phosphorus", "Count":9 }, { "Name":"niobium", "Count":3 }, { "Name":"vanadium", "Count":12 }, { "Name":"zinc", "Count":3 }, { "Name":"molybdenum", "Count":3 } ], "Manufactured":[ { "Name":"refinedfocuscrystals", "Count":1 }, { "Name":"galvanisingalloys", "Count":4 }, { "Name":"heatdispersionplate", "Count":4 }, { "Name":"fedcorecomposites", "Count":2 }, { "Name":"compoundshielding", "Count":2 }, { "Name":"focuscrystals", "Count":1 }, { "Name":"chemicalmanipulators", "Count":1 }, { "Name":"uncutfocuscrystals", "Count":1 }, { "Name":"hybridcapacitors", "Count":1 }, { "Name":"heatconductionwiring", "Count":2 }, { "Name":"gridresistors", "Count":4 }, { "Name":"mechanicalequipment", "Count":1 }, { "Name":"conductivecomponents", "Count":6 } ], "Encoded":[ { "Name":"emissiondata", "Count":11 }, { "Name":"shieldpatternanalysis", "Count":18 }, { "Name":"scandatabanks", "Count":11 }, { "Name":"shielddensityreports", "Count":33 }, { "Name":"shieldcyclerecordings", "Count":47 }, { "Name":"decodedemissiondata", "Count":16 }, { "Name":"bulkscandata", "Count":17 }, { "Name":"archivedemissiondata", "Count":4 }, { "Name":"encryptedfiles", "Count":1 }, { "Name":"scrambledemissiondata", "Count":1 }, { "Name":"scanarchives", "Count":6 }, { "Name":"encodedscandata", "Count":3 }, { "Name":"compactemissionsdata", "Count":6 }, { "Name":"hyperspacetrajectories", "Count":6 }, { "Name":"shieldsoakanalysis", "Count":9 }, { "Name":"consumerfirmware", "Count":3 }, { "Name":"legacyfirmware", "Count":3 } ] }
{ "timestamp":"2017-11-08T02:38:34Z", "event":"LoadGame", "Commander":"Karahl_1", "Ship":"Type7", "ShipID":14, "ShipName":"Behemoth", "ShipIdent":"TS-002", "FuelLevel":25.857134, "FuelCapacity":32.000000, "GameMode":"Open", "Credits":12202191, "Loan":0 }
{ "timestamp":"2017-11-08T02:38:34Z", "event":"Rank", "Combat":3, "Trade":4, "Explore":3, "Empire":0, "Federation":0, "CQC":0 }
{ "timestamp":"2017-11-08T02:38:34Z", "event":"Progress", "Combat":5, "Trade":29, "Explore":6, "Empire":0, "Federation":68, "CQC":0 }
{ "timestamp":"2017-11-08T02:38:38Z", "event":"Friends", "Status":"Online", "Name":"Arbitration" }
{ "timestamp":"2017-11-08T02:38:47Z", "event":"Location", "Docked":false, "StarSystem":"Wolf 424", "StarPos":[4.219,13.281,1.438], "SystemAllegiance":"Federation", "SystemEconomy":"$economy_Industrial;", "SystemEconomy_Localised":"Industrial", "SystemGovernment":"$government_Democracy;", "SystemGovernment_Localised":"Democracy", "SystemSecurity":"$SYSTEM_SECURITY_medium;", "SystemSecurity_Localised":"Medium Security", "Population":24442682, "Body":"Wolf 424 A 1", "BodyType":"Planet", "Factions":[ { "Name":"Pilots Federation Local Branch", "FactionState":"None", "Government":"Democracy", "Influence":0.000000, "Allegiance":"PilotsFederation" }, { "Name":"Workers of Flousop Progressive Party", "FactionState":"None", "Government":"Democracy", "Influence":0.206000, "Allegiance":"Federation", "PendingStates":[ { "State":"Boom", "Trend":1 }, { "State":"CivilUnrest", "Trend":0 }, { "State":"Lockdown", "Trend":0 } ] }, { "Name":"Wolf 424 Future", "FactionState":"None", "Government":"Democracy", "Influence":0.353000, "Allegiance":"Federation", "PendingStates":[ { "State":"Boom", "Trend":1 } ] }, { "Name":"Traditional Wolf 424 Autocracy", "FactionState":"CivilWar", "Government":"Dictatorship", "Influence":0.060000, "Allegiance":"Independent" }, { "Name":"Wolf 424 Ltd", "FactionState":"Boom", "Government":"Corporate", "Influence":0.298000, "Allegiance":"Federation" }, { "Name":"Wolf 424 Law Party", "FactionState":"CivilWar", "Government":"Dictatorship", "Influence":0.017000, "Allegiance":"Independent" }, { "Name":"Wolf 424 Purple Organisation", "FactionState":"CivilWar", "Government":"Anarchy", "Influence":0.054000, "Allegiance":"Independent" }, { "Name":"True Federal Corporation", "FactionState":"CivilWar", "Government":"Corporate", "Influence":0.012000, "Allegiance":"Independent" } ], "SystemFaction":"Wolf 424 Future" }
{ "timestamp":"2017-11-08T02:38:47Z", "event":"Music", "MusicTrack":"NoTrack" }
{ "timestamp":"2017-11-08T02:38:47Z", "event":"Music", "MusicTrack":"Exploration" }
{ "timestamp":"2017-11-08T02:39:17Z", "event":"StartJump", "JumpType":"Supercruise" }
{ "timestamp":"2017-11-08T02:39:17Z", "event":"ApproachSettlement", "Name":"Webb Holdings" }
{ "timestamp":"2017-11-08T02:39:17Z", "event":"ApproachSettlement", "Name":"Wheelock's Progress +" }
{ "timestamp":"2017-11-08T02:39:17Z", "event":"ApproachSettlement", "Name":"Levchenko Settlement +++" }
{ "timestamp":"2017-11-08T02:39:17Z", "event":"ApproachSettlement", "Name":"Arnarson Landing" }
{ "timestamp":"2017-11-08T02:39:22Z", "event":"SupercruiseEntry", "StarSystem":"Wolf 424" }
{ "timestamp":"2017-11-08T02:39:22Z", "event":"Music", "MusicTrack":"Supercruise" }
{ "timestamp":"2017-11-08T02:40:26Z", "event":"ApproachSettlement", "Name":"Webb Holdings" }
{ "timestamp":"2017-11-08T02:40:30Z", "event":"SupercruiseExit", "StarSystem":"Wolf 424", "Body":"Wolf 424 A 1", "BodyType":"Planet" }
{ "timestamp":"2017-11-08T02:40:30Z", "event":"Music", "MusicTrack":"Exploration" }
{ "timestamp":"2017-11-08T02:40:56Z", "event":"Music", "MusicTrack":"NoTrack" }
{ "timestamp":"2017-11-08T02:41:12Z", "event":"ReceiveText", "From":"Webb Holdings", "Message":"$STATION_NoFireZone_entered;", "Message_Localised":"No fire zone entered.", "Channel":"npc" }
{ "timestamp":"2017-11-08T02:41:16Z", "event":"DockingRequested", "StationName":"Webb Holdings" }
{ "timestamp":"2017-11-08T02:41:16Z", "event":"ReceiveText", "From":"Webb Holdings", "Message":"$DockingChatter_Neutral;", "Message_Localised":"Ensure to observe starport protocol during your visit, pilot.", "Channel":"npc" }
{ "timestamp":"2017-11-08T02:41:18Z", "event":"ReceiveText", "From":"Webb Holdings", "Message":"$STATION_docking_granted;", "Message_Localised":"Docking request granted.", "Channel":"npc" }
{ "timestamp":"2017-11-08T02:41:18Z", "event":"DockingGranted", "LandingPad":9, "StationName":"Webb Holdings" }
{ "timestamp":"2017-11-08T02:41:56Z", "event":"ReceiveText", "From":"$ShipName_Police_Federation;", "From_Localised":"Federal Security Service", "Message":"$Police_ThankYouPassedStopAndSearch11;", "Message_Localised":"We didn't find anything on you this time.", "Channel":"npc" }
{ "timestamp":"2017-11-08T02:42:37Z", "event":"Docked", "StationName":"Webb Holdings", "StationType":"SurfaceStation", "StarSystem":"Wolf 424", "StationFaction":"Wolf 424 Ltd", "FactionState":"Boom", "StationGovernment":"$government_Corporate;", "StationGovernment_Localised":"Corporate", "StationAllegiance":"Federation", "StationServices":[ "Dock", "Autodock", "Commodities", "Contacts", "Exploration", "Missions", "Outfitting", "CrewLounge", "Rearm", "Refuel", "Repair", "Shipyard", "Tuning", "MissionsGenerated", "FlightController", "StationOperations", "Powerplay", "SearchAndRescue" ], "StationEconomy":"$economy_Refinery;", "StationEconomy_Localised":"Refinery", "DistFromStarLS":2814.546143 }
{ "timestamp":"2017-11-08T02:42:55Z", "event":"RefuelAll", "Cost":319, "Amount":6.344890 }
{ "timestamp":"2017-11-08T02:42:57Z", "event":"RepairAll", "Cost":523 }
{ "timestamp":"2017-11-08T02:44:35Z", "event":"ModuleBuy", "Slot":"FrameShiftDrive", "SellItem":"$int_hyperdrive_size5_class4_name;", "SellItem_Localised":"FSD", "SellPrice":1701318, "BuyItem":"$int_hyperdrive_size5_class5_name;", "BuyItem_Localised":"FSD", "BuyPrice":5103953, "Ship":"type7", "ShipID":14 }
{ "timestamp":"2017-11-08T02:45:50Z", "event":"MarketSell", "Type":"militarygradefabrics", "Count":304, "SellPrice":1480, "TotalSale":449920, "AvgPricePaid":444 }
{ "timestamp":"2017-11-08T02:47:17Z", "event":"MarketBuy", "Type":"lithium", "Count":304, "BuyPrice":1245, "TotalCost":378480 }
{ "timestamp":"2017-11-08T02:47:28Z", "event":"Music", "MusicTrack":"GalaxyMap" }
{ "timestamp":"2017-11-08T02:48:36Z", "event":"Music", "MusicTrack":"NoTrack" }
{ "timestamp":"2017-11-08T02:49:03Z", "event":"Undocked", "StationName":"Webb Holdings", "StationType":"SurfaceStation" }
{ "timestamp":"2017-11-08T02:49:47Z", "event":"Music", "MusicTrack":"GalaxyMap" }
{ "timestamp":"2017-11-08T02:49:48Z", "event":"Music", "MusicTrack":"NoTrack" }
{ "timestamp":"2017-11-08T02:50:10Z", "event":"ReceiveText", "From":"Webb Holdings", "Message":"$STATION_NoFireZone_exited;", "Message_Localised":"No fire zone left.", "Channel":"npc" }
{ "timestamp":"2017-11-08T02:50:11Z", "event":"StartJump", "JumpType":"Supercruise" }
{ "timestamp":"2017-11-08T02:50:12Z", "event":"ApproachSettlement", "Name":"Webb Holdings" }
{ "timestamp":"2017-11-08T02:50:12Z", "event":"ApproachSettlement", "Name":"Wheelock's Progress +" }
{ "timestamp":"2017-11-08T02:50:12Z", "event":"ApproachSettlement", "Name":"Levchenko Settlement +++" }
{ "timestamp":"2017-11-08T02:50:12Z", "event":"ApproachSettlement", "Name":"Arnarson Landing" }
{ "timestamp":"2017-11-08T02:50:16Z", "event":"SupercruiseEntry", "StarSystem":"Wolf 424" }
{ "timestamp":"2017-11-08T02:50:17Z", "event":"Music", "MusicTrack":"Supercruise" }
{ "timestamp":"2017-11-08T02:51:48Z", "event":"StartJump", "JumpType":"Hyperspace", "StarSystem":"LAWD 49", "StarClass":"D" }
{ "timestamp":"2017-11-08T02:51:54Z", "event":"Music", "MusicTrack":"NoTrack" }
{ "timestamp":"2017-11-08T02:52:07Z", "event":"FSDJump", "StarSystem":"LAWD 49", "StarPos":[5.844,24.000,10.031], "SystemAllegiance":"", "SystemEconomy":"$economy_None;", "SystemEconomy_Localised":"None", "SystemGovernment":"$government_None;", "SystemGovernment_Localised":"None", "SystemSecurity":"$GAlAXY_MAP_INFO_state_anarchy;", "SystemSecurity_Localised":"Anarchy", "Population":0, "JumpDist":13.834, "FuelUsed":3.963963, "FuelLevel":28.036037 }
{ "timestamp":"2017-11-08T02:52:07Z", "event":"Music", "MusicTrack":"Supercruise" }
{ "timestamp":"2017-11-08T02:52:33Z", "event":"StartJump", "JumpType":"Hyperspace", "StarSystem":"GQ Virginis", "StarClass":"M" }
{ "timestamp":"2017-11-08T02:52:34Z", "event":"HeatWarning" }
{ "timestamp":"2017-11-08T02:52:39Z", "event":"Music", "MusicTrack":"NoTrack" }
{ "timestamp":"2017-11-08T02:52:52Z", "event":"FSDJump", "StarSystem":"GQ Virginis", "StarPos":[12.156,27.313,23.281], "SystemAllegiance":"Independent", "SystemEconomy":"$economy_HighTech;", "SystemEconomy_Localised":"High Tech", "SystemGovernment":"$government_Feudal;", "SystemGovernment_Localised":"Feudal", "SystemSecurity":"$SYSTEM_SECURITY_high;", "SystemSecurity_Localised":"High Security", "Population":14087951, "JumpDist":15.046, "FuelUsed":4.811219, "FuelLevel":23.224819, "Factions":[ { "Name":"Aegilips Co", "FactionState":"None", "Government":"Corporate", "Influence":0.060000, "Allegiance":"Federation", "PendingStates":[ { "State":"Boom", "Trend":1 } ] }, { "Name":"Pilots Federation Local Branch", "FactionState":"None", "Government":"Democracy", "Influence":0.000000, "Allegiance":"PilotsFederation" }, { "Name":"GQ Virginis General Corporation", "FactionState":"Retreat", "Government":"Corporate", "Influence":0.068000, "Allegiance":"Federation", "RecoveringStates":[ { "State":"Boom", "Trend":1 } ] }, { "Name":"Justice Party of GQ Virginis", "FactionState":"War", "Government":"Dictatorship", "Influence":0.017000, "Allegiance":"Independent", "PendingStates":[ { "State":"Boom", "Trend":1 }, { "State":"Famine", "Trend":0 } ] }, { "Name":"Union of GQ Virginis Resistance", "FactionState":"None", "Government":"Democracy", "Influence":0.224000, "Allegiance":"Federation", "RecoveringStates":[ { "State":"Boom", "Trend":-1 } ] }, { "Name":"Leaders of LHS 369", "FactionState":"Boom", "Government":"Feudal", "Influence":0.530000, "Allegiance":"Independent" }, { "Name":"GQ Virginis Rats", "FactionState":"Boom", "Government":"Anarchy", "Influence":0.059000, "Allegiance":"Independent" }, { "Name":"Wolf 562 Major Inc", "FactionState":"War", "Government":"Corporate", "Influence":0.042000, "Allegiance":"Federation", "PendingStates":[ { "State":"Boom", "Trend":1 } ] } ], "SystemFaction":"Leaders of LHS 369", "FactionState":"Boom" }
{ "timestamp":"2017-11-08T02:52:52Z", "event":"HeatWarning" }
{ "timestamp":"2017-11-08T02:52:52Z", "event":"Music", "MusicTrack":"DestinationFromHyperspace" }
{ "timestamp":"2017-11-08T02:52:57Z", "event":"Music", "MusicTrack":"Supercruise" }
{ "timestamp":"2017-11-08T02:55:29Z", "event":"SupercruiseExit", "StarSystem":"GQ Virginis", "Body":"Ray Enterprise", "BodyType":"Station" }
{ "timestamp":"2017-11-08T02:55:30Z", "event":"Music", "MusicTrack":"DestinationFromSupercruise" }
{ "timestamp":"2017-11-08T02:55:35Z", "event":"Music", "MusicTrack":"NoTrack" }
{ "timestamp":"2017-11-08T02:55:40Z", "event":"ReceiveText", "From":"Ray Enterprise", "Message":"$STATION_NoFireZone_entered;", "Message_Localised":"No fire zone entered.", "Channel":"npc" }
{ "timestamp":"2017-11-08T02:56:10Z", "event":"DockingRequested", "StationName":"Ray Enterprise" }
{ "timestamp":"2017-11-08T02:56:10Z", "event":"ReceiveText", "From":"Ray Enterprise", "Message":"$DockingChatter_Neutral;", "Message_Localised":"Ensure to observe starport protocol during your visit, pilot.", "Channel":"npc" }
{ "timestamp":"2017-11-08T02:56:11Z", "event":"ReceiveText", "From":"Ray Enterprise", "Message":"$STATION_docking_granted;", "Message_Localised":"Docking request granted.", "Channel":"npc" }
{ "timestamp":"2017-11-08T02:56:11Z", "event":"DockingGranted", "LandingPad":24, "StationName":"Ray Enterprise" }
{ "timestamp":"2017-11-08T02:56:48Z", "event":"Music", "MusicTrack":"Starport" }
{ "timestamp":"2017-11-08T02:57:24Z", "event":"Docked", "StationName":"Ray Enterprise", "StationType":"Coriolis", "StarSystem":"GQ Virginis", "StationFaction":"Leaders of LHS 369", "FactionState":"Boom", "StationGovernment":"$government_Feudal;", "StationGovernment_Localised":"Feudal", "StationServices":[ "Dock", "Autodock", "Commodities", "Contacts", "Exploration", "Missions", "Outfitting", "CrewLounge", "Rearm", "Refuel", "Repair", "Shipyard", "Tuning", "MissionsGenerated", "FlightController", "StationOperations", "Powerplay", "SearchAndRescue" ], "StationEconomy":"$economy_HighTech;", "StationEconomy_Localised":"High Tech", "DistFromStarLS":434.250092 }
{ "timestamp":"2017-11-08T02:57:40Z", "event":"RefuelAll", "Cost":446, "Amount":8.908134 }
{ "timestamp":"2017-11-08T02:57:41Z", "event":"RepairAll", "Cost":536 }
{ "timestamp":"2017-11-08T02:57:56Z", "event":"MarketSell", "Type":"lithium", "Count":304, "SellPrice":1929, "TotalSale":586416, "AvgPricePaid":1245 }
{ "timestamp":"2017-11-08T02:58:31Z", "event":"MarketBuy", "Type":"medicaldiagnosticequipment", "Count":304, "BuyPrice":2247, "TotalCost":683088 }
{ "timestamp":"2017-11-08T02:59:06Z", "event":"ModuleBuy", "Slot":"LifeSupport", "SellItem":"$int_lifesupport_size4_class1_name;", "SellItem_Localised":"Life Support", "SellPrice":11349, "BuyItem":"$int_lifesupport_size4_class2_name;", "BuyItem_Localised":"Life Support", "BuyPrice":28373, "Ship":"type7", "ShipID":14 }
{ "timestamp":"2017-11-08T02:59:41Z", "event":"ModuleBuy", "Slot":"PowerDistributor", "SellItem":"$int_powerdistributor_size1_class2_name;", "SellItem_Localised":"Power Distributor", "SellPrice":1293, "BuyItem":"$int_powerdistributor_size3_class2_name;", "BuyItem_Localised":"Power Distributor", "BuyPrice":10133, "Ship":"type7", "ShipID":14 }
{ "timestamp":"2017-11-08T03:00:37Z", "event":"Undocked", "StationName":"Ray Enterprise", "StationType":"Coriolis" }
{ "timestamp":"2017-11-08T03:00:52Z", "event":"Music", "MusicTrack":"NoTrack" }
{ "timestamp":"2017-11-08T03:01:17Z", "event":"Music", "MusicTrack":"GalaxyMap" }
{ "timestamp":"2017-11-08T03:01:21Z", "event":"Scanned", "ScanType":"Cargo" }
{ "timestamp":"2017-11-08T03:01:21Z", "event":"ReceiveText", "From":"$ShipName_Police_Independent;", "From_Localised":"System Authority Vessel", "Message":"$Police_ThankYouPassedStopAndSearch03;", "Message_Localised":"All clear. Carry on, pilot.", "Channel":"npc" }
{ "timestamp":"2017-11-08T03:02:01Z", "event":"Music", "MusicTrack":"NoTrack" }
{ "timestamp":"2017-11-08T03:02:59Z", "event":"ReceiveText", "From":"Ray Enterprise", "Message":"$STATION_NoFireZone_exited;", "Message_Localised":"No fire zone left.", "Channel":"npc" }
{ "timestamp":"2017-11-08T03:03:05Z", "event":"StartJump", "JumpType":"Hyperspace", "StarSystem":"LHS 392", "StarClass":"M" }
{ "timestamp":"2017-11-08T03:03:23Z", "event":"FSDJump", "StarSystem":"LHS 392", "StarPos":[6.375,30.469,36.469], "SystemAllegiance":"Federation", "SystemEconomy":"$economy_Refinery;", "SystemEconomy_Localised":"Refinery", "SystemGovernment":"$government_Corporate;", "SystemGovernment_Localised":"Corporate", "SystemSecurity":"$SYSTEM_SECURITY_medium;", "SystemSecurity_Localised":"Medium Security", "Population":48062, "JumpDist":14.741, "FuelUsed":4.568247, "FuelLevel":27.431753, "Factions":[ { "Name":"Pilots Federation Local Branch", "FactionState":"None", "Government":"Democracy", "Influence":0.000000, "Allegiance":"PilotsFederation" }, { "Name":"LHS 378 Progressive Party", "FactionState":"None", "Government":"Democracy", "Influence":0.063000, "Allegiance":"Federation", "PendingStates":[ { "State":"Boom", "Trend":1 } ] }, { "Name":"LHS 392 allied", "FactionState":"Famine", "Government":"Cooperative", "Influence":0.045000, "Allegiance":"Independent", "PendingStates":[ { "State":"Boom", "Trend":0 } ] }, { "Name":"Aristocrats of LHS 392", "FactionState":"None", "Government":"Feudal", "Influence":0.162000, "Allegiance":"Independent", "RecoveringStates":[ { "State":"Boom", "Trend":0 } ] }, { "Name":"LHS 54 Allied Network", "FactionState":"Boom", "Government":"Corporate", "Influence":0.213000, "Allegiance":"Federation" }, { "Name":"LHS 392 Advanced Incorporated", "FactionState":"None", "Government":"Corporate", "Influence":0.199000, "Allegiance":"Federation", "PendingStates":[ { "State":"Boom", "Trend":1 } ] }, { "Name":"Drug Empire of LHS 392", "FactionState":"Boom", "Government":"Anarchy", "Influence":0.318000, "Allegiance":"Independent" } ], "SystemFaction":"LHS 392 Advanced Incorporated" }
{ "timestamp":"2017-11-08T03:03:23Z", "event":"Music", "MusicTrack":"Supercruise" }
{ "timestamp":"2017-11-08T03:04:07Z", "event":"StartJump", "JumpType":"Hyperspace", "StarSystem":"Mamitu", "StarClass":"G" }
{ "timestamp":"2017-11-08T03:04:13Z", "event":"Music", "MusicTrack":"NoTrack" }
{ "timestamp":"2017-11-08T03:04:26Z", "event":"FSDJump", "StarSystem":"Mamitu", "StarPos":[0.406,40.625,40.844], "SystemAllegiance":"Federation", "SystemEconomy":"$economy_Refinery;", "SystemEconomy_Localised":"Refinery", "SystemGovernment":"$government_Corporate;", "SystemGovernment_Localised":"Corporate", "SystemSecurity":"$SYSTEM_SECURITY_low;", "SystemSecurity_Localised":"Low Security", "Population":119703, "JumpDist":12.566, "FuelUsed":3.047073, "FuelLevel":24.384680, "Factions":[ { "Name":"Mamitu Pro-Independent Party", "FactionState":"CivilWar", "Government":"Patronage", "Influence":0.140859, "Allegiance":"Independent", "RecoveringStates":[ { "State":"Boom", "Trend":0 } ] }, { "Name":"Pilots Federation Local Branch", "FactionState":"None", "Government":"Democracy", "Influence":0.000000, "Allegiance":"PilotsFederation" }, { "Name":"Gold Public Limited", "FactionState":"None", "Government":"Corporate", "Influence":0.220779, "Allegiance":"Federation", "RecoveringStates":[ { "State":"Boom", "Trend":0 } ] }, { "Name":"Mamitu Union Party", "FactionState":"Boom", "Government":"Communism", "Influence":0.115884, "Allegiance":"Independent" }, { "Name":"United Wolf 587 for Equality", "FactionState":"None", "Government":"Democracy", "Influence":0.009990, "Allegiance":"Federation", "PendingStates":[ { "State":"Boom", "Trend":1 } ] }, { "Name":"Mamitu Mafia", "FactionState":"CivilWar", "Government":"Anarchy", "Influence":0.112887, "Allegiance":"Independent", "RecoveringStates":[ { "State":"Boom", "Trend":0 } ] }, { "Name":"Union of Waru Coalition", "FactionState":"None", "Government":"Confederacy", "Influence":0.085914, "Allegiance":"Federation", "PendingStates":[ { "State":"Boom", "Trend":1 } ] }, { "Name":"Mamitu Industries", "FactionState":"Boom", "Government":"Corporate", "Influence":0.313686, "Allegiance":"Federation" } ], "SystemFaction":"Mamitu Industries", "FactionState":"Boom" }
{ "timestamp":"2017-11-08T03:04:26Z", "event":"Music", "MusicTrack":"Supercruise" }
{ "timestamp":"2017-11-08T03:05:07Z", "event":"StartJump", "JumpType":"Hyperspace", "StarSystem":"Wolf 587", "StarClass":"M" }
{ "timestamp":"2017-11-08T03:05:13Z", "event":"Music", "MusicTrack":"NoTrack" }
{ "timestamp":"2017-11-08T03:05:26Z", "event":"FSDJump", "StarSystem":"Wolf 587", "StarPos":[-7.156,37.281,44.156], "SystemAllegiance":"Federation", "SystemEconomy":"$economy_Industrial;", "SystemEconomy_Localised":"Industrial", "SystemGovernment":"$government_Democracy;", "SystemGovernment_Localised":"Democracy", "SystemSecurity":"$SYSTEM_SECURITY_medium;", "SystemSecurity_Localised":"Medium Security", "Population":3488141, "JumpDist":8.908, "FuelUsed":1.299163, "FuelLevel":23.085516, "Factions":[ { "Name":"Wolf 587 Company", "FactionState":"CivilWar", "Government":"Corporate", "Influence":0.155000, "Allegiance":"Independent", "RecoveringStates":[ { "State":"Outbreak", "Trend":0 } ] }, { "Name":"Pilots Federation Local Branch", "FactionState":"None", "Government":"Democracy", "Influence":0.000000, "Allegiance":"PilotsFederation" }, { "Name":"Liberty Party of Wolf 587", "FactionState":"Boom", "Government":"Dictatorship", "Influence":0.284000, "Allegiance":"Alliance" }, { "Name":"Alliance of Radegast", "FactionState":"None", "Government":"Confederacy", "Influence":0.144000, "Allegiance":"Federation", "PendingStates":[ { "State":"Boom", "Trend":1 }, { "State":"CivilUnrest", "Trend":-1 }, { "State":"Lockdown", "Trend":-1 }, { "State":"Famine", "Trend":0 } ] }, { "Name":"Wolf 587 Silver Cartel", "FactionState":"CivilWar", "Government":"Anarchy", "Influence":0.038000, "Allegiance":"Independent" }, { "Name":"Raguvii Partners", "FactionState":"None", "Government":"Corporate", "Influence":0.042000, "Allegiance":"Independent", "PendingStates":[ { "State":"Boom", "Trend":1 } ] }, { "Name":"United Wolf 587 for Equality", "FactionState":"None", "Government":"Democracy", "Influence":0.264000, "Allegiance":"Federation", "PendingStates":[ { "State":"Boom", "Trend":1 } ] }, { "Name":"Wolf 587 Gold Natural Systems", "FactionState":"Boom", "Government":"Corporate", "Influence":0.073000, "Allegiance":"Independent" } ], "SystemFaction":"United Wolf 587 for Equality" }
{ "timestamp":"2017-11-08T03:05:26Z", "event":"Music", "MusicTrack":"DestinationFromHyperspace" }
{ "timestamp":"2017-11-08T03:05:31Z", "event":"Music", "MusicTrack":"Supercruise" }
{ "timestamp":"2017-11-08T03:08:40Z", "event":"ApproachSettlement", "Name":"Cooper Keep" }
{ "timestamp":"2017-11-08T03:08:42Z", "event":"ApproachSettlement", "Name":"Elvstrom Depot" }
{ "timestamp":"2017-11-08T03:08:43Z", "event":"ApproachSettlement", "Name":"Ford Point" }
{ "timestamp":"2017-11-08T03:09:43Z", "event":"ApproachSettlement", "Name":"Cooper Keep" }
{ "timestamp":"2017-11-08T03:09:46Z", "event":"SupercruiseExit", "StarSystem":"Wolf 587", "Body":"Wolf 587 5 a", "BodyType":"Planet" }
{ "timestamp":"2017-11-08T03:09:46Z", "event":"Music", "MusicTrack":"Exploration" }
{ "timestamp":"2017-11-08T03:10:05Z", "event":"Music", "MusicTrack":"NoTrack" }
{ "timestamp":"2017-11-08T03:10:32Z", "event":"ReceiveText", "From":"Cooper Keep", "Message":"$STATION_NoFireZone_entered;", "Message_Localised":"No fire zone entered.", "Channel":"npc" }
{ "timestamp":"2017-11-08T03:10:39Z", "event":"DockingRequested", "StationName":"Cooper Keep" }
{ "timestamp":"2017-11-08T03:10:39Z", "event":"ReceiveText", "From":"Cooper Keep", "Message":"$DockingChatter_Neutral;", "Message_Localised":"Ensure to observe starport protocol during your visit, pilot.", "Channel":"npc" }
{ "timestamp":"2017-11-08T03:10:40Z", "event":"ReceiveText", "From":"Cooper Keep", "Message":"$STATION_docking_granted;", "Message_Localised":"Docking request granted.", "Channel":"npc" }
{ "timestamp":"2017-11-08T03:10:40Z", "event":"DockingGranted", "LandingPad":12, "StationName":"Cooper Keep" }
{ "timestamp":"2017-11-08T03:11:23Z", "event":"ReceiveText", "From":"$ShipName_Police_Federation;", "From_Localised":"Federal Security Service", "Message":"$Police_ThankYouPassedStopAndSearch10;", "Message_Localised":"Everything looks fine, Commander. Have a good day.", "Channel":"npc" }
{ "timestamp":"2017-11-08T03:11:45Z", "event":"Docked", "StationName":"Cooper Keep", "StationType":"SurfaceStation", "StarSystem":"Wolf 587", "StationFaction":"United Wolf 587 for Equality", "StationGovernment":"$government_Democracy;", "StationGovernment_Localised":"Democracy", "StationAllegiance":"Federation", "StationServices":[ "Dock", "Autodock", "BlackMarket", "Commodities", "Contacts", "Exploration", "Missions", "Outfitting", "CrewLounge", "Rearm", "Refuel", "Repair", "Tuning", "MissionsGenerated", "FlightController", "StationOperations", "Powerplay", "SearchAndRescue" ], "StationEconomy":"$economy_Military;", "StationEconomy_Localised":"Military", "DistFromStarLS":1458.145508 }
{ "timestamp":"2017-11-08T03:12:07Z", "event":"RefuelAll", "Cost":455, "Amount":9.089269 }
{ "timestamp":"2017-11-08T03:12:10Z", "event":"RepairAll", "Cost":822 }
{ "timestamp":"2017-11-08T03:14:40Z", "event":"ModuleBuy", "Slot":"TinyHardpoint1", "BuyItem":"$hpt_antiunknownshutdown_tiny_name;", "BuyItem_Localised":"Field Neutraliser", "BuyPrice":63000, "Ship":"type7", "ShipID":14 }
{ "timestamp":"2017-11-08T03:14:48Z", "event":"ModuleBuy", "Slot":"TinyHardpoint2", "BuyItem":"$hpt_xenoscanner_basic_tiny_name;", "BuyItem_Localised":"Xeno Scanner", "BuyPrice":365698, "Ship":"type7", "ShipID":14 }
{ "timestamp":"2017-11-08T03:18:11Z", "event":"MarketSell", "Type":"medicaldiagnosticequipment", "Count":304, "SellPrice":3558, "TotalSale":1081632, "AvgPricePaid":2247 }
{ "timestamp":"2017-11-08T03:18:54Z", "event":"Undocked", "StationName":"Cooper Keep", "StationType":"SurfaceStation" }
{ "timestamp":"2017-11-08T03:19:08Z", "event":"Music", "MusicTrack":"GalaxyMap" }
{ "timestamp":"2017-11-08T03:19:19Z", "event":"Music", "MusicTrack":"NoTrack" }
{ "timestamp":"2017-11-08T03:19:49Z", "event":"StartJump", "JumpType":"Supercruise" }
{ "timestamp":"2017-11-08T03:19:50Z", "event":"ApproachSettlement", "Name":"Elvstrom Depot" }
{ "timestamp":"2017-11-08T03:19:50Z", "event":"ApproachSettlement", "Name":"Cooper Keep" }
{ "timestamp":"2017-11-08T03:19:50Z", "event":"ApproachSettlement", "Name":"Ford Point" }
{ "timestamp":"2017-11-08T03:19:54Z", "event":"SupercruiseEntry", "StarSystem":"Wolf 587" }
{ "timestamp":"2017-11-08T03:19:55Z", "event":"Music", "MusicTrack":"Supercruise" }
{ "timestamp":"2017-11-08T03:21:16Z", "event":"StartJump", "JumpType":"Hyperspace", "StarSystem":"Alrai Sector IR-V b2-2", "StarClass":"M" }
{ "timestamp":"2017-11-08T03:21:21Z", "event":"Music", "MusicTrack":"NoTrack" }
{ "timestamp":"2017-11-08T03:21:34Z", "event":"FSDJump", "StarSystem":"Alrai Sector IR-V b2-2", "StarPos":[3.563,51.344,60.000], "SystemAllegiance":"", "SystemEconomy":"$economy_None;", "SystemEconomy_Localised":"None", "SystemGovernment":"$government_None;", "SystemGovernment_Localised":"None", "SystemSecurity":"$GAlAXY_MAP_INFO_state_anarchy;", "SystemSecurity_Localised":"Anarchy", "Population":0, "JumpDist":23.742, "FuelUsed":4.656038, "FuelLevel":27.343962 }
{ "timestamp":"2017-11-08T03:21:35Z", "event":"Music", "MusicTrack":"Supercruise" }
{ "timestamp":"2017-11-08T03:22:22Z", "event":"StartJump", "JumpType":"Hyperspace", "StarSystem":"Na Chem", "StarClass":"M" }
{ "timestamp":"2017-11-08T03:22:28Z", "event":"Music", "MusicTrack":"NoTrack" }
{ "timestamp":"2017-11-08T03:22:41Z", "event":"FSDJump", "StarSystem":"Na Chem", "StarPos":[3.344,64.031,76.219], "SystemAllegiance":"Independent", "SystemEconomy":"$economy_HighTech;", "SystemEconomy_Localised":"High Tech", "SystemGovernment":"$government_Democracy;", "SystemGovernment_Localised":"Democracy", "SystemSecurity":"$SYSTEM_SECURITY_medium;", "SystemSecurity_Localised":"Medium Security", "Population":7393410, "JumpDist":20.593, "FuelUsed":3.211757, "FuelLevel":24.132204, "Factions":[ { "Name":"Pilots Federation Local Branch", "FactionState":"None", "Government":"Democracy", "Influence":0.000000, "Allegiance":"PilotsFederation" }, { "Name":"Na Chem Corp.", "FactionState":"CivilWar", "Government":"Corporate", "Influence":0.150849, "Allegiance":"Federation", "RecoveringStates":[ { "State":"Boom", "Trend":1 } ] }, { "Name":"Na Chem Law Party", "FactionState":"None", "Government":"Dictatorship", "Influence":0.121878, "Allegiance":"Independent" }, { "Name":"Na Chem Silver Clan", "FactionState":"None", "Government":"Anarchy", "Influence":0.092907, "Allegiance":"Independent" }, { "Name":"Values Party of Na Chem", "FactionState":"CivilWar", "Government":"Democracy", "Influence":0.155844, "Allegiance":"Independent", "RecoveringStates":[ { "State":"Boom", "Trend":0 } ] }, { "Name":"Radio Sidewinder Crew", "FactionState":"None", "Government":"Democracy", "Influence":0.478521, "Allegiance":"Independent" } ], "SystemFaction":"Radio Sidewinder Crew" }
{ "timestamp":"2017-11-08T03:22:41Z", "event":"Music", "MusicTrack":"DestinationFromHyperspace" }
{ "timestamp":"2017-11-08T03:22:46Z", "event":"Music", "MusicTrack":"Supercruise" }
{ "timestamp":"2017-11-08T03:24:12Z", "event":"ApproachSettlement", "Name":"Kuhn Installation" }
{ "timestamp":"2017-11-08T03:24:12Z", "event":"ApproachSettlement", "Name":"Witt Works" }
{ "timestamp":"2017-11-08T03:24:12Z", "event":"ApproachSettlement", "Name":"Krylov Prospect +++" }
{ "timestamp":"2017-11-08T03:24:35Z", "event":"SupercruiseExit", "StarSystem":"Na Chem", "Body":"Rorschach Horizons", "BodyType":"Station" }
{ "timestamp":"2017-11-08T03:24:35Z", "event":"Music", "MusicTrack":"DestinationFromSupercruise" }
{ "timestamp":"2017-11-08T03:24:40Z", "event":"Music", "MusicTrack":"NoTrack" }
{ "timestamp":"2017-11-08T03:24:43Z", "event":"ReceiveText", "From":"Rorschach Horizons", "Message":"$STATION_NoFireZone_entered;", "Message_Localised":"No fire zone entered.", "Channel":"npc" }
{ "timestamp":"2017-11-08T03:24:57Z", "event":"DockingRequested", "StationName":"Rorschach Horizons" }
{ "timestamp":"2017-11-08T03:24:57Z", "event":"ReceiveText", "From":"Rorschach Horizons", "Message":"$DockingChatter_Friendly;", "Message_Localised":"It's great to see you again, Commander.", "Channel":"npc" }
{ "timestamp":"2017-11-08T03:24:59Z", "event":"ReceiveText", "From":"Rorschach Horizons", "Message":"$STATION_docking_granted;", "Message_Localised":"Docking request granted.", "Channel":"npc" }
{ "timestamp":"2017-11-08T03:24:59Z", "event":"DockingGranted", "LandingPad":39, "StationName":"Rorschach Horizons" }
{ "timestamp":"2017-11-08T03:25:27Z", "event":"Scanned", "ScanType":"Cargo" }
{ "timestamp":"2017-11-08T03:25:27Z", "event":"ReceiveText", "From":"$ShipName_Police_Independent;", "From_Localised":"System Authority Vessel", "Message":"$Police_ThankYouPassedStopAndSearch06;", "Message_Localised":"We're done here pilot, move along.", "Channel":"npc" }
{ "timestamp":"2017-11-08T03:25:28Z", "event":"Music", "MusicTrack":"Starport" }
{ "timestamp":"2017-11-08T03:25:56Z", "event":"Docked", "StationName":"Rorschach Horizons", "StationType":"Coriolis", "StarSystem":"Na Chem", "StationFaction":"Radio Sidewinder Crew", "StationGovernment":"$government_Democracy;", "StationGovernment_Localised":"Democracy", "StationServices":[ "Dock", "Autodock", "BlackMarket", "Commodities", "Contacts", "Exploration", "Missions", "Outfitting", "CrewLounge", "Rearm", "Refuel", "Repair", "Shipyard", "Tuning", "MissionsGenerated", "FlightController", "StationOperations", "Powerplay", "SearchAndRescue" ], "StationEconomy":"$economy_HighTech;", "StationEconomy_Localised":"High Tech", "DistFromStarLS":266.811768 }
{ "timestamp":"2017-11-08T03:26:21Z", "event":"RefuelAll", "Cost":400, "Amount":7.983504 }
{ "timestamp":"2017-11-08T03:26:22Z", "event":"RepairAll", "Cost":1121 }
{ "timestamp":"2017-11-08T03:26:42Z", "event":"ShipyardTransfer", "ShipType":"Viper_MkIV", "ShipID":2, "System":"Merope", "Distance":475.418793, "TransferPrice":140292, "TransferTime":5054 }
{ "timestamp":"2017-11-08T03:26:55Z", "event":"ShipyardTransfer", "ShipType":"Type6", "ShipID":10, "System":"Merope", "Distance":475.418793, "TransferPrice":299742, "TransferTime":5054 }
{ "timestamp":"2017-11-08T03:27:08Z", "event":"ShipyardTransfer", "ShipType":"Viper", "ShipID":13, "System":"Merope", "Distance":475.418793, "TransferPrice":64356, "TransferTime":5054 }
{ "timestamp":"2017-11-08T03:27:36Z", "event":"ReceiveText", "From":"$npc_name_decorate:#name=ETHAN GORSE;", "From_Localised":"ETHAN GORSE", "Message":"$Commuter_AuthorityScan09;", "Message_Localised":"Can we hurry this up please, officer?", "Channel":"npc" }
{ "timestamp":"2017-11-08T03:27:46Z", "event":"ShipyardTransfer", "ShipType":"CobraMkIII", "ShipID":15, "System":"HR 1185", "Distance":464.014221, "TransferPrice":61452, "TransferTime":4940 }
{ "timestamp":"2017-11-08T03:28:11Z", "event":"ModuleStore", "Slot":"TinyHardpoint1", "StoredItem":"$hpt_antiunknownshutdown_tiny_name;", "StoredItem_Localised":"Field Neutraliser", "Ship":"type7", "ShipID":14 }
{ "timestamp":"2017-11-08T03:28:16Z", "event":"ModuleStore", "Slot":"TinyHardpoint2", "StoredItem":"$hpt_xenoscanner_basic_tiny_name;", "StoredItem_Localised":"Xeno Scanner", "Ship":"type7", "ShipID":14 }
{ "timestamp":"2017-11-08T03:28:30Z", "event":"ModuleSellRemote", "StorageSlot":54, "SellItem":"$int_fueltank_size5_class3_name;", "SellItem_Localised":"Fuel Tank", "ServerId":128064350, "SellPrice":97754, "Ship":"type7", "ShipID":14 }
{ "timestamp":"2017-11-08T03:28:46Z", "event":"FetchRemoteModule", "StorageSlot":59, "StoredItem":"$int_dockingcomputer_standard_name;", "StoredItem_Localised":"Docking Computer", "ServerId":128049549, "TransferCost":229, "TransferTime":5054, "Ship":"type7", "ShipID":14 }
{ "timestamp":"2017-11-08T03:28:57Z", "event":"ModuleSellRemote", "StorageSlot":53, "SellItem":"$int_cargorack_size3_class1_name;", "SellItem_Localised":"Cargo Rack", "ServerId":128064340, "SellPrice":10563, "Ship":"type7", "ShipID":14 }
{ "timestamp":"2017-11-08T03:29:56Z", "event":"ReceiveText", "From":"$npc_name_decorate:#name=Joe Stronach;", "From_Localised":"Joe Stronach", "Message":"$Commuter_HostileScan03;", "Message_Localised":"We have no valuable cargo onboard, please halt your scan.", "Channel":"npc" }
{ "timestamp":"2017-11-08T03:30:28Z", "event":"ReceiveText", "From":"$npc_name_decorate:#name=Joe Stronach;", "From_Localised":"Joe Stronach", "Message":"$Commuter_AuthorityScan05;", "Message_Localised":"On what grounds are you scanning this vessel, officer?", "Channel":"npc" }
{ "timestamp":"2017-11-08T03:30:57Z", "event":"MissionAccepted", "Faction":"Radio Sidewinder Crew", "Name":"Mission_Delivery_Democracy", "LocalisedName":"Deliver 135 units of Non-Lethal Weapons in the name of democracy", "Commodity":"$NonLethalWeapons_Name;", "Commodity_Localised":"Non-Lethal Weapons", "Count":135, "TargetFaction":"Values Party of Na Chem", "DestinationSystem":"Na Chem", "DestinationStation":"Kuhn Installation", "Expiry":"2017-11-09T03:29:51Z", "Influence":"Low", "Reputation":"Low", "Reward":1195488, "MissionID":242184265 }
{ "timestamp":"2017-11-08T03:31:10Z", "event":"Music", "MusicTrack":"GalaxyMap" }
{ "timestamp":"2017-11-08T03:31:11Z", "event":"Music", "MusicTrack":"Starport" }
{ "timestamp":"2017-11-08T03:31:41Z", "event":"Undocked", "StationName":"Rorschach Horizons", "StationType":"Coriolis" }
{ "timestamp":"2017-11-08T03:31:45Z", "event":"ReceiveText", "From":"$npc_name_decorate:#name=Ranick;", "From_Localised":"Ranick", "Message":"$Commuter_HostileScan02;", "Message_Localised":"It is an offence to scan this vessel unless you are an authorised member of system security.", "Channel":"npc" }
{ "timestamp":"2017-11-08T03:32:05Z", "event":"Music", "MusicTrack":"NoTrack" }
{ "timestamp":"2017-11-08T03:32:42Z", "event":"ReceiveText", "From":"Rorschach Horizons", "Message":"$STATION_NoFireZone_exited;", "Message_Localised":"No fire zone left.", "Channel":"npc" }
{ "timestamp":"2017-11-08T03:32:51Z", "event":"StartJump", "JumpType":"Supercruise" }
{ "timestamp":"2017-11-08T03:32:56Z", "event":"SupercruiseEntry", "StarSystem":"Na Chem" }
{ "timestamp":"2017-11-08T03:32:56Z", "event":"Music", "MusicTrack":"Supercruise" }
{ "timestamp":"2017-11-08T03:33:06Z", "event":"ApproachSettlement", "Name":"Kuhn Installation" }
{ "timestamp":"2017-11-08T03:33:06Z", "event":"ApproachSettlement", "Name":"Witt Works" }
{ "timestamp":"2017-11-08T03:33:09Z", "event":"ApproachSettlement", "Name":"Krylov Prospect +++" }
{ "timestamp":"2017-11-08T03:34:44Z", "event":"ApproachSettlement", "Name":"Kuhn Installation" }
{ "timestamp":"2017-11-08T03:34:44Z", "event":"ApproachSettlement", "Name":"Witt Works" }
{ "timestamp":"2017-11-08T03:34:46Z", "event":"SupercruiseExit", "StarSystem":"Na Chem", "Body":"Na Chem 1", "BodyType":"Planet" }
{ "timestamp":"2017-11-08T03:34:46Z", "event":"Music", "MusicTrack":"Exploration" }
{ "timestamp":"2017-11-08T03:35:45Z", "event":"Music", "MusicTrack":"NoTrack" }
{ "timestamp":"2017-11-08T03:36:10Z", "event":"ReceiveText", "From":"Kuhn Installation", "Message":"$STATION_NoFireZone_entered;", "Message_Localised":"No fire zone entered.", "Channel":"npc" }
{ "timestamp":"2017-11-08T03:36:12Z", "event":"DockingRequested", "StationName":"Kuhn Installation" }
{ "timestamp":"2017-11-08T03:36:12Z", "event":"ReceiveText", "From":"Kuhn Installation", "Message":"$DockingChatter_Neutral;", "Message_Localised":"Ensure to observe starport protocol during your visit, pilot.", "Channel":"npc" }
{ "timestamp":"2017-11-08T03:36:13Z", "event":"ReceiveText", "From":"Kuhn Installation", "Message":"$STATION_docking_granted;", "Message_Localised":"Docking request granted.", "Channel":"npc" }
{ "timestamp":"2017-11-08T03:36:13Z", "event":"DockingGranted", "LandingPad":12, "StationName":"Kuhn Installation" }
{ "timestamp":"2017-11-08T03:36:45Z", "event":"ReceiveText", "From":"$ShipName_Police_Federation;", "From_Localised":"Federal Security Service", "Message":"$Police_EndPatrol04;", "Message_Localised":"Negative, Tower, I'm bingo on fuel, RTB.", "Channel":"npc" }
{ "timestamp":"2017-11-08T03:37:05Z", "event":"Docked", "StationName":"Kuhn Installation", "StationType":"SurfaceStation", "StarSystem":"Na Chem", "StationFaction":"Na Chem Corp.", "FactionState":"CivilWar", "StationGovernment":"$government_Corporate;", "StationGovernment_Localised":"Corporate", "StationAllegiance":"Federation", "StationServices":[ "Dock", "Autodock", "BlackMarket", "Commodities", "Contacts", "Exploration", "Missions", "Outfitting", "CrewLounge", "Rearm", "Refuel", "Repair", "Tuning", "MissionsGenerated", "FlightController", "StationOperations", "Powerplay", "SearchAndRescue" ], "StationEconomy":"$economy_Refinery;", "StationEconomy_Localised":"Refinery", "DistFromStarLS":266.769470 }
{ "timestamp":"2017-11-08T03:37:26Z", "event":"MissionCompleted", "Faction":"Values Party of Na Chem", "Name":"Mission_Delivery_Democracy_name", "MissionID":242184265, "Commodity":"$NonLethalWeapons_Name;", "Commodity_Localised":"Non-Lethal Weapons", "Count":135, "TargetFaction":"Values Party of Na Chem", "DestinationSystem":"Na Chem", "DestinationStation":"Kuhn Installation", "Reward":1195488 }
{ "timestamp":"2017-11-08T03:37:26Z", "event":"MaterialDiscovered", "Category":"Encoded", "Name":"industrialfirmware", "DiscoveryNumber":18 }
{ "timestamp":"2017-11-08T03:37:26Z", "event":"MaterialCollected", "Category":"Encoded", "Name":"industrialfirmware", "Count":4 }
{ "timestamp":"2017-11-08T03:38:10Z", "event":"MissionAccepted", "Faction":"Radio Sidewinder Crew", "Name":"Mission_AltruismCredits", "LocalisedName":"Donate 50,000 Cr to the cause", "Expiry":"2017-11-08T07:09:19Z", "Influence":"Low", "Reputation":"High", "MissionID":242186570 }
{ "timestamp":"2017-11-08T03:38:12Z", "event":"MissionCompleted", "Faction":"Radio Sidewinder Crew", "Name":"Mission_AltruismCredits_name", "MissionID":242186570, "Donation":50000 }
{ "timestamp":"2017-11-08T03:38:33Z", "event":"ReceiveText", "From":"$ShipName_Police_Federation;", "From_Localised":"Federal Security Service", "Message":"$Police_EndPatrol05;", "Message_Localised":"Patrol completed, Command, I'm heading home.", "Channel":"npc" }
{ "timestamp":"2017-11-08T03:38:46Z", "event":"RefuelAll", "Cost":10, "Amount":0.074372 }
{ "timestamp":"2017-11-08T03:38:47Z", "event":"RepairAll", "Cost":153 }
{ "timestamp":"2017-11-08T03:39:09Z", "event":"Music", "MusicTrack":"Exploration" }
