{ "timestamp":"2017-11-07T21:16:38Z", "event":"Fileheader", "part":1, "language":"English\\UK", "gameversion":"2.4", "build":"r156431/r0 " }
{ "timestamp":"2017-11-07T21:16:38Z", "event":"Music", "MusicTrack":"NoTrack" }
{ "timestamp":"2017-11-07T21:16:38Z", "event":"Music", "MusicTrack":"MainMenu" }
{ "timestamp":"2017-11-07T21:17:11Z", "event":"Friends", "Status":"Online", "Name":"Dansi212" }
{ "timestamp":"2017-11-07T21:17:28Z", "event":"Cargo", "Inventory":[ { "Name":"hydrogenfuel", "Count":288 } ] }
{ "timestamp":"2017-11-07T21:17:28Z", "event":"Loadout", "Ship":"Type7", "ShipID":14, "ShipName":"Behemoth", "ShipIdent":"TS-002", "Modules":[ { "Slot":"Armour", "Item":"Type7_Armour_Grade1", "On":true, "Priority":1, "Health":1.000000, "Value":0 }, { "Slot":"PowerPlant", "Item":"Int_Powerplant_Size2_Class5", "On":true, "Priority":1, "Health":1.000000, "Value":160224 }, { "Slot":"MainEngines", "Item":"Int_Engine_Size5_Class3", "On":true, "Priority":0, "Health":1.000000, "Value":567106 }, { "Slot":"FrameShiftDrive", "Item":"Int_Hyperdrive_Size5_Class4", "On":true, "Priority":0, "Health":1.000000, "Value":1701318 }, { "Slot":"LifeSupport", "Item":"Int_LifeSupport_Size4_Class1", "On":true, "Priority":2, "Health":1.000000, "Value":11349 }, { "Slot":"PowerDistributor", "Item":"Int_PowerDistributor_Size1_Class2", "On":true, "Priority":0, "Health":1.000000, "Value":1293 }, { "Slot":"Radar", "Item":"Int_Sensors_Size3_Class2", "On":true, "Priority":0, "Health":1.000000, "Value":10133 }, { "Slot":"Decal1", "Item":"Decal_Trade_Dealer", "On":true, "Priority":1, "Health":1.000000, "Value":0 }, { "Slot":"Decal2", "Item":"Decal_Combat_Novice", "On":true, "Priority":1, "Health":1.000000, "Value":0 }, { "Slot":"Decal3", "Item":"Decal_Explorer_Scout", "On":true, "Priority":1, "Health":1.000000, "Value":0 }, { "Slot":"ShipName0", "Item":"Nameplate_ShipName_Black", "On":true, "Priority":1, "Health":1.000000, "Value":0 }, { "Slot":"ShipName1", "Item":"Nameplate_ShipName_Black", "On":true, "Priority":1, "Health":1.000000, "Value":0 }, { "Slot":"FuelTank", "Item":"Int_FuelTank_Size5_Class3", "On":true, "Priority":1, "Health":1.000000, "Value":97754 }, { "Slot":"Slot01_Size6", "Item":"Int_CargoRack_Size6_Class1", "On":true, "Priority":1, "Health":1.000000, "Value":362591 }, { "Slot":"Slot02_Size6", "Item":"Int_CargoRack_Size6_Class1", "On":true, "Priority":1, "Health":1.000000, "Value":362591 }, { "Slot":"Slot03_Size5", "Item":"Int_CargoRack_Size6_Class1", "On":true, "Priority":1, "Health":1.000000, "Value":362591 }, { "Slot":"Slot04_Size5", "Item":"Int_CargoRack_Size5_Class1", "On":true, "Priority":1, "Health":1.000000, "Value":111566 }, { "Slot":"Slot05_Size4", "Item":"Int_CargoRack_Size5_Class1", "On":true, "Priority":1, "Health":1.000000, "Value":111566 }, { "Slot":"Slot06_Size4", "Item":"Int_CargoRack_Size5_Class1", "On":true, "Priority":1, "Health":1.000000, "Value":111566 }, { "Slot":"Slot07_Size2", "Item":"Int_PassengerCabin_Size3_Class2", "On":true, "Priority":1, "AmmoInClip":3, "Health":1.000000, "Value":26705 }, { "Slot":"Slot08_Size2", "Item":"Int_FuelScoop_Size3_Class5", "On":true, "Priority":0, "Health":1.000000, "Value":902954 }, { "Slot":"PlanetaryApproachSuite", "Item":"Int_PlanetApproachSuite", "On":true, "Priority":1, "Health":1.000000, "Value":500 }, { "Slot":"ShipCockpit", "Item":"Type7_Cockpit", "On":true, "Priority":1, "Health":1.000000, "Value":0 }, { "Slot":"CargoHatch", "Item":"ModularCargoBayDoor", "On":true, "Priority":2, "Health":1.000000, "Value":0 } ] }
{ "timestamp":"2017-11-07T21:17:28Z", "event":"Materials", "Raw":[ { "Name":"nickel", "Count":38 }, { "Name":"iron", "Count":63 }, { "Name":"carbon", "Count":14 }, { "Name":"sulphur", "Count":9 }, { "Name":"germanium", "Count":1 }, { "Name":"chromium", "Count":7 }, { "Name":"phosphorus", "Count":9 }, { "Name":"niobium", "Count":3 }, { "Name":"vanadium", "Count":12 }, { "Name":"zinc", "Count":3 }, { "Name":"molybdenum", "Count":3 } ], "Manufactured":[ { "Name":"refinedfocuscrystals", "Count":1 }, { "Name":"galvanisingalloys", "Count":4 }, { "Name":"heatdispersionplate", "Count":4 }, { "Name":"fedcorecomposites", "Count":2 }, { "Name":"compoundshielding", "Count":2 }, { "Name":"focuscrystals", "Count":1 }, { "Name":"chemicalmanipulators", "Count":1 }, { "Name":"uncutfocuscrystals", "Count":1 }, { "Name":"hybridcapacitors", "Count":1 }, { "Name":"heatconductionwiring", "Count":2 }, { "Name":"gridresistors", "Count":4 }, { "Name":"mechanicalequipment", "Count":1 }, { "Name":"conductivecomponents", "Count":6 } ], "Encoded":[ { "Name":"emissiondata", "Count":11 }, { "Name":"shieldpatternanalysis", "Count":18 }, { "Name":"scandatabanks", "Count":11 }, { "Name":"shielddensityreports", "Count":33 }, { "Name":"shieldcyclerecordings", "Count":47 }, { "Name":"decodedemissiondata", "Count":16 }, { "Name":"bulkscandata", "Count":17 }, { "Name":"archivedemissiondata", "Count":4 }, { "Name":"encryptedfiles", "Count":1 }, { "Name":"scrambledemissiondata", "Count":1 }, { "Name":"scanarchives", "Count":6 }, { "Name":"encodedscandata", "Count":3 }, { "Name":"compactemissionsdata", "Count":6 }, { "Name":"hyperspacetrajectories", "Count":6 }, { "Name":"shieldsoakanalysis", "Count":9 }, { "Name":"consumerfirmware", "Count":3 }, { "Name":"legacyfirmware", "Count":3 } ] }
{ "timestamp":"2017-11-07T21:17:28Z", "event":"LoadGame", "Commander":"Karahl_1", "Ship":"Type7", "ShipID":14, "ShipName":"Behemoth", "ShipIdent":"TS-002", "FuelLevel":30.093988, "FuelCapacity":32.000000, "GameMode":"Open", "Credits":11069680, "Loan":0 }
{ "timestamp":"2017-11-07T21:17:28Z", "event":"Rank", "Combat":3, "Trade":4, "Explore":3, "Empire":0, "Federation":0, "CQC":0 }
{ "timestamp":"2017-11-07T21:17:28Z", "event":"Progress", "Combat":5, "Trade":28, "Explore":6, "Empire":0, "Federation":68, "CQC":0 }
{ "timestamp":"2017-11-07T21:17:53Z", "event":"Location", "Docked":false, "StarSystem":"HIP 17944", "StarPos":[-26.125,-131.406,-243.125], "SystemAllegiance":"", "SystemEconomy":"$economy_None;", "SystemEconomy_Localised":"None", "SystemGovernment":"$government_None;", "SystemGovernment_Localised":"None", "SystemSecurity":"$GAlAXY_MAP_INFO_state_anarchy;", "SystemSecurity_Localised":"Anarchy", "Population":0, "Body":"HIP 17944 AB", "BodyType":"Null" }
{ "timestamp":"2017-11-07T21:17:53Z", "event":"Music", "MusicTrack":"NoTrack" }
{ "timestamp":"2017-11-07T21:17:53Z", "event":"Music", "MusicTrack":"Exploration" }
{ "timestamp":"2017-11-07T21:18:12Z", "event":"Music", "MusicTrack":"GalaxyMap" }
{ "timestamp":"2017-11-07T21:18:24Z", "event":"Music", "MusicTrack":"Exploration" }
{ "timestamp":"2017-11-07T21:19:12Z", "event":"Friends", "Status":"Online", "Name":"Dansi212" }
{ "timestamp":"2017-11-07T21:19:20Z", "event":"StartJump", "JumpType":"Hyperspace", "StarSystem":"Aries Dark Region GW-W d1-85", "StarClass":"F" }
{ "timestamp":"2017-11-07T21:19:26Z", "event":"Music", "MusicTrack":"NoTrack" }
{ "timestamp":"2017-11-07T21:19:39Z", "event":"FSDJump", "StarSystem":"Aries Dark Region GW-W d1-85", "StarPos":[-21.281,-121.875,-237.625], "SystemAllegiance":"", "SystemEconomy":"$economy_None;", "SystemEconomy_Localised":"None", "SystemGovernment":"$government_None;", "SystemGovernment_Localised":"None", "SystemSecurity":"$GAlAXY_MAP_INFO_state_anarchy;", "SystemSecurity_Localised":"Anarchy", "Population":0, "JumpDist":12.023, "FuelUsed":3.651417, "FuelLevel":26.442572 }
{ "timestamp":"2017-11-07T21:19:39Z", "event":"Music", "MusicTrack":"Supercruise" }
{ "timestamp":"2017-11-07T21:20:24Z", "event":"FuelScoop", "Scooped":5.001466, "Total":31.444035 }
{ "timestamp":"2017-11-07T21:20:27Z", "event":"FuelScoop", "Scooped":0.555966, "Total":32.000000 }
{ "timestamp":"2017-11-07T21:21:00Z", "event":"StartJump", "JumpType":"Hyperspace", "StarSystem":"Hyades Sector DL-Y d79", "StarClass":"K" }
{ "timestamp":"2017-11-07T21:21:06Z", "event":"Music", "MusicTrack":"NoTrack" }
{ "timestamp":"2017-11-07T21:21:19Z", "event":"FSDJump", "StarSystem":"Hyades Sector DL-Y d79", "StarPos":[-18.875,-110.281,-234.781], "SystemAllegiance":"", "SystemEconomy":"$economy_None;", "SystemEconomy_Localised":"None", "SystemGovernment":"$government_None;", "SystemGovernment_Localised":"None", "SystemSecurity":"$GAlAXY_MAP_INFO_state_anarchy;", "SystemSecurity_Localised":"Anarchy", "Population":0, "JumpDist":12.178, "FuelUsed":3.789100, "FuelLevel":28.210899 }
{ "timestamp":"2017-11-07T21:21:19Z", "event":"Music", "MusicTrack":"Supercruise" }
{ "timestamp":"2017-11-07T21:21:23Z", "event":"Music", "MusicTrack":"GalaxyMap" }
{ "timestamp":"2017-11-07T21:22:38Z", "event":"Music", "MusicTrack":"Supercruise" }
{ "timestamp":"2017-11-07T21:23:12Z", "event":"FuelScoop", "Scooped":3.789091, "Total":32.000000 }
{ "timestamp":"2017-11-07T21:23:42Z", "event":"StartJump", "JumpType":"Hyperspace", "StarSystem":"Hyades Sector BV-Y c16", "StarClass":"G" }
{ "timestamp":"2017-11-07T21:23:47Z", "event":"Music", "MusicTrack":"NoTrack" }
{ "timestamp":"2017-11-07T21:24:00Z", "event":"FSDJump", "StarSystem":"Hyades Sector BV-Y c16", "StarPos":[-17.750,-101.688,-235.031], "SystemAllegiance":"", "SystemEconomy":"$economy_None;", "SystemEconomy_Localised":"None", "SystemGovernment":"$government_None;", "SystemGovernment_Localised":"None", "SystemSecurity":"$GAlAXY_MAP_INFO_state_anarchy;", "SystemSecurity_Localised":"Anarchy", "Population":0, "JumpDist":8.671, "FuelUsed":1.648675, "FuelLevel":30.351324 }
{ "timestamp":"2017-11-07T21:24:00Z", "event":"Music", "MusicTrack":"Supercruise" }
{ "timestamp":"2017-11-07T21:24:12Z", "event":"Music", "MusicTrack":"GalaxyMap" }
{ "timestamp":"2017-11-07T21:24:13Z", "event":"Music", "MusicTrack":"Supercruise" }
{ "timestamp":"2017-11-07T21:24:35Z", "event":"StartJump", "JumpType":"Hyperspace", "StarSystem":"Hyades Sector IR-V b2-2", "StarClass":"M" }
{ "timestamp":"2017-11-07T21:24:40Z", "event":"Music", "MusicTrack":"NoTrack" }
{ "timestamp":"2017-11-07T21:24:53Z", "event":"FSDJump", "StarSystem":"Hyades Sector IR-V b2-2", "StarPos":[-16.625,-101.063,-224.000], "SystemAllegiance":"", "SystemEconomy":"$economy_None;", "SystemEconomy_Localised":"None", "SystemGovernment":"$government_None;", "SystemGovernment_Localised":"None", "SystemSecurity":"$GAlAXY_MAP_INFO_state_anarchy;", "SystemSecurity_Localised":"Anarchy", "Population":0, "JumpDist":11.106, "FuelUsed":3.008679, "FuelLevel":27.342646 }
{ "timestamp":"2017-11-07T21:24:53Z", "event":"Music", "MusicTrack":"Supercruise" }
{ "timestamp":"2017-11-07T21:25:08Z", "event":"Music", "MusicTrack":"GalaxyMap" }
{ "timestamp":"2017-11-07T21:25:09Z", "event":"Music", "MusicTrack":"Supercruise" }
{ "timestamp":"2017-11-07T21:25:26Z", "event":"StartJump", "JumpType":"Hyperspace", "StarSystem":"Hyades Sector IR-V b2-1", "StarClass":"M" }
{ "timestamp":"2017-11-07T21:25:32Z", "event":"Music", "MusicTrack":"NoTrack" }
{ "timestamp":"2017-11-07T21:25:45Z", "event":"FSDJump", "StarSystem":"Hyades Sector IR-V b2-1", "StarPos":[-17.063,-96.781,-214.563], "SystemAllegiance":"", "SystemEconomy":"$economy_None;", "SystemEconomy_Localised":"None", "SystemGovernment":"$government_None;", "SystemGovernment_Localised":"None", "SystemSecurity":"$GAlAXY_MAP_INFO_state_anarchy;", "SystemSecurity_Localised":"Anarchy", "Population":0, "JumpDist":10.372, "FuelUsed":2.521708, "FuelLevel":24.820938 }
{ "timestamp":"2017-11-07T21:25:45Z", "event":"Music", "MusicTrack":"Supercruise" }
{ "timestamp":"2017-11-07T21:26:37Z", "event":"FuelScoop", "Scooped":5.001473, "Total":29.822411 }
{ "timestamp":"2017-11-07T21:26:50Z", "event":"FuelScoop", "Scooped":2.177598, "Total":32.000000 }
{ "timestamp":"2017-11-07T21:27:16Z", "event":"StartJump", "JumpType":"Hyperspace", "StarSystem":"Hyades Sector FB-X c1-11", "StarClass":"K" }
{ "timestamp":"2017-11-07T21:27:21Z", "event":"Music", "MusicTrack":"NoTrack" }
{ "timestamp":"2017-11-07T21:27:34Z", "event":"FSDJump", "StarSystem":"Hyades Sector FB-X c1-11", "StarPos":[-10.656,-98.688,-207.844], "SystemAllegiance":"", "SystemEconomy":"$economy_None;", "SystemEconomy_Localised":"None", "SystemGovernment":"$government_None;", "SystemGovernment_Localised":"None", "SystemSecurity":"$GAlAXY_MAP_INFO_state_anarchy;", "SystemSecurity_Localised":"Anarchy", "Population":0, "JumpDist":9.477, "FuelUsed":2.050027, "FuelLevel":29.949972 }
{ "timestamp":"2017-11-07T21:27:34Z", "event":"Music", "MusicTrack":"Supercruise" }
{ "timestamp":"2017-11-07T21:27:57Z", "event":"FuelScoop", "Scooped":1.101910, "Total":31.051893 }
{ "timestamp":"2017-11-07T21:28:13Z", "event":"StartJump", "JumpType":"Hyperspace", "StarSystem":"Hyades Sector FB-X c1-10", "StarClass":"K" }
{ "timestamp":"2017-11-07T21:28:18Z", "event":"Music", "MusicTrack":"NoTrack" }
{ "timestamp":"2017-11-07T21:28:32Z", "event":"FSDJump", "StarSystem":"Hyades Sector FB-X c1-10", "StarPos":[-3.375,-91.281,-201.813], "SystemAllegiance":"", "SystemEconomy":"$economy_None;", "SystemEconomy_Localised":"None", "SystemGovernment":"$government_None;", "SystemGovernment_Localised":"None", "SystemSecurity":"$GAlAXY_MAP_INFO_state_anarchy;", "SystemSecurity_Localised":"Anarchy", "Population":0, "JumpDist":12.010, "FuelUsed":3.652293, "FuelLevel":27.399601 }
{ "timestamp":"2017-11-07T21:28:32Z", "event":"Music", "MusicTrack":"Supercruise" }
{ "timestamp":"2017-11-07T21:28:58Z", "event":"FuelScoop", "Scooped":0.957250, "Total":28.356884 }
{ "timestamp":"2017-11-07T21:29:15Z", "event":"StartJump", "JumpType":"Hyperspace", "StarSystem":"Hyades Sector LC-U b3-1", "StarClass":"M" }
{ "timestamp":"2017-11-07T21:29:20Z", "event":"Music", "MusicTrack":"NoTrack" }
{ "timestamp":"2017-11-07T21:29:33Z", "event":"FSDJump", "StarSystem":"Hyades Sector LC-U b3-1", "StarPos":[-2.656,-83.031,-200.719], "SystemAllegiance":"", "SystemEconomy":"$economy_None;", "SystemEconomy_Localised":"None", "SystemGovernment":"$government_None;", "SystemGovernment_Localised":"None", "SystemSecurity":"$GAlAXY_MAP_INFO_state_anarchy;", "SystemSecurity_Localised":"Anarchy", "Population":0, "JumpDist":8.353, "FuelUsed":1.488171, "FuelLevel":26.868713 }
{ "timestamp":"2017-11-07T21:29:34Z", "event":"Music", "MusicTrack":"Supercruise" }
{ "timestamp":"2017-11-07T21:29:52Z", "event":"FuelScoop", "Scooped":1.235440, "Total":28.104166 }
{ "timestamp":"2017-11-07T21:30:14Z", "event":"StartJump", "JumpType":"Hyperspace", "StarSystem":"Hyades Sector FB-X c1-20", "StarClass":"K" }
{ "timestamp":"2017-11-07T21:30:19Z", "event":"Music", "MusicTrack":"NoTrack" }
{ "timestamp":"2017-11-07T21:30:32Z", "event":"FSDJump", "StarSystem":"Hyades Sector FB-X c1-20", "StarPos":[3.031,-73.875,-197.781], "SystemAllegiance":"", "SystemEconomy":"$economy_None;", "SystemEconomy_Localised":"None", "SystemGovernment":"$government_None;", "SystemGovernment_Localised":"None", "SystemSecurity":"$GAlAXY_MAP_INFO_state_anarchy;", "SystemSecurity_Localised":"Anarchy", "Population":0, "JumpDist":11.172, "FuelUsed":3.031896, "FuelLevel":25.072269 }
{ "timestamp":"2017-11-07T21:30:32Z", "event":"Music", "MusicTrack":"Supercruise" }
{ "timestamp":"2017-11-07T21:30:56Z", "event":"FuelScoop", "Scooped":1.769042, "Total":26.841339 }
{ "timestamp":"2017-11-07T21:31:12Z", "event":"StartJump", "JumpType":"Hyperspace", "StarSystem":"Hyades Sector LC-U b3-5", "StarClass":"M" }
{ "timestamp":"2017-11-07T21:31:17Z", "event":"Music", "MusicTrack":"NoTrack" }
{ "timestamp":"2017-11-07T21:31:30Z", "event":"FSDJump", "StarSystem":"Hyades Sector LC-U b3-5", "StarPos":[9.219,-70.438,-190.656], "SystemAllegiance":"", "SystemEconomy":"$economy_None;", "SystemEconomy_Localised":"None", "SystemGovernment":"$government_None;", "SystemGovernment_Localised":"None", "SystemSecurity":"$GAlAXY_MAP_INFO_state_anarchy;", "SystemSecurity_Localised":"Anarchy", "Population":0, "JumpDist":10.043, "FuelUsed":2.326543, "FuelLevel":24.514795 }
{ "timestamp":"2017-11-07T21:31:31Z", "event":"Music", "MusicTrack":"Supercruise" }
{ "timestamp":"2017-11-07T21:31:50Z", "event":"FuelScoop", "Scooped":1.510647, "Total":26.025415 }
{ "timestamp":"2017-11-07T21:32:13Z", "event":"StartJump", "JumpType":"Hyperspace", "StarSystem":"Hyades Sector QI-S b4-3", "StarClass":"M" }
{ "timestamp":"2017-11-07T21:32:18Z", "event":"Music", "MusicTrack":"NoTrack" }
{ "timestamp":"2017-11-07T21:32:31Z", "event":"FSDJump", "StarSystem":"Hyades Sector QI-S b4-3", "StarPos":[16.344,-70.063,-184.938], "SystemAllegiance":"", "SystemEconomy":"$economy_None;", "SystemEconomy_Localised":"None", "SystemGovernment":"$government_None;", "SystemGovernment_Localised":"None", "SystemSecurity":"$GAlAXY_MAP_INFO_state_anarchy;", "SystemSecurity_Localised":"Anarchy", "Population":0, "JumpDist":9.144, "FuelUsed":1.844173, "FuelLevel":24.181242 }
{ "timestamp":"2017-11-07T21:32:31Z", "event":"Music", "MusicTrack":"Supercruise" }
{ "timestamp":"2017-11-07T21:32:51Z", "event":"FuelScoop", "Scooped":0.539318, "Total":24.720573 }
{ "timestamp":"2017-11-07T21:33:11Z", "event":"StartJump", "JumpType":"Hyperspace", "StarSystem":"Ross 378", "StarClass":"G" }
{ "timestamp":"2017-11-07T21:33:16Z", "event":"Music", "MusicTrack":"NoTrack" }
{ "timestamp":"2017-11-07T21:33:30Z", "event":"FSDJump", "StarSystem":"Ross 378", "StarPos":[14.688,-67.656,-175.719], "SystemAllegiance":"", "SystemEconomy":"$economy_None;", "SystemEconomy_Localised":"None", "SystemGovernment":"$government_None;", "SystemGovernment_Localised":"None", "SystemSecurity":"$GAlAXY_MAP_INFO_state_anarchy;", "SystemSecurity_Localised":"Anarchy", "Population":0, "JumpDist":9.670, "FuelUsed":2.106914, "FuelLevel":22.613659 }
{ "timestamp":"2017-11-07T21:33:30Z", "event":"Music", "MusicTrack":"Supercruise" }
{ "timestamp":"2017-11-07T21:34:34Z", "event":"Music", "MusicTrack":"GalaxyMap" }
{ "timestamp":"2017-11-07T21:35:48Z", "event":"Music", "MusicTrack":"Supercruise" }
{ "timestamp":"2017-11-07T21:36:11Z", "event":"StartJump", "JumpType":"Hyperspace", "StarSystem":"HIP 22566", "StarClass":"F" }
{ "timestamp":"2017-11-07T21:36:16Z", "event":"Music", "MusicTrack":"NoTrack" }
{ "timestamp":"2017-11-07T21:36:29Z", "event":"FSDJump", "StarSystem":"HIP 22566", "StarPos":[14.281,-55.625,-177.781], "SystemAllegiance":"Independent", "SystemEconomy":"$economy_Industrial;", "SystemEconomy_Localised":"Industrial", "SystemGovernment":"$government_Corporate;", "SystemGovernment_Localised":"Corporate", "SystemSecurity":"$SYSTEM_SECURITY_medium;", "SystemSecurity_Localised":"Medium Security", "Population":7371898, "JumpDist":12.214, "FuelUsed":3.709272, "FuelLevel":18.904387, "Factions":[ { "Name":"HIP 22566 Purple Life Co", "FactionState":"None", "Government":"Corporate", "Influence":0.815000, "Allegiance":"Independent", "PendingStates":[ { "State":"Boom", "Trend":1 } ] }, { "Name":"Pilots Federation Local Branch", "FactionState":"None", "Government":"Democracy", "Influence":0.000000, "Allegiance":"PilotsFederation" }, { "Name":"HIP 21918 Co", "FactionState":"Expansion", "Government":"Corporate", "Influence":0.055000, "Allegiance":"Independent", "PendingStates":[ { "State":"Boom", "Trend":0 }, { "State":"Retreat", "Trend":0 } ] }, { "Name":"Bureau of HIP 22566", "FactionState":"Famine", "Government":"Dictatorship", "Influence":0.029000, "Allegiance":"Independent" }, { "Name":"HIP 22566 Jet Boys", "FactionState":"None", "Government":"Anarchy", "Influence":0.044000, "Allegiance":"Independent" }, { "Name":"Movement for HIP 22566 Free", "FactionState":"None", "Government":"Democracy", "Influence":0.032000, "Allegiance":"Independent" }, { "Name":"HIP 22566 Purple Major PLC", "FactionState":"None", "Government":"Corporate", "Influence":0.025000, "Allegiance":"Independent" } ], "SystemFaction":"HIP 22566 Purple Life Co" }
{ "timestamp":"2017-11-07T21:36:30Z", "event":"Music", "MusicTrack":"DestinationFromHyperspace" }
{ "timestamp":"2017-11-07T21:36:35Z", "event":"Music", "MusicTrack":"Supercruise" }
{ "timestamp":"2017-11-07T21:36:55Z", "event":"FuelScoop", "Scooped":0.640300, "Total":19.544659 }
{ "timestamp":"2017-11-07T21:37:44Z", "event":"SendText", "To":"local", "Message":"Howdy Yall" }
{ "timestamp":"2017-11-07T21:40:27Z", "event":"SupercruiseExit", "StarSystem":"HIP 22566", "Body":"Holden Horizons", "BodyType":"Station" }
{ "timestamp":"2017-11-07T21:40:27Z", "event":"Music", "MusicTrack":"DestinationFromSupercruise" }
{ "timestamp":"2017-11-07T21:40:32Z", "event":"Music", "MusicTrack":"NoTrack" }
{ "timestamp":"2017-11-07T21:40:38Z", "event":"ReceiveText", "From":"Holden Horizons", "Message":"$STATION_NoFireZone_entered;", "Message_Localised":"No fire zone entered.", "Channel":"npc" }
{ "timestamp":"2017-11-07T21:40:59Z", "event":"DockingRequested", "StationName":"Holden Horizons" }
{ "timestamp":"2017-11-07T21:40:59Z", "event":"ReceiveText", "From":"Holden Horizons", "Message":"$DockingChatter_Neutral;", "Message_Localised":"Ensure to observe starport protocol during your visit, pilot.", "Channel":"npc" }
{ "timestamp":"2017-11-07T21:41:00Z", "event":"ReceiveText", "From":"Holden Horizons", "Message":"$STATION_docking_granted;", "Message_Localised":"Docking request granted.", "Channel":"npc" }
{ "timestamp":"2017-11-07T21:41:00Z", "event":"DockingGranted", "LandingPad":32, "StationName":"Holden Horizons" }
{ "timestamp":"2017-11-07T21:41:43Z", "event":"Music", "MusicTrack":"Starport" }
{ "timestamp":"2017-11-07T21:42:13Z", "event":"Docked", "StationName":"Holden Horizons", "StationType":"Coriolis", "StarSystem":"HIP 22566", "StationFaction":"HIP 22566 Purple Life Co", "StationGovernment":"$government_Corporate;", "StationGovernment_Localised":"Corporate", "StationServices":[ "Dock", "Autodock", "Commodities", "Contacts", "Exploration", "Missions", "Outfitting", "CrewLounge", "Rearm", "Refuel", "Repair", "Shipyard", "Tuning", "MissionsGenerated", "FlightController", "StationOperations", "Powerplay", "SearchAndRescue" ], "StationEconomy":"$economy_Industrial;", "StationEconomy_Localised":"Industrial", "DistFromStarLS":3580.776367 }
{ "timestamp":"2017-11-07T21:42:25Z", "event":"RefuelAll", "Cost":652, "Amount":13.030345 }
{ "timestamp":"2017-11-07T21:42:39Z", "event":"ReceiveText", "From":"$npc_name_decorate:#name=Fidod;", "From_Localised":"Fidod", "Message":"$Commuter_AuthorityScan03;", "Message_Localised":"Will this take long? I’ve got a schedule to keep. ", "Channel":"npc" }
{ "timestamp":"2017-11-07T21:42:50Z", "event":"Music", "MusicTrack":"GalaxyMap" }
{ "timestamp":"2017-11-07T21:42:52Z", "event":"Music", "MusicTrack":"Starport" }
{ "timestamp":"2017-11-07T21:44:12Z", "event":"ModuleBuy", "Slot":"TinyHardpoint1", "BuyItem":"$hpt_plasmapointdefence_turret_tiny_name;", "BuyItem_Localised":"Point Defence", "BuyPrice":18546, "Ship":"type7", "ShipID":14 }
{ "timestamp":"2017-11-07T21:44:36Z", "event":"ModuleBuy", "Slot":"TinyHardpoint3", "BuyItem":"$hpt_plasmapointdefence_turret_tiny_name;", "BuyItem_Localised":"Point Defence", "BuyPrice":18546, "Ship":"type7", "ShipID":14 }
{ "timestamp":"2017-11-07T21:44:45Z", "event":"ModuleBuy", "Slot":"TinyHardpoint2", "BuyItem":"$hpt_heatsinklauncher_turret_tiny_name;", "BuyItem_Localised":"Heat Sink", "BuyPrice":3500, "Ship":"type7", "ShipID":14 }
{ "timestamp":"2017-11-07T21:44:52Z", "event":"ModuleBuy", "Slot":"TinyHardpoint4", "BuyItem":"$hpt_heatsinklauncher_turret_tiny_name;", "BuyItem_Localised":"Heat Sink", "BuyPrice":3500, "Ship":"type7", "ShipID":14 }
{ "timestamp":"2017-11-07T21:45:24Z", "event":"ModuleStore", "Slot":"TinyHardpoint1", "StoredItem":"$hpt_plasmapointdefence_turret_tiny_name;", "StoredItem_Localised":"Point Defence", "Ship":"type7", "ShipID":14 }
{ "timestamp":"2017-11-07T21:47:52Z", "event":"ModuleBuy", "Slot":"Slot07_Size2", "SellItem":"$int_passengercabin_size3_class2_name;", "SellItem_Localised":"BC Passenger Cabin", "SellPrice":26705, "BuyItem":"$int_cargorack_size3_class1_name;", "BuyItem_Localised":"Cargo Rack", "BuyPrice":10563, "Ship":"type7", "ShipID":14 }
{ "timestamp":"2017-11-07T21:48:22Z", "event":"MarketSell", "Type":"hydrogenfuel", "Count":288, "SellPrice":108, "TotalSale":31104, "AvgPricePaid":72 }
{ "timestamp":"2017-11-07T21:49:16Z", "event":"ReceiveText", "From":"$npc_name_decorate:#name=Hunter Howitt;", "From_Localised":"Hunter Howitt", "Message":"$Commuter_AuthorityScan04;", "Message_Localised":"Is this really necessary?", "Channel":"npc" }
{ "timestamp":"2017-11-07T21:53:17Z", "event":"MarketBuy", "Type":"survivalequipment", "Count":296, "BuyPrice":254, "TotalCost":75184 }
{ "timestamp":"2017-11-07T21:54:08Z", "event":"Music", "MusicTrack":"GalaxyMap" }
{ "timestamp":"2017-11-07T21:54:09Z", "event":"Music", "MusicTrack":"Starport" }
{ "timestamp":"2017-11-07T21:54:14Z", "event":"Music", "MusicTrack":"GalaxyMap" }
{ "timestamp":"2017-11-07T21:55:04Z", "event":"Music", "MusicTrack":"Starport" }
{ "timestamp":"2017-11-07T21:55:07Z", "event":"Music", "MusicTrack":"GalaxyMap" }
{ "timestamp":"2017-11-07T21:55:23Z", "event":"ReceiveText", "From":"$npc_name_decorate:#name=Lu-Tze Lobsang Ludd;", "From_Localised":"Lu-Tze Lobsang Ludd", "Message":"$Commuter_AuthorityScan04;", "Message_Localised":"Is this really necessary?", "Channel":"npc" }
{ "timestamp":"2017-11-07T21:55:37Z", "event":"Music", "MusicTrack":"Starport" }
{ "timestamp":"2017-11-07T21:55:39Z", "event":"Undocked", "StationName":"Holden Horizons", "StationType":"Coriolis" }
{ "timestamp":"2017-11-07T21:56:15Z", "event":"Music", "MusicTrack":"NoTrack" }
{ "timestamp":"2017-11-07T21:56:42Z", "event":"Scanned", "ScanType":"Cargo" }
{ "timestamp":"2017-11-07T21:56:42Z", "event":"ReceiveText", "From":"$ShipName_Police_Independent;", "From_Localised":"System Authority Vessel", "Message":"$Police_ThankYouPassedStopAndSearch04;", "Message_Localised":"No crimes detected. You're free to go, Commander.", "Channel":"npc" }
{ "timestamp":"2017-11-07T21:57:22Z", "event":"ReceiveText", "From":"Holden Horizons", "Message":"$STATION_NoFireZone_exited;", "Message_Localised":"No fire zone left.", "Channel":"npc" }
{ "timestamp":"2017-11-07T21:57:34Z", "event":"StartJump", "JumpType":"Hyperspace", "StarSystem":"9 Omicron-2 Orionis", "StarClass":"K" }
{ "timestamp":"2017-11-07T21:57:53Z", "event":"FSDJump", "StarSystem":"9 Omicron-2 Orionis", "StarPos":[21.531,-55.750,-176.094], "SystemAllegiance":"", "SystemEconomy":"$economy_None;", "SystemEconomy_Localised":"None", "SystemGovernment":"$government_None;", "SystemGovernment_Localised":"None", "SystemSecurity":"$GAlAXY_MAP_INFO_state_anarchy;", "SystemSecurity_Localised":"Anarchy", "Population":0, "JumpDist":7.445, "FuelUsed":1.155955, "FuelLevel":30.844046 }
{ "timestamp":"2017-11-07T21:57:53Z", "event":"Music", "MusicTrack":"Supercruise" }
{ "timestamp":"2017-11-07T21:58:04Z", "event":"ReceiveText", "From":"$npc_name_decorate:#name=Vic-E;", "From_Localised":"Vic-E", "Message":"$Pirate_HunterHostileSC_Relevant03;", "Message_Localised":"I've come a long way for what's in your hold, don't try to run!", "Channel":"npc" }
{ "timestamp":"2017-11-07T21:58:10Z", "event":"FuelScoop", "Scooped":1.155940, "Total":32.000000 }
{ "timestamp":"2017-11-07T21:58:14Z", "event":"HeatWarning" }
{ "timestamp":"2017-11-07T21:58:25Z", "event":"StartJump", "JumpType":"Hyperspace", "StarSystem":"Hyades Sector ON-S b4-5", "StarClass":"M" }
{ "timestamp":"2017-11-07T21:58:30Z", "event":"Music", "MusicTrack":"NoTrack" }
{ "timestamp":"2017-11-07T21:58:43Z", "event":"FSDJump", "StarSystem":"Hyades Sector ON-S b4-5", "StarPos":[29.688,-53.625,-180.469], "SystemAllegiance":"", "SystemEconomy":"$economy_None;", "SystemEconomy_Localised":"None", "SystemGovernment":"$government_None;", "SystemGovernment_Localised":"None", "SystemSecurity":"$GAlAXY_MAP_INFO_state_anarchy;", "SystemSecurity_Localised":"Anarchy", "Population":0, "JumpDist":9.496, "FuelUsed":2.098273, "FuelLevel":29.901728 }
{ "timestamp":"2017-11-07T21:58:43Z", "event":"HeatWarning" }
{ "timestamp":"2017-11-07T21:58:43Z", "event":"Music", "MusicTrack":"Supercruise" }
{ "timestamp":"2017-11-07T21:58:50Z", "event":"HeatWarning" }
{ "timestamp":"2017-11-07T21:58:50Z", "event":"Music", "MusicTrack":"GalaxyMap" }
{ "timestamp":"2017-11-07T21:58:51Z", "event":"Music", "MusicTrack":"Supercruise" }
{ "timestamp":"2017-11-07T21:59:12Z", "event":"FuelScoop", "Scooped":0.048050, "Total":29.949772 }
{ "timestamp":"2017-11-07T22:00:02Z", "event":"StartJump", "JumpType":"Hyperspace", "StarSystem":"Hyades Sector ON-S b4-3", "StarClass":"M" }
{ "timestamp":"2017-11-07T22:00:08Z", "event":"Music", "MusicTrack":"NoTrack" }
{ "timestamp":"2017-11-07T22:00:21Z", "event":"FSDJump", "StarSystem":"Hyades Sector ON-S b4-3", "StarPos":[32.125,-52.969,-168.438], "SystemAllegiance":"", "SystemEconomy":"$economy_None;", "SystemEconomy_Localised":"None", "SystemGovernment":"$government_None;", "SystemGovernment_Localised":"None", "SystemSecurity":"$GAlAXY_MAP_INFO_state_anarchy;", "SystemSecurity_Localised":"Anarchy", "Population":0, "JumpDist":12.293, "FuelUsed":3.925460, "FuelLevel":26.024311 }
{ "timestamp":"2017-11-07T22:00:21Z", "event":"Music", "MusicTrack":"Supercruise" }
{ "timestamp":"2017-11-07T22:00:38Z", "event":"FuelScoop", "Scooped":1.033297, "Total":27.057619 }
{ "timestamp":"2017-11-07T22:00:55Z", "event":"StartJump", "JumpType":"Hyperspace", "StarSystem":"HIP 24177", "StarClass":"M" }
{ "timestamp":"2017-11-07T22:01:01Z", "event":"Music", "MusicTrack":"NoTrack" }
{ "timestamp":"2017-11-07T22:01:14Z", "event":"FSDJump", "StarSystem":"HIP 24177", "StarPos":[33.938,-47.344,-158.844], "SystemAllegiance":"Independent", "SystemEconomy":"$economy_Colony;", "SystemEconomy_Localised":"Colony", "SystemGovernment":"$government_Anarchy;", "SystemGovernment_Localised":"Anarchy", "SystemSecurity":"$GAlAXY_MAP_INFO_state_anarchy;", "SystemSecurity_Localised":"Anarchy", "Population":51341, "JumpDist":11.268, "FuelUsed":3.143663, "FuelLevel":23.913956, "Factions":[ { "Name":"HIP 24177 Boys", "FactionState":"None", "Government":"Anarchy", "Influence":0.654000, "Allegiance":"Independent", "PendingStates":[ { "State":"Boom", "Trend":0 } ] }, { "Name":"HIP 25677 Partnership", "FactionState":"Lockdown", "Government":"Confederacy", "Influence":0.071000, "Allegiance":"Federation", "PendingStates":[ { "State":"CivilUnrest", "Trend":0 } ] }, { "Name":"HIP 23277 Democrats", "FactionState":"Boom", "Government":"Democracy", "Influence":0.085000, "Allegiance":"Independent", "PendingStates":[ { "State":"War", "Trend":0 }, { "State":"Retreat", "Trend":0 } ] }, { "Name":"Pilots Federation Local Branch", "FactionState":"None", "Government":"Democracy", "Influence":0.000000, "Allegiance":"PilotsFederation" }, { "Name":"HIP 24177 Systems", "FactionState":"None", "Government":"Corporate", "Influence":0.010000, "Allegiance":"Independent" }, { "Name":"HIP 24177 Monarchy", "FactionState":"None", "Government":"Feudal", "Influence":0.049000, "Allegiance":"Independent" }, { "Name":"14 i Orionis Vision Systems", "FactionState":"Expansion", "Government":"Corporate", "Influence":0.085000, "Allegiance":"Independent", "PendingStates":[ { "State":"War", "Trend":0 } ], "RecoveringStates":[ { "State":"Boom", "Trend":-1 } ] }, { "Name":"Chemaya Dynamic Co", "FactionState":"Boom", "Government":"Corporate", "Influence":0.046000, "Allegiance":"Independent", "PendingStates":[ { "State":"Retreat", "Trend":0 } ] } ], "SystemFaction":"HIP 24177 Boys" }
{ "timestamp":"2017-11-07T22:01:14Z", "event":"Music", "MusicTrack":"Supercruise" }
{ "timestamp":"2017-11-07T22:01:32Z", "event":"FuelScoop", "Scooped":0.818211, "Total":24.732187 }
{ "timestamp":"2017-11-07T22:01:40Z", "event":"Music", "MusicTrack":"GalaxyMap" }
{ "timestamp":"2017-11-07T22:01:45Z", "event":"Music", "MusicTrack":"Supercruise" }
{ "timestamp":"2017-11-07T22:02:01Z", "event":"Music", "MusicTrack":"GalaxyMap" }
{ "timestamp":"2017-11-07T22:02:09Z", "event":"Music", "MusicTrack":"Supercruise" }
{ "timestamp":"2017-11-07T22:02:26Z", "event":"StartJump", "JumpType":"Hyperspace", "StarSystem":"Hyades Sector LD-G a12-0", "StarClass":"T" }
{ "timestamp":"2017-11-07T22:02:31Z", "event":"Music", "MusicTrack":"NoTrack" }
{ "timestamp":"2017-11-07T22:02:45Z", "event":"FSDJump", "StarSystem":"Hyades Sector LD-G a12-0", "StarPos":[33.250,-38.313,-153.625], "SystemAllegiance":"", "SystemEconomy":"$economy_None;", "SystemEconomy_Localised":"None", "SystemGovernment":"$government_None;", "SystemGovernment_Localised":"None", "SystemSecurity":"$GAlAXY_MAP_INFO_state_anarchy;", "SystemSecurity_Localised":"Anarchy", "Population":0, "JumpDist":10.453, "FuelUsed":2.597408, "FuelLevel":22.134779 }
{ "timestamp":"2017-11-07T22:02:45Z", "event":"Music", "MusicTrack":"Supercruise" }
{ "timestamp":"2017-11-07T22:03:17Z", "event":"StartJump", "JumpType":"Hyperspace", "StarSystem":"Hyades Sector QJ-E a13-2", "StarClass":"T" }
{ "timestamp":"2017-11-07T22:03:22Z", "event":"Music", "MusicTrack":"NoTrack" }
{ "timestamp":"2017-11-07T22:03:35Z", "event":"FSDJump", "StarSystem":"Hyades Sector QJ-E a13-2", "StarPos":[38.500,-37.781,-143.594], "SystemAllegiance":"", "SystemEconomy":"$economy_None;", "SystemEconomy_Localised":"None", "SystemGovernment":"$government_None;", "SystemGovernment_Localised":"None", "SystemSecurity":"$GAlAXY_MAP_INFO_state_anarchy;", "SystemSecurity_Localised":"Anarchy", "Population":0, "JumpDist":11.334, "FuelUsed":3.142327, "FuelLevel":18.992453 }
{ "timestamp":"2017-11-07T22:03:36Z", "event":"Music", "MusicTrack":"Supercruise" }
{ "timestamp":"2017-11-07T22:04:13Z", "event":"StartJump", "JumpType":"Hyperspace", "StarSystem":"Tahuti", "StarClass":"TTS" }
{ "timestamp":"2017-11-07T22:04:19Z", "event":"Music", "MusicTrack":"NoTrack" }
{ "timestamp":"2017-11-07T22:04:32Z", "event":"FSDJump", "StarSystem":"Tahuti", "StarPos":[35.031,-36.563,-134.750], "SystemAllegiance":"Independent", "SystemEconomy":"$economy_Industrial;", "SystemEconomy_Localised":"Industrial", "SystemGovernment":"$government_Corporate;", "SystemGovernment_Localised":"Corporate", "SystemSecurity":"$SYSTEM_SECURITY_low;", "SystemSecurity_Localised":"Low Security", "Population":2424996, "JumpDist":9.578, "FuelUsed":2.060102, "FuelLevel":16.932350, "Factions":[ { "Name":"Democrats of Irusan", "FactionState":"Boom", "Government":"Democracy", "Influence":0.050000, "Allegiance":"Federation" }, { "Name":"Pilots Federation Local Branch", "FactionState":"None", "Government":"Democracy", "Influence":0.000000, "Allegiance":"PilotsFederation" }, { "Name":"Tahuti Crew", "FactionState":"Boom", "Government":"Anarchy", "Influence":0.065000, "Allegiance":"Independent", "RecoveringStates":[ { "State":"Outbreak", "Trend":0 } ] }, { "Name":"Independent Tahuti Liberals", "FactionState":"None", "Government":"Democracy", "Influence":0.244000, "Allegiance":"Federation" }, { "Name":"Tahuti Commodities", "FactionState":"Boom", "Government":"Corporate", "Influence":0.115000, "Allegiance":"Independent" }, { "Name":"United Tahuti Defence Party", "FactionState":"Boom", "Government":"Dictatorship", "Influence":0.037000, "Allegiance":"Independent" }, { "Name":"Tahuti Democrats", "FactionState":"None", "Government":"Democracy", "Influence":0.186000, "Allegiance":"Independent", "RecoveringStates":[ { "State":"Boom", "Trend":0 } ] }, { "Name":"Candy Crew Guild", "FactionState":"None", "Government":"Corporate", "Influence":0.303000, "Allegiance":"Independent", "PendingStates":[ { "State":"Boom", "Trend":1 }, { "State":"Expansion", "Trend":0 } ] } ], "SystemFaction":"Candy Crew Guild" }
{ "timestamp":"2017-11-07T22:04:32Z", "event":"Music", "MusicTrack":"Supercruise" }
{ "timestamp":"2017-11-07T22:05:04Z", "event":"StartJump", "JumpType":"Hyperspace", "StarSystem":"Hyades Sector RU-C a14-2", "StarClass":"T" }
{ "timestamp":"2017-11-07T22:05:10Z", "event":"Music", "MusicTrack":"NoTrack" }
{ "timestamp":"2017-11-07T22:05:23Z", "event":"FSDJump", "StarSystem":"Hyades Sector RU-C a14-2", "StarPos":[31.969,-25.594,-129.688], "SystemAllegiance":"", "SystemEconomy":"$economy_None;", "SystemEconomy_Localised":"None", "SystemGovernment":"$government_None;", "SystemGovernment_Localised":"None", "SystemSecurity":"$GAlAXY_MAP_INFO_state_anarchy;", "SystemSecurity_Localised":"Anarchy", "Population":0, "JumpDist":12.463, "FuelUsed":3.902501, "FuelLevel":13.029850 }
{ "timestamp":"2017-11-07T22:05:23Z", "event":"Music", "MusicTrack":"Supercruise" }
{ "timestamp":"2017-11-07T22:06:10Z", "event":"StartJump", "JumpType":"Hyperspace", "StarSystem":"Mac Cimi", "StarClass":"M" }
{ "timestamp":"2017-11-07T22:06:15Z", "event":"Music", "MusicTrack":"NoTrack" }
{ "timestamp":"2017-11-07T22:06:29Z", "event":"FSDJump", "StarSystem":"Mac Cimi", "StarPos":[37.844,-21.594,-124.906], "SystemAllegiance":"Federation", "SystemEconomy":"$economy_Agri;", "SystemEconomy_Localised":"Agriculture", "SystemGovernment":"$government_Corporate;", "SystemGovernment_Localised":"Corporate", "SystemSecurity":"$SYSTEM_SECURITY_high;", "SystemSecurity_Localised":"High Security", "Population":2669285774, "JumpDist":8.566, "FuelUsed":1.538854, "FuelLevel":11.490996, "Factions":[ { "Name":"HIP 28135 Industries", "FactionState":"Boom", "Government":"Corporate", "Influence":0.179000, "Allegiance":"Federation" }, { "Name":"Tibiogamahu Confederacy", "FactionState":"Boom", "Government":"Confederacy", "Influence":0.058000, "Allegiance":"Federation", "PendingStates":[ { "State":"CivilUnrest", "Trend":0 } ] }, { "Name":"Mac Cimi Free", "FactionState":"Famine", "Government":"Democracy", "Influence":0.049000, "Allegiance":"Independent" }, { "Name":"Pilots Federation Local Branch", "FactionState":"None", "Government":"Democracy", "Influence":0.000000, "Allegiance":"PilotsFederation" }, { "Name":"Mac Cimi Corporation", "FactionState":"None", "Government":"Corporate", "Influence":0.574000, "Allegiance":"Federation" }, { "Name":"Mac Cimi Defence Party", "FactionState":"None", "Government":"Dictatorship", "Influence":0.026000, "Allegiance":"Independent" }, { "Name":"Mac Cimi Co", "FactionState":"None", "Government":"Corporate", "Influence":0.062000, "Allegiance":"Independent" }, { "Name":"Mac Cimi Crimson Boys", "FactionState":"None", "Government":"Anarchy", "Influence":0.052000, "Allegiance":"Independent" } ], "SystemFaction":"Mac Cimi Corporation" }
{ "timestamp":"2017-11-07T22:06:29Z", "event":"Music", "MusicTrack":"DestinationFromHyperspace" }
{ "timestamp":"2017-11-07T22:06:34Z", "event":"Music", "MusicTrack":"Supercruise" }
{ "timestamp":"2017-11-07T22:09:04Z", "event":"ApproachSettlement", "Name":"Avogadro Holdings" }
{ "timestamp":"2017-11-07T22:09:05Z", "event":"ApproachSettlement", "Name":"Wohler Vision" }
{ "timestamp":"2017-11-07T22:09:36Z", "event":"ApproachSettlement", "Name":"Avogadro Holdings" }
{ "timestamp":"2017-11-07T22:09:42Z", "event":"SupercruiseExit", "StarSystem":"Mac Cimi", "Body":"Mac Cimi C 1", "BodyType":"Planet" }
{ "timestamp":"2017-11-07T22:09:42Z", "event":"Music", "MusicTrack":"Exploration" }
{ "timestamp":"2017-11-07T22:14:36Z", "event":"Music", "MusicTrack":"NoTrack" }
{ "timestamp":"2017-11-07T22:15:17Z", "event":"ReceiveText", "From":"Avogadro Holdings", "Message":"$STATION_NoFireZone_entered;", "Message_Localised":"No fire zone entered.", "Channel":"npc" }
{ "timestamp":"2017-11-07T22:15:25Z", "event":"DockingRequested", "StationName":"Avogadro Holdings" }
{ "timestamp":"2017-11-07T22:15:25Z", "event":"ReceiveText", "From":"Avogadro Holdings", "Message":"$DockingChatter_Neutral;", "Message_Localised":"Ensure to observe starport protocol during your visit, pilot.", "Channel":"npc" }
{ "timestamp":"2017-11-07T22:15:26Z", "event":"ReceiveText", "From":"Avogadro Holdings", "Message":"$STATION_docking_granted;", "Message_Localised":"Docking request granted.", "Channel":"npc" }
{ "timestamp":"2017-11-07T22:15:26Z", "event":"DockingGranted", "LandingPad":7, "StationName":"Avogadro Holdings" }
{ "timestamp":"2017-11-07T22:16:02Z", "event":"ReceiveText", "From":"$ShipName_Police_Federation;", "From_Localised":"Federal Security Service", "Message":"$Police_ThankYouPassedStopAndSearch07;", "Message_Localised":"Your scan is clear. Carry on with your journey, Commander.", "Channel":"npc" }
{ "timestamp":"2017-11-07T22:17:04Z", "event":"Docked", "StationName":"Avogadro Holdings", "StationType":"SurfaceStation", "StarSystem":"Mac Cimi", "StationFaction":"Mac Cimi Corporation", "StationGovernment":"$government_Corporate;", "StationGovernment_Localised":"Corporate", "StationAllegiance":"Federation", "StationServices":[ "Dock", "Autodock", "Commodities", "Contacts", "Exploration", "Missions", "Outfitting", "CrewLounge", "Rearm", "Refuel", "Repair", "Tuning", "MissionsGenerated", "FlightController", "StationOperations", "Powerplay", "SearchAndRescue" ], "StationEconomy":"$economy_Industrial;", "StationEconomy_Localised":"Industrial", "DistFromStarLS":860.579590 }
{ "timestamp":"2017-11-07T22:17:27Z", "event":"RefuelAll", "Cost":1043, "Amount":20.839968 }
{ "timestamp":"2017-11-07T22:17:28Z", "event":"RepairAll", "Cost":3338 }
{ "timestamp":"2017-11-07T22:17:30Z", "event":"BuyAmmo", "Cost":25 }
{ "timestamp":"2017-11-07T22:18:18Z", "event":"MarketSell", "Type":"survivalequipment", "Count":296, "SellPrice":322, "TotalSale":95312, "AvgPricePaid":254 }
{ "timestamp":"2017-11-07T22:23:00Z", "event":"ModuleBuy", "Slot":"Slot08_Size2", "SellItem":"$int_fuelscoop_size3_class5_name;", "SellItem_Localised":"Fuel Scoop", "SellPrice":902954, "BuyItem":"$int_cargorack_size3_class1_name;", "BuyItem_Localised":"Cargo Rack", "BuyPrice":8979, "Ship":"type7", "ShipID":14 }
{ "timestamp":"2017-11-07T22:25:31Z", "event":"ModuleSell", "Slot":"TinyHardpoint3", "SellItem":"$hpt_plasmapointdefence_turret_tiny_name;", "SellItem_Localised":"Point Defence", "SellPrice":18546, "Ship":"type7", "ShipID":14 }
{ "timestamp":"2017-11-07T22:25:40Z", "event":"ModuleSell", "Slot":"TinyHardpoint2", "SellItem":"$hpt_heatsinklauncher_turret_tiny_name;", "SellItem_Localised":"Heat Sink", "SellPrice":3500, "Ship":"type7", "ShipID":14 }
{ "timestamp":"2017-11-07T22:25:46Z", "event":"ModuleSell", "Slot":"TinyHardpoint4", "SellItem":"$hpt_heatsinklauncher_turret_tiny_name;", "SellItem_Localised":"Heat Sink", "SellPrice":3500, "Ship":"type7", "ShipID":14 }
{ "timestamp":"2017-11-07T22:28:33Z", "event":"MarketBuy", "Type":"mutomimager", "Count":202, "BuyPrice":5786, "TotalCost":1168772 }
{ "timestamp":"2017-11-07T22:28:42Z", "event":"Music", "MusicTrack":"GalaxyMap" }
{ "timestamp":"2017-11-07T22:29:14Z", "event":"Music", "MusicTrack":"SystemMap" }
{ "timestamp":"2017-11-07T22:30:41Z", "event":"Music", "MusicTrack":"NoTrack" }
{ "timestamp":"2017-11-07T22:31:13Z", "event":"Music", "MusicTrack":"GalaxyMap" }
{ "timestamp":"2017-11-07T22:31:34Z", "event":"Music", "MusicTrack":"NoTrack" }
{ "timestamp":"2017-11-07T22:31:59Z", "event":"Undocked", "StationName":"Avogadro Holdings", "StationType":"SurfaceStation" }
{ "timestamp":"2017-11-07T22:32:48Z", "event":"StartJump", "JumpType":"Hyperspace", "StarSystem":"Hyades Sector WP-N b7-5", "StarClass":"M" }
{ "timestamp":"2017-11-07T22:33:06Z", "event":"FSDJump", "StarSystem":"Hyades Sector WP-N b7-5", "StarPos":[27.250,-24.281,-118.219], "SystemAllegiance":"", "SystemEconomy":"$economy_None;", "SystemEconomy_Localised":"None", "SystemGovernment":"$government_None;", "SystemGovernment_Localised":"None", "SystemSecurity":"$GAlAXY_MAP_INFO_state_anarchy;", "SystemSecurity_Localised":"Anarchy", "Population":0, "JumpDist":12.813, "FuelUsed":3.206222, "FuelLevel":28.793777 }
{ "timestamp":"2017-11-07T22:33:07Z", "event":"Music", "MusicTrack":"Supercruise" }
{ "timestamp":"2017-11-07T22:33:49Z", "event":"StartJump", "JumpType":"Hyperspace", "StarSystem":"Tascheter Sector ZT-A a2", "StarClass":"L" }
{ "timestamp":"2017-11-07T22:33:54Z", "event":"Music", "MusicTrack":"NoTrack" }
{ "timestamp":"2017-11-07T22:34:07Z", "event":"FSDJump", "StarSystem":"Tascheter Sector ZT-A a2", "StarPos":[19.344,-25.344,-107.281], "SystemAllegiance":"", "SystemEconomy":"$economy_None;", "SystemEconomy_Localised":"None", "SystemGovernment":"$government_None;", "SystemGovernment_Localised":"None", "SystemSecurity":"$GAlAXY_MAP_INFO_state_anarchy;", "SystemSecurity_Localised":"Anarchy", "Population":0, "JumpDist":13.538, "FuelUsed":3.628911, "FuelLevel":25.164867 }
{ "timestamp":"2017-11-07T22:34:07Z", "event":"Music", "MusicTrack":"Supercruise" }
{ "timestamp":"2017-11-07T22:34:45Z", "event":"StartJump", "JumpType":"Hyperspace", "StarSystem":"Hehe", "StarClass":"G" }
{ "timestamp":"2017-11-07T22:34:51Z", "event":"Music", "MusicTrack":"NoTrack" }
{ "timestamp":"2017-11-07T22:35:04Z", "event":"FSDJump", "StarSystem":"Hehe", "StarPos":[14.750,-18.531,-101.875], "SystemAllegiance":"Federation", "SystemEconomy":"$economy_Industrial;", "SystemEconomy_Localised":"Industrial", "SystemGovernment":"$government_Corporate;", "SystemGovernment_Localised":"Corporate", "SystemSecurity":"$SYSTEM_SECURITY_high;", "SystemSecurity_Localised":"High Security", "Population":34450799, "JumpDist":9.836, "FuelUsed":1.638573, "FuelLevel":23.526295, "Factions":[ { "Name":"Revolutionary LTT 11655 Revolutionary Party", "FactionState":"None", "Government":"Democracy", "Influence":0.047952, "Allegiance":"Federation", "PendingStates":[ { "State":"Boom", "Trend":1 } ] }, { "Name":"Pilots Federation Local Branch", "FactionState":"None", "Government":"Democracy", "Influence":0.000000, "Allegiance":"PilotsFederation" }, { "Name":"Onyaksas Commodities", "FactionState":"None", "Government":"Corporate", "Influence":0.038961, "Allegiance":"Federation", "PendingStates":[ { "State":"Boom", "Trend":1 } ] }, { "Name":"Movement for Hehe Progressive Party", "FactionState":"Boom", "Government":"Democracy", "Influence":0.076923, "Allegiance":"Federation" }, { "Name":"Hehe League", "FactionState":"Boom", "Government":"Dictatorship", "Influence":0.078921, "Allegiance":"Independent", "PendingStates":[ { "State":"CivilWar", "Trend":0 } ] }, { "Name":"Hehe Federal Interstellar", "FactionState":"None", "Government":"Corporate", "Influence":0.613387, "Allegiance":"Federation" }, { "Name":"Hehe Camorra", "FactionState":"Boom", "Government":"Anarchy", "Influence":0.078921, "Allegiance":"Independent", "PendingStates":[ { "State":"CivilWar", "Trend":0 } ] }, { "Name":"Traditional Hehe Flag", "FactionState":"Boom", "Government":"Dictatorship", "Influence":0.064935, "Allegiance":"Independent" } ], "SystemFaction":"Hehe Federal Interstellar" }
{ "timestamp":"2017-11-07T22:35:04Z", "event":"Music", "MusicTrack":"DestinationFromHyperspace" }
{ "timestamp":"2017-11-07T22:35:09Z", "event":"Music", "MusicTrack":"Supercruise" }
{ "timestamp":"2017-11-07T22:36:07Z", "event":"SendText", "To":"local", "Message":"Hello All" }
{ "timestamp":"2017-11-07T22:43:51Z", "event":"ApproachSettlement", "Name":"Koontz Hub" }
{ "timestamp":"2017-11-07T22:43:52Z", "event":"ApproachSettlement", "Name":"Silverberg Holdings" }
{ "timestamp":"2017-11-07T22:44:27Z", "event":"ApproachSettlement", "Name":"Koontz Hub" }
{ "timestamp":"2017-11-07T22:44:31Z", "event":"SupercruiseExit", "StarSystem":"Hehe", "Body":"Hehe C 1", "BodyType":"Planet" }
{ "timestamp":"2017-11-07T22:44:31Z", "event":"Music", "MusicTrack":"Exploration" }
{ "timestamp":"2017-11-07T22:44:48Z", "event":"Music", "MusicTrack":"NoTrack" }
{ "timestamp":"2017-11-07T22:44:52Z", "event":"ReceiveText", "From":"Koontz Hub", "Message":"$STATION_NoFireZone_entered;", "Message_Localised":"No fire zone entered.", "Channel":"npc" }
{ "timestamp":"2017-11-07T22:44:58Z", "event":"DockingRequested", "StationName":"Koontz Hub" }
{ "timestamp":"2017-11-07T22:44:58Z", "event":"ReceiveText", "From":"Koontz Hub", "Message":"$DockingChatter_Neutral;", "Message_Localised":"Ensure to observe starport protocol during your visit, pilot.", "Channel":"npc" }
{ "timestamp":"2017-11-07T22:44:59Z", "event":"ReceiveText", "From":"Koontz Hub", "Message":"$STATION_docking_granted;", "Message_Localised":"Docking request granted.", "Channel":"npc" }
{ "timestamp":"2017-11-07T22:44:59Z", "event":"DockingGranted", "LandingPad":10, "StationName":"Koontz Hub" }
{ "timestamp":"2017-11-07T22:45:23Z", "event":"ReceiveText", "From":"$ShipName_Police_Federation;", "From_Localised":"Federal Security Service", "Message":"$Police_StartPatrol04;", "Message_Localised":"I'm away, heading to patrol route alpha now.", "Channel":"npc" }
{ "timestamp":"2017-11-07T22:45:58Z", "event":"Docked", "StationName":"Koontz Hub", "StationType":"SurfaceStation", "StarSystem":"Hehe", "StationFaction":"Hehe Federal Interstellar", "StationGovernment":"$government_Corporate;", "StationGovernment_Localised":"Corporate", "StationAllegiance":"Federation", "StationServices":[ "Dock", "Autodock", "Commodities", "Contacts", "Exploration", "Missions", "Outfitting", "CrewLounge", "Rearm", "Refuel", "Repair", "Tuning", "MissionsGenerated", "FlightController", "StationOperations", "Powerplay", "SearchAndRescue" ], "StationEconomy":"$economy_Military;", "StationEconomy_Localised":"Military", "DistFromStarLS":56156.546875 }
{ "timestamp":"2017-11-07T22:46:17Z", "event":"RefuelAll", "Cost":437, "Amount":8.733119 }
{ "timestamp":"2017-11-07T22:49:26Z", "event":"ReceiveText", "From":"$ShipName_Police_Federation;", "From_Localised":"Federal Security Service", "Message":"$Police_StartPatrol04;", "Message_Localised":"I'm away, heading to patrol route alpha now.", "Channel":"npc" }
{ "timestamp":"2017-11-07T22:50:23Z", "event":"MarketSell", "Type":"mutomimager", "Count":202, "SellPrice":6955, "TotalSale":1404910, "AvgPricePaid":5786 }
{ "timestamp":"2017-11-07T22:50:45Z", "event":"Music", "MusicTrack":"Exploration" }
