{ "timestamp":"2017-11-09T18:19:40Z", "event":"Fileheader", "part":1, "language":"English\\UK", "gameversion":"2.4", "build":"r156431/r0 " }
{ "timestamp":"2017-11-09T18:19:40Z", "event":"Music", "MusicTrack":"NoTrack" }
{ "timestamp":"2017-11-09T18:19:40Z", "event":"Music", "MusicTrack":"MainMenu" }
{ "timestamp":"2017-11-09T18:20:04Z", "event":"Cargo", "Inventory":[  ] }
{ "timestamp":"2017-11-09T18:20:04Z", "event":"Loadout", "Ship":"Type7", "ShipID":14, "ShipName":"Behemoth", "ShipIdent":"TS-002", "Modules":[ { "Slot":"Armour", "Item":"Type7_Armour_Grade1", "On":true, "Priority":1, "Health":1.000000, "Value":0 }, { "Slot":"PowerPlant", "Item":"Int_Powerplant_Size2_Class5", "On":true, "Priority":1, "Health":1.000000, "Value":160224 }, { "Slot":"MainEngines", "Item":"Int_Engine_Size5_Class3", "On":true, "Priority":0, "Health":1.000000, "Value":567106 }, { "Slot":"FrameShiftDrive", "Item":"Int_Hyperdrive_Size5_Class5", "On":true, "Priority":0, "Health":1.000000, "Value":5103953 }, { "Slot":"LifeSupport", "Item":"Int_LifeSupport_Size4_Class2", "On":true, "Priority":0, "Health":1.000000, "Value":28373 }, { "Slot":"PowerDistributor", "Item":"Int_PowerDistributor_Size3_Class2", "On":true, "Priority":0, "Health":1.000000, "Value":10133 }, { "Slot":"Radar", "Item":"Int_Sensors_Size3_Class2", "On":true, "Priority":0, "Health":1.000000, "Value":10133 }, { "Slot":"Decal1", "Item":"Decal_Trade_Merchant", "On":true, "Priority":1, "Health":1.000000, "Value":0 }, { "Slot":"Decal2", "Item":"Decal_Combat_Competent", "On":true, "Priority":1, "Health":1.000000, "Value":0 }, { "Slot":"Decal3", "Item":"Decal_Explorer_Surveyor", "On":true, "Priority":1, "Health":1.000000, "Value":0 }, { "Slot":"ShipName0", "Item":"Nameplate_ShipName_Black", "On":true, "Priority":1, "Health":1.000000, "Value":0 }, { "Slot":"ShipName1", "Item":"Nameplate_ShipName_Black", "On":true, "Priority":1, "Health":1.000000, "Value":0 }, { "Slot":"FuelTank", "Item":"Int_FuelTank_Size5_Class3", "On":true, "Priority":1, "Health":1.000000, "Value":97754 }, { "Slot":"Slot01_Size6", "Item":"Int_CargoRack_Size6_Class1", "On":true, "Priority":1, "Health":1.000000, "Value":362591 }, { "Slot":"Slot02_Size6", "Item":"Int_CargoRack_Size6_Class1", "On":true, "Priority":1, "Health":1.000000, "Value":362591 }, { "Slot":"Slot03_Size5", "Item":"Int_CargoRack_Size6_Class1", "On":true, "Priority":1, "Health":1.000000, "Value":362591 }, { "Slot":"Slot04_Size5", "Item":"Int_CargoRack_Size5_Class1", "On":true, "Priority":1, "Health":1.000000, "Value":111566 }, { "Slot":"Slot05_Size4", "Item":"Int_CargoRack_Size5_Class1", "On":true, "Priority":1, "Health":1.000000, "Value":111566 }, { "Slot":"Slot06_Size4", "Item":"Int_CargoRack_Size5_Class1", "On":true, "Priority":1, "Health":1.000000, "Value":111566 }, { "Slot":"Slot07_Size2", "Item":"Int_CargoRack_Size3_Class1", "On":true, "Priority":1, "Health":1.000000, "Value":10563 }, { "Slot":"Slot08_Size2", "Item":"Int_CargoRack_Size3_Class1", "On":true, "Priority":1, "Health":1.000000, "Value":8979 }, { "Slot":"PlanetaryApproachSuite", "Item":"Int_PlanetApproachSuite", "On":true, "Priority":1, "Health":1.000000, "Value":500 }, { "Slot":"ShipCockpit", "Item":"Type7_Cockpit", "On":true, "Priority":1, "Health":1.000000, "Value":0 }, { "Slot":"CargoHatch", "Item":"ModularCargoBayDoor", "On":true, "Priority":2, "Health":1.000000, "Value":0 } ] }
{ "timestamp":"2017-11-09T18:20:04Z", "event":"Materials", "Raw":[ { "Name":"nickel", "Count":38 }, { "Name":"iron", "Count":63 }, { "Name":"carbon", "Count":14 }, { "Name":"sulphur", "Count":9 }, { "Name":"germanium", "Count":1 }, { "Name":"chromium", "Count":7 }, { "Name":"phosphorus", "Count":9 }, { "Name":"niobium", "Count":3 }, { "Name":"vanadium", "Count":12 }, { "Name":"zinc", "Count":3 }, { "Name":"molybdenum", "Count":3 } ], "Manufactured":[ { "Name":"refinedfocuscrystals", "Count":1 }, { "Name":"galvanisingalloys", "Count":4 }, { "Name":"heatdispersionplate", "Count":4 }, { "Name":"fedcorecomposites", "Count":2 }, { "Name":"compoundshielding", "Count":2 }, { "Name":"focuscrystals", "Count":1 }, { "Name":"chemicalmanipulators", "Count":1 }, { "Name":"uncutfocuscrystals", "Count":1 }, { "Name":"hybridcapacitors", "Count":1 }, { "Name":"heatconductionwiring", "Count":2 }, { "Name":"gridresistors", "Count":4 }, { "Name":"mechanicalequipment", "Count":1 }, { "Name":"conductivecomponents", "Count":6 } ], "Encoded":[ { "Name":"emissiondata", "Count":11 }, { "Name":"shieldpatternanalysis", "Count":18 }, { "Name":"scandatabanks", "Count":11 }, { "Name":"shielddensityreports", "Count":33 }, { "Name":"shieldcyclerecordings", "Count":47 }, { "Name":"decodedemissiondata", "Count":16 }, { "Name":"bulkscandata", "Count":17 }, { "Name":"archivedemissiondata", "Count":4 }, { "Name":"encryptedfiles", "Count":1 }, { "Name":"scrambledemissiondata", "Count":1 }, { "Name":"scanarchives", "Count":6 }, { "Name":"encodedscandata", "Count":3 }, { "Name":"compactemissionsdata", "Count":6 }, { "Name":"hyperspacetrajectories", "Count":6 }, { "Name":"shieldsoakanalysis", "Count":9 }, { "Name":"consumerfirmware", "Count":3 }, { "Name":"legacyfirmware", "Count":3 }, { "Name":"industrialfirmware", "Count":4 } ] }
{ "timestamp":"2017-11-09T18:20:04Z", "event":"LoadGame", "Commander":"Karahl_1", "Ship":"Type7", "ShipID":14, "ShipName":"Behemoth", "ShipIdent":"TS-002", "FuelLevel":32.000000, "FuelCapacity":32.000000, "GameMode":"Open", "Credits":10084304, "Loan":0 }
{ "timestamp":"2017-11-09T18:20:04Z", "event":"Rank", "Combat":3, "Trade":4, "Explore":3, "Empire":0, "Federation":0, "CQC":0 }
{ "timestamp":"2017-11-09T18:20:04Z", "event":"Progress", "Combat":5, "Trade":36, "Explore":6, "Empire":0, "Federation":68, "CQC":0 }
{ "timestamp":"2017-11-09T18:20:06Z", "event":"ApproachSettlement", "Name":"Kuhn Installation" }
{ "timestamp":"2017-11-09T18:20:06Z", "event":"ApproachSettlement", "Name":"Witt Works" }
{ "timestamp":"2017-11-09T18:20:43Z", "event":"Location", "Docked":true, "StationName":"Kuhn Installation", "StationType":"SurfaceStation", "StarSystem":"Na Chem", "StarPos":[3.344,64.031,76.219], "SystemAllegiance":"Independent", "SystemEconomy":"$economy_HighTech;", "SystemEconomy_Localised":"High Tech", "SystemGovernment":"$government_Democracy;", "SystemGovernment_Localised":"Democracy", "SystemSecurity":"$SYSTEM_SECURITY_medium;", "SystemSecurity_Localised":"Medium Security", "Population":7393410, "Body":"Na Chem 1", "BodyType":"Planet", "Factions":[ { "Name":"Pilots Federation Local Branch", "FactionState":"None", "Government":"Democracy", "Influence":0.000000, "Allegiance":"PilotsFederation" }, { "Name":"Na Chem Corp.", "FactionState":"CivilWar", "Government":"Corporate", "Influence":0.124000, "Allegiance":"Federation", "RecoveringStates":[ { "State":"Boom", "Trend":0 } ] }, { "Name":"Na Chem Law Party", "FactionState":"None", "Government":"Dictatorship", "Influence":0.119000, "Allegiance":"Independent" }, { "Name":"Na Chem Silver Clan", "FactionState":"None", "Government":"Anarchy", "Influence":0.085000, "Allegiance":"Independent" }, { "Name":"Values Party of Na Chem", "FactionState":"CivilWar", "Government":"Democracy", "Influence":0.127000, "Allegiance":"Independent", "RecoveringStates":[ { "State":"Boom", "Trend":0 } ] }, { "Name":"Radio Sidewinder Crew", "FactionState":"None", "Government":"Democracy", "Influence":0.545000, "Allegiance":"Independent", "PendingStates":[ { "State":"Boom", "Trend":1 } ] } ], "SystemFaction":"Radio Sidewinder Crew" }
{ "timestamp":"2017-11-09T18:20:43Z", "event":"Music", "MusicTrack":"NoTrack" }
{ "timestamp":"2017-11-09T18:20:43Z", "event":"Docked", "StationName":"Kuhn Installation", "StationType":"SurfaceStation", "StarSystem":"Na Chem", "StationFaction":"Na Chem Corp.", "FactionState":"CivilWar", "StationGovernment":"$government_Corporate;", "StationGovernment_Localised":"Corporate", "StationAllegiance":"Federation", "StationServices":[ "Dock", "Autodock", "BlackMarket", "Commodities", "Contacts", "Exploration", "Missions", "Outfitting", "CrewLounge", "Rearm", "Refuel", "Repair", "Tuning", "MissionsGenerated", "FlightController", "StationOperations", "Powerplay", "SearchAndRescue" ], "StationEconomy":"$economy_Refinery;", "StationEconomy_Localised":"Refinery", "DistFromStarLS":266.769745 }
{ "timestamp":"2017-11-09T18:21:32Z", "event":"Undocked", "StationName":"Kuhn Installation", "StationType":"SurfaceStation" }
{ "timestamp":"2017-11-09T18:22:11Z", "event":"StartJump", "JumpType":"Supercruise" }
{ "timestamp":"2017-11-09T18:22:11Z", "event":"ApproachSettlement", "Name":"Kuhn Installation" }
{ "timestamp":"2017-11-09T18:22:11Z", "event":"ApproachSettlement", "Name":"Krylov Prospect +++" }
{ "timestamp":"2017-11-09T18:22:11Z", "event":"ApproachSettlement", "Name":"Witt Works" }
{ "timestamp":"2017-11-09T18:22:16Z", "event":"SupercruiseEntry", "StarSystem":"Na Chem" }
{ "timestamp":"2017-11-09T18:22:16Z", "event":"Music", "MusicTrack":"Supercruise" }
{ "timestamp":"2017-11-09T18:23:30Z", "event":"SupercruiseExit", "StarSystem":"Na Chem", "Body":"Rorschach Horizons", "BodyType":"Station" }
{ "timestamp":"2017-11-09T18:23:30Z", "event":"Music", "MusicTrack":"DestinationFromSupercruise" }
{ "timestamp":"2017-11-09T18:23:35Z", "event":"Music", "MusicTrack":"NoTrack" }
{ "timestamp":"2017-11-09T18:23:38Z", "event":"ReceiveText", "From":"Rorschach Horizons", "Message":"$STATION_NoFireZone_entered;", "Message_Localised":"No fire zone entered.", "Channel":"npc" }
{ "timestamp":"2017-11-09T18:24:10Z", "event":"DockingRequested", "StationName":"Rorschach Horizons" }
{ "timestamp":"2017-11-09T18:24:10Z", "event":"ReceiveText", "From":"Rorschach Horizons", "Message":"$DockingChatter_Friendly;", "Message_Localised":"It's great to see you again, Commander.", "Channel":"npc" }
{ "timestamp":"2017-11-09T18:24:11Z", "event":"ReceiveText", "From":"Rorschach Horizons", "Message":"$STATION_docking_granted;", "Message_Localised":"Docking request granted.", "Channel":"npc" }
{ "timestamp":"2017-11-09T18:24:11Z", "event":"DockingGranted", "LandingPad":32, "StationName":"Rorschach Horizons" }
{ "timestamp":"2017-11-09T18:24:33Z", "event":"Scanned", "ScanType":"Cargo" }
{ "timestamp":"2017-11-09T18:24:33Z", "event":"ReceiveText", "From":"$ShipName_Police_Independent;", "From_Localised":"System Authority Vessel", "Message":"$Police_ThankYouPassedStopAndSearch04;", "Message_Localised":"No crimes detected. You're free to go, Commander.", "Channel":"npc" }
{ "timestamp":"2017-11-09T18:24:49Z", "event":"Music", "MusicTrack":"Starport" }
{ "timestamp":"2017-11-09T18:25:13Z", "event":"Docked", "StationName":"Rorschach Horizons", "StationType":"Coriolis", "StarSystem":"Na Chem", "StationFaction":"Radio Sidewinder Crew", "StationGovernment":"$government_Democracy;", "StationGovernment_Localised":"Democracy", "StationServices":[ "Dock", "Autodock", "BlackMarket", "Commodities", "Contacts", "Exploration", "Missions", "Outfitting", "CrewLounge", "Rearm", "Refuel", "Repair", "Shipyard", "Tuning", "MissionsGenerated", "FlightController", "StationOperations", "Powerplay", "SearchAndRescue" ], "StationEconomy":"$economy_HighTech;", "StationEconomy_Localised":"High Tech", "DistFromStarLS":266.796082 }
{ "timestamp":"2017-11-09T18:25:27Z", "event":"RepairAll", "Cost":506 }
{ "timestamp":"2017-11-09T18:25:28Z", "event":"RefuelAll", "Cost":10, "Amount":0.049831 }
{ "timestamp":"2017-11-09T18:25:52Z", "event":"ShipyardSwap", "ShipType":"viper_mkiv", "ShipID":2, "StoreOldShip":"Type7", "StoreShipID":14 }
{ "timestamp":"2017-11-09T18:25:53Z", "event":"Cargo", "Inventory":[  ] }
{ "timestamp":"2017-11-09T18:25:53Z", "event":"Loadout", "Ship":"Viper_MkIV", "ShipID":2, "ShipName":"", "ShipIdent":"", "Modules":[ { "Slot":"MediumHardpoint1", "Item":"Hpt_PulseLaser_Gimbal_Medium", "On":true, "Priority":0, "Health":0.990196, "Value":35400 }, { "Slot":"MediumHardpoint2", "Item":"Hpt_MultiCannon_Gimbal_Medium", "On":true, "Priority":0, "AmmoInClip":82, "AmmoInHopper":1650, "Health":0.990196, "Value":57000 }, { "Slot":"SmallHardpoint1", "Item":"Hpt_PulseLaser_Gimbal_Small", "On":true, "Priority":0, "AmmoInClip":1, "Health":1.000000, "Value":6600 }, { "Slot":"SmallHardpoint2", "Item":"Hpt_MultiCannon_Gimbal_Small", "On":true, "Priority":0, "AmmoInClip":67, "AmmoInHopper":1560, "Health":1.000000, "Value":14250 }, { "Slot":"TinyHardpoint1", "Item":"Hpt_PlasmaPointDefence_Turret_Tiny", "On":true, "Priority":0, "AmmoInClip":12, "AmmoInHopper":9880, "Health":1.000000, "Value":18546 }, { "Slot":"TinyHardpoint2", "Item":"Hpt_CrimeScanner_Size0_Class2", "On":true, "Priority":0, "Health":1.000000, "Value":40633 }, { "Slot":"Armour", "Item":"Viper_MkIV_Armour_Grade1", "On":true, "Priority":1, "Health":1.000000, "Value":0 }, { "Slot":"PowerPlant", "Item":"Int_Powerplant_Size4_Class4", "On":true, "Priority":1, "Health":1.000000, "Value":536693 }, { "Slot":"MainEngines", "Item":"Int_Engine_Size4_Class5", "On":true, "Priority":0, "Health":1.000000, "Value":1610080 }, { "Slot":"FrameShiftDrive", "Item":"Int_Hyperdrive_Size4_Class2", "On":true, "Priority":0, "Health":0.992188, "Value":59633 }, { "Slot":"LifeSupport", "Item":"Int_LifeSupport_Size2_Class2", "On":true, "Priority":0, "Health":1.000000, "Value":3619 }, { "Slot":"PowerDistributor", "Item":"Int_PowerDistributor_Size3_Class3", "On":true, "Priority":0, "Health":1.000000, "Value":25333 }, { "Slot":"Radar", "Item":"Int_Sensors_Size3_Class5", "On":true, "Priority":0, "Health":1.000000, "Value":158331 }, { "Slot":"FuelTank", "Item":"Int_FuelTank_Size4_Class3", "On":true, "Priority":1, "Health":1.000000, "Value":24734 }, { "Slot":"Decal1", "Item":"Decal_Combat_Competent", "On":true, "Priority":1, "Health":1.000000, "Value":0 }, { "Slot":"Decal2", "Item":"Decal_Explorer_Surveyor", "On":true, "Priority":1, "Health":1.000000, "Value":0 }, { "Slot":"Decal3", "Item":"Decal_Trade_Merchant", "On":true, "Priority":1, "Health":1.000000, "Value":0 }, { "Slot":"Slot01_Size4", "Item":"Int_ShieldGenerator_Size4_Class5", "On":true, "Priority":0, "Health":1.000000, "Value":1610080 }, { "Slot":"Slot02_Size4", "Item":"Int_HullReinforcement_Size4_Class2", "On":true, "Priority":1, "Health":1.000000, "Value":195000 }, { "Slot":"Slot03_Size3", "Item":"Int_HullReinforcement_Size3_Class1", "On":true, "Priority":1, "Health":1.000000, "Value":28000 }, { "Slot":"Slot04_Size2", "Item":"Int_HullReinforcement_Size2_Class2", "On":true, "Priority":1, "Health":1.000000, "Value":36000 }, { "Slot":"Slot05_Size2", "Item":"Int_ModuleReinforcement_Size2_Class2", "On":true, "Priority":1, "Health":1.000000, "Value":36000 }, { "Slot":"Slot06_Size1", "Item":"Int_HullReinforcement_Size1_Class2", "On":true, "Priority":1, "Health":1.000000, "Value":15000 }, { "Slot":"PlanetaryApproachSuite", "Item":"Int_PlanetApproachSuite", "On":true, "Priority":1, "Health":1.000000, "Value":500 }, { "Slot":"Military01", "Item":"Int_HullReinforcement_Size3_Class1", "On":true, "Priority":1, "Health":1.000000, "Value":28000 }, { "Slot":"ShipCockpit", "Item":"Viper_MkIV_Cockpit", "On":true, "Priority":1, "Health":1.000000, "Value":0 }, { "Slot":"CargoHatch", "Item":"ModularCargoBayDoor", "On":true, "Priority":1, "Health":0.975000, "Value":0 } ] }
{ "timestamp":"2017-11-09T18:25:53Z", "event":"Music", "MusicTrack":"NoTrack" }
{ "timestamp":"2017-11-09T18:26:04Z", "event":"Docked", "StationName":"Rorschach Horizons", "StationType":"Coriolis", "StarSystem":"Na Chem", "StationFaction":"Radio Sidewinder Crew", "StationGovernment":"$government_Democracy;", "StationGovernment_Localised":"Democracy", "StationServices":[ "Dock", "Autodock", "BlackMarket", "Commodities", "Contacts", "Exploration", "Missions", "Outfitting", "CrewLounge", "Rearm", "Refuel", "Repair", "Shipyard", "Tuning", "MissionsGenerated", "FlightController", "StationOperations", "Powerplay", "SearchAndRescue" ], "StationEconomy":"$economy_HighTech;", "StationEconomy_Localised":"High Tech", "DistFromStarLS":266.795898 }
{ "timestamp":"2017-11-09T18:26:04Z", "event":"Music", "MusicTrack":"Starport" }
{ "timestamp":"2017-11-09T18:26:17Z", "event":"BuyAmmo", "Cost":1141 }
{ "timestamp":"2017-11-09T18:26:18Z", "event":"RepairAll", "Cost":18 }
{ "timestamp":"2017-11-09T18:26:19Z", "event":"RefuelAll", "Cost":26, "Amount":0.498624 }
{ "timestamp":"2017-11-09T18:27:29Z", "event":"ModuleBuy", "Slot":"PowerPlant", "SellItem":"$int_powerplant_size4_class4_name;", "SellItem_Localised":"Power Plant", "SellPrice":536693, "BuyItem":"$int_powerplant_size4_class5_name;", "BuyItem_Localised":"Power Plant", "BuyPrice":1610080, "Ship":"viper_mkiv", "ShipID":2 }
{ "timestamp":"2017-11-09T18:27:30Z", "event":"ShieldState", "ShieldsUp":false }
{ "timestamp":"2017-11-09T18:27:33Z", "event":"ShieldState", "ShieldsUp":true }
{ "timestamp":"2017-11-09T18:27:58Z", "event":"ModuleBuy", "Slot":"PowerDistributor", "SellItem":"$int_powerdistributor_size3_class3_name;", "SellItem_Localised":"Power Distributor", "SellPrice":25333, "BuyItem":"$int_powerdistributor_size3_class5_name;", "BuyItem_Localised":"Power Distributor", "BuyPrice":158331, "Ship":"viper_mkiv", "ShipID":2 }
{ "timestamp":"2017-11-09T18:28:31Z", "event":"ModuleBuy", "Slot":"Military01", "SellItem":"$int_hullreinforcement_size3_class1_name;", "SellItem_Localised":"Hull Reinforcement", "SellPrice":28000, "BuyItem":"$int_hullreinforcement_size3_class2_name;", "BuyItem_Localised":"Hull Reinforcement", "BuyPrice":84000, "Ship":"viper_mkiv", "ShipID":2 }
{ "timestamp":"2017-11-09T18:29:10Z", "event":"ModuleBuy", "Slot":"Slot06_Size1", "SellItem":"$int_hullreinforcement_size1_class2_name;", "SellItem_Localised":"Hull Reinforcement", "SellPrice":15000, "BuyItem":"$int_dockingcomputer_standard_name;", "BuyItem_Localised":"Docking Computer", "BuyPrice":4500, "Ship":"viper_mkiv", "ShipID":2 }
{ "timestamp":"2017-11-09T18:29:29Z", "event":"ModuleBuy", "Slot":"Slot05_Size2", "SellItem":"$int_modulereinforcement_size2_class2_name;", "SellItem_Localised":"Module Reinforcement", "SellPrice":36000, "BuyItem":"$int_hullreinforcement_size2_class2_name;", "BuyItem_Localised":"Hull Reinforcement", "BuyPrice":36000, "Ship":"viper_mkiv", "ShipID":2 }
{ "timestamp":"2017-11-09T18:29:40Z", "event":"ModuleBuy", "Slot":"Slot03_Size3", "SellItem":"$int_hullreinforcement_size3_class1_name;", "SellItem_Localised":"Hull Reinforcement", "SellPrice":28000, "BuyItem":"$int_hullreinforcement_size3_class2_name;", "BuyItem_Localised":"Hull Reinforcement", "BuyPrice":84000, "Ship":"viper_mkiv", "ShipID":2 }
{ "timestamp":"2017-11-09T18:32:34Z", "event":"SetUserShipName", "Ship":"viper_mkiv", "ShipID":2, "UserShipName":"kRAKEN'S bREATH", "UserShipId":"KA-04V" }
{ "timestamp":"2017-11-09T18:34:39Z", "event":"Music", "MusicTrack":"GalaxyMap" }
{ "timestamp":"2017-11-09T18:34:43Z", "event":"Music", "MusicTrack":"Starport" }
{ "timestamp":"2017-11-09T18:34:52Z", "event":"MissionAccepted", "Faction":"Radio Sidewinder Crew", "Name":"Mission_Courier_Democracy", "LocalisedName":"Internal report delivery", "TargetFaction":"NLTT 41712 League", "DestinationSystem":"Tachmetae", "DestinationStation":"Bresnik Station", "Expiry":"2017-11-10T18:34:21Z", "Influence":"Low", "Reputation":"Med", "Reward":22212, "MissionID":242983115 }
{ "timestamp":"2017-11-09T18:35:03Z", "event":"RedeemVoucher", "Type":"bounty", "Amount":84314, "Factions":[ { "Faction":"Federation", "Amount":84314 } ] }
{ "timestamp":"2017-11-09T18:35:22Z", "event":"Undocked", "StationName":"Rorschach Horizons", "StationType":"Coriolis" }
{ "timestamp":"2017-11-09T18:35:38Z", "event":"Music", "MusicTrack":"NoTrack" }
{ "timestamp":"2017-11-09T18:36:10Z", "event":"ReceiveText", "From":"Rorschach Horizons", "Message":"$STATION_NoFireZone_exited;", "Message_Localised":"No fire zone left.", "Channel":"npc" }
{ "timestamp":"2017-11-09T18:36:30Z", "event":"ShieldState", "ShieldsUp":true }
{ "timestamp":"2017-11-09T18:36:42Z", "event":"ReceiveText", "From":"Rorschach Horizons", "Message":"$STATION_NoFireZone_entered;", "Message_Localised":"No fire zone entered.", "Channel":"npc" }
{ "timestamp":"2017-11-09T18:37:14Z", "event":"Scanned", "ScanType":"Cargo" }
{ "timestamp":"2017-11-09T18:37:14Z", "event":"ReceiveText", "From":"$ShipName_Police_Independent;", "From_Localised":"System Authority Vessel", "Message":"$Police_ThankYouPassedStopAndSearch09;", "Message_Localised":"Move along, Commander, we're done here.", "Channel":"npc" }
{ "timestamp":"2017-11-09T18:38:09Z", "event":"ReceiveText", "From":"Rorschach Horizons", "Message":"$STATION_NoFireZone_exited;", "Message_Localised":"No fire zone left.", "Channel":"npc" }
{ "timestamp":"2017-11-09T18:38:17Z", "event":"StartJump", "JumpType":"Hyperspace", "StarSystem":"Tachmetae", "StarClass":"M" }
{ "timestamp":"2017-11-09T18:38:35Z", "event":"FSDJump", "StarSystem":"Tachmetae", "StarPos":[-0.594,60.688,84.719], "SystemAllegiance":"Federation", "SystemEconomy":"$economy_Industrial;", "SystemEconomy_Localised":"Industrial", "SystemGovernment":"$government_Democracy;", "SystemGovernment_Localised":"Democracy", "SystemSecurity":"$SYSTEM_SECURITY_high;", "SystemSecurity_Localised":"High Security", "Population":37862854, "JumpDist":9.947, "FuelUsed":1.500672, "FuelLevel":14.499329, "Factions":[ { "Name":"Tachmetae Future", "FactionState":"Boom", "Government":"Democracy", "Influence":0.622398, "Allegiance":"Federation" }, { "Name":"Pilots Federation Local Branch", "FactionState":"None", "Government":"Democracy", "Influence":0.000000, "Allegiance":"PilotsFederation" }, { "Name":"Law Party of Tachmetae", "FactionState":"Boom", "Government":"Dictatorship", "Influence":0.115956, "Allegiance":"Independent", "PendingStates":[ { "State":"War", "Trend":0 } ] }, { "Name":"NLTT 41712 League", "FactionState":"Boom", "Government":"Confederacy", "Influence":0.115956, "Allegiance":"Federation", "PendingStates":[ { "State":"War", "Trend":0 } ] }, { "Name":"Tachmetae Exchange", "FactionState":"None", "Government":"Corporate", "Influence":0.044599, "Allegiance":"Independent" }, { "Name":"Tachmetae Order", "FactionState":"CivilUnrest", "Government":"Dictatorship", "Influence":0.009911, "Allegiance":"Independent" }, { "Name":"Radio Sidewinder Crew", "FactionState":"None", "Government":"Democracy", "Influence":0.091179, "Allegiance":"Independent", "PendingStates":[ { "State":"Boom", "Trend":1 } ] } ], "SystemFaction":"Tachmetae Future", "FactionState":"Boom" }
{ "timestamp":"2017-11-09T18:38:36Z", "event":"Music", "MusicTrack":"DestinationFromHyperspace" }
{ "timestamp":"2017-11-09T18:38:41Z", "event":"Music", "MusicTrack":"Supercruise" }
{ "timestamp":"2017-11-09T18:39:19Z", "event":"ApproachSettlement", "Name":"Mills Beacon" }
{ "timestamp":"2017-11-09T18:39:28Z", "event":"ReceiveText", "From":"$ShipName_PassengerLiner_Cruise;", "From_Localised":"Cruise Ship", "Message":"$CruiseLiner_SCPatrol04;", "Message_Localised":"I'd like to direct your attention to our flight attendants for a brief safety demonstration.", "Channel":"npc" }
{ "timestamp":"2017-11-09T18:39:35Z", "event":"ApproachSettlement", "Name":"Mills Beacon" }
{ "timestamp":"2017-11-09T18:39:47Z", "event":"SupercruiseExit", "StarSystem":"Tachmetae", "Body":"Bresnik Station", "BodyType":"Station" }
{ "timestamp":"2017-11-09T18:39:47Z", "event":"Music", "MusicTrack":"DestinationFromSupercruise" }
{ "timestamp":"2017-11-09T18:39:52Z", "event":"Music", "MusicTrack":"NoTrack" }
{ "timestamp":"2017-11-09T18:39:53Z", "event":"ReceiveText", "From":"Bresnik Station", "Message":"$STATION_NoFireZone_entered;", "Message_Localised":"No fire zone entered.", "Channel":"npc" }
{ "timestamp":"2017-11-09T18:40:01Z", "event":"DockingRequested", "StationName":"Bresnik Station" }
{ "timestamp":"2017-11-09T18:40:01Z", "event":"ReceiveText", "From":"Bresnik Station", "Message":"$DockingChatter_Neutral;", "Message_Localised":"Ensure to observe starport protocol during your visit, pilot.", "Channel":"npc" }
{ "timestamp":"2017-11-09T18:40:02Z", "event":"ReceiveText", "From":"Bresnik Station", "Message":"$STATION_docking_granted;", "Message_Localised":"Docking request granted.", "Channel":"npc" }
{ "timestamp":"2017-11-09T18:40:02Z", "event":"DockingGranted", "LandingPad":19, "StationName":"Bresnik Station" }
{ "timestamp":"2017-11-09T18:40:08Z", "event":"Music", "MusicTrack":"DockingComputer" }
{ "timestamp":"2017-11-09T18:40:44Z", "event":"ReceiveText", "From":"$npc_name_decorate:#name=Trice;", "From_Localised":"Trice", "Message":"$Commuter_AuthorityScan06;", "Message_Localised":"What's going on here, officer?", "Channel":"npc" }
{ "timestamp":"2017-11-09T18:41:05Z", "event":"Docked", "StationName":"Bresnik Station", "StationType":"Coriolis", "StarSystem":"Tachmetae", "StationFaction":"Tachmetae Future", "FactionState":"Boom", "StationGovernment":"$government_Democracy;", "StationGovernment_Localised":"Democracy", "StationAllegiance":"Federation", "StationServices":[ "Dock", "Autodock", "BlackMarket", "Commodities", "Contacts", "Exploration", "Missions", "Outfitting", "CrewLounge", "Rearm", "Refuel", "Repair", "Shipyard", "Tuning", "MissionsGenerated", "FlightController", "StationOperations", "Powerplay", "SearchAndRescue" ], "StationEconomy":"$economy_Industrial;", "StationEconomy_Localised":"Industrial", "DistFromStarLS":11.339108 }
{ "timestamp":"2017-11-09T18:41:05Z", "event":"Music", "MusicTrack":"Starport" }
{ "timestamp":"2017-11-09T18:41:09Z", "event":"ReceiveText", "From":"$npc_name_decorate:#name=Peter Bunn;", "From_Localised":"Peter Bunn", "Message":"$Commuter_AuthorityScan08;", "Message_Localised":"You've got no right to scan me, officer!", "Channel":"npc" }
{ "timestamp":"2017-11-09T18:41:17Z", "event":"RefuelAll", "Cost":81, "Amount":1.597167 }
{ "timestamp":"2017-11-09T18:41:39Z", "event":"MissionCompleted", "Faction":"NLTT 41712 League", "Name":"Mission_Courier_Democracy_name", "MissionID":242983115, "TargetFaction":"NLTT 41712 League", "DestinationSystem":"Tachmetae", "DestinationStation":"Bresnik Station", "Reward":22212 }
{ "timestamp":"2017-11-09T18:42:00Z", "event":"MissionAccepted", "Faction":"NLTT 41712 League", "Name":"Mission_Massacre_Skimmer_Refinery", "LocalisedName":"Clean out the Na Chem Corp. Sentry Skimmer", "TargetType":"$MissionUtil_FactionTag_Skimmer;", "TargetType_Localised":"Sentry Skimmer", "TargetFaction":"Na Chem Corp.", "KillCount":3, "DestinationSystem":"Na Chem", "Expiry":"2017-11-11T06:23:43Z", "Influence":"Med", "Reputation":"High", "Reward":259479, "MissionID":242986804 }
{ "timestamp":"2017-11-09T18:42:18Z", "event":"MissionAbandoned", "Name":"Mission_Massacre_Skimmer_Refinery_name", "MissionID":242986804 }
{ "timestamp":"2017-11-09T18:43:54Z", "event":"Undocked", "StationName":"Bresnik Station", "StationType":"Coriolis" }
{ "timestamp":"2017-11-09T18:44:17Z", "event":"Music", "MusicTrack":"NoTrack" }
{ "timestamp":"2017-11-09T18:44:49Z", "event":"ReceiveText", "From":"Bresnik Station", "Message":"$STATION_NoFireZone_exited;", "Message_Localised":"No fire zone left.", "Channel":"npc" }
{ "timestamp":"2017-11-09T18:44:58Z", "event":"StartJump", "JumpType":"Hyperspace", "StarSystem":"Na Chem", "StarClass":"M" }
{ "timestamp":"2017-11-09T18:45:17Z", "event":"FSDJump", "StarSystem":"Na Chem", "StarPos":[3.344,64.031,76.219], "SystemAllegiance":"Independent", "SystemEconomy":"$economy_HighTech;", "SystemEconomy_Localised":"High Tech", "SystemGovernment":"$government_Democracy;", "SystemGovernment_Localised":"Democracy", "SystemSecurity":"$SYSTEM_SECURITY_medium;", "SystemSecurity_Localised":"Medium Security", "Population":7393410, "JumpDist":9.947, "FuelUsed":1.500671, "FuelLevel":14.499329, "Factions":[ { "Name":"Pilots Federation Local Branch", "FactionState":"None", "Government":"Democracy", "Influence":0.000000, "Allegiance":"PilotsFederation" }, { "Name":"Na Chem Corp.", "FactionState":"CivilWar", "Government":"Corporate", "Influence":0.124000, "Allegiance":"Federation", "RecoveringStates":[ { "State":"Boom", "Trend":0 } ] }, { "Name":"Na Chem Law Party", "FactionState":"None", "Government":"Dictatorship", "Influence":0.119000, "Allegiance":"Independent" }, { "Name":"Na Chem Silver Clan", "FactionState":"None", "Government":"Anarchy", "Influence":0.085000, "Allegiance":"Independent" }, { "Name":"Values Party of Na Chem", "FactionState":"CivilWar", "Government":"Democracy", "Influence":0.127000, "Allegiance":"Independent", "RecoveringStates":[ { "State":"Boom", "Trend":0 } ] }, { "Name":"Radio Sidewinder Crew", "FactionState":"None", "Government":"Democracy", "Influence":0.545000, "Allegiance":"Independent", "PendingStates":[ { "State":"Boom", "Trend":1 } ] } ], "SystemFaction":"Radio Sidewinder Crew" }
{ "timestamp":"2017-11-09T18:45:17Z", "event":"Music", "MusicTrack":"Supercruise" }
{ "timestamp":"2017-11-09T18:46:06Z", "event":"SupercruiseExit", "StarSystem":"Na Chem", "Body":"Na Chem", "BodyType":"Star" }
{ "timestamp":"2017-11-09T18:46:07Z", "event":"Music", "MusicTrack":"Exploration" }
{ "timestamp":"2017-11-09T18:47:04Z", "event":"MaterialCollected", "Category":"Encoded", "Name":"emissiondata", "Count":3 }
{ "timestamp":"2017-11-09T18:48:35Z", "event":"MaterialCollected", "Category":"Encoded", "Name":"shieldpatternanalysis", "Count":3 }
{ "timestamp":"2017-11-09T18:48:39Z", "event":"Scanned", "ScanType":"Crime" }
{ "timestamp":"2017-11-09T18:48:39Z", "event":"ReceiveText", "From":"$npc_name_decorate:#name=Rednax Nosnibor;", "From_Localised":"Rednax Nosnibor", "Message":"$Police_ThankYouPassedStopAndSearch02;", "Message_Localised":"You're clean. Proceed, pilot.", "Channel":"npc" }
{ "timestamp":"2017-11-09T18:48:55Z", "event":"MaterialCollected", "Category":"Encoded", "Name":"emissiondata", "Count":3 }
{ "timestamp":"2017-11-09T18:48:56Z", "event":"ReceiveText", "From":"$npc_name_decorate:#name=Otto Von Klinkhammer;", "From_Localised":"Otto Von Klinkhammer", "Message":"$Escort_EscortJump03;", "Message_Localised":"No lead, no payout, I'm done. Time to bug out.", "Channel":"npc" }
{ "timestamp":"2017-11-09T18:48:56Z", "event":"ReceiveText", "From":"$npc_name_decorate:#name=Tilly-Rose Grimshaw;", "From_Localised":"Tilly-Rose Grimshaw", "Message":"$Escort_EscortJump08;", "Message_Localised":"The lead is down. No payday for me.", "Channel":"npc" }
{ "timestamp":"2017-11-09T18:48:59Z", "event":"Music", "MusicTrack":"Combat_Dogfight" }
{ "timestamp":"2017-11-09T18:49:58Z", "event":"Bounty", "Rewards":[ { "Faction":"Federation", "Reward":5850 }, { "Faction":"Radio Sidewinder Crew", "Reward":17970 } ], "Target":"cobramkiii", "TotalReward":23820, "VictimFaction":"Na Chem Silver Clan" }
{ "timestamp":"2017-11-09T18:50:13Z", "event":"Music", "MusicTrack":"Exploration" }
{ "timestamp":"2017-11-09T18:51:15Z", "event":"Scanned", "ScanType":"Cargo" }
{ "timestamp":"2017-11-09T18:51:15Z", "event":"ReceiveText", "From":"$ShipName_Police_Independent;", "From_Localised":"System Authority Vessel", "Message":"$Police_ThankYouPassedStopAndSearch02;", "Message_Localised":"You're clean. Proceed, pilot.", "Channel":"npc" }
{ "timestamp":"2017-11-09T18:51:27Z", "event":"Scanned", "ScanType":"Cargo" }
{ "timestamp":"2017-11-09T18:51:37Z", "event":"Music", "MusicTrack":"Combat_Dogfight" }
{ "timestamp":"2017-11-09T18:52:06Z", "event":"ReceiveText", "From":"$npc_name_decorate:#name=Matthew Cook;", "From_Localised":"Matthew Cook", "Message":"$Smuggler_NearDeath01;", "Message_Localised":"Okay, okay, the cargo's all yours... This job isn't worth my life.", "Channel":"npc" }
{ "timestamp":"2017-11-09T18:52:58Z", "event":"Bounty", "Rewards":[ { "Faction":"Radio Sidewinder Crew", "Reward":19680 } ], "Target":"diamondback", "TotalReward":19680, "VictimFaction":"Na Chem Corp." }
{ "timestamp":"2017-11-09T18:53:13Z", "event":"Music", "MusicTrack":"Exploration" }
{ "timestamp":"2017-11-09T18:53:19Z", "event":"Music", "MusicTrack":"Combat_Dogfight" }
{ "timestamp":"2017-11-09T18:54:31Z", "event":"Scanned", "ScanType":"Crime" }
{ "timestamp":"2017-11-09T18:54:31Z", "event":"ReceiveText", "From":"$npc_name_decorate:#name=Mario Baker;", "From_Localised":"Mario Baker", "Message":"$BountyHunter_ThankYouPassedStopAndSearch02;", "Message_Localised":"You're not the one I'm looking for. Move along.", "Channel":"npc" }
{ "timestamp":"2017-11-09T18:54:48Z", "event":"Bounty", "Rewards":[ { "Faction":"Radio Sidewinder Crew", "Reward":17580 } ], "Target":"eagle", "TotalReward":17580, "VictimFaction":"Na Chem Silver Clan" }
{ "timestamp":"2017-11-09T18:55:03Z", "event":"Music", "MusicTrack":"Exploration" }
{ "timestamp":"2017-11-09T18:55:09Z", "event":"ReceiveText", "From":"$npc_name_decorate:#name=Kumquatt;", "From_Localised":"Kumquatt", "Message":"$Pirate_OnDeclarePiracyAttack05;", "Message_Localised":"You have no chance now.", "Channel":"npc" }
{ "timestamp":"2017-11-09T18:55:09Z", "event":"Music", "MusicTrack":"Combat_Dogfight" }
{ "timestamp":"2017-11-09T18:55:23Z", "event":"ReceiveText", "From":"$npc_name_decorate:#name=Kumquatt;", "From_Localised":"Kumquatt", "Message":"$Pirate_OnEnemyShipDetection03;", "Message_Localised":"Hostiles, great.", "Channel":"npc" }
{ "timestamp":"2017-11-09T18:55:49Z", "event":"ReceiveText", "From":"$npc_name_decorate:#name=Kumquatt;", "From_Localised":"Kumquatt", "Message":"$BadKarmaCriticalDamage05;", "Message_Localised":"No, no!", "Channel":"npc" }
{ "timestamp":"2017-11-09T18:55:59Z", "event":"ReceiveText", "From":"$npc_name_decorate:#name=Kozzy;", "From_Localised":"Kozzy", "Message":"$Pirate_OnDeclarePiracyAttack01;", "Message_Localised":"I'll pick your bones clean, greenhorn.", "Channel":"npc" }
{ "timestamp":"2017-11-09T18:56:12Z", "event":"Bounty", "Rewards":[ { "Faction":"Radio Sidewinder Crew", "Reward":5880 } ], "Target":"sidewinder", "TotalReward":5880, "VictimFaction":"Na Chem Law Party" }
{ "timestamp":"2017-11-09T18:56:28Z", "event":"Music", "MusicTrack":"Exploration" }
{ "timestamp":"2017-11-09T18:56:32Z", "event":"Music", "MusicTrack":"Combat_Dogfight" }
{ "timestamp":"2017-11-09T18:56:55Z", "event":"Scanned", "ScanType":"Cargo" }
{ "timestamp":"2017-11-09T18:56:55Z", "event":"ReceiveText", "From":"$ShipName_Police_Independent;", "From_Localised":"System Authority Vessel", "Message":"$Police_ThankYouPassedStopAndSearch06;", "Message_Localised":"We're done here pilot, move along.", "Channel":"npc" }
{ "timestamp":"2017-11-09T18:57:16Z", "event":"ReceiveText", "From":"$npc_name_decorate:#name=Johanna M. G. Meister;", "From_Localised":"Johanna M. G. Meister", "Message":"$Smuggler_NearDeath02;", "Message_Localised":"I won't let it end like this!", "Channel":"npc" }
{ "timestamp":"2017-11-09T18:57:36Z", "event":"Bounty", "Rewards":[ { "Faction":"Federation", "Reward":9690 }, { "Faction":"Radio Sidewinder Crew", "Reward":20610 } ], "Target":"type7", "TotalReward":30300, "VictimFaction":"Values Party of Na Chem" }
{ "timestamp":"2017-11-09T18:57:51Z", "event":"Music", "MusicTrack":"Exploration" }
{ "timestamp":"2017-11-09T18:57:59Z", "event":"ReceiveText", "From":"$npc_name_decorate:#name=Kalen Chubb;", "From_Localised":"Kalen Chubb", "Message":"$Pirate_OnDeclarePiracyAttack03;", "Message_Localised":"Now you die, victim.", "Channel":"npc" }
{ "timestamp":"2017-11-09T18:58:00Z", "event":"Music", "MusicTrack":"Combat_Dogfight" }
{ "timestamp":"2017-11-09T18:58:50Z", "event":"Bounty", "Rewards":[ { "Faction":"Radio Sidewinder Crew", "Reward":80145 } ], "Target":"ferdelance", "TotalReward":80145, "VictimFaction":"Na Chem Silver Clan" }
{ "timestamp":"2017-11-09T18:59:05Z", "event":"Music", "MusicTrack":"Exploration" }
{ "timestamp":"2017-11-09T18:59:58Z", "event":"MaterialCollected", "Category":"Encoded", "Name":"shieldsoakanalysis", "Count":3 }
{ "timestamp":"2017-11-09T19:00:03Z", "event":"Music", "MusicTrack":"Combat_Dogfight" }
{ "timestamp":"2017-11-09T19:00:16Z", "event":"Scanned", "ScanType":"Crime" }
{ "timestamp":"2017-11-09T19:00:43Z", "event":"Bounty", "Rewards":[ { "Faction":"Radio Sidewinder Crew", "Reward":11985 } ], "Target":"cobramkiii", "TotalReward":11985, "VictimFaction":"Values Party of Na Chem" }
{ "timestamp":"2017-11-09T19:00:58Z", "event":"Music", "MusicTrack":"Exploration" }
{ "timestamp":"2017-11-09T19:01:18Z", "event":"MaterialCollected", "Category":"Encoded", "Name":"shieldsoakanalysis", "Count":3 }
{ "timestamp":"2017-11-09T19:01:19Z", "event":"MaterialCollected", "Category":"Encoded", "Name":"shieldpatternanalysis", "Count":3 }
{ "timestamp":"2017-11-09T19:01:19Z", "event":"Music", "MusicTrack":"Combat_Dogfight" }
{ "timestamp":"2017-11-09T19:01:33Z", "event":"ReceiveText", "From":"$ShipName_Police_Independent;", "From_Localised":"System Authority Vessel", "Message":"$Police_ArriveInvestigate04;", "Message_Localised":"Emergency response squad in position.", "Channel":"npc" }
{ "timestamp":"2017-11-09T19:01:36Z", "event":"Bounty", "Rewards":[ { "Faction":"Values Party of Na Chem", "Reward":20910 }, { "Faction":"Radio Sidewinder Crew", "Reward":23250 } ], "Target":"asp_scout", "TotalReward":44160, "VictimFaction":"Values Party of Na Chem" }
{ "timestamp":"2017-11-09T19:01:38Z", "event":"ReceiveText", "From":"$ShipName_Police_Independent;", "From_Localised":"System Authority Vessel", "Message":"$Police_ArrivedAtInvestigationLocation04;", "Message_Localised":"Rapid deployment unit deployed. Initiating scans of all ships in the area.", "Channel":"npc" }
{ "timestamp":"2017-11-09T19:01:48Z", "event":"Scanned", "ScanType":"Cargo" }
{ "timestamp":"2017-11-09T19:01:48Z", "event":"ReceiveText", "From":"$ShipName_Police_Independent;", "From_Localised":"System Authority Vessel", "Message":"$Police_ThankYouPassedStopAndSearch05;", "Message_Localised":"Scan finished. Be about your business.", "Channel":"npc" }
{ "timestamp":"2017-11-09T19:01:51Z", "event":"Music", "MusicTrack":"Exploration" }
{ "timestamp":"2017-11-09T19:02:24Z", "event":"ReceiveText", "From":"$ShipName_Police_Independent;", "From_Localised":"System Authority Vessel", "Message":"$Police_FinishedAtInvestigationLocation03;", "Message_Localised":"Crime scene cordon removed, go back about your business.", "Channel":"npc" }
{ "timestamp":"2017-11-09T19:02:50Z", "event":"MaterialCollected", "Category":"Encoded", "Name":"emissiondata", "Count":3 }
{ "timestamp":"2017-11-09T19:02:52Z", "event":"Scanned", "ScanType":"Cargo" }
{ "timestamp":"2017-11-09T19:02:52Z", "event":"ReceiveText", "From":"$ShipName_Police_Independent;", "From_Localised":"System Authority Vessel", "Message":"$Police_ThankYouPassedStopAndSearch01;", "Message_Localised":"Thank you for your cooperation, Commander.", "Channel":"npc" }
{ "timestamp":"2017-11-09T19:03:27Z", "event":"MaterialCollected", "Category":"Encoded", "Name":"shieldsoakanalysis", "Count":3 }
{ "timestamp":"2017-11-09T19:03:44Z", "event":"Music", "MusicTrack":"Combat_Dogfight" }
{ "timestamp":"2017-11-09T19:04:03Z", "event":"ReceiveText", "From":"$npc_name_decorate:#name=Lev Myshkin;", "From_Localised":"Lev Myshkin", "Message":"$Smuggler_NearDeath02;", "Message_Localised":"I won't let it end like this!", "Channel":"npc" }
{ "timestamp":"2017-11-09T19:04:16Z", "event":"Bounty", "Rewards":[ { "Faction":"Alliance", "Reward":9045 }, { "Faction":"Radio Sidewinder Crew", "Reward":20205 } ], "Target":"type7", "TotalReward":29250, "VictimFaction":"Values Party of Na Chem" }
{ "timestamp":"2017-11-09T19:04:31Z", "event":"Music", "MusicTrack":"Exploration" }
{ "timestamp":"2017-11-09T19:05:23Z", "event":"Music", "MusicTrack":"Combat_Dogfight" }
{ "timestamp":"2017-11-09T19:05:38Z", "event":"Scanned", "ScanType":"Crime" }
{ "timestamp":"2017-11-09T19:05:50Z", "event":"ReceiveText", "From":"$npc_name_decorate:#name=Whykay;", "From_Localised":"Whykay", "Message":"$BadKarmaCriticalDamage10;", "Message_Localised":"You've scratched my paint!", "Channel":"npc" }
{ "timestamp":"2017-11-09T19:05:55Z", "event":"Bounty", "Rewards":[ { "Faction":"Radio Sidewinder Crew", "Reward":10560 } ], "Target":"eagle", "TotalReward":10560, "VictimFaction":"Na Chem Law Party" }
{ "timestamp":"2017-11-09T19:05:59Z", "event":"Scanned", "ScanType":"Crime" }
{ "timestamp":"2017-11-09T19:06:10Z", "event":"Music", "MusicTrack":"Exploration" }
{ "timestamp":"2017-11-09T19:06:18Z", "event":"Scanned", "ScanType":"Cargo" }
{ "timestamp":"2017-11-09T19:06:18Z", "event":"ReceiveText", "From":"$ShipName_Police_Independent;", "From_Localised":"System Authority Vessel", "Message":"$Police_ThankYouPassedStopAndSearch06;", "Message_Localised":"We're done here pilot, move along.", "Channel":"npc" }
{ "timestamp":"2017-11-09T19:06:54Z", "event":"MaterialCollected", "Category":"Encoded", "Name":"shieldcyclerecordings", "Count":3 }
{ "timestamp":"2017-11-09T19:06:54Z", "event":"MaterialCollected", "Category":"Encoded", "Name":"shielddensityreports", "Count":3 }
{ "timestamp":"2017-11-09T19:06:56Z", "event":"Music", "MusicTrack":"Combat_Dogfight" }
{ "timestamp":"2017-11-09T19:06:57Z", "event":"ReceiveText", "From":"$npc_name_decorate:#name=Jeroen;", "From_Localised":"Jeroen", "Message":"$Smuggler_NearDeath03;", "Message_Localised":"You almost had me there!", "Channel":"npc" }
{ "timestamp":"2017-11-09T19:07:03Z", "event":"Bounty", "Rewards":[ { "Faction":"Radio Sidewinder Crew", "Reward":18960 } ], "Target":"cobramkiii", "TotalReward":18960, "VictimFaction":"Na Chem Corp." }
{ "timestamp":"2017-11-09T19:07:18Z", "event":"Music", "MusicTrack":"Exploration" }
{ "timestamp":"2017-11-09T19:07:34Z", "event":"Music", "MusicTrack":"Combat_Dogfight" }
{ "timestamp":"2017-11-09T19:08:18Z", "event":"Bounty", "Rewards":[ { "Faction":"Federation", "Reward":29115 }, { "Faction":"Radio Sidewinder Crew", "Reward":81780 } ], "Target":"federation_dropship", "TotalReward":110895, "VictimFaction":"Na Chem Silver Clan" }
{ "timestamp":"2017-11-09T19:08:33Z", "event":"Music", "MusicTrack":"Exploration" }
{ "timestamp":"2017-11-09T19:08:45Z", "event":"Scanned", "ScanType":"Crime" }
{ "timestamp":"2017-11-09T19:08:45Z", "event":"ReceiveText", "From":"$npc_name_decorate:#name=Sion J Brown;", "From_Localised":"Sion J Brown", "Message":"$BountyHunter_ThankYouPassedStopAndSearch02;", "Message_Localised":"You're not the one I'm looking for. Move along.", "Channel":"npc" }
{ "timestamp":"2017-11-09T19:09:23Z", "event":"Music", "MusicTrack":"Combat_Dogfight" }
{ "timestamp":"2017-11-09T19:11:18Z", "event":"ReceiveText", "From":"$npc_name_decorate:#name=Yir;", "From_Localised":"Yir", "Message":"$BadKarmaCriticalDamage09;", "Message_Localised":"I can see when I'm outmatched.", "Channel":"npc" }
{ "timestamp":"2017-11-09T19:11:31Z", "event":"ShieldState", "ShieldsUp":false }
{ "timestamp":"2017-11-09T19:11:36Z", "event":"Bounty", "Rewards":[ { "Faction":"Values Party of Na Chem", "Reward":24989 }, { "Faction":"Radio Sidewinder Crew", "Reward":79222 } ], "Target":"federation_gunship", "TotalReward":104211, "VictimFaction":"Na Chem Silver Clan" }
{ "timestamp":"2017-11-09T19:11:51Z", "event":"Music", "MusicTrack":"Exploration" }
{ "timestamp":"2017-11-09T19:11:58Z", "event":"Scanned", "ScanType":"Cargo" }
{ "timestamp":"2017-11-09T19:11:58Z", "event":"ReceiveText", "From":"$ShipName_Police_Independent;", "From_Localised":"System Authority Vessel", "Message":"$Police_ThankYouPassedStopAndSearch03;", "Message_Localised":"All clear. Carry on, pilot.", "Channel":"npc" }
{ "timestamp":"2017-11-09T19:12:14Z", "event":"StartJump", "JumpType":"Supercruise" }
{ "timestamp":"2017-11-09T19:12:19Z", "event":"SupercruiseEntry", "StarSystem":"Na Chem" }
{ "timestamp":"2017-11-09T19:12:19Z", "event":"Music", "MusicTrack":"Supercruise" }
{ "timestamp":"2017-11-09T19:13:51Z", "event":"ReceiveText", "From":"$npc_name_decorate:#name=Zachary Carwile;", "From_Localised":"Zachary Carwile", "Message":"$Pirate_StartInterdiction01;", "Message_Localised":"You're mine now, Commander. ", "Channel":"npc" }
{ "timestamp":"2017-11-09T19:13:52Z", "event":"ApproachSettlement", "Name":"Krylov Prospect +++" }
{ "timestamp":"2017-11-09T19:13:52Z", "event":"ApproachSettlement", "Name":"Witt Works" }
{ "timestamp":"2017-11-09T19:13:52Z", "event":"ApproachSettlement", "Name":"Kuhn Installation" }
{ "timestamp":"2017-11-09T19:14:16Z", "event":"EscapeInterdiction", "Interdictor":"Zachary Carwile", "IsPlayer":false }
{ "timestamp":"2017-11-09T19:14:44Z", "event":"SupercruiseExit", "StarSystem":"Na Chem", "Body":"Rorschach Horizons", "BodyType":"Station" }
{ "timestamp":"2017-11-09T19:14:44Z", "event":"Music", "MusicTrack":"DestinationFromSupercruise" }
{ "timestamp":"2017-11-09T19:14:49Z", "event":"Music", "MusicTrack":"NoTrack" }
{ "timestamp":"2017-11-09T19:14:49Z", "event":"ReceiveText", "From":"Rorschach Horizons", "Message":"$STATION_NoFireZone_entered;", "Message_Localised":"No fire zone entered.", "Channel":"npc" }
{ "timestamp":"2017-11-09T19:14:55Z", "event":"DockingRequested", "StationName":"Rorschach Horizons" }
{ "timestamp":"2017-11-09T19:14:55Z", "event":"ReceiveText", "From":"Rorschach Horizons", "Message":"$DockingChatter_Friendly;", "Message_Localised":"It's great to see you again, Commander.", "Channel":"npc" }
{ "timestamp":"2017-11-09T19:14:57Z", "event":"ReceiveText", "From":"Rorschach Horizons", "Message":"$STATION_docking_granted;", "Message_Localised":"Docking request granted.", "Channel":"npc" }
{ "timestamp":"2017-11-09T19:14:57Z", "event":"DockingGranted", "LandingPad":29, "StationName":"Rorschach Horizons" }
{ "timestamp":"2017-11-09T19:14:59Z", "event":"Music", "MusicTrack":"DockingComputer" }
{ "timestamp":"2017-11-09T19:15:51Z", "event":"Docked", "StationName":"Rorschach Horizons", "StationType":"Coriolis", "StarSystem":"Na Chem", "StationFaction":"Radio Sidewinder Crew", "StationGovernment":"$government_Democracy;", "StationGovernment_Localised":"Democracy", "StationServices":[ "Dock", "Autodock", "BlackMarket", "Commodities", "Contacts", "Exploration", "Missions", "Outfitting", "CrewLounge", "Rearm", "Refuel", "Repair", "Shipyard", "Tuning", "MissionsGenerated", "FlightController", "StationOperations", "Powerplay", "SearchAndRescue" ], "StationEconomy":"$economy_HighTech;", "StationEconomy_Localised":"High Tech", "DistFromStarLS":266.785492 }
{ "timestamp":"2017-11-09T19:15:51Z", "event":"Music", "MusicTrack":"Starport" }
{ "timestamp":"2017-11-09T19:16:04Z", "event":"RefuelAll", "Cost":106, "Amount":2.089032 }
{ "timestamp":"2017-11-09T19:16:05Z", "event":"RepairAll", "Cost":10 }
{ "timestamp":"2017-11-09T19:16:06Z", "event":"BuyAmmo", "Cost":2049 }
{ "timestamp":"2017-11-09T19:16:14Z", "event":"RedeemVoucher", "Type":"bounty", "Amount":498381, "Factions":[ { "Faction":"Federation", "Amount":44655 }, { "Faction":"Values Party of Na Chem", "Amount":45899 }, { "Faction":"Radio Sidewinder Crew", "Amount":407827 } ] }
{ "timestamp":"2017-11-09T19:19:31Z", "event":"ModuleBuy", "Slot":"Armour", "SellItem":"$viper_mkiv_armour_grade1_name;", "SellItem_Localised":"Lightweight Alloys", "SellPrice":0, "BuyItem":"$viper_mkiv_armour_grade3_name;", "BuyItem_Localised":"Military Grade Composite", "BuyPrice":394137, "Ship":"viper_mkiv", "ShipID":2 }
{ "timestamp":"2017-11-09T19:29:18Z", "event":"Music", "MusicTrack":"GalaxyMap" }
{ "timestamp":"2017-11-09T19:29:20Z", "event":"Music", "MusicTrack":"Starport" }
{ "timestamp":"2017-11-09T19:29:52Z", "event":"ShipyardSwap", "ShipType":"type7", "ShipID":14, "StoreOldShip":"Viper_MkIV", "StoreShipID":2 }
{ "timestamp":"2017-11-09T19:29:53Z", "event":"Cargo", "Inventory":[  ] }
{ "timestamp":"2017-11-09T19:29:53Z", "event":"Loadout", "Ship":"Type7", "ShipID":14, "ShipName":"Behemoth", "ShipIdent":"TS-002", "Modules":[ { "Slot":"Armour", "Item":"Type7_Armour_Grade1", "On":true, "Priority":1, "Health":1.000000, "Value":0 }, { "Slot":"PowerPlant", "Item":"Int_Powerplant_Size2_Class5", "On":true, "Priority":1, "Health":1.000000, "Value":160224 }, { "Slot":"MainEngines", "Item":"Int_Engine_Size5_Class3", "On":true, "Priority":0, "Health":1.000000, "Value":567106 }, { "Slot":"FrameShiftDrive", "Item":"Int_Hyperdrive_Size5_Class5", "On":true, "Priority":0, "Health":1.000000, "Value":5103953 }, { "Slot":"LifeSupport", "Item":"Int_LifeSupport_Size4_Class2", "On":true, "Priority":0, "Health":1.000000, "Value":28373 }, { "Slot":"PowerDistributor", "Item":"Int_PowerDistributor_Size3_Class2", "On":true, "Priority":0, "Health":1.000000, "Value":10133 }, { "Slot":"Radar", "Item":"Int_Sensors_Size3_Class2", "On":true, "Priority":0, "Health":1.000000, "Value":10133 }, { "Slot":"Decal1", "Item":"Decal_Trade_Merchant", "On":true, "Priority":1, "Health":1.000000, "Value":0 }, { "Slot":"Decal2", "Item":"Decal_Combat_Competent", "On":true, "Priority":1, "Health":1.000000, "Value":0 }, { "Slot":"Decal3", "Item":"Decal_Explorer_Surveyor", "On":true, "Priority":1, "Health":1.000000, "Value":0 }, { "Slot":"ShipName0", "Item":"Nameplate_ShipName_Black", "On":true, "Priority":1, "Health":1.000000, "Value":0 }, { "Slot":"ShipName1", "Item":"Nameplate_ShipName_Black", "On":true, "Priority":1, "Health":1.000000, "Value":0 }, { "Slot":"FuelTank", "Item":"Int_FuelTank_Size5_Class3", "On":true, "Priority":1, "Health":1.000000, "Value":97754 }, { "Slot":"Slot01_Size6", "Item":"Int_CargoRack_Size6_Class1", "On":true, "Priority":1, "Health":1.000000, "Value":362591 }, { "Slot":"Slot02_Size6", "Item":"Int_CargoRack_Size6_Class1", "On":true, "Priority":1, "Health":1.000000, "Value":362591 }, { "Slot":"Slot03_Size5", "Item":"Int_CargoRack_Size6_Class1", "On":true, "Priority":1, "Health":1.000000, "Value":362591 }, { "Slot":"Slot04_Size5", "Item":"Int_CargoRack_Size5_Class1", "On":true, "Priority":1, "Health":1.000000, "Value":111566 }, { "Slot":"Slot05_Size4", "Item":"Int_CargoRack_Size5_Class1", "On":true, "Priority":1, "Health":1.000000, "Value":111566 }, { "Slot":"Slot06_Size4", "Item":"Int_CargoRack_Size5_Class1", "On":true, "Priority":1, "Health":1.000000, "Value":111566 }, { "Slot":"Slot07_Size2", "Item":"Int_CargoRack_Size3_Class1", "On":true, "Priority":1, "Health":1.000000, "Value":10563 }, { "Slot":"Slot08_Size2", "Item":"Int_CargoRack_Size3_Class1", "On":true, "Priority":1, "Health":1.000000, "Value":8979 }, { "Slot":"PlanetaryApproachSuite", "Item":"Int_PlanetApproachSuite", "On":true, "Priority":1, "Health":1.000000, "Value":500 }, { "Slot":"ShipCockpit", "Item":"Type7_Cockpit", "On":true, "Priority":1, "Health":1.000000, "Value":0 }, { "Slot":"CargoHatch", "Item":"ModularCargoBayDoor", "On":true, "Priority":2, "Health":1.000000, "Value":0 } ] }
{ "timestamp":"2017-11-09T19:29:53Z", "event":"Music", "MusicTrack":"NoTrack" }
{ "timestamp":"2017-11-09T19:30:02Z", "event":"Docked", "StationName":"Rorschach Horizons", "StationType":"Coriolis", "StarSystem":"Na Chem", "StationFaction":"Radio Sidewinder Crew", "StationGovernment":"$government_Democracy;", "StationGovernment_Localised":"Democracy", "StationServices":[ "Dock", "Autodock", "BlackMarket", "Commodities", "Contacts", "Exploration", "Missions", "Outfitting", "CrewLounge", "Rearm", "Refuel", "Repair", "Shipyard", "Tuning", "MissionsGenerated", "FlightController", "StationOperations", "Powerplay", "SearchAndRescue" ], "StationEconomy":"$economy_HighTech;", "StationEconomy_Localised":"High Tech", "DistFromStarLS":266.782257 }
{ "timestamp":"2017-11-09T19:30:02Z", "event":"Music", "MusicTrack":"Starport" }
{ "timestamp":"2017-11-09T19:30:40Z", "event":"ModuleBuy", "Slot":"Slot08_Size2", "SellItem":"$int_cargorack_size3_class1_name;", "SellItem_Localised":"Cargo Rack", "SellPrice":8979, "BuyItem":"$int_dockingcomputer_standard_name;", "BuyItem_Localised":"Docking Computer", "BuyPrice":4500, "Ship":"type7", "ShipID":14 }
{ "timestamp":"2017-11-09T19:30:52Z", "event":"Music", "MusicTrack":"GalaxyMap" }
{ "timestamp":"2017-11-09T19:31:20Z", "event":"Music", "MusicTrack":"SystemMap" }
{ "timestamp":"2017-11-09T19:33:29Z", "event":"Music", "MusicTrack":"GalaxyMap" }
{ "timestamp":"2017-11-09T19:33:30Z", "event":"Music", "MusicTrack":"Starport" }
{ "timestamp":"2017-11-09T19:34:30Z", "event":"MissionAccepted", "Faction":"Radio Sidewinder Crew", "Name":"Mission_Altruism", "LocalisedName":"Donate 18 units of Indite", "Commodity":"$Indite_Name;", "Commodity_Localised":"Indite", "Count":18, "DestinationSystem":"Na Chem", "DestinationStation":"Rorschach Horizons", "Expiry":"2017-11-11T18:28:45Z", "Influence":"Low", "Reputation":"High", "MissionID":243017397 }
{ "timestamp":"2017-11-09T19:36:18Z", "event":"Music", "MusicTrack":"GalaxyMap" }
{ "timestamp":"2017-11-09T19:38:22Z", "event":"Music", "MusicTrack":"Starport" }
{ "timestamp":"2017-11-09T19:38:39Z", "event":"MarketBuy", "Type":"syntheticmeat", "Count":296, "BuyPrice":155, "TotalCost":45880 }
{ "timestamp":"2017-11-09T19:39:08Z", "event":"Undocked", "StationName":"Rorschach Horizons", "StationType":"Coriolis" }
{ "timestamp":"2017-11-09T19:39:28Z", "event":"Music", "MusicTrack":"NoTrack" }
{ "timestamp":"2017-11-09T19:39:49Z", "event":"Scanned", "ScanType":"Cargo" }
{ "timestamp":"2017-11-09T19:39:49Z", "event":"ReceiveText", "From":"$ShipName_Police_Independent;", "From_Localised":"System Authority Vessel", "Message":"$Police_ThankYouPassedStopAndSearch10;", "Message_Localised":"Everything looks fine, Commander. Have a good day.", "Channel":"npc" }
{ "timestamp":"2017-11-09T19:40:02Z", "event":"ReceiveText", "From":"Rorschach Horizons", "Message":"$STATION_NoFireZone_exited;", "Message_Localised":"No fire zone left.", "Channel":"npc" }
{ "timestamp":"2017-11-09T19:40:04Z", "event":"StartJump", "JumpType":"Hyperspace", "StarSystem":"Aditjargl", "StarClass":"F" }
{ "timestamp":"2017-11-09T19:40:23Z", "event":"FSDJump", "StarSystem":"Aditjargl", "StarPos":[-0.531,66.750,86.375], "SystemAllegiance":"Independent", "SystemEconomy":"$economy_Agri;", "SystemEconomy_Localised":"Agriculture", "SystemGovernment":"$government_Corporate;", "SystemGovernment_Localised":"Corporate", "SystemSecurity":"$SYSTEM_SECURITY_high;", "SystemSecurity_Localised":"High Security", "Population":3232347488, "JumpDist":11.205, "FuelUsed":2.276771, "FuelLevel":29.723228, "Factions":[ { "Name":"Union of Aditjargl Free", "FactionState":"Boom", "Government":"Democracy", "Influence":0.140000, "Allegiance":"Federation" }, { "Name":"Tachmetae Future", "FactionState":"Boom", "Government":"Democracy", "Influence":0.210000, "Allegiance":"Federation" }, { "Name":"Pilots Federation Local Branch", "FactionState":"None", "Government":"Democracy", "Influence":0.000000, "Allegiance":"PilotsFederation" }, { "Name":"Aditjargl Galactic Corporation", "FactionState":"None", "Government":"Corporate", "Influence":0.370000, "Allegiance":"Independent" }, { "Name":"Aditjargl Law Party", "FactionState":"None", "Government":"Dictatorship", "Influence":0.060000, "Allegiance":"Independent" }, { "Name":"Aditjargl Partners", "FactionState":"None", "Government":"Corporate", "Influence":0.059000, "Allegiance":"Independent" }, { "Name":"Dominion of Aditjargl", "FactionState":"None", "Government":"Dictatorship", "Influence":0.010000, "Allegiance":"Independent" }, { "Name":"Radio Sidewinder Crew", "FactionState":"None", "Government":"Democracy", "Influence":0.151000, "Allegiance":"Independent", "PendingStates":[ { "State":"Boom", "Trend":1 } ] } ], "SystemFaction":"Aditjargl Galactic Corporation" }
{ "timestamp":"2017-11-09T19:40:23Z", "event":"Music", "MusicTrack":"DestinationFromHyperspace" }
{ "timestamp":"2017-11-09T19:40:28Z", "event":"Music", "MusicTrack":"Supercruise" }
{ "timestamp":"2017-11-09T19:42:30Z", "event":"SupercruiseExit", "StarSystem":"Aditjargl", "Body":"Gidzenko Dock", "BodyType":"Station" }
{ "timestamp":"2017-11-09T19:42:30Z", "event":"Music", "MusicTrack":"DestinationFromSupercruise" }
{ "timestamp":"2017-11-09T19:42:35Z", "event":"Music", "MusicTrack":"NoTrack" }
{ "timestamp":"2017-11-09T19:42:40Z", "event":"ReceiveText", "From":"Gidzenko Dock", "Message":"$STATION_NoFireZone_entered;", "Message_Localised":"No fire zone entered.", "Channel":"npc" }
{ "timestamp":"2017-11-09T19:42:45Z", "event":"DockingRequested", "StationName":"Gidzenko Dock" }
{ "timestamp":"2017-11-09T19:42:45Z", "event":"ReceiveText", "From":"Gidzenko Dock", "Message":"$DockingChatter_Neutral;", "Message_Localised":"Ensure to observe starport protocol during your visit, pilot.", "Channel":"npc" }
{ "timestamp":"2017-11-09T19:42:47Z", "event":"ReceiveText", "From":"Gidzenko Dock", "Message":"$STATION_docking_granted;", "Message_Localised":"Docking request granted.", "Channel":"npc" }
{ "timestamp":"2017-11-09T19:42:47Z", "event":"DockingGranted", "LandingPad":17, "StationName":"Gidzenko Dock" }
{ "timestamp":"2017-11-09T19:43:08Z", "event":"Music", "MusicTrack":"DockingComputer" }
{ "timestamp":"2017-11-09T19:44:06Z", "event":"Docked", "StationName":"Gidzenko Dock", "StationType":"Coriolis", "StarSystem":"Aditjargl", "StationFaction":"Aditjargl Galactic Corporation", "StationGovernment":"$government_Corporate;", "StationGovernment_Localised":"Corporate", "StationServices":[ "Dock", "Autodock", "Commodities", "Contacts", "Exploration", "Missions", "Outfitting", "CrewLounge", "Rearm", "Refuel", "Repair", "Shipyard", "Tuning", "MissionsGenerated", "FlightController", "StationOperations", "Powerplay", "SearchAndRescue" ], "StationEconomy":"$economy_Extraction;", "StationEconomy_Localised":"Extraction", "DistFromStarLS":409.588043 }
{ "timestamp":"2017-11-09T19:44:06Z", "event":"Music", "MusicTrack":"Starport" }
{ "timestamp":"2017-11-09T19:44:18Z", "event":"RefuelAll", "Cost":118, "Amount":2.351508 }
{ "timestamp":"2017-11-09T19:44:30Z", "event":"MarketSell", "Type":"syntheticmeat", "Count":296, "SellPrice":358, "TotalSale":105968, "AvgPricePaid":155 }
{ "timestamp":"2017-11-09T19:44:52Z", "event":"MarketBuy", "Type":"indite", "Count":18, "BuyPrice":1907, "TotalCost":34326 }
{ "timestamp":"2017-11-09T19:45:25Z", "event":"MarketBuy", "Type":"bauxite", "Count":278, "BuyPrice":64, "TotalCost":17792 }
{ "timestamp":"2017-11-09T19:45:35Z", "event":"Music", "MusicTrack":"GalaxyMap" }
{ "timestamp":"2017-11-09T19:45:40Z", "event":"Music", "MusicTrack":"Starport" }
{ "timestamp":"2017-11-09T19:45:42Z", "event":"Undocked", "StationName":"Gidzenko Dock", "StationType":"Coriolis" }
{ "timestamp":"2017-11-09T19:45:56Z", "event":"ReceiveText", "From":"$npc_name_decorate:#name=Edwin Turner;", "From_Localised":"Edwin Turner", "Message":"$Commuter_AuthorityScan09;", "Message_Localised":"Can we hurry this up please, officer?", "Channel":"npc" }
{ "timestamp":"2017-11-09T19:46:06Z", "event":"Music", "MusicTrack":"NoTrack" }
{ "timestamp":"2017-11-09T19:46:22Z", "event":"DockingRequested", "StationName":"Gidzenko Dock" }
{ "timestamp":"2017-11-09T19:46:22Z", "event":"ReceiveText", "From":"Gidzenko Dock", "Message":"$DockingChatter_Neutral;", "Message_Localised":"Ensure to observe starport protocol during your visit, pilot.", "Channel":"npc" }
{ "timestamp":"2017-11-09T19:46:24Z", "event":"ReceiveText", "From":"Gidzenko Dock", "Message":"$STATION_docking_granted;", "Message_Localised":"Docking request granted.", "Channel":"npc" }
{ "timestamp":"2017-11-09T19:46:24Z", "event":"DockingGranted", "LandingPad":24, "StationName":"Gidzenko Dock" }
{ "timestamp":"2017-11-09T19:46:24Z", "event":"ReceiveText", "From":"Gidzenko Dock", "Message":"$STATION_docking_cancelled;", "Message_Localised":"Docking request cancelled.", "Channel":"npc" }
{ "timestamp":"2017-11-09T19:46:24Z", "event":"DockingCancelled", "StationName":"Gidzenko Dock" }
{ "timestamp":"2017-11-09T19:46:57Z", "event":"StartJump", "JumpType":"Hyperspace", "StarSystem":"Na Chem", "StarClass":"M" }
{ "timestamp":"2017-11-09T19:47:15Z", "event":"FSDJump", "StarSystem":"Na Chem", "StarPos":[3.344,64.031,76.219], "SystemAllegiance":"Independent", "SystemEconomy":"$economy_HighTech;", "SystemEconomy_Localised":"High Tech", "SystemGovernment":"$government_Democracy;", "SystemGovernment_Localised":"Democracy", "SystemSecurity":"$SYSTEM_SECURITY_medium;", "SystemSecurity_Localised":"Medium Security", "Population":7393410, "JumpDist":11.205, "FuelUsed":2.276771, "FuelLevel":29.723228, "Factions":[ { "Name":"Pilots Federation Local Branch", "FactionState":"None", "Government":"Democracy", "Influence":0.000000, "Allegiance":"PilotsFederation" }, { "Name":"Na Chem Corp.", "FactionState":"CivilWar", "Government":"Corporate", "Influence":0.124000, "Allegiance":"Federation", "RecoveringStates":[ { "State":"Boom", "Trend":0 } ] }, { "Name":"Na Chem Law Party", "FactionState":"None", "Government":"Dictatorship", "Influence":0.119000, "Allegiance":"Independent" }, { "Name":"Na Chem Silver Clan", "FactionState":"None", "Government":"Anarchy", "Influence":0.085000, "Allegiance":"Independent" }, { "Name":"Values Party of Na Chem", "FactionState":"CivilWar", "Government":"Democracy", "Influence":0.127000, "Allegiance":"Independent", "RecoveringStates":[ { "State":"Boom", "Trend":0 } ] }, { "Name":"Radio Sidewinder Crew", "FactionState":"None", "Government":"Democracy", "Influence":0.545000, "Allegiance":"Independent", "PendingStates":[ { "State":"Boom", "Trend":1 } ] } ], "SystemFaction":"Radio Sidewinder Crew" }
{ "timestamp":"2017-11-09T19:47:15Z", "event":"Music", "MusicTrack":"Supercruise" }
{ "timestamp":"2017-11-09T19:49:11Z", "event":"SupercruiseExit", "StarSystem":"Na Chem", "Body":"Rorschach Horizons", "BodyType":"Station" }
{ "timestamp":"2017-11-09T19:49:11Z", "event":"Music", "MusicTrack":"DestinationFromSupercruise" }
{ "timestamp":"2017-11-09T19:49:16Z", "event":"Music", "MusicTrack":"NoTrack" }
{ "timestamp":"2017-11-09T19:49:18Z", "event":"ReceiveText", "From":"Rorschach Horizons", "Message":"$STATION_NoFireZone_entered;", "Message_Localised":"No fire zone entered.", "Channel":"npc" }
{ "timestamp":"2017-11-09T19:49:28Z", "event":"DockingRequested", "StationName":"Rorschach Horizons" }
{ "timestamp":"2017-11-09T19:49:28Z", "event":"ReceiveText", "From":"Rorschach Horizons", "Message":"$DockingChatter_Friendly;", "Message_Localised":"It's great to see you again, Commander.", "Channel":"npc" }
{ "timestamp":"2017-11-09T19:49:30Z", "event":"ReceiveText", "From":"Rorschach Horizons", "Message":"$STATION_docking_granted;", "Message_Localised":"Docking request granted.", "Channel":"npc" }
{ "timestamp":"2017-11-09T19:49:30Z", "event":"DockingGranted", "LandingPad":25, "StationName":"Rorschach Horizons" }
{ "timestamp":"2017-11-09T19:49:31Z", "event":"Music", "MusicTrack":"DockingComputer" }
{ "timestamp":"2017-11-09T19:50:05Z", "event":"Scanned", "ScanType":"Cargo" }
{ "timestamp":"2017-11-09T19:50:05Z", "event":"ReceiveText", "From":"$ShipName_Police_Independent;", "From_Localised":"System Authority Vessel", "Message":"$Police_ThankYouPassedStopAndSearch05;", "Message_Localised":"Scan finished. Be about your business.", "Channel":"npc" }
{ "timestamp":"2017-11-09T19:50:53Z", "event":"Docked", "StationName":"Rorschach Horizons", "StationType":"Coriolis", "StarSystem":"Na Chem", "StationFaction":"Radio Sidewinder Crew", "StationGovernment":"$government_Democracy;", "StationGovernment_Localised":"Democracy", "StationServices":[ "Dock", "Autodock", "BlackMarket", "Commodities", "Contacts", "Exploration", "Missions", "Outfitting", "CrewLounge", "Rearm", "Refuel", "Repair", "Shipyard", "Tuning", "MissionsGenerated", "FlightController", "StationOperations", "Powerplay", "SearchAndRescue" ], "StationEconomy":"$economy_HighTech;", "StationEconomy_Localised":"High Tech", "DistFromStarLS":266.777344 }
{ "timestamp":"2017-11-09T19:50:53Z", "event":"Music", "MusicTrack":"Starport" }
{ "timestamp":"2017-11-09T19:51:03Z", "event":"RefuelAll", "Cost":118, "Amount":2.351974 }
{ "timestamp":"2017-11-09T19:51:12Z", "event":"MissionCompleted", "Faction":"Radio Sidewinder Crew", "Name":"Mission_Altruism_name", "MissionID":243017397, "Commodity":"$Indite_Name;", "Commodity_Localised":"Indite", "Count":18, "DestinationSystem":"Na Chem", "DestinationStation":"Rorschach Horizons", "Reward":0 }
{ "timestamp":"2017-11-09T19:52:00Z", "event":"MarketSell", "Type":"bauxite", "Count":278, "SellPrice":93, "TotalSale":25854, "AvgPricePaid":64 }
{ "timestamp":"2017-11-09T19:52:03Z", "event":"Music", "MusicTrack":"GalaxyMap" }
{ "timestamp":"2017-11-09T19:55:58Z", "event":"Music", "MusicTrack":"Starport" }
{ "timestamp":"2017-11-09T19:56:11Z", "event":"MarketBuy", "Type":"medicaldiagnosticequipment", "Count":296, "BuyPrice":2233, "TotalCost":660968 }
{ "timestamp":"2017-11-09T19:56:36Z", "event":"Undocked", "StationName":"Rorschach Horizons", "StationType":"Coriolis" }
{ "timestamp":"2017-11-09T19:57:04Z", "event":"Music", "MusicTrack":"NoTrack" }
{ "timestamp":"2017-11-09T19:57:37Z", "event":"Scanned", "ScanType":"Cargo" }
{ "timestamp":"2017-11-09T19:57:56Z", "event":"Music", "MusicTrack":"GalaxyMap" }
{ "timestamp":"2017-11-09T19:58:05Z", "event":"Music", "MusicTrack":"NoTrack" }
{ "timestamp":"2017-11-09T19:58:05Z", "event":"Scanned", "ScanType":"Cargo" }
{ "timestamp":"2017-11-09T19:58:47Z", "event":"ReceiveText", "From":"Rorschach Horizons", "Message":"$STATION_NoFireZone_exited;", "Message_Localised":"No fire zone left.", "Channel":"npc" }
{ "timestamp":"2017-11-09T19:58:47Z", "event":"ReceiveText", "From":"$npc_name_decorate:#name=Alliance Enforcer;", "From_Localised":"Alliance Enforcer", "Message":"$Generic_NoAttackGeneric02;", "Message_Localised":"Well, you were a complete waste of my time and effort.", "Channel":"npc" }
{ "timestamp":"2017-11-09T19:58:48Z", "event":"StartJump", "JumpType":"Hyperspace", "StarSystem":"Ciguri", "StarClass":"F" }
{ "timestamp":"2017-11-09T19:59:07Z", "event":"FSDJump", "StarSystem":"Ciguri", "StarPos":[2.063,62.531,79.094], "SystemAllegiance":"Independent", "SystemEconomy":"$economy_Agri;", "SystemEconomy_Localised":"Agriculture", "SystemGovernment":"$government_Democracy;", "SystemGovernment_Localised":"Democracy", "SystemSecurity":"$SYSTEM_SECURITY_high;", "SystemSecurity_Localised":"High Security", "Population":6511471450, "JumpDist":3.487, "FuelUsed":0.130366, "FuelLevel":31.869635, "Factions":[ { "Name":"Revolutionary Party of Ciguri", "FactionState":"None", "Government":"Democracy", "Influence":0.430000, "Allegiance":"Federation" }, { "Name":"Pilots Federation Local Branch", "FactionState":"None", "Government":"Democracy", "Influence":0.000000, "Allegiance":"PilotsFederation" }, { "Name":"Jet Comms Systems", "FactionState":"Boom", "Government":"Corporate", "Influence":0.060000, "Allegiance":"Independent" }, { "Name":"Ciguri Bureau", "FactionState":"Boom", "Government":"Dictatorship", "Influence":0.129000, "Allegiance":"Independent" }, { "Name":"Ciguri Incorporated", "FactionState":"None", "Government":"Corporate", "Influence":0.057000, "Allegiance":"Independent" }, { "Name":"Allied Ciguri Regulatory State", "FactionState":"Boom", "Government":"Dictatorship", "Influence":0.069000, "Allegiance":"Independent" }, { "Name":"Radio Sidewinder Crew", "FactionState":"None", "Government":"Democracy", "Influence":0.255000, "Allegiance":"Independent", "PendingStates":[ { "State":"Boom", "Trend":1 } ] } ], "SystemFaction":"Radio Sidewinder Crew" }
{ "timestamp":"2017-11-09T19:59:07Z", "event":"Music", "MusicTrack":"DestinationFromHyperspace" }
{ "timestamp":"2017-11-09T19:59:12Z", "event":"Music", "MusicTrack":"Supercruise" }
{ "timestamp":"2017-11-09T20:01:25Z", "event":"ApproachSettlement", "Name":"Ferguson Arsenal" }
{ "timestamp":"2017-11-09T20:01:28Z", "event":"ApproachSettlement", "Name":"Zalyotin Installation" }
{ "timestamp":"2017-11-09T20:01:29Z", "event":"ApproachSettlement", "Name":"Bond Relay" }
{ "timestamp":"2017-11-09T20:01:29Z", "event":"ApproachSettlement", "Name":"Scortia Bastion" }
{ "timestamp":"2017-11-09T20:02:28Z", "event":"ApproachSettlement", "Name":"Ferguson Arsenal" }
{ "timestamp":"2017-11-09T20:02:31Z", "event":"SupercruiseExit", "StarSystem":"Ciguri", "Body":"Ciguri 1 a", "BodyType":"Planet" }
{ "timestamp":"2017-11-09T20:02:32Z", "event":"Music", "MusicTrack":"Exploration" }
{ "timestamp":"2017-11-09T20:03:06Z", "event":"Music", "MusicTrack":"NoTrack" }
{ "timestamp":"2017-11-09T20:03:25Z", "event":"ReceiveText", "From":"Ferguson Arsenal", "Message":"$STATION_NoFireZone_entered;", "Message_Localised":"No fire zone entered.", "Channel":"npc" }
{ "timestamp":"2017-11-09T20:03:31Z", "event":"DockingRequested", "StationName":"Ferguson Arsenal" }
{ "timestamp":"2017-11-09T20:03:31Z", "event":"ReceiveText", "From":"Ferguson Arsenal", "Message":"$DockingChatter_Neutral;", "Message_Localised":"Ensure to observe starport protocol during your visit, pilot.", "Channel":"npc" }
{ "timestamp":"2017-11-09T20:03:32Z", "event":"ReceiveText", "From":"Ferguson Arsenal", "Message":"$STATION_docking_granted;", "Message_Localised":"Docking request granted.", "Channel":"npc" }
{ "timestamp":"2017-11-09T20:03:32Z", "event":"DockingGranted", "LandingPad":11, "StationName":"Ferguson Arsenal" }
{ "timestamp":"2017-11-09T20:03:36Z", "event":"Music", "MusicTrack":"DockingComputer" }
{ "timestamp":"2017-11-09T20:04:14Z", "event":"Scanned", "ScanType":"Cargo" }
{ "timestamp":"2017-11-09T20:04:14Z", "event":"ReceiveText", "From":"$ShipName_Police_Independent;", "From_Localised":"System Authority Vessel", "Message":"$Police_ThankYouPassedStopAndSearch07;", "Message_Localised":"Your scan is clear. Carry on with your journey, Commander.", "Channel":"npc" }
{ "timestamp":"2017-11-09T20:04:42Z", "event":"Docked", "StationName":"Ferguson Arsenal", "StationType":"SurfaceStation", "StarSystem":"Ciguri", "StationFaction":"Ciguri Incorporated", "StationGovernment":"$government_Corporate;", "StationGovernment_Localised":"Corporate", "StationServices":[ "Dock", "Autodock", "Commodities", "Contacts", "Exploration", "Missions", "Outfitting", "CrewLounge", "Rearm", "Refuel", "Repair", "Tuning", "MissionsGenerated", "FlightController", "StationOperations", "Powerplay", "SearchAndRescue" ], "StationEconomy":"$economy_Military;", "StationEconomy_Localised":"Military", "DistFromStarLS":471.860046 }
{ "timestamp":"2017-11-09T20:04:42Z", "event":"Music", "MusicTrack":"NoTrack" }
{ "timestamp":"2017-11-09T20:04:53Z", "event":"RefuelAll", "Cost":14, "Amount":0.252908 }
{ "timestamp":"2017-11-09T20:05:11Z", "event":"MarketSell", "Type":"medicaldiagnosticequipment", "Count":296, "SellPrice":3083, "TotalSale":912568, "AvgPricePaid":2233 }
{ "timestamp":"2017-11-09T20:05:23Z", "event":"MarketBuy", "Type":"landmines", "Count":296, "BuyPrice":3863, "TotalCost":1143448 }
{ "timestamp":"2017-11-09T20:05:38Z", "event":"Music", "MusicTrack":"GalaxyMap" }
{ "timestamp":"2017-11-09T20:06:26Z", "event":"Music", "MusicTrack":"NoTrack" }
{ "timestamp":"2017-11-09T20:06:33Z", "event":"Music", "MusicTrack":"Exploration" }
