{ "timestamp":"2017-11-08T00:57:37Z", "event":"Fileheader", "part":1, "language":"English\\UK", "gameversion":"2.4", "build":"r156431/r0 " }
{ "timestamp":"2017-11-08T00:57:37Z", "event":"Music", "MusicTrack":"NoTrack" }
{ "timestamp":"2017-11-08T00:57:37Z", "event":"Music", "MusicTrack":"MainMenu" }
{ "timestamp":"2017-11-08T00:57:52Z", "event":"Friends", "Status":"Online", "Name":"Arbitration" }
{ "timestamp":"2017-11-08T00:58:03Z", "event":"Friends", "Status":"Online", "Name":"Arbitration" }
{ "timestamp":"2017-11-08T00:58:40Z", "event":"Cargo", "Inventory":[  ] }
{ "timestamp":"2017-11-08T00:58:40Z", "event":"Loadout", "Ship":"Type7", "ShipID":14, "ShipName":"Behemoth", "ShipIdent":"TS-002", "Modules":[ { "Slot":"Armour", "Item":"Type7_Armour_Grade1", "On":true, "Priority":1, "Health":1.000000, "Value":0 }, { "Slot":"PowerPlant", "Item":"Int_Powerplant_Size2_Class5", "On":true, "Priority":1, "Health":1.000000, "Value":160224 }, { "Slot":"MainEngines", "Item":"Int_Engine_Size5_Class3", "On":true, "Priority":0, "Health":1.000000, "Value":567106 }, { "Slot":"FrameShiftDrive", "Item":"Int_Hyperdrive_Size5_Class4", "On":true, "Priority":0, "Health":1.000000, "Value":1701318 }, { "Slot":"LifeSupport", "Item":"Int_LifeSupport_Size4_Class1", "On":true, "Priority":2, "Health":1.000000, "Value":11349 }, { "Slot":"PowerDistributor", "Item":"Int_PowerDistributor_Size1_Class2", "On":true, "Priority":0, "Health":1.000000, "Value":1293 }, { "Slot":"Radar", "Item":"Int_Sensors_Size3_Class2", "On":true, "Priority":0, "Health":1.000000, "Value":10133 }, { "Slot":"Decal1", "Item":"Decal_Trade_Merchant", "On":true, "Priority":1, "Health":1.000000, "Value":0 }, { "Slot":"Decal2", "Item":"Decal_Combat_Competent", "On":true, "Priority":1, "Health":1.000000, "Value":0 }, { "Slot":"Decal3", "Item":"Decal_Explorer_Surveyor", "On":true, "Priority":1, "Health":1.000000, "Value":0 }, { "Slot":"ShipName0", "Item":"Nameplate_ShipName_Black", "On":true, "Priority":1, "Health":1.000000, "Value":0 }, { "Slot":"ShipName1", "Item":"Nameplate_ShipName_Black", "On":true, "Priority":1, "Health":1.000000, "Value":0 }, { "Slot":"FuelTank", "Item":"Int_FuelTank_Size5_Class3", "On":true, "Priority":1, "Health":1.000000, "Value":97754 }, { "Slot":"Slot01_Size6", "Item":"Int_CargoRack_Size6_Class1", "On":true, "Priority":1, "Health":1.000000, "Value":362591 }, { "Slot":"Slot02_Size6", "Item":"Int_CargoRack_Size6_Class1", "On":true, "Priority":1, "Health":1.000000, "Value":362591 }, { "Slot":"Slot03_Size5", "Item":"Int_CargoRack_Size6_Class1", "On":true, "Priority":1, "Health":1.000000, "Value":362591 }, { "Slot":"Slot04_Size5", "Item":"Int_CargoRack_Size5_Class1", "On":true, "Priority":1, "Health":1.000000, "Value":111566 }, { "Slot":"Slot05_Size4", "Item":"Int_CargoRack_Size5_Class1", "On":true, "Priority":1, "Health":1.000000, "Value":111566 }, { "Slot":"Slot06_Size4", "Item":"Int_CargoRack_Size5_Class1", "On":true, "Priority":1, "Health":1.000000, "Value":111566 }, { "Slot":"Slot07_Size2", "Item":"Int_CargoRack_Size3_Class1", "On":true, "Priority":1, "Health":1.000000, "Value":10563 }, { "Slot":"Slot08_Size2", "Item":"Int_CargoRack_Size3_Class1", "On":true, "Priority":1, "Health":1.000000, "Value":8979 }, { "Slot":"PlanetaryApproachSuite", "Item":"Int_PlanetApproachSuite", "On":true, "Priority":1, "Health":1.000000, "Value":500 }, { "Slot":"ShipCockpit", "Item":"Type7_Cockpit", "On":true, "Priority":1, "Health":1.000000, "Value":0 }, { "Slot":"CargoHatch", "Item":"ModularCargoBayDoor", "On":true, "Priority":2, "Health":1.000000, "Value":0 } ] }
{ "timestamp":"2017-11-08T00:58:40Z", "event":"Materials", "Raw":[ { "Name":"nickel", "Count":38 }, { "Name":"iron", "Count":63 }, { "Name":"carbon", "Count":14 }, { "Name":"sulphur", "Count":9 }, { "Name":"germanium", "Count":1 }, { "Name":"chromium", "Count":7 }, { "Name":"phosphorus", "Count":9 }, { "Name":"niobium", "Count":3 }, { "Name":"vanadium", "Count":12 }, { "Name":"zinc", "Count":3 }, { "Name":"molybdenum", "Count":3 } ], "Manufactured":[ { "Name":"refinedfocuscrystals", "Count":1 }, { "Name":"galvanisingalloys", "Count":4 }, { "Name":"heatdispersionplate", "Count":4 }, { "Name":"fedcorecomposites", "Count":2 }, { "Name":"compoundshielding", "Count":2 }, { "Name":"focuscrystals", "Count":1 }, { "Name":"chemicalmanipulators", "Count":1 }, { "Name":"uncutfocuscrystals", "Count":1 }, { "Name":"hybridcapacitors", "Count":1 }, { "Name":"heatconductionwiring", "Count":2 }, { "Name":"gridresistors", "Count":4 }, { "Name":"mechanicalequipment", "Count":1 }, { "Name":"conductivecomponents", "Count":6 } ], "Encoded":[ { "Name":"emissiondata", "Count":11 }, { "Name":"shieldpatternanalysis", "Count":18 }, { "Name":"scandatabanks", "Count":11 }, { "Name":"shielddensityreports", "Count":33 }, { "Name":"shieldcyclerecordings", "Count":47 }, { "Name":"decodedemissiondata", "Count":16 }, { "Name":"bulkscandata", "Count":17 }, { "Name":"archivedemissiondata", "Count":4 }, { "Name":"encryptedfiles", "Count":1 }, { "Name":"scrambledemissiondata", "Count":1 }, { "Name":"scanarchives", "Count":6 }, { "Name":"encodedscandata", "Count":3 }, { "Name":"compactemissionsdata", "Count":6 }, { "Name":"hyperspacetrajectories", "Count":6 }, { "Name":"shieldsoakanalysis", "Count":9 }, { "Name":"consumerfirmware", "Count":3 }, { "Name":"legacyfirmware", "Count":3 } ] }
{ "timestamp":"2017-11-08T00:58:40Z", "event":"LoadGame", "Commander":"Karahl_1", "Ship":"Type7", "ShipID":14, "ShipName":"Behemoth", "ShipIdent":"TS-002", "FuelLevel":32.000000, "FuelCapacity":32.000000, "GameMode":"Open", "Credits":12243075, "Loan":0 }
{ "timestamp":"2017-11-08T00:58:40Z", "event":"Rank", "Combat":3, "Trade":4, "Explore":3, "Empire":0, "Federation":0, "CQC":0 }
{ "timestamp":"2017-11-08T00:58:40Z", "event":"Progress", "Combat":5, "Trade":29, "Explore":6, "Empire":0, "Federation":68, "CQC":0 }
{ "timestamp":"2017-11-08T00:58:42Z", "event":"ApproachSettlement", "Name":"Koontz Hub" }
{ "timestamp":"2017-11-08T00:59:06Z", "event":"Location", "Docked":true, "StationName":"Koontz Hub", "StationType":"SurfaceStation", "StarSystem":"Hehe", "StarPos":[14.750,-18.531,-101.875], "SystemAllegiance":"Federation", "SystemEconomy":"$economy_Industrial;", "SystemEconomy_Localised":"Industrial", "SystemGovernment":"$government_Corporate;", "SystemGovernment_Localised":"Corporate", "SystemSecurity":"$SYSTEM_SECURITY_high;", "SystemSecurity_Localised":"High Security", "Population":34450799, "Body":"Hehe C 1", "BodyType":"Planet", "Factions":[ { "Name":"Revolutionary LTT 11655 Revolutionary Party", "FactionState":"None", "Government":"Democracy", "Influence":0.047952, "Allegiance":"Federation", "PendingStates":[ { "State":"Boom", "Trend":1 } ] }, { "Name":"Pilots Federation Local Branch", "FactionState":"None", "Government":"Democracy", "Influence":0.000000, "Allegiance":"PilotsFederation" }, { "Name":"Onyaksas Commodities", "FactionState":"None", "Government":"Corporate", "Influence":0.038961, "Allegiance":"Federation", "PendingStates":[ { "State":"Boom", "Trend":1 } ] }, { "Name":"Movement for Hehe Progressive Party", "FactionState":"Boom", "Government":"Democracy", "Influence":0.076923, "Allegiance":"Federation" }, { "Name":"Hehe League", "FactionState":"Boom", "Government":"Dictatorship", "Influence":0.078921, "Allegiance":"Independent", "PendingStates":[ { "State":"CivilWar", "Trend":0 } ] }, { "Name":"Hehe Federal Interstellar", "FactionState":"None", "Government":"Corporate", "Influence":0.613387, "Allegiance":"Federation" }, { "Name":"Hehe Camorra", "FactionState":"Boom", "Government":"Anarchy", "Influence":0.078921, "Allegiance":"Independent", "PendingStates":[ { "State":"CivilWar", "Trend":0 } ] }, { "Name":"Traditional Hehe Flag", "FactionState":"Boom", "Government":"Dictatorship", "Influence":0.064935, "Allegiance":"Independent" } ], "SystemFaction":"Hehe Federal Interstellar" }
{ "timestamp":"2017-11-08T00:59:06Z", "event":"Music", "MusicTrack":"NoTrack" }
{ "timestamp":"2017-11-08T00:59:06Z", "event":"Docked", "StationName":"Koontz Hub", "StationType":"SurfaceStation", "StarSystem":"Hehe", "StationFaction":"Hehe Federal Interstellar", "StationGovernment":"$government_Corporate;", "StationGovernment_Localised":"Corporate", "StationAllegiance":"Federation", "StationServices":[ "Dock", "Autodock", "Commodities", "Contacts", "Exploration", "Missions", "Outfitting", "CrewLounge", "Rearm", "Refuel", "Repair", "Tuning", "MissionsGenerated", "FlightController", "StationOperations", "Powerplay", "SearchAndRescue" ], "StationEconomy":"$economy_Military;", "StationEconomy_Localised":"Military", "DistFromStarLS":56153.824219 }
{ "timestamp":"2017-11-08T01:01:02Z", "event":"MarketBuy", "Type":"scrap", "Count":304, "BuyPrice":30, "TotalCost":9120 }
{ "timestamp":"2017-11-08T01:01:07Z", "event":"Music", "MusicTrack":"GalaxyMap" }
{ "timestamp":"2017-11-08T01:01:53Z", "event":"Music", "MusicTrack":"NoTrack" }
{ "timestamp":"2017-11-08T01:02:41Z", "event":"Undocked", "StationName":"Koontz Hub", "StationType":"SurfaceStation" }
{ "timestamp":"2017-11-08T01:03:16Z", "event":"Music", "MusicTrack":"GalaxyMap" }
{ "timestamp":"2017-11-08T01:03:17Z", "event":"Music", "MusicTrack":"NoTrack" }
{ "timestamp":"2017-11-08T01:03:25Z", "event":"StartJump", "JumpType":"Hyperspace", "StarSystem":"Trianguli Sector BG-X b1-0", "StarClass":"M" }
{ "timestamp":"2017-11-08T01:03:43Z", "event":"FSDJump", "StarSystem":"Trianguli Sector BG-X b1-0", "StarPos":[24.063,-22.469,-97.438], "SystemAllegiance":"", "SystemEconomy":"$economy_None;", "SystemEconomy_Localised":"None", "SystemGovernment":"$government_None;", "SystemGovernment_Localised":"None", "SystemSecurity":"$GAlAXY_MAP_INFO_state_anarchy;", "SystemSecurity_Localised":"Anarchy", "Population":0, "JumpDist":11.042, "FuelUsed":3.080990, "FuelLevel":28.919010 }
{ "timestamp":"2017-11-08T01:03:43Z", "event":"Music", "MusicTrack":"Supercruise" }
{ "timestamp":"2017-11-08T01:04:15Z", "event":"StartJump", "JumpType":"Hyperspace", "StarSystem":"Kanean", "StarClass":"M" }
{ "timestamp":"2017-11-08T01:04:20Z", "event":"Music", "MusicTrack":"NoTrack" }
{ "timestamp":"2017-11-08T01:04:34Z", "event":"FSDJump", "StarSystem":"Kanean", "StarPos":[22.281,-22.750,-86.469], "SystemAllegiance":"Federation", "SystemEconomy":"$economy_Industrial;", "SystemEconomy_Localised":"Industrial", "SystemGovernment":"$government_Democracy;", "SystemGovernment_Localised":"Democracy", "SystemSecurity":"$SYSTEM_SECURITY_low;", "SystemSecurity_Localised":"Low Security", "Population":4667705, "JumpDist":11.116, "FuelUsed":3.103377, "FuelLevel":25.815634, "Factions":[ { "Name":"13 Orionis Future", "FactionState":"Boom", "Government":"Democracy", "Influence":0.259259, "Allegiance":"Federation" }, { "Name":"Pilots Federation Local Branch", "FactionState":"None", "Government":"Democracy", "Influence":0.000000, "Allegiance":"PilotsFederation" }, { "Name":"Kanean PLC", "FactionState":"CivilWar", "Government":"Corporate", "Influence":0.153153, "Allegiance":"Federation", "RecoveringStates":[ { "State":"Boom", "Trend":0 } ] }, { "Name":"Workers of Kanean Left Party", "FactionState":"None", "Government":"Communism", "Influence":0.074074, "Allegiance":"Independent" }, { "Name":"Kanean Crimson Family", "FactionState":"CivilWar", "Government":"Anarchy", "Influence":0.130130, "Allegiance":"Independent", "PendingStates":[ { "State":"Famine", "Trend":0 } ], "RecoveringStates":[ { "State":"Boom", "Trend":0 } ] }, { "Name":"Revolutionary Kanean Resistance", "FactionState":"None", "Government":"Democracy", "Influence":0.346346, "Allegiance":"Federation", "PendingStates":[ { "State":"Boom", "Trend":1 } ] }, { "Name":"Nationals of Kanean", "FactionState":"Outbreak", "Government":"Dictatorship", "Influence":0.037037, "Allegiance":"Independent", "PendingStates":[ { "State":"Boom", "Trend":0 }, { "State":"Famine", "Trend":0 } ] } ], "SystemFaction":"Revolutionary Kanean Resistance" }
{ "timestamp":"2017-11-08T01:04:34Z", "event":"Music", "MusicTrack":"Supercruise" }
{ "timestamp":"2017-11-08T01:05:11Z", "event":"StartJump", "JumpType":"Hyperspace", "StarSystem":"GAT 1373", "StarClass":"DA" }
{ "timestamp":"2017-11-08T01:05:16Z", "event":"Music", "MusicTrack":"NoTrack" }
{ "timestamp":"2017-11-08T01:05:30Z", "event":"FSDJump", "StarSystem":"GAT 1373", "StarPos":[18.750,-24.469,-75.500], "SystemAllegiance":"", "SystemEconomy":"$economy_None;", "SystemEconomy_Localised":"None", "SystemGovernment":"$government_None;", "SystemGovernment_Localised":"None", "SystemSecurity":"$GAlAXY_MAP_INFO_state_anarchy;", "SystemSecurity_Localised":"Anarchy", "Population":0, "JumpDist":11.651, "FuelUsed":3.449661, "FuelLevel":22.365973 }
{ "timestamp":"2017-11-08T01:05:30Z", "event":"Music", "MusicTrack":"Supercruise" }
{ "timestamp":"2017-11-08T01:05:50Z", "event":"Music", "MusicTrack":"GalaxyMap" }
{ "timestamp":"2017-11-08T01:06:33Z", "event":"Music", "MusicTrack":"Supercruise" }
{ "timestamp":"2017-11-08T01:07:25Z", "event":"StartJump", "JumpType":"Hyperspace", "StarSystem":"Trianguli Sector FM-V b2-6", "StarClass":"M" }
{ "timestamp":"2017-11-08T01:07:30Z", "event":"Music", "MusicTrack":"NoTrack" }
{ "timestamp":"2017-11-08T01:07:43Z", "event":"FSDJump", "StarSystem":"Trianguli Sector FM-V b2-6", "StarPos":[24.719,-16.219,-69.656], "SystemAllegiance":"", "SystemEconomy":"$economy_None;", "SystemEconomy_Localised":"None", "SystemGovernment":"$government_None;", "SystemGovernment_Localised":"None", "SystemSecurity":"$GAlAXY_MAP_INFO_state_anarchy;", "SystemSecurity_Localised":"Anarchy", "Population":0, "JumpDist":11.740, "FuelUsed":3.478857, "FuelLevel":18.887115 }
{ "timestamp":"2017-11-08T01:07:43Z", "event":"Music", "MusicTrack":"Supercruise" }
{ "timestamp":"2017-11-08T01:08:18Z", "event":"StartJump", "JumpType":"Hyperspace", "StarSystem":"Cosi", "StarClass":"K" }
{ "timestamp":"2017-11-08T01:08:23Z", "event":"Music", "MusicTrack":"NoTrack" }
{ "timestamp":"2017-11-08T01:08:37Z", "event":"FSDJump", "StarSystem":"Cosi", "StarPos":[24.750,-14.688,-70.750], "SystemAllegiance":"Federation", "SystemEconomy":"$economy_Agri;", "SystemEconomy_Localised":"Agriculture", "SystemGovernment":"$government_Corporate;", "SystemGovernment_Localised":"Corporate", "SystemSecurity":"$SYSTEM_SECURITY_high;", "SystemSecurity_Localised":"High Security", "Population":4405771136, "JumpDist":1.882, "FuelUsed":0.038812, "FuelLevel":18.848303, "Factions":[ { "Name":"Pilots Federation Local Branch", "FactionState":"None", "Government":"Democracy", "Influence":0.000000, "Allegiance":"PilotsFederation" }, { "Name":"Revolutionary Party of Cosi", "FactionState":"None", "Government":"Democracy", "Influence":0.199000, "Allegiance":"Federation" }, { "Name":"Kungurutii Gold Power Org", "FactionState":"None", "Government":"Corporate", "Influence":0.057000, "Allegiance":"Federation", "RecoveringStates":[ { "State":"Boom", "Trend":0 } ] }, { "Name":"Cosi Holdings", "FactionState":"None", "Government":"Corporate", "Influence":0.075000, "Allegiance":"Independent", "PendingStates":[ { "State":"CivilWar", "Trend":0 } ] }, { "Name":"Cosi Flag", "FactionState":"None", "Government":"Dictatorship", "Influence":0.055000, "Allegiance":"Independent", "RecoveringStates":[ { "State":"Famine", "Trend":-1 } ] }, { "Name":"Cosi Silver Raiders", "FactionState":"Famine", "Government":"Anarchy", "Influence":0.075000, "Allegiance":"Independent", "PendingStates":[ { "State":"CivilWar", "Trend":0 } ] }, { "Name":"Cosi PLC", "FactionState":"None", "Government":"Corporate", "Influence":0.539000, "Allegiance":"Federation" } ], "SystemFaction":"Cosi PLC" }
{ "timestamp":"2017-11-08T01:08:37Z", "event":"Music", "MusicTrack":"DestinationFromHyperspace" }
{ "timestamp":"2017-11-08T01:08:42Z", "event":"Music", "MusicTrack":"Supercruise" }
{ "timestamp":"2017-11-08T01:10:21Z", "event":"ApproachSettlement", "Name":"Jones Holdings ++" }
{ "timestamp":"2017-11-08T01:10:22Z", "event":"ApproachSettlement", "Name":"Crumey Legacy" }
{ "timestamp":"2017-11-08T01:10:23Z", "event":"ApproachSettlement", "Name":"Drummond Prospect" }
{ "timestamp":"2017-11-08T01:10:32Z", "event":"SupercruiseExit", "StarSystem":"Cosi", "Body":"Ising Hub", "BodyType":"Station" }
{ "timestamp":"2017-11-08T01:10:33Z", "event":"Music", "MusicTrack":"DestinationFromSupercruise" }
{ "timestamp":"2017-11-08T01:10:34Z", "event":"ReceiveText", "From":"Ising Hub", "Message":"$STATION_NoFireZone_entered;", "Message_Localised":"No fire zone entered.", "Channel":"npc" }
{ "timestamp":"2017-11-08T01:10:38Z", "event":"Music", "MusicTrack":"NoTrack" }
{ "timestamp":"2017-11-08T01:11:12Z", "event":"DockingRequested", "StationName":"Ising Hub" }
{ "timestamp":"2017-11-08T01:11:12Z", "event":"ReceiveText", "From":"Ising Hub", "Message":"$DockingChatter_Neutral;", "Message_Localised":"Ensure to observe starport protocol during your visit, pilot.", "Channel":"npc" }
{ "timestamp":"2017-11-08T01:11:13Z", "event":"ReceiveText", "From":"Ising Hub", "Message":"$STATION_docking_granted;", "Message_Localised":"Docking request granted.", "Channel":"npc" }
{ "timestamp":"2017-11-08T01:11:13Z", "event":"DockingGranted", "LandingPad":39, "StationName":"Ising Hub" }
{ "timestamp":"2017-11-08T01:11:53Z", "event":"Scanned", "ScanType":"Cargo" }
{ "timestamp":"2017-11-08T01:11:53Z", "event":"ReceiveText", "From":"$ShipName_Police_Federation;", "From_Localised":"Federal Security Service", "Message":"$Police_ThankYouPassedStopAndSearch05;", "Message_Localised":"Scan finished. Be about your business.", "Channel":"npc" }
{ "timestamp":"2017-11-08T01:12:05Z", "event":"Music", "MusicTrack":"Starport" }
{ "timestamp":"2017-11-08T01:13:00Z", "event":"Docked", "StationName":"Ising Hub", "StationType":"Orbis", "StarSystem":"Cosi", "StationFaction":"Cosi PLC", "StationGovernment":"$government_Corporate;", "StationGovernment_Localised":"Corporate", "StationAllegiance":"Federation", "StationServices":[ "Dock", "Autodock", "Commodities", "Contacts", "Exploration", "Missions", "Outfitting", "CrewLounge", "Rearm", "Refuel", "Repair", "Shipyard", "Tuning", "MissionsGenerated", "FlightController", "StationOperations", "Powerplay", "SearchAndRescue" ], "StationEconomy":"$economy_Refinery;", "StationEconomy_Localised":"Refinery", "DistFromStarLS":43.257133 }
{ "timestamp":"2017-11-08T01:13:23Z", "event":"RefuelAll", "Cost":666, "Amount":13.310616 }
{ "timestamp":"2017-11-08T01:13:46Z", "event":"MarketSell", "Type":"scrap", "Count":304, "SellPrice":78, "TotalSale":23712, "AvgPricePaid":30 }
{ "timestamp":"2017-11-08T01:15:33Z", "event":"Music", "MusicTrack":"GalaxyMap" }
{ "timestamp":"2017-11-08T01:16:14Z", "event":"Music", "MusicTrack":"Starport" }
{ "timestamp":"2017-11-08T01:16:47Z", "event":"MarketBuy", "Type":"polymers", "Count":304, "BuyPrice":66, "TotalCost":20064 }
{ "timestamp":"2017-11-08T01:17:59Z", "event":"Undocked", "StationName":"Ising Hub", "StationType":"Orbis" }
{ "timestamp":"2017-11-08T01:18:26Z", "event":"Music", "MusicTrack":"NoTrack" }
{ "timestamp":"2017-11-08T01:20:06Z", "event":"ReceiveText", "From":"Ising Hub", "Message":"$STATION_NoFireZone_exited;", "Message_Localised":"No fire zone left.", "Channel":"npc" }
{ "timestamp":"2017-11-08T01:20:23Z", "event":"Music", "MusicTrack":"GalaxyMap" }
{ "timestamp":"2017-11-08T01:20:24Z", "event":"Music", "MusicTrack":"NoTrack" }
{ "timestamp":"2017-11-08T01:21:02Z", "event":"StartJump", "JumpType":"Hyperspace", "StarSystem":"Flech", "StarClass":"K" }
{ "timestamp":"2017-11-08T01:21:21Z", "event":"FSDJump", "StarSystem":"Flech", "StarPos":[20.125,-10.344,-63.125], "SystemAllegiance":"Federation", "SystemEconomy":"$economy_Agri;", "SystemEconomy_Localised":"Agriculture", "SystemGovernment":"$government_Corporate;", "SystemGovernment_Localised":"Corporate", "SystemSecurity":"$SYSTEM_SECURITY_high;", "SystemSecurity_Localised":"High Security", "Population":1450024545, "JumpDist":9.920, "FuelUsed":2.369590, "FuelLevel":29.630411, "Factions":[ { "Name":"Pilots Federation Local Branch", "FactionState":"None", "Government":"Democracy", "Influence":0.000000, "Allegiance":"PilotsFederation" }, { "Name":"Flech Labour", "FactionState":"Boom", "Government":"Democracy", "Influence":0.297702, "Allegiance":"Independent" }, { "Name":"Kungurutii Gold Power Org", "FactionState":"None", "Government":"Corporate", "Influence":0.116883, "Allegiance":"Federation", "RecoveringStates":[ { "State":"Boom", "Trend":0 } ] }, { "Name":"Flech Systems", "FactionState":"Boom", "Government":"Corporate", "Influence":0.374625, "Allegiance":"Federation" }, { "Name":"League of Flech Conservatives", "FactionState":"None", "Government":"Dictatorship", "Influence":0.029970, "Allegiance":"Independent" }, { "Name":"Flech Silver Ring", "FactionState":"None", "Government":"Anarchy", "Influence":0.038961, "Allegiance":"Independent" }, { "Name":"Flech Bridge Systems", "FactionState":"None", "Government":"Corporate", "Influence":0.141858, "Allegiance":"Federation" } ], "SystemFaction":"Flech Systems", "FactionState":"Boom" }
{ "timestamp":"2017-11-08T01:21:21Z", "event":"Music", "MusicTrack":"Supercruise" }
{ "timestamp":"2017-11-08T01:21:48Z", "event":"StartJump", "JumpType":"Hyperspace", "StarSystem":"Tascheter Sector KH-V b2-5", "StarClass":"M" }
{ "timestamp":"2017-11-08T01:21:54Z", "event":"Music", "MusicTrack":"NoTrack" }
{ "timestamp":"2017-11-08T01:22:07Z", "event":"FSDJump", "StarSystem":"Tascheter Sector KH-V b2-5", "StarPos":[22.781,-15.906,-55.156], "SystemAllegiance":"", "SystemEconomy":"$economy_None;", "SystemEconomy_Localised":"None", "SystemGovernment":"$government_None;", "SystemGovernment_Localised":"None", "SystemSecurity":"$GAlAXY_MAP_INFO_state_anarchy;", "SystemSecurity_Localised":"Anarchy", "Population":0, "JumpDist":10.075, "FuelUsed":2.443969, "FuelLevel":27.186443 }
{ "timestamp":"2017-11-08T01:22:07Z", "event":"Music", "MusicTrack":"Supercruise" }
{ "timestamp":"2017-11-08T01:22:48Z", "event":"StartJump", "JumpType":"Hyperspace", "StarSystem":"Wachmann's Flare Star", "StarClass":"M" }
{ "timestamp":"2017-11-08T01:22:54Z", "event":"Music", "MusicTrack":"NoTrack" }
{ "timestamp":"2017-11-08T01:23:07Z", "event":"FSDJump", "StarSystem":"Wachmann's Flare Star", "StarPos":[19.000,-14.063,-46.313], "SystemAllegiance":"", "SystemEconomy":"$economy_None;", "SystemEconomy_Localised":"None", "SystemGovernment":"$government_None;", "SystemGovernment_Localised":"None", "SystemSecurity":"$GAlAXY_MAP_INFO_state_anarchy;", "SystemSecurity_Localised":"Anarchy", "Population":0, "JumpDist":9.793, "FuelUsed":2.263526, "FuelLevel":24.922918 }
{ "timestamp":"2017-11-08T01:23:07Z", "event":"Music", "MusicTrack":"Supercruise" }
{ "timestamp":"2017-11-08T01:23:48Z", "event":"StartJump", "JumpType":"Hyperspace", "StarSystem":"Aruru", "StarClass":"M" }
{ "timestamp":"2017-11-08T01:23:54Z", "event":"Music", "MusicTrack":"NoTrack" }
{ "timestamp":"2017-11-08T01:24:07Z", "event":"FSDJump", "StarSystem":"Aruru", "StarPos":[17.688,-13.813,-43.781], "SystemAllegiance":"Federation", "SystemEconomy":"$economy_Industrial;", "SystemEconomy_Localised":"Industrial", "SystemGovernment":"$government_Democracy;", "SystemGovernment_Localised":"Democracy", "SystemSecurity":"$SYSTEM_SECURITY_medium;", "SystemSecurity_Localised":"Medium Security", "Population":4718768, "JumpDist":2.862, "FuelUsed":0.110403, "FuelLevel":24.812515, "Factions":[ { "Name":"El Confederation", "FactionState":"None", "Government":"Confederacy", "Influence":0.026973, "Allegiance":"Federation", "PendingStates":[ { "State":"Boom", "Trend":0 } ] }, { "Name":"Wolf 1449 Limited", "FactionState":"None", "Government":"Corporate", "Influence":0.109890, "Allegiance":"Federation", "PendingStates":[ { "State":"Boom", "Trend":1 } ] }, { "Name":"Pilots Federation Local Branch", "FactionState":"None", "Government":"Democracy", "Influence":0.000000, "Allegiance":"PilotsFederation" }, { "Name":"Revolutionary Aruru Independents", "FactionState":"None", "Government":"Democracy", "Influence":0.496504, "Allegiance":"Federation", "RecoveringStates":[ { "State":"Boom", "Trend":0 } ] }, { "Name":"Aruru Constitution Party", "FactionState":"Boom", "Government":"Dictatorship", "Influence":0.068931, "Allegiance":"Independent" }, { "Name":"Aruru Jet Creative Corporation", "FactionState":"CivilWar", "Government":"Corporate", "Influence":0.103896, "Allegiance":"Independent" }, { "Name":"Aruru Blue Cartel", "FactionState":"Boom", "Government":"Anarchy", "Influence":0.112887, "Allegiance":"Independent" }, { "Name":"Natural Aruru Defence Force", "FactionState":"CivilWar", "Government":"Dictatorship", "Influence":0.080919, "Allegiance":"Independent" } ], "SystemFaction":"Revolutionary Aruru Independents" }
{ "timestamp":"2017-11-08T01:24:07Z", "event":"Music", "MusicTrack":"DestinationFromHyperspace" }
{ "timestamp":"2017-11-08T01:24:12Z", "event":"Music", "MusicTrack":"Supercruise" }
{ "timestamp":"2017-11-08T01:25:51Z", "event":"SupercruiseExit", "StarSystem":"Aruru", "Body":"Aruru 1", "BodyType":"Planet" }
{ "timestamp":"2017-11-08T01:25:51Z", "event":"Music", "MusicTrack":"Exploration" }
{ "timestamp":"2017-11-08T01:26:43Z", "event":"StartJump", "JumpType":"Supercruise" }
{ "timestamp":"2017-11-08T01:26:48Z", "event":"SupercruiseEntry", "StarSystem":"Aruru" }
{ "timestamp":"2017-11-08T01:26:48Z", "event":"Music", "MusicTrack":"Supercruise" }
{ "timestamp":"2017-11-08T01:26:59Z", "event":"ReceiveText", "From":"$npc_name_decorate:#name=Truls;", "From_Localised":"Truls", "Message":"$Pirate_HunterHostileSC_Relevant04;", "Message_Localised":"Big haul like that, surprised you made it this far.", "Channel":"npc" }
{ "timestamp":"2017-11-08T01:27:03Z", "event":"SupercruiseExit", "StarSystem":"Aruru", "Body":"Ford Station", "BodyType":"Station" }
{ "timestamp":"2017-11-08T01:27:03Z", "event":"Music", "MusicTrack":"DestinationFromSupercruise" }
{ "timestamp":"2017-11-08T01:27:08Z", "event":"Music", "MusicTrack":"NoTrack" }
{ "timestamp":"2017-11-08T01:27:13Z", "event":"ReceiveText", "From":"Ford Station", "Message":"$STATION_NoFireZone_entered;", "Message_Localised":"No fire zone entered.", "Channel":"npc" }
{ "timestamp":"2017-11-08T01:27:36Z", "event":"DockingRequested", "StationName":"Ford Station" }
{ "timestamp":"2017-11-08T01:27:36Z", "event":"ReceiveText", "From":"Ford Station", "Message":"$DockingChatter_Neutral;", "Message_Localised":"Ensure to observe starport protocol during your visit, pilot.", "Channel":"npc" }
{ "timestamp":"2017-11-08T01:27:37Z", "event":"ReceiveText", "From":"Ford Station", "Message":"$STATION_docking_granted;", "Message_Localised":"Docking request granted.", "Channel":"npc" }
{ "timestamp":"2017-11-08T01:27:37Z", "event":"DockingGranted", "LandingPad":40, "StationName":"Ford Station" }
{ "timestamp":"2017-11-08T01:28:18Z", "event":"Scanned", "ScanType":"Cargo" }
{ "timestamp":"2017-11-08T01:28:18Z", "event":"ReceiveText", "From":"$ShipName_Police_Federation;", "From_Localised":"Federal Security Service", "Message":"$Police_ThankYouPassedStopAndSearch04;", "Message_Localised":"No crimes detected. You're free to go, Commander.", "Channel":"npc" }
{ "timestamp":"2017-11-08T01:28:29Z", "event":"Music", "MusicTrack":"Starport" }
{ "timestamp":"2017-11-08T01:29:05Z", "event":"Docked", "StationName":"Ford Station", "StationType":"Bernal", "StarSystem":"Aruru", "StationFaction":"Revolutionary Aruru Independents", "StationGovernment":"$government_Democracy;", "StationGovernment_Localised":"Democracy", "StationAllegiance":"Federation", "StationServices":[ "Dock", "Autodock", "BlackMarket", "Commodities", "Contacts", "Exploration", "Missions", "Outfitting", "CrewLounge", "Rearm", "Refuel", "Repair", "Shipyard", "Tuning", "MissionsGenerated", "FlightController", "StationOperations", "Powerplay", "SearchAndRescue" ], "StationEconomy":"$economy_Industrial;", "StationEconomy_Localised":"Industrial", "DistFromStarLS":256.113953 }
{ "timestamp":"2017-11-08T01:29:07Z", "event":"Music", "MusicTrack":"GalaxyMap" }
{ "timestamp":"2017-11-08T01:29:09Z", "event":"Music", "MusicTrack":"Starport" }
{ "timestamp":"2017-11-08T01:29:23Z", "event":"RefuelAll", "Cost":368, "Amount":7.332985 }
{ "timestamp":"2017-11-08T01:29:24Z", "event":"RepairAll", "Cost":701 }
{ "timestamp":"2017-11-08T01:30:03Z", "event":"ReceiveText", "From":"$npc_name_decorate:#name=Alex Labaj;", "From_Localised":"Alex Labaj", "Message":"$Commuter_AuthorityScan04;", "Message_Localised":"Is this really necessary?", "Channel":"npc" }
{ "timestamp":"2017-11-08T01:30:22Z", "event":"MarketSell", "Type":"polymers", "Count":304, "SellPrice":303, "TotalSale":92112, "AvgPricePaid":66 }
{ "timestamp":"2017-11-08T01:30:29Z", "event":"Music", "MusicTrack":"GalaxyMap" }
{ "timestamp":"2017-11-08T01:32:51Z", "event":"Music", "MusicTrack":"Starport" }
{ "timestamp":"2017-11-08T01:33:05Z", "event":"MarketBuy", "Type":"basicmedicines", "Count":304, "BuyPrice":214, "TotalCost":65056 }
{ "timestamp":"2017-11-08T01:34:08Z", "event":"Music", "MusicTrack":"GalaxyMap" }
{ "timestamp":"2017-11-08T01:34:15Z", "event":"Music", "MusicTrack":"Starport" }
{ "timestamp":"2017-11-08T01:34:21Z", "event":"ReceiveText", "From":"$npc_name_decorate:#name=Tad;", "From_Localised":"Tad", "Message":"$Commuter_AuthorityScan08;", "Message_Localised":"You've got no right to scan me, officer!", "Channel":"npc" }
{ "timestamp":"2017-11-08T01:35:52Z", "event":"Music", "MusicTrack":"GalaxyMap" }
{ "timestamp":"2017-11-08T01:35:52Z", "event":"Music", "MusicTrack":"Starport" }
{ "timestamp":"2017-11-08T01:35:54Z", "event":"Music", "MusicTrack":"GalaxyMap" }
{ "timestamp":"2017-11-08T01:35:58Z", "event":"Music", "MusicTrack":"Starport" }
{ "timestamp":"2017-11-08T01:36:25Z", "event":"Undocked", "StationName":"Ford Station", "StationType":"Bernal" }
{ "timestamp":"2017-11-08T01:36:52Z", "event":"Music", "MusicTrack":"NoTrack" }
{ "timestamp":"2017-11-08T01:37:55Z", "event":"StartJump", "JumpType":"Hyperspace", "StarSystem":"LP 658-72", "StarClass":"M" }
{ "timestamp":"2017-11-08T01:37:57Z", "event":"ReceiveText", "From":"Ford Station", "Message":"$STATION_NoFireZone_exited;", "Message_Localised":"No fire zone left.", "Channel":"npc" }
{ "timestamp":"2017-11-08T01:38:14Z", "event":"FSDJump", "StarSystem":"LP 658-72", "StarPos":[20.063,-14.313,-33.125], "SystemAllegiance":"", "SystemEconomy":"$economy_None;", "SystemEconomy_Localised":"None", "SystemGovernment":"$government_None;", "SystemGovernment_Localised":"None", "SystemSecurity":"$GAlAXY_MAP_INFO_state_anarchy;", "SystemSecurity_Localised":"Anarchy", "Population":0, "JumpDist":10.929, "FuelUsed":3.004650, "FuelLevel":28.995350 }
{ "timestamp":"2017-11-08T01:38:14Z", "event":"Music", "MusicTrack":"Supercruise" }
{ "timestamp":"2017-11-08T01:38:47Z", "event":"StartJump", "JumpType":"Hyperspace", "StarSystem":"Asgarage", "StarClass":"M" }
{ "timestamp":"2017-11-08T01:38:52Z", "event":"Music", "MusicTrack":"NoTrack" }
{ "timestamp":"2017-11-08T01:39:06Z", "event":"FSDJump", "StarSystem":"Asgarage", "StarPos":[15.156,-10.469,-23.063], "SystemAllegiance":"Federation", "SystemEconomy":"$economy_Agri;", "SystemEconomy_Localised":"Agriculture", "SystemGovernment":"$government_Corporate;", "SystemGovernment_Localised":"Corporate", "SystemSecurity":"$SYSTEM_SECURITY_high;", "SystemSecurity_Localised":"High Security", "Population":3188682436, "JumpDist":11.836, "FuelUsed":3.620305, "FuelLevel":25.375046, "Factions":[ { "Name":"New Gamma Leporis Alliance", "FactionState":"Lockdown", "Government":"Confederacy", "Influence":0.033000, "Allegiance":"Federation", "PendingStates":[ { "State":"Boom", "Trend":1 }, { "State":"Outbreak", "Trend":0 } ] }, { "Name":"Pilots Federation Local Branch", "FactionState":"None", "Government":"Democracy", "Influence":0.000000, "Allegiance":"PilotsFederation" }, { "Name":"Revolutionary Party of Asgarage", "FactionState":"None", "Government":"Democracy", "Influence":0.044000, "Allegiance":"Federation", "PendingStates":[ { "State":"Outbreak", "Trend":0 } ] }, { "Name":"Asgarage Gold Life Inc", "FactionState":"Boom", "Government":"Corporate", "Influence":0.288000, "Allegiance":"Federation", "PendingStates":[ { "State":"CivilUnrest", "Trend":0 }, { "State":"Lockdown", "Trend":0 }, { "State":"Outbreak", "Trend":0 } ] }, { "Name":"Regulatory State of Asgarage", "FactionState":"Boom", "Government":"Dictatorship", "Influence":0.114000, "Allegiance":"Independent", "PendingStates":[ { "State":"Outbreak", "Trend":1 } ] }, { "Name":"Asgarage Life Interstellar", "FactionState":"Outbreak", "Government":"Corporate", "Influence":0.165000, "Allegiance":"Federation", "RecoveringStates":[ { "State":"Boom", "Trend":0 } ] }, { "Name":"Asgarage Gold Cartel", "FactionState":"None", "Government":"Anarchy", "Influence":0.038000, "Allegiance":"Independent" }, { "Name":"Earth Defense Fleet", "FactionState":"CivilUnrest", "Government":"Corporate", "Influence":0.318000, "Allegiance":"Federation", "PendingStates":[ { "State":"Boom", "Trend":1 }, { "State":"Lockdown", "Trend":-1 } ] } ], "SystemFaction":"Asgarage Gold Life Inc", "FactionState":"Boom" }
{ "timestamp":"2017-11-08T01:39:06Z", "event":"Music", "MusicTrack":"Supercruise" }
{ "timestamp":"2017-11-08T01:39:52Z", "event":"StartJump", "JumpType":"Hyperspace", "StarSystem":"LHS 1723", "StarClass":"M" }
{ "timestamp":"2017-11-08T01:39:57Z", "event":"Music", "MusicTrack":"NoTrack" }
{ "timestamp":"2017-11-08T01:40:10Z", "event":"FSDJump", "StarSystem":"LHS 1723", "StarPos":[7.875,-9.250,-15.906], "SystemAllegiance":"", "SystemEconomy":"$economy_None;", "SystemEconomy_Localised":"None", "SystemGovernment":"$government_None;", "SystemGovernment_Localised":"None", "SystemSecurity":"$GAlAXY_MAP_INFO_state_anarchy;", "SystemSecurity_Localised":"Anarchy", "Population":0, "JumpDist":10.282, "FuelUsed":2.536335, "FuelLevel":22.838711 }
{ "timestamp":"2017-11-08T01:40:11Z", "event":"Music", "MusicTrack":"Supercruise" }
{ "timestamp":"2017-11-08T01:40:46Z", "event":"StartJump", "JumpType":"Hyperspace", "StarSystem":"Lung", "StarClass":"K" }
{ "timestamp":"2017-11-08T01:40:52Z", "event":"Music", "MusicTrack":"NoTrack" }
{ "timestamp":"2017-11-08T01:41:05Z", "event":"FSDJump", "StarSystem":"Lung", "StarPos":[3.719,-6.531,-13.531], "SystemAllegiance":"Federation", "SystemEconomy":"$economy_Refinery;", "SystemEconomy_Localised":"Refinery", "SystemGovernment":"$government_Democracy;", "SystemGovernment_Localised":"Democracy", "SystemSecurity":"$SYSTEM_SECURITY_medium;", "SystemSecurity_Localised":"Medium Security", "Population":608020, "JumpDist":5.505, "FuelUsed":0.544770, "FuelLevel":22.293941, "Factions":[ { "Name":"Pilots Federation Local Branch", "FactionState":"None", "Government":"Democracy", "Influence":0.000000, "Allegiance":"PilotsFederation" }, { "Name":"Kokary Liberals", "FactionState":"War", "Government":"Democracy", "Influence":0.124875, "Allegiance":"Federation", "PendingStates":[ { "State":"CivilUnrest", "Trend":0 }, { "State":"Lockdown", "Trend":0 } ], "RecoveringStates":[ { "State":"Boom", "Trend":0 } ] }, { "Name":"Lung Industry", "FactionState":"Boom", "Government":"Corporate", "Influence":0.190809, "Allegiance":"Federation" }, { "Name":"Confederacy of Omicron-2 Eridani", "FactionState":"Bust", "Government":"Confederacy", "Influence":0.228771, "Allegiance":"Federation", "PendingStates":[ { "State":"Boom", "Trend":1 } ] }, { "Name":"Brothers of Lung", "FactionState":"CivilWar", "Government":"Anarchy", "Influence":0.033966, "Allegiance":"Independent" }, { "Name":"Green Party of Lung", "FactionState":"CivilUnrest", "Government":"Democracy", "Influence":0.286713, "Allegiance":"Federation", "PendingStates":[ { "State":"Boom", "Trend":1 }, { "State":"Bust", "Trend":-1 }, { "State":"Lockdown", "Trend":-1 } ] }, { "Name":"Bureau of Lung Nationalists", "FactionState":"CivilWar", "Government":"Dictatorship", "Influence":0.037962, "Allegiance":"Independent" }, { "Name":"Lung Dynamic Exchange", "FactionState":"War", "Government":"Corporate", "Influence":0.096903, "Allegiance":"Federation", "RecoveringStates":[ { "State":"Boom", "Trend":0 } ] } ], "SystemFaction":"Green Party of Lung", "FactionState":"CivilUnrest" }
{ "timestamp":"2017-11-08T01:41:05Z", "event":"Music", "MusicTrack":"DestinationFromHyperspace" }
{ "timestamp":"2017-11-08T01:41:10Z", "event":"Music", "MusicTrack":"Supercruise" }
{ "timestamp":"2017-11-08T01:41:43Z", "event":"Music", "MusicTrack":"SystemMap" }
{ "timestamp":"2017-11-08T01:42:47Z", "event":"Music", "MusicTrack":"GalaxyMap" }
{ "timestamp":"2017-11-08T01:43:03Z", "event":"Music", "MusicTrack":"Supercruise" }
{ "timestamp":"2017-11-08T01:43:23Z", "event":"Music", "MusicTrack":"GalaxyMap" }
{ "timestamp":"2017-11-08T01:44:26Z", "event":"Music", "MusicTrack":"Supercruise" }
{ "timestamp":"2017-11-08T01:45:06Z", "event":"Friends", "Status":"Online", "Name":"Arbitration" }
{ "timestamp":"2017-11-08T01:46:04Z", "event":"ReceiveText", "From":"$npc_name_decorate:#name=Mephesar;", "From_Localised":"Mephesar", "Message":"$Protester_Patrol02;", "Message_Localised":"Oh no, we won't go! Oh no, we won't go!!", "Channel":"npc" }
{ "timestamp":"2017-11-08T01:46:35Z", "event":"ReceiveText", "From":"$npc_name_decorate:#name=Mephesar;", "From_Localised":"Mephesar", "Message":"$Protester_Patrol02;", "Message_Localised":"Oh no, we won't go! Oh no, we won't go!!", "Channel":"npc" }
{ "timestamp":"2017-11-08T01:46:47Z", "event":"SupercruiseExit", "StarSystem":"Lung", "Body":"Hopkins Landing", "BodyType":"Station" }
{ "timestamp":"2017-11-08T01:46:47Z", "event":"Music", "MusicTrack":"DestinationFromSupercruise" }
{ "timestamp":"2017-11-08T01:46:52Z", "event":"Music", "MusicTrack":"NoTrack" }
{ "timestamp":"2017-11-08T01:46:57Z", "event":"ReceiveText", "From":"Hopkins Landing", "Message":"$STATION_NoFireZone_entered;", "Message_Localised":"No fire zone entered.", "Channel":"npc" }
{ "timestamp":"2017-11-08T01:47:04Z", "event":"DockingRequested", "StationName":"Hopkins Landing" }
{ "timestamp":"2017-11-08T01:47:04Z", "event":"ReceiveText", "From":"Hopkins Landing", "Message":"$DockingChatter_Neutral;", "Message_Localised":"Ensure to observe starport protocol during your visit, pilot.", "Channel":"npc" }
{ "timestamp":"2017-11-08T01:47:05Z", "event":"ReceiveText", "From":"Hopkins Landing", "Message":"$STATION_docking_granted;", "Message_Localised":"Docking request granted.", "Channel":"npc" }
{ "timestamp":"2017-11-08T01:47:05Z", "event":"DockingGranted", "LandingPad":24, "StationName":"Hopkins Landing" }
{ "timestamp":"2017-11-08T01:47:43Z", "event":"Music", "MusicTrack":"Starport" }
{ "timestamp":"2017-11-08T01:48:19Z", "event":"Docked", "StationName":"Hopkins Landing", "StationType":"Coriolis", "StarSystem":"Lung", "StationFaction":"Green Party of Lung", "FactionState":"CivilUnrest", "StationGovernment":"$government_Democracy;", "StationGovernment_Localised":"Democracy", "StationAllegiance":"Federation", "StationServices":[ "Dock", "Autodock", "BlackMarket", "Commodities", "Contacts", "Exploration", "Missions", "Outfitting", "CrewLounge", "Rearm", "Refuel", "Repair", "Shipyard", "Tuning", "MissionsGenerated", "FlightController", "StationOperations", "Powerplay", "SearchAndRescue" ], "StationEconomy":"$economy_Refinery;", "StationEconomy_Localised":"Refinery", "DistFromStarLS":91.153282 }
{ "timestamp":"2017-11-08T01:49:13Z", "event":"RefuelAll", "Cost":497, "Amount":9.906903 }
{ "timestamp":"2017-11-08T01:49:34Z", "event":"MarketSell", "Type":"basicmedicines", "Count":304, "SellPrice":246, "TotalSale":74784, "AvgPricePaid":214 }
{ "timestamp":"2017-11-08T01:50:05Z", "event":"Music", "MusicTrack":"GalaxyMap" }
{ "timestamp":"2017-11-08T01:50:29Z", "event":"Music", "MusicTrack":"Starport" }
{ "timestamp":"2017-11-08T01:50:35Z", "event":"MarketBuy", "Type":"militarygradefabrics", "Count":304, "BuyPrice":444, "TotalCost":134976 }
{ "timestamp":"2017-11-08T01:50:47Z", "event":"Music", "MusicTrack":"GalaxyMap" }
{ "timestamp":"2017-11-08T01:50:47Z", "event":"Music", "MusicTrack":"Starport" }
{ "timestamp":"2017-11-08T01:50:49Z", "event":"Music", "MusicTrack":"GalaxyMap" }
{ "timestamp":"2017-11-08T01:51:01Z", "event":"Music", "MusicTrack":"Starport" }
{ "timestamp":"2017-11-08T01:51:09Z", "event":"Music", "MusicTrack":"GalaxyMap" }
{ "timestamp":"2017-11-08T01:51:10Z", "event":"Music", "MusicTrack":"Starport" }
{ "timestamp":"2017-11-08T01:51:34Z", "event":"Undocked", "StationName":"Hopkins Landing", "StationType":"Coriolis" }
{ "timestamp":"2017-11-08T01:51:59Z", "event":"Music", "MusicTrack":"NoTrack" }
{ "timestamp":"2017-11-08T01:52:24Z", "event":"Scanned", "ScanType":"Cargo" }
{ "timestamp":"2017-11-08T01:52:24Z", "event":"ReceiveText", "From":"$ShipName_Police_Federation;", "From_Localised":"Federal Security Service", "Message":"$Police_ThankYouPassedStopAndSearch03;", "Message_Localised":"All clear. Carry on, pilot.", "Channel":"npc" }
{ "timestamp":"2017-11-08T01:52:42Z", "event":"StartJump", "JumpType":"Hyperspace", "StarSystem":"Yin Sector CL-Y d127", "StarClass":"K" }
{ "timestamp":"2017-11-08T01:52:43Z", "event":"ReceiveText", "From":"Hopkins Landing", "Message":"$STATION_NoFireZone_exited;", "Message_Localised":"No fire zone left.", "Channel":"npc" }
{ "timestamp":"2017-11-08T01:53:01Z", "event":"FSDJump", "StarSystem":"Yin Sector CL-Y d127", "StarPos":[1.063,3.875,-9.000], "SystemAllegiance":"", "SystemEconomy":"$economy_None;", "SystemEconomy_Localised":"None", "SystemGovernment":"$government_None;", "SystemGovernment_Localised":"None", "SystemSecurity":"$GAlAXY_MAP_INFO_state_anarchy;", "SystemSecurity_Localised":"Anarchy", "Population":0, "JumpDist":11.657, "FuelUsed":3.518558, "FuelLevel":28.481441 }
{ "timestamp":"2017-11-08T01:53:01Z", "event":"Music", "MusicTrack":"Supercruise" }
{ "timestamp":"2017-11-08T01:54:02Z", "event":"StartJump", "JumpType":"Hyperspace", "StarSystem":"Wolf 359", "StarClass":"M" }
{ "timestamp":"2017-11-08T01:54:07Z", "event":"Music", "MusicTrack":"NoTrack" }
{ "timestamp":"2017-11-08T01:54:20Z", "event":"FSDJump", "StarSystem":"Wolf 359", "StarPos":[3.875,6.469,-1.906], "SystemAllegiance":"Independent", "SystemEconomy":"$economy_Industrial;", "SystemEconomy_Localised":"Industrial", "SystemGovernment":"$government_Cooperative;", "SystemGovernment_Localised":"Cooperative", "SystemSecurity":"$SYSTEM_SECURITY_medium;", "SystemSecurity_Localised":"Medium Security", "Population":129999, "JumpDist":8.060, "FuelUsed":1.409857, "FuelLevel":27.071585, "Factions":[ { "Name":"Social Ross 128 Coalition", "FactionState":"War", "Government":"Confederacy", "Influence":0.050545, "Allegiance":"Federation", "PendingStates":[ { "State":"Boom", "Trend":1 }, { "State":"CivilUnrest", "Trend":-1 }, { "State":"Lockdown", "Trend":0 } ] }, { "Name":"Pilots Federation Local Branch", "FactionState":"None", "Government":"Democracy", "Influence":0.000000, "Allegiance":"PilotsFederation" }, { "Name":"Green Party of WISE 1506+7027", "FactionState":"Boom", "Government":"Democracy", "Influence":0.127849, "Allegiance":"Federation" }, { "Name":"Wolf 359 Blue Travel Commodities", "FactionState":"War", "Government":"Corporate", "Influence":0.017839, "Allegiance":"Independent", "PendingStates":[ { "State":"Boom", "Trend":1 } ] }, { "Name":"Wolf 359 Jet Camorra", "FactionState":"Bust", "Government":"Anarchy", "Influence":0.043608, "Allegiance":"Independent", "PendingStates":[ { "State":"Boom", "Trend":1 }, { "State":"Lockdown", "Trend":1 } ] }, { "Name":"Wolf 359 Conservatives", "FactionState":"Lockdown", "Government":"Dictatorship", "Influence":0.009911, "Allegiance":"Independent", "PendingStates":[ { "State":"CivilUnrest", "Trend":0 }, { "State":"Famine", "Trend":1 } ] }, { "Name":"Union of Wolf 359 Labour", "FactionState":"Bust", "Government":"Democracy", "Influence":0.243806, "Allegiance":"Federation", "PendingStates":[ { "State":"Boom", "Trend":0 }, { "State":"Lockdown", "Trend":1 } ], "RecoveringStates":[ { "State":"CivilUnrest", "Trend":1 } ] }, { "Name":"Hutton Orbital Truckers Co-Operative", "FactionState":"Boom", "Government":"Cooperative", "Influence":0.506442, "Allegiance":"Independent", "PendingStates":[ { "State":"Outbreak", "Trend":0 } ] } ], "SystemFaction":"Hutton Orbital Truckers Co-Operative", "FactionState":"Boom" }
{ "timestamp":"2017-11-08T01:54:20Z", "event":"Music", "MusicTrack":"Supercruise" }
{ "timestamp":"2017-11-08T01:54:35Z", "event":"Music", "MusicTrack":"GalaxyMap" }
{ "timestamp":"2017-11-08T01:55:04Z", "event":"Music", "MusicTrack":"Supercruise" }
{ "timestamp":"2017-11-08T01:55:42Z", "event":"StartJump", "JumpType":"Hyperspace", "StarSystem":"Wolf 424", "StarClass":"M" }
{ "timestamp":"2017-11-08T01:55:48Z", "event":"Music", "MusicTrack":"NoTrack" }
{ "timestamp":"2017-11-08T01:56:01Z", "event":"FSDJump", "StarSystem":"Wolf 424", "StarPos":[4.219,13.281,1.438], "SystemAllegiance":"Federation", "SystemEconomy":"$economy_Industrial;", "SystemEconomy_Localised":"Industrial", "SystemGovernment":"$government_Democracy;", "SystemGovernment_Localised":"Democracy", "SystemSecurity":"$SYSTEM_SECURITY_medium;", "SystemSecurity_Localised":"Medium Security", "Population":24442682, "JumpDist":7.597, "FuelUsed":1.214452, "FuelLevel":25.857134, "Factions":[ { "Name":"Pilots Federation Local Branch", "FactionState":"None", "Government":"Democracy", "Influence":0.000000, "Allegiance":"PilotsFederation" }, { "Name":"Workers of Flousop Progressive Party", "FactionState":"None", "Government":"Democracy", "Influence":0.206000, "Allegiance":"Federation", "PendingStates":[ { "State":"Boom", "Trend":1 }, { "State":"CivilUnrest", "Trend":0 }, { "State":"Lockdown", "Trend":0 } ] }, { "Name":"Wolf 424 Future", "FactionState":"None", "Government":"Democracy", "Influence":0.353000, "Allegiance":"Federation", "PendingStates":[ { "State":"Boom", "Trend":1 } ] }, { "Name":"Traditional Wolf 424 Autocracy", "FactionState":"CivilWar", "Government":"Dictatorship", "Influence":0.060000, "Allegiance":"Independent" }, { "Name":"Wolf 424 Ltd", "FactionState":"Boom", "Government":"Corporate", "Influence":0.298000, "Allegiance":"Federation" }, { "Name":"Wolf 424 Law Party", "FactionState":"CivilWar", "Government":"Dictatorship", "Influence":0.017000, "Allegiance":"Independent" }, { "Name":"Wolf 424 Purple Organisation", "FactionState":"CivilWar", "Government":"Anarchy", "Influence":0.054000, "Allegiance":"Independent" }, { "Name":"True Federal Corporation", "FactionState":"CivilWar", "Government":"Corporate", "Influence":0.012000, "Allegiance":"Independent" } ], "SystemFaction":"Wolf 424 Future" }
{ "timestamp":"2017-11-08T01:56:01Z", "event":"Music", "MusicTrack":"DestinationFromHyperspace" }
{ "timestamp":"2017-11-08T01:56:06Z", "event":"Music", "MusicTrack":"Supercruise" }
{ "timestamp":"2017-11-08T01:58:08Z", "event":"Friends", "Status":"Online", "Name":"Arbitration" }
{ "timestamp":"2017-11-08T01:59:28Z", "event":"ApproachSettlement", "Name":"Levchenko Settlement +++" }
{ "timestamp":"2017-11-08T01:59:28Z", "event":"ApproachSettlement", "Name":"Arnarson Landing" }
{ "timestamp":"2017-11-08T01:59:28Z", "event":"ApproachSettlement", "Name":"Webb Holdings" }
{ "timestamp":"2017-11-08T01:59:28Z", "event":"ApproachSettlement", "Name":"Wheelock's Progress +" }
{ "timestamp":"2017-11-08T01:59:31Z", "event":"SupercruiseExit", "StarSystem":"Wolf 424", "Body":"Wolf 424 A 1", "BodyType":"Planet" }
{ "timestamp":"2017-11-08T01:59:32Z", "event":"Music", "MusicTrack":"Exploration" }
{ "timestamp":"2017-11-08T02:00:23Z", "event":"StartJump", "JumpType":"Supercruise" }
{ "timestamp":"2017-11-08T02:00:23Z", "event":"ApproachSettlement", "Name":"Webb Holdings" }
{ "timestamp":"2017-11-08T02:00:23Z", "event":"ApproachSettlement", "Name":"Wheelock's Progress +" }
{ "timestamp":"2017-11-08T02:00:23Z", "event":"ApproachSettlement", "Name":"Levchenko Settlement +++" }
{ "timestamp":"2017-11-08T02:00:23Z", "event":"ApproachSettlement", "Name":"Arnarson Landing" }
{ "timestamp":"2017-11-08T02:00:28Z", "event":"SupercruiseEntry", "StarSystem":"Wolf 424" }
{ "timestamp":"2017-11-08T02:00:28Z", "event":"Music", "MusicTrack":"Supercruise" }
