{ "timestamp":"2017-06-13T19:32:30Z", "event":"Fileheader", "part":1, "language":"English\\UK", "gameversion":"2.3.02", "build":"r143095/r0 " }
{ "timestamp":"2017-06-13T19:35:21Z", "event":"Cargo", "Inventory":[  ] }
{ "timestamp":"2017-06-13T19:35:21Z", "event":"Passengers", "Manifest":[ { "MissionID":152882816, "Type":"Tourist", "VIP":true, "Wanted":false, "Count":4 } ] }
{ "timestamp":"2017-06-13T19:35:21Z", "event":"Loadout", "Ship":"Type6", "ShipID":10, "ShipName":"sleipnir", "ShipIdent":"TS-001", "Modules":[ { "Slot":"Armour", "Item":"Type6_Armour_Grade1", "On":true, "Priority":1, "Health":1.000000, "Value":0 }, { "Slot":"PowerPlant", "Item":"Int_Powerplant_Size2_Class5", "On":true, "Priority":1, "Health":1.000000, "Value":160224 }, { "Slot":"MainEngines", "Item":"Int_Engine_Size4_Class2", "On":true, "Priority":0, "Health":1.000000, "Value":59633 }, { "Slot":"FrameShiftDrive", "Item":"Int_Hyperdrive_Size4_Class5", "On":true, "Priority":0, "Health":1.000000, "Value":1610080 }, { "Slot":"LifeSupport", "Item":"Int_LifeSupport_Size2_Class2", "On":true, "Priority":0, "Health":1.000000, "Value":3619 }, { "Slot":"PowerDistributor", "Item":"Int_PowerDistributor_Size3_Class2", "On":true, "Priority":0, "Health":1.000000, "Value":10133 }, { "Slot":"Radar", "Item":"Int_Sensors_Size2_Class2", "On":true, "Priority":0, "Health":1.000000, "Value":3619 }, { "Slot":"FuelTank", "Item":"Int_FuelTank_Size4_Class3", "On":true, "Priority":1, "Health":1.000000, "Value":24734 }, { "Slot":"Decal1", "Item":"Decal_Trade_Peddler", "On":true, "Priority":1, "Health":1.000000, "Value":0 }, { "Slot":"Decal2", "Item":"Decal_Combat_Novice", "On":true, "Priority":1, "Health":1.000000, "Value":0 }, { "Slot":"Decal3", "Item":"Decal_Explorer_Scout", "On":true, "Priority":1, "Health":1.000000, "Value":0 }, { "Slot":"Slot01_Size5", "Item":"Int_PassengerCabin_Size5_Class3", "On":true, "Priority":1, "AmmoInClip":6, "Health":1.000000, "Value":340526 }, { "Slot":"Slot02_Size5", "Item":"Int_PassengerCabin_Size5_Class3", "On":true, "Priority":1, "AmmoInClip":6, "Health":1.000000, "Value":340526 }, { "Slot":"Slot03_Size4", "Item":"Int_BuggyBay_Size4_Class2", "On":true, "Priority":0, "Health":1.000000, "Value":86400 }, { "Slot":"Slot04_Size4", "Item":"Int_ShieldGenerator_Size3_Class2", "On":true, "Priority":0, "Health":1.000000, "Value":18812 }, { "Slot":"Slot05_Size3", "Item":"Int_StellarBodyDiscoveryScanner_Advanced", "On":true, "Priority":1, "Health":1.000000, "Value":1545000 }, { "Slot":"Slot06_Size2", "Item":"Int_DockingComputer_Standard", "On":true, "Priority":0, "Health":1.000000, "Value":4500 }, { "Slot":"Slot07_Size2", "Item":"Int_FuelScoop_Size2_Class5", "On":true, "Priority":0, "Health":1.000000, "Value":284844 }, { "Slot":"PlanetaryApproachSuite", "Item":"Int_PlanetApproachSuite", "On":true, "Priority":1, "Health":1.000000, "Value":500 }, { "Slot":"Bobble10", "Item":"Bobble_PilotMale", "On":true, "Priority":1, "Health":1.000000, "Value":0 }, { "Slot":"ShipCockpit", "Item":"Type6_Cockpit", "On":true, "Priority":1, "Health":1.000000, "Value":0 }, { "Slot":"CargoHatch", "Item":"ModularCargoBayDoor", "On":true, "Priority":1, "Health":1.000000, "Value":0 } ] }
{ "timestamp":"2017-06-13T19:35:21Z", "event":"Materials", "Raw":[ { "Name":"nickel", "Count":13 }, { "Name":"iron", "Count":10 }, { "Name":"carbon", "Count":5 }, { "Name":"sulphur", "Count":6 }, { "Name":"germanium", "Count":1 }, { "Name":"chromium", "Count":1 }, { "Name":"phosphorus", "Count":3 } ], "Manufactured":[ { "Name":"refinedfocuscrystals", "Count":1 }, { "Name":"galvanisingalloys", "Count":4 }, { "Name":"heatdispersionplate", "Count":4 }, { "Name":"fedcorecomposites", "Count":2 }, { "Name":"compoundshielding", "Count":2 }, { "Name":"focuscrystals", "Count":1 }, { "Name":"chemicalmanipulators", "Count":1 }, { "Name":"uncutfocuscrystals", "Count":1 }, { "Name":"hybridcapacitors", "Count":1 }, { "Name":"heatconductionwiring", "Count":2 }, { "Name":"gridresistors", "Count":4 }, { "Name":"mechanicalequipment", "Count":1 }, { "Name":"conductivecomponents", "Count":6 } ], "Encoded":[ { "Name":"emissiondata", "Count":8 }, { "Name":"shieldpatternanalysis", "Count":6 }, { "Name":"scandatabanks", "Count":5 }, { "Name":"shielddensityreports", "Count":24 }, { "Name":"shieldcyclerecordings", "Count":26 }, { "Name":"decodedemissiondata", "Count":7 }, { "Name":"bulkscandata", "Count":8 }, { "Name":"archivedemissiondata", "Count":4 }, { "Name":"encryptedfiles", "Count":1 }, { "Name":"scrambledemissiondata", "Count":1 }, { "Name":"scanarchives", "Count":3 }, { "Name":"encodedscandata", "Count":3 }, { "Name":"compactemissionsdata", "Count":6 }, { "Name":"hyperspacetrajectories", "Count":6 }, { "Name":"shieldsoakanalysis", "Count":3 }, { "Name":"consumerfirmware", "Count":3 } ] }
{ "timestamp":"2017-06-13T19:35:21Z", "event":"LoadGame", "Commander":"Karahl_1", "Ship":"Type6", "ShipID":10, "ShipName":"sleipnir", "ShipIdent":"TS-001", "FuelLevel":11.081031, "FuelCapacity":16.000000, "StartLanded":true, "GameMode":"Open", "Credits":16178887, "Loan":0 }
{ "timestamp":"2017-06-13T19:35:21Z", "event":"Rank", "Combat":2, "Trade":4, "Explore":2, "Empire":0, "Federation":0, "CQC":0 }
{ "timestamp":"2017-06-13T19:35:21Z", "event":"Progress", "Combat":91, "Trade":28, "Explore":57, "Empire":0, "Federation":68, "CQC":0 }
{ "timestamp":"2017-06-13T19:35:23Z", "event":"ApproachSettlement", "Name":"Tphen Slata C 9 a Ice Geysers" }
{ "timestamp":"2017-06-13T19:35:54Z", "event":"Location", "Latitude":-67.308067, "Longitude":-144.200180, "Docked":false, "StarSystem":"Tphen Slata", "StarPos":[77.625,44.500,-63.313], "SystemAllegiance":"Federation", "SystemEconomy":"$economy_Agri;", "SystemEconomy_Localised":"Agriculture", "SystemGovernment":"$government_Corporate;", "SystemGovernment_Localised":"Corporate", "SystemSecurity":"$SYSTEM_SECURITY_high;", "SystemSecurity_Localised":"High Security", "Body":"Tphen Slata C 9 a", "BodyType":"Planet", "Factions":[ { "Name":"Workers of Wuonjurubal Confederation", "FactionState":"None", "Government":"Confederacy", "Influence":0.135000, "Allegiance":"Federation" }, { "Name":"Movement for Tphen Slata Democrats", "FactionState":"CivilWar", "Government":"Democracy", "Influence":0.084000, "Allegiance":"Independent" }, { "Name":"Tphen Slata Co", "FactionState":"Boom", "Government":"Corporate", "Influence":0.622000, "Allegiance":"Federation" }, { "Name":"Tphen Slata Conservatives", "FactionState":"None", "Government":"Dictatorship", "Influence":0.021000, "Allegiance":"Independent" }, { "Name":"Tphen Slata Partners", "FactionState":"None", "Government":"Corporate", "Influence":0.059000, "Allegiance":"Independent" }, { "Name":"Tphen Slata Blue Camorra", "FactionState":"CivilWar", "Government":"Anarchy", "Influence":0.079000, "Allegiance":"Independent" } ], "SystemFaction":"Tphen Slata Co", "FactionState":"Boom" }
{ "timestamp":"2017-06-13T19:35:55Z", "event":"Touchdown", "PlayerControlled":true, "Latitude":-67.308067, "Longitude":-144.200180 }
{ "timestamp":"2017-06-13T19:36:08Z", "event":"Liftoff", "PlayerControlled":true, "Latitude":-67.308083, "Longitude":-144.200211 }
{ "timestamp":"2017-06-13T19:36:49Z", "event":"StartJump", "JumpType":"Supercruise" }
{ "timestamp":"2017-06-13T19:36:50Z", "event":"ApproachSettlement", "Name":"Tphen Slata C 9 a Ice Geysers" }
{ "timestamp":"2017-06-13T19:36:54Z", "event":"SupercruiseEntry", "StarSystem":"Tphen Slata" }
{ "timestamp":"2017-06-13T19:38:27Z", "event":"StartJump", "JumpType":"Hyperspace", "StarSystem":"Herao", "StarClass":"G" }
{ "timestamp":"2017-06-13T19:38:46Z", "event":"FSDJump", "StarSystem":"Herao", "StarPos":[73.438,51.094,-42.813], "SystemAllegiance":"", "SystemEconomy":"$economy_None;", "SystemEconomy_Localised":"None", "SystemGovernment":"$government_None;", "SystemGovernment_Localised":"None", "SystemSecurity":"$SYSTEM_SECURITY_low;", "SystemSecurity_Localised":"Low Security", "JumpDist":21.938, "FuelUsed":2.386888, "FuelLevel":8.304143 }
{ "timestamp":"2017-06-13T19:40:07Z", "event":"Scan", "BodyName":"Herao", "DistanceFromArrivalLS":0.000000, "StarType":"G", "StellarMass":1.667969, "Radius":978534976.000000, "AbsoluteMagnitude":3.135391, "Age_MY":4016, "SurfaceTemperature":7796.000000, "SemiMajorAxis":653416464384.000000, "Eccentricity":0.048231, "OrbitalInclination":43.806999, "Periapsis":67.277634, "OrbitalPeriod":2598178304.000000, "RotationPeriod":71663.367188 }
{ "timestamp":"2017-06-13T19:40:17Z", "event":"FuelScoop", "Scooped":5.000224, "Total":13.304403 }
{ "timestamp":"2017-06-13T19:40:46Z", "event":"HeatWarning" }
{ "timestamp":"2017-06-13T19:40:52Z", "event":"FuelScoop", "Scooped":2.174254, "Total":15.478636 }
{ "timestamp":"2017-06-13T19:41:11Z", "event":"StartJump", "JumpType":"Hyperspace", "StarSystem":"HR 3991", "StarClass":"F" }
{ "timestamp":"2017-06-13T19:41:30Z", "event":"FSDJump", "StarSystem":"HR 3991", "StarPos":[71.813,51.000,-20.594], "SystemAllegiance":"Independent", "SystemEconomy":"$economy_Extraction;", "SystemEconomy_Localised":"Extraction", "SystemGovernment":"$government_Corporate;", "SystemGovernment_Localised":"Corporate", "SystemSecurity":"$SYSTEM_SECURITY_medium;", "SystemSecurity_Localised":"Medium Security", "JumpDist":22.278, "FuelUsed":2.588392, "FuelLevel":12.890244, "Factions":[ { "Name":"HR 3991 PLC", "FactionState":"Election", "Government":"Corporate", "Influence":0.158000, "Allegiance":"Federation" }, { "Name":"Gold Power Limited", "FactionState":"None", "Government":"Corporate", "Influence":0.063000, "Allegiance":"Federation" }, { "Name":"Almudja Purple Fortune Company", "FactionState":"Election", "Government":"Corporate", "Influence":0.096000, "Allegiance":"Federation" }, { "Name":"HR 3991 Stakeholders", "FactionState":"None", "Government":"Cooperative", "Influence":0.034000, "Allegiance":"Independent" }, { "Name":"HR 3991 Purple Family", "FactionState":"None", "Government":"Anarchy", "Influence":0.064000, "Allegiance":"Independent" }, { "Name":"Poulva State Interstellar", "FactionState":"Boom", "Government":"Corporate", "Influence":0.177000, "Allegiance":"Federation" }, { "Name":"HR 3991 Crimson Life Industries", "FactionState":"None", "Government":"Corporate", "Influence":0.408000, "Allegiance":"Independent" } ], "SystemFaction":"HR 3991 Crimson Life Industries" }
{ "timestamp":"2017-06-13T19:42:43Z", "event":"FuelScoop", "Scooped":3.109759, "Total":16.000000 }
{ "timestamp":"2017-06-13T19:44:02Z", "event":"StartJump", "JumpType":"Hyperspace", "StarSystem":"Puppis Sector GW-W c1-13", "StarClass":"K" }
{ "timestamp":"2017-06-13T19:44:20Z", "event":"FSDJump", "StarSystem":"Puppis Sector GW-W c1-13", "StarPos":[63.438,45.094,-0.938], "SystemAllegiance":"", "SystemEconomy":"$economy_None;", "SystemEconomy_Localised":"None", "SystemGovernment":"$government_None;", "SystemGovernment_Localised":"None", "SystemSecurity":"$SYSTEM_SECURITY_low;", "SystemSecurity_Localised":"Low Security", "JumpDist":22.167, "FuelUsed":2.570991, "FuelLevel":13.429009 }
{ "timestamp":"2017-06-13T19:45:01Z", "event":"FuelScoop", "Scooped":0.374713, "Total":13.803715 }
{ "timestamp":"2017-06-13T19:45:16Z", "event":"StartJump", "JumpType":"Hyperspace", "StarSystem":"LTT 4527", "StarClass":"K" }
{ "timestamp":"2017-06-13T19:45:34Z", "event":"FSDJump", "StarSystem":"LTT 4527", "StarPos":[49.938,48.531,17.281], "SystemAllegiance":"Federation", "SystemEconomy":"$economy_Refinery;", "SystemEconomy_Localised":"Refinery", "SystemGovernment":"$government_Corporate;", "SystemGovernment_Localised":"Corporate", "SystemSecurity":"$SYSTEM_SECURITY_low;", "SystemSecurity_Localised":"Low Security", "JumpDist":22.934, "FuelUsed":2.723403, "FuelLevel":11.080311, "Factions":[ { "Name":"LTT 4527 Power Industry", "FactionState":"None", "Government":"Corporate", "Influence":0.610000, "Allegiance":"Federation" }, { "Name":"Movement for LP 792-33 Future", "FactionState":"Boom", "Government":"Democracy", "Influence":0.214000, "Allegiance":"Federation" }, { "Name":"Domotwa Industry", "FactionState":"None", "Government":"Corporate", "Influence":0.010000, "Allegiance":"Federation" }, { "Name":"LTT 4527 Coordinated", "FactionState":"Boom", "Government":"Cooperative", "Influence":0.013000, "Allegiance":"Independent" }, { "Name":"LTT 4527 aristocrats", "FactionState":"None", "Government":"Feudal", "Influence":0.113000, "Allegiance":"Independent" }, { "Name":"LTT 4527 Silver Syndicate", "FactionState":"None", "Government":"Anarchy", "Influence":0.040000, "Allegiance":"Independent" } ], "SystemFaction":"LTT 4527 Power Industry" }
{ "timestamp":"2017-06-13T19:45:59Z", "event":"FuelScoop", "Scooped":0.436772, "Total":11.517091 }
{ "timestamp":"2017-06-13T19:46:44Z", "event":"StartJump", "JumpType":"Hyperspace", "StarSystem":"Col 285 Sector LT-V b17-4", "StarClass":"M" }
{ "timestamp":"2017-06-13T19:47:03Z", "event":"FSDJump", "StarSystem":"Col 285 Sector LT-V b17-4", "StarPos":[39.875,55.125,29.750], "SystemAllegiance":"", "SystemEconomy":"$economy_None;", "SystemEconomy_Localised":"None", "SystemGovernment":"$government_None;", "SystemGovernment_Localised":"None", "SystemSecurity":"$SYSTEM_SECURITY_low;", "SystemSecurity_Localised":"Low Security", "JumpDist":17.326, "FuelUsed":1.398089, "FuelLevel":10.119001 }
{ "timestamp":"2017-06-13T19:48:01Z", "event":"HeatWarning" }
{ "timestamp":"2017-06-13T19:48:11Z", "event":"FuelScoop", "Scooped":3.186568, "Total":13.305580 }
{ "timestamp":"2017-06-13T19:48:43Z", "event":"StartJump", "JumpType":"Hyperspace", "StarSystem":"LTT 5553", "StarClass":"K" }
{ "timestamp":"2017-06-13T19:49:05Z", "event":"FSDJump", "StarSystem":"LTT 5553", "StarPos":[24.938,54.156,47.563], "SystemAllegiance":"", "SystemEconomy":"$economy_None;", "SystemEconomy_Localised":"None", "SystemGovernment":"$government_None;", "SystemGovernment_Localised":"None", "SystemSecurity":"$SYSTEM_SECURITY_low;", "SystemSecurity_Localised":"Low Security", "JumpDist":23.267, "FuelUsed":2.801897, "FuelLevel":10.503683 }
{ "timestamp":"2017-06-13T19:49:36Z", "event":"FuelScoop", "Scooped":0.640378, "Total":11.144043 }
{ "timestamp":"2017-06-13T19:49:56Z", "event":"StartJump", "JumpType":"Hyperspace", "StarSystem":"LP 681-36", "StarClass":"M" }
{ "timestamp":"2017-06-13T19:50:14Z", "event":"FSDJump", "StarSystem":"LP 681-36", "StarPos":[10.656,62.094,62.938], "SystemAllegiance":"", "SystemEconomy":"$economy_None;", "SystemEconomy_Localised":"None", "SystemGovernment":"$government_None;", "SystemGovernment_Localised":"None", "SystemSecurity":"$SYSTEM_SECURITY_low;", "SystemSecurity_Localised":"Low Security", "JumpDist":22.435, "FuelUsed":2.524209, "FuelLevel":8.619834 }
{ "timestamp":"2017-06-13T19:50:26Z", "event":"FuelScoop", "Scooped":0.001665, "Total":8.621505 }
{ "timestamp":"2017-06-13T19:50:31Z", "event":"FuelScoop", "Scooped":0.006989, "Total":8.628496 }
{ "timestamp":"2017-06-13T19:50:49Z", "event":"StartJump", "JumpType":"Hyperspace", "StarSystem":"Na Chem", "StarClass":"M" }
{ "timestamp":"2017-06-13T19:51:08Z", "event":"FSDJump", "StarSystem":"Na Chem", "StarPos":[3.344,64.031,76.219], "SystemAllegiance":"Independent", "SystemEconomy":"$economy_HighTech;", "SystemEconomy_Localised":"High Tech", "SystemGovernment":"$government_Democracy;", "SystemGovernment_Localised":"Democracy", "SystemSecurity":"$SYSTEM_SECURITY_medium;", "SystemSecurity_Localised":"Medium Security", "JumpDist":15.285, "FuelUsed":1.019015, "FuelLevel":7.609481, "Factions":[ { "Name":"Na Chem Corp.", "FactionState":"CivilWar", "Government":"Corporate", "Influence":0.117000, "Allegiance":"Federation" }, { "Name":"Na Chem Law Party", "FactionState":"CivilWar", "Government":"Dictatorship", "Influence":0.101000, "Allegiance":"Independent" }, { "Name":"Na Chem Silver Clan", "FactionState":"CivilWar", "Government":"Anarchy", "Influence":0.069000, "Allegiance":"Independent" }, { "Name":"Values Party of Na Chem", "FactionState":"CivilWar", "Government":"Democracy", "Influence":0.173000, "Allegiance":"Independent" }, { "Name":"Radio Sidewinder Crew", "FactionState":"None", "Government":"Democracy", "Influence":0.540000, "Allegiance":"Independent" } ], "SystemFaction":"Radio Sidewinder Crew" }
{ "timestamp":"2017-06-13T19:53:03Z", "event":"ApproachSettlement", "Name":"Krylov Prospect +++" }
{ "timestamp":"2017-06-13T19:53:14Z", "event":"SupercruiseExit", "StarSystem":"Na Chem", "Body":"Rorschach Horizons", "BodyType":"Station" }
{ "timestamp":"2017-06-13T19:53:38Z", "event":"DockingRequested", "StationName":"Rorschach Horizons" }
{ "timestamp":"2017-06-13T19:53:38Z", "event":"ReceiveText", "From":"Rorschach Horizons", "Message":"$DockingChatter_Friendly;", "Message_Localised":"It's great to see you again, Commander.", "Channel":"npc" }
{ "timestamp":"2017-06-13T19:53:39Z", "event":"ReceiveText", "From":"Rorschach Horizons", "Message":"$STATION_docking_granted;", "Message_Localised":"Docking request granted.", "Channel":"npc" }
{ "timestamp":"2017-06-13T19:53:39Z", "event":"DockingGranted", "LandingPad":37, "StationName":"Rorschach Horizons" }
{ "timestamp":"2017-06-13T19:53:48Z", "event":"ReceiveText", "From":"Rorschach Horizons", "Message":"$STATION_NoFireZone_entered;", "Message_Localised":"No fire zone entered.", "Channel":"npc" }
{ "timestamp":"2017-06-13T19:54:15Z", "event":"Scanned", "ScanType":"Cargo" }
{ "timestamp":"2017-06-13T19:54:15Z", "event":"ReceiveText", "From":"$ShipName_Police_Independent;", "From_Localised":"System Authority Vessel", "Message":"$Police_ThankYouPassedStopAndSearch05;", "Message_Localised":"Scan finished. Be about your business.", "Channel":"npc" }
{ "timestamp":"2017-06-13T19:54:54Z", "event":"Docked", "StationName":"Rorschach Horizons", "StationType":"Coriolis", "StarSystem":"Na Chem", "StationFaction":"Radio Sidewinder Crew", "StationGovernment":"$government_Democracy;", "StationGovernment_Localised":"Democracy", "StationEconomy":"$economy_HighTech;", "StationEconomy_Localised":"High Tech", "DistFromStarLS":266.848206 }
{ "timestamp":"2017-06-13T19:55:26Z", "event":"RefuelAll", "Cost":439, "Amount":8.759123 }
{ "timestamp":"2017-06-13T19:55:39Z", "event":"MissionCompleted", "Faction":"Radio Sidewinder Crew", "Name":"Mission_Sightseeing_name", "MissionID":152882816, "Commodity":"$DomesticAppliances_Name;", "Commodity_Localised":"Domestic Appliances", "Count":3, "DestinationSystem":"LTT 13904$MISSIONUTIL_MULTIPLE_FINAL_SEPARATOR;Tphen Slata", "Reward":1773000 }
{ "timestamp":"2017-06-13T19:56:24Z", "event":"RepairAll", "Cost":401 }
{ "timestamp":"2017-06-13T19:56:42Z", "event":"ModuleStore", "Slot":"Slot06_Size2", "StoredItem":"$int_dockingcomputer_standard_name;", "StoredItem_Localised":"Docking Computer", "Ship":"type6", "ShipID":10 }
{ "timestamp":"2017-06-13T19:57:12Z", "event":"ModuleStore", "Slot":"Slot04_Size4", "StoredItem":"$int_shieldgenerator_size3_class2_name;", "StoredItem_Localised":"Shield Generator", "Ship":"type6", "ShipID":10 }
{ "timestamp":"2017-06-13T19:57:21Z", "event":"ModuleSwap", "FromSlot":"Slot05_Size3", "ToSlot":"Slot06_Size2", "FromItem":"$int_stellarbodydiscoveryscanner_advanced_name;", "FromItem_Localised":"D - Scanner", "ToItem":"Null", "Ship":"type6", "ShipID":10 }
{ "timestamp":"2017-06-13T19:57:25Z", "event":"ModuleSwap", "FromSlot":"Slot06_Size2", "ToSlot":"Slot07_Size2", "FromItem":"$int_stellarbodydiscoveryscanner_advanced_name;", "FromItem_Localised":"D - Scanner", "ToItem":"$int_fuelscoop_size2_class5_name;", "ToItem_Localised":"Fuel Scoop", "Ship":"type6", "ShipID":10 }
{ "timestamp":"2017-06-13T19:57:35Z", "event":"ModuleStore", "Slot":"Slot01_Size5", "StoredItem":"$int_passengercabin_size5_class3_name;", "StoredItem_Localised":"FC Passenger Cabin", "Ship":"type6", "ShipID":10 }
{ "timestamp":"2017-06-13T19:57:42Z", "event":"ModuleStore", "Slot":"Slot02_Size5", "StoredItem":"$int_passengercabin_size5_class3_name;", "StoredItem_Localised":"FC Passenger Cabin", "Ship":"type6", "ShipID":10 }
{ "timestamp":"2017-06-13T19:58:00Z", "event":"ModuleBuy", "Slot":"Slot05_Size3", "BuyItem":"$int_detailedsurfacescanner_tiny_name;", "BuyItem_Localised":"Surface Scanner", "BuyPrice":250000, "Ship":"type6", "ShipID":10 }
{ "timestamp":"2017-06-13T19:58:43Z", "event":"ModuleBuy", "Slot":"Slot04_Size4", "BuyItem":"$int_repairer_size4_class5_name;", "BuyItem_Localised":"AFM Unit", "BuyPrice":4723920, "Ship":"type6", "ShipID":10 }
{ "timestamp":"2017-06-13T20:02:28Z", "event":"ModuleBuy", "Slot":"Slot01_Size5", "BuyItem":"$int_fueltank_size5_class3_name;", "BuyItem_Localised":"Fuel Tank", "BuyPrice":97754, "Ship":"type6", "ShipID":10 }
{ "timestamp":"2017-06-13T20:02:43Z", "event":"ModuleBuy", "Slot":"Slot02_Size5", "BuyItem":"$int_fueltank_size5_class3_name;", "BuyItem_Localised":"Fuel Tank", "BuyPrice":97754, "Ship":"type6", "ShipID":10 }
{ "timestamp":"2017-06-13T20:03:20Z", "event":"ModuleStore", "Slot":"Slot06_Size2", "StoredItem":"$int_fuelscoop_size2_class5_name;", "StoredItem_Localised":"Fuel Scoop", "Ship":"type6", "ShipID":10 }
{ "timestamp":"2017-06-13T20:03:26Z", "event":"ModuleStore", "Slot":"Slot02_Size5", "StoredItem":"$int_fueltank_size5_class3_name;", "StoredItem_Localised":"Fuel Tank", "Ship":"type6", "ShipID":10 }
{ "timestamp":"2017-06-13T20:04:26Z", "event":"ModuleBuy", "Slot":"Slot02_Size5", "BuyItem":"$int_fuelscoop_size5_class3_name;", "BuyItem_Localised":"Fuel Scoop", "BuyPrice":567106, "Ship":"type6", "ShipID":10 }
{ "timestamp":"2017-06-13T20:04:34Z", "event":"ModuleSwap", "FromSlot":"Slot05_Size3", "ToSlot":"Slot06_Size2", "FromItem":"$int_detailedsurfacescanner_tiny_name;", "FromItem_Localised":"Surface Scanner", "ToItem":"Null", "Ship":"type6", "ShipID":10 }
{ "timestamp":"2017-06-13T20:05:14Z", "event":"ModuleBuy", "Slot":"Slot05_Size3", "BuyItem":"$int_shieldgenerator_size3_class4_name;", "BuyItem_Localised":"Shield Generator", "BuyPrice":169304, "Ship":"type6", "ShipID":10 }
{ "timestamp":"2017-06-13T20:05:16Z", "event":"ShieldState", "ShieldsUp":false }
{ "timestamp":"2017-06-13T20:06:06Z", "event":"ModuleBuy", "Slot":"SmallHardpoint1", "BuyItem":"$hpt_beamlaser_turret_small_name;", "BuyItem_Localised":"Beam Laser", "BuyPrice":500000, "Ship":"type6", "ShipID":10 }
{ "timestamp":"2017-06-13T20:06:16Z", "event":"ModuleBuy", "Slot":"SmallHardpoint2", "BuyItem":"$hpt_beamlaser_turret_small_name;", "BuyItem_Localised":"Beam Laser", "BuyPrice":500000, "Ship":"type6", "ShipID":10 }
{ "timestamp":"2017-06-13T20:06:35Z", "event":"ModuleBuy", "Slot":"TinyHardpoint1", "BuyItem":"$hpt_heatsinklauncher_turret_tiny_name;", "BuyItem_Localised":"Heat Sink", "BuyPrice":3500, "Ship":"type6", "ShipID":10 }
{ "timestamp":"2017-06-13T20:06:45Z", "event":"ModuleBuy", "Slot":"TinyHardpoint2", "BuyItem":"$hpt_heatsinklauncher_turret_tiny_name;", "BuyItem_Localised":"Heat Sink", "BuyPrice":3500, "Ship":"type6", "ShipID":10 }
{ "timestamp":"2017-06-13T20:06:58Z", "event":"ModuleBuy", "Slot":"TinyHardpoint3", "BuyItem":"$hpt_plasmapointdefence_turret_tiny_name;", "BuyItem_Localised":"Point Defence", "BuyPrice":18546, "Ship":"type6", "ShipID":10 }
{ "timestamp":"2017-06-13T20:07:11Z", "event":"ModuleSwap", "FromSlot":"TinyHardpoint3", "ToSlot":"TinyHardpoint1", "FromItem":"$hpt_plasmapointdefence_turret_tiny_name;", "FromItem_Localised":"Point Defence", "ToItem":"$hpt_heatsinklauncher_turret_tiny_name;", "ToItem_Localised":"Heat Sink", "Ship":"type6", "ShipID":10 }
{ "timestamp":"2017-06-13T20:07:49Z", "event":"ModuleBuy", "Slot":"PowerPlant", "SellItem":"$int_powerplant_size2_class5_name;", "SellItem_Localised":"Power Plant", "SellPrice":160224, "BuyItem":"$int_powerplant_size3_class5_name;", "BuyItem_Localised":"Power Plant", "BuyPrice":507912, "Ship":"type6", "ShipID":10 }
{ "timestamp":"2017-06-13T20:08:24Z", "event":"ShieldState", "ShieldsUp":true }
{ "timestamp":"2017-06-13T20:10:56Z", "event":"ModuleBuy", "Slot":"Slot05_Size3", "SellItem":"$int_shieldgenerator_size3_class4_name;", "SellItem_Localised":"Shield Generator", "SellPrice":169304, "BuyItem":"$int_shieldgenerator_size3_class2_name;", "BuyItem_Localised":"Shield Generator", "BuyPrice":18812, "Ship":"type6", "ShipID":10 }
{ "timestamp":"2017-06-13T20:11:14Z", "event":"ModuleSell", "Slot":"SmallHardpoint1", "SellItem":"$hpt_beamlaser_turret_small_name;", "SellItem_Localised":"Beam Laser", "SellPrice":500000, "Ship":"type6", "ShipID":10 }
{ "timestamp":"2017-06-13T20:11:25Z", "event":"ModuleSell", "Slot":"SmallHardpoint2", "SellItem":"$hpt_beamlaser_turret_small_name;", "SellItem_Localised":"Beam Laser", "SellPrice":500000, "Ship":"type6", "ShipID":10 }
{ "timestamp":"2017-06-13T20:11:39Z", "event":"RefuelAll", "Cost":1600, "Amount":32.000000 }
{ "timestamp":"2017-06-13T20:14:53Z", "event":"Undocked", "StationName":"Rorschach Horizons", "StationType":"Coriolis" }
{ "timestamp":"2017-06-13T20:15:26Z", "event":"ReceiveText", "From":"Rorschach Horizons", "Message":"$STATION_NoFireZone_exited;", "Message_Localised":"No fire zone left.", "Channel":"npc" }
{ "timestamp":"2017-06-13T20:16:03Z", "event":"StartJump", "JumpType":"Supercruise" }
{ "timestamp":"2017-06-13T20:16:08Z", "event":"SupercruiseEntry", "StarSystem":"Na Chem" }
{ "timestamp":"2017-06-13T20:16:13Z", "event":"ApproachSettlement", "Name":"Krylov Prospect +++" }
{ "timestamp":"2017-06-13T20:16:20Z", "event":"ApproachSettlement", "Name":"Witt Works" }
{ "timestamp":"2017-06-13T20:16:20Z", "event":"ApproachSettlement", "Name":"Kuhn Installation" }
{ "timestamp":"2017-06-13T20:17:43Z", "event":"ApproachSettlement", "Name":"Kuhn Installation" }
{ "timestamp":"2017-06-13T20:17:43Z", "event":"ApproachSettlement", "Name":"Witt Works" }
{ "timestamp":"2017-06-13T20:17:46Z", "event":"SupercruiseExit", "StarSystem":"Na Chem", "Body":"Na Chem 1", "BodyType":"Planet" }
{ "timestamp":"2017-06-13T20:19:43Z", "event":"Touchdown", "PlayerControlled":true, "Latitude":-13.190579, "Longitude":-139.217072 }
{ "timestamp":"2017-06-13T20:19:50Z", "event":"LaunchSRV", "Loadout":"starter", "PlayerControlled":true }
{ "timestamp":"2017-06-13T20:20:48Z", "event":"ReceiveText", "From":"$ShipName_Police_Federation;", "From_Localised":"Federal Security Service", "Message":"$Police_StartPatrol05;", "Message_Localised":"I'm heading out, Control. Hearing that rattle again, I'll see if I can lock it down.", "Channel":"npc" }
{ "timestamp":"2017-06-13T20:20:58Z", "event":"Liftoff", "PlayerControlled":false }
{ "timestamp":"2017-06-13T20:23:57Z", "event":"ReceiveText", "From":"$ShipName_Police_Federation;", "From_Localised":"Federal Security Service", "Message":"$Police_StartPatrol01;", "Message_Localised":"Patrol craft checking in. Pre-flight checks complete, I'm heading out.", "Channel":"npc" }
{ "timestamp":"2017-06-13T20:27:16Z", "event":"ReceiveText", "From":"$ShipName_Police_Federation;", "From_Localised":"Federal Security Service", "Message":"$Police_StartPatrol02;", "Message_Localised":"Tower, this is Patrol. Launch completed.", "Channel":"npc" }
{ "timestamp":"2017-06-13T20:30:23Z", "event":"ReceiveText", "From":"$ShipName_Police_Federation;", "From_Localised":"Federal Security Service", "Message":"$Police_StartPatrol01;", "Message_Localised":"Patrol craft checking in. Pre-flight checks complete, I'm heading out.", "Channel":"npc" }
{ "timestamp":"2017-06-13T20:32:25Z", "event":"MaterialCollected", "Category":"Raw", "Name":"iron", "Count":3 }
{ "timestamp":"2017-06-13T20:33:05Z", "event":"MaterialCollected", "Category":"Raw", "Name":"nickel", "Count":3 }
{ "timestamp":"2017-06-13T20:33:29Z", "event":"ReceiveText", "From":"$ShipName_Police_Federation;", "From_Localised":"Federal Security Service", "Message":"$Police_StartPatrol05;", "Message_Localised":"I'm heading out, Control. Hearing that rattle again, I'll see if I can lock it down.", "Channel":"npc" }
{ "timestamp":"2017-06-13T20:33:31Z", "event":"MaterialCollected", "Category":"Raw", "Name":"phosphorus", "Count":3 }
{ "timestamp":"2017-06-13T20:33:41Z", "event":"MaterialCollected", "Category":"Raw", "Name":"iron", "Count":3 }
{ "timestamp":"2017-06-13T20:33:48Z", "event":"MaterialCollected", "Category":"Raw", "Name":"iron", "Count":3 }
{ "timestamp":"2017-06-13T20:33:55Z", "event":"MaterialCollected", "Category":"Raw", "Name":"carbon", "Count":3 }
{ "timestamp":"2017-06-13T20:35:18Z", "event":"MaterialCollected", "Category":"Raw", "Name":"nickel", "Count":3 }
{ "timestamp":"2017-06-13T20:35:24Z", "event":"MaterialCollected", "Category":"Raw", "Name":"iron", "Count":3 }
{ "timestamp":"2017-06-13T20:35:34Z", "event":"MaterialCollected", "Category":"Raw", "Name":"carbon", "Count":3 }
{ "timestamp":"2017-06-13T20:35:35Z", "event":"MaterialCollected", "Category":"Raw", "Name":"iron", "Count":3 }
{ "timestamp":"2017-06-13T20:35:43Z", "event":"MaterialCollected", "Category":"Raw", "Name":"nickel", "Count":3 }
{ "timestamp":"2017-06-13T20:36:41Z", "event":"ReceiveText", "From":"$ShipName_Police_Federation;", "From_Localised":"Federal Security Service", "Message":"$Police_StartPatrol01;", "Message_Localised":"Patrol craft checking in. Pre-flight checks complete, I'm heading out.", "Channel":"npc" }
{ "timestamp":"2017-06-13T20:38:35Z", "event":"MaterialCollected", "Category":"Raw", "Name":"carbon", "Count":3 }
{ "timestamp":"2017-06-13T20:38:40Z", "event":"MaterialCollected", "Category":"Raw", "Name":"sulphur", "Count":3 }
{ "timestamp":"2017-06-13T20:38:43Z", "event":"MaterialCollected", "Category":"Raw", "Name":"iron", "Count":3 }
{ "timestamp":"2017-06-13T20:38:59Z", "event":"MaterialCollected", "Category":"Raw", "Name":"phosphorus", "Count":3 }
{ "timestamp":"2017-06-13T20:39:43Z", "event":"ReceiveText", "From":"$ShipName_Police_Federation;", "From_Localised":"Federal Security Service", "Message":"$Police_StartPatrol02;", "Message_Localised":"Tower, this is Patrol. Launch completed.", "Channel":"npc" }
{ "timestamp":"2017-06-13T20:42:17Z", "event":"HullDamage", "Health":0.789008, "PlayerPilot":true }
{ "timestamp":"2017-06-13T20:42:29Z", "event":"Touchdown", "PlayerControlled":false }
{ "timestamp":"2017-06-13T20:42:53Z", "event":"ReceiveText", "From":"$ShipName_Police_Federation;", "From_Localised":"Federal Security Service", "Message":"$Police_StartPatrol02;", "Message_Localised":"Tower, this is Patrol. Launch completed.", "Channel":"npc" }
{ "timestamp":"2017-06-13T20:42:53Z", "event":"ReceiveText", "From":"$ShipName_Police_Federation;", "From_Localised":"Federal Security Service", "Message":"$Police_StartPatrol02;", "Message_Localised":"Tower, this is Patrol. Launch completed.", "Channel":"npc" }
{ "timestamp":"2017-06-13T20:43:18Z", "event":"DockSRV" }
{ "timestamp":"2017-06-13T20:46:10Z", "event":"ReceiveText", "From":"$ShipName_Police_Federation;", "From_Localised":"Federal Security Service", "Message":"$Police_StartPatrol01;", "Message_Localised":"Patrol craft checking in. Pre-flight checks complete, I'm heading out.", "Channel":"npc" }
{ "timestamp":"2017-06-13T20:49:14Z", "event":"ReceiveText", "From":"$ShipName_Police_Federation;", "From_Localised":"Federal Security Service", "Message":"$Police_StartPatrol01;", "Message_Localised":"Patrol craft checking in. Pre-flight checks complete, I'm heading out.", "Channel":"npc" }
