{ "timestamp":"2017-06-15T18:22:57Z", "event":"Fileheader", "part":1, "language":"English\\UK", "gameversion":"2.3.02", "build":"r143095/r0 " }
{ "timestamp":"2017-06-15T18:24:25Z", "event":"Cargo", "Inventory":[  ] }
{ "timestamp":"2017-06-15T18:24:25Z", "event":"Loadout", "Ship":"Type6", "ShipID":10, "ShipName":"sleipnir", "ShipIdent":"TS-001", "Modules":[ { "Slot":"TinyHardpoint1", "Item":"Hpt_PlasmaPointDefence_Turret_Tiny", "On":true, "Priority":1, "AmmoInClip":12, "AmmoInHopper":10000, "Health":1.000000, "Value":18546 }, { "Slot":"TinyHardpoint2", "Item":"Hpt_HeatSinkLauncher_Turret_Tiny", "On":true, "Priority":3, "AmmoInClip":1, "AmmoInHopper":2, "Health":1.000000, "Value":3500 }, { "Slot":"TinyHardpoint3", "Item":"Hpt_HeatSinkLauncher_Turret_Tiny", "On":true, "Priority":3, "AmmoInClip":1, "AmmoInHopper":2, "Health":1.000000, "Value":3500 }, { "Slot":"Armour", "Item":"Type6_Armour_Grade1", "On":true, "Priority":1, "Health":1.000000, "Value":0 }, { "Slot":"PowerPlant", "Item":"Int_Powerplant_Size3_Class5", "On":true, "Priority":1, "Health":1.000000, "Value":507912 }, { "Slot":"MainEngines", "Item":"Int_Engine_Size4_Class2", "On":true, "Priority":0, "Health":1.000000, "Value":59633 }, { "Slot":"FrameShiftDrive", "Item":"Int_Hyperdrive_Size4_Class5", "On":true, "Priority":0, "Health":1.000000, "Value":1610080 }, { "Slot":"LifeSupport", "Item":"Int_LifeSupport_Size2_Class2", "On":true, "Priority":0, "Health":1.000000, "Value":3619 }, { "Slot":"PowerDistributor", "Item":"Int_PowerDistributor_Size3_Class2", "On":true, "Priority":0, "Health":1.000000, "Value":10133 }, { "Slot":"Radar", "Item":"Int_Sensors_Size2_Class2", "On":true, "Priority":0, "Health":1.000000, "Value":3619 }, { "Slot":"FuelTank", "Item":"Int_FuelTank_Size4_Class3", "On":true, "Priority":1, "Health":1.000000, "Value":24734 }, { "Slot":"Decal1", "Item":"Decal_Trade_Peddler", "On":true, "Priority":1, "Health":1.000000, "Value":0 }, { "Slot":"Decal2", "Item":"Decal_Combat_Novice", "On":true, "Priority":1, "Health":1.000000, "Value":0 }, { "Slot":"Decal3", "Item":"Decal_Explorer_Scout", "On":true, "Priority":1, "Health":1.000000, "Value":0 }, { "Slot":"Slot01_Size5", "Item":"Int_FuelTank_Size5_Class3", "On":true, "Priority":1, "Health":1.000000, "Value":97754 }, { "Slot":"Slot02_Size5", "Item":"Int_FuelScoop_Size5_Class3", "On":true, "Priority":2, "Health":1.000000, "Value":567106 }, { "Slot":"Slot03_Size4", "Item":"Int_BuggyBay_Size4_Class2", "On":true, "Priority":4, "Health":1.000000, "Value":86400 }, { "Slot":"Slot04_Size4", "Item":"Int_Repairer_Size4_Class5", "On":true, "Priority":3, "AmmoInClip":5400, "Health":1.000000, "Value":4723920 }, { "Slot":"Slot05_Size3", "Item":"Int_ShieldGenerator_Size3_Class2", "On":true, "Priority":0, "Health":1.000000, "Value":18812 }, { "Slot":"Slot06_Size2", "Item":"Int_DetailedSurfaceScanner_Tiny", "On":true, "Priority":1, "Health":1.000000, "Value":250000 }, { "Slot":"Slot07_Size2", "Item":"Int_StellarBodyDiscoveryScanner_Advanced", "On":true, "Priority":1, "Health":1.000000, "Value":1545000 }, { "Slot":"PlanetaryApproachSuite", "Item":"Int_PlanetApproachSuite", "On":true, "Priority":1, "Health":1.000000, "Value":500 }, { "Slot":"Bobble10", "Item":"Bobble_PilotMale", "On":true, "Priority":1, "Health":1.000000, "Value":0 }, { "Slot":"ShipCockpit", "Item":"Type6_Cockpit", "On":true, "Priority":1, "Health":1.000000, "Value":0 }, { "Slot":"CargoHatch", "Item":"ModularCargoBayDoor", "On":true, "Priority":1, "Health":1.000000, "Value":0 } ] }
{ "timestamp":"2017-06-15T18:24:25Z", "event":"Materials", "Raw":[ { "Name":"nickel", "Count":38 }, { "Name":"iron", "Count":63 }, { "Name":"carbon", "Count":14 }, { "Name":"sulphur", "Count":9 }, { "Name":"germanium", "Count":1 }, { "Name":"chromium", "Count":7 }, { "Name":"phosphorus", "Count":9 }, { "Name":"niobium", "Count":3 }, { "Name":"vanadium", "Count":12 }, { "Name":"zinc", "Count":3 }, { "Name":"molybdenum", "Count":3 } ], "Manufactured":[ { "Name":"refinedfocuscrystals", "Count":1 }, { "Name":"galvanisingalloys", "Count":4 }, { "Name":"heatdispersionplate", "Count":4 }, { "Name":"fedcorecomposites", "Count":2 }, { "Name":"compoundshielding", "Count":2 }, { "Name":"focuscrystals", "Count":1 }, { "Name":"chemicalmanipulators", "Count":1 }, { "Name":"uncutfocuscrystals", "Count":1 }, { "Name":"hybridcapacitors", "Count":1 }, { "Name":"heatconductionwiring", "Count":2 }, { "Name":"gridresistors", "Count":4 }, { "Name":"mechanicalequipment", "Count":1 }, { "Name":"conductivecomponents", "Count":6 } ], "Encoded":[ { "Name":"emissiondata", "Count":8 }, { "Name":"shieldpatternanalysis", "Count":6 }, { "Name":"scandatabanks", "Count":5 }, { "Name":"shielddensityreports", "Count":24 }, { "Name":"shieldcyclerecordings", "Count":26 }, { "Name":"decodedemissiondata", "Count":7 }, { "Name":"bulkscandata", "Count":8 }, { "Name":"archivedemissiondata", "Count":4 }, { "Name":"encryptedfiles", "Count":1 }, { "Name":"scrambledemissiondata", "Count":1 }, { "Name":"scanarchives", "Count":3 }, { "Name":"encodedscandata", "Count":3 }, { "Name":"compactemissionsdata", "Count":6 }, { "Name":"hyperspacetrajectories", "Count":6 }, { "Name":"shieldsoakanalysis", "Count":3 }, { "Name":"consumerfirmware", "Count":3 }, { "Name":"legacyfirmware", "Count":3 } ] }
{ "timestamp":"2017-06-15T18:24:25Z", "event":"LoadGame", "Commander":"Karahl_1", "Ship":"Type6", "ShipID":10, "ShipName":"sleipnir", "ShipIdent":"TS-001", "FuelLevel":48.000000, "FuelCapacity":48.000000, "GameMode":"Open", "Credits":11161831, "Loan":0 }
{ "timestamp":"2017-06-15T18:24:25Z", "event":"Rank", "Combat":2, "Trade":4, "Explore":2, "Empire":0, "Federation":0, "CQC":0 }
{ "timestamp":"2017-06-15T18:24:25Z", "event":"Progress", "Combat":91, "Trade":28, "Explore":99, "Empire":0, "Federation":68, "CQC":0 }
{ "timestamp":"2017-06-15T18:24:27Z", "event":"ApproachSettlement", "Name":"Ceres Tarn" }
{ "timestamp":"2017-06-15T18:24:58Z", "event":"Location", "Docked":true, "StationName":"Ceres Tarn", "StationType":"SurfaceStation", "StarSystem":"HR 1185", "StarPos":[-64.656,-148.938,-330.406], "SystemAllegiance":"Empire", "SystemEconomy":"$economy_Extraction;", "SystemEconomy_Localised":"Extraction", "SystemGovernment":"$government_Patronage;", "SystemGovernment_Localised":"Patronage", "SystemSecurity":"$SYSTEM_SECURITY_medium;", "SystemSecurity_Localised":"Medium Security", "Body":"HR 1185 A 4", "BodyType":"Planet", "Factions":[ { "Name":"Cooper Research Associates", "FactionState":"Retreat", "Government":"Democracy", "Influence":0.124000, "Allegiance":"Alliance" }, { "Name":"Merope Expeditionary Fleet", "FactionState":"None", "Government":"Patronage", "Influence":0.876000, "Allegiance":"Empire" } ], "SystemFaction":"Merope Expeditionary Fleet" }
{ "timestamp":"2017-06-15T18:24:59Z", "event":"Docked", "StationName":"Ceres Tarn", "StationType":"SurfaceStation", "StarSystem":"HR 1185", "StationFaction":"Merope Expeditionary Fleet", "StationGovernment":"$government_Patronage;", "StationGovernment_Localised":"Patronage", "StationAllegiance":"Empire", "StationEconomy":"$economy_Extraction;", "StationEconomy_Localised":"Extraction", "DistFromStarLS":365.612427 }
{ "timestamp":"2017-06-15T18:27:27Z", "event":"ShipyardSwap", "ShipType":"viper", "ShipID":13, "StoreOldShip":"Type6", "StoreShipID":10 }
{ "timestamp":"2017-06-15T18:27:28Z", "event":"Cargo", "Inventory":[  ] }
{ "timestamp":"2017-06-15T18:27:28Z", "event":"Loadout", "Ship":"Viper", "ShipID":13, "ShipName":"Kraken's Bane", "ShipIdent":"bh-001", "Modules":[ { "Slot":"MediumHardpoint1", "Item":"Hpt_MultiCannon_Gimbal_Medium", "On":true, "Priority":1, "AmmoInClip":90, "AmmoInHopper":2100, "Health":1.000000, "Value":57000 }, { "Slot":"MediumHardpoint2", "Item":"Hpt_BeamLaser_Gimbal_Medium", "On":true, "Priority":1, "AmmoInClip":1, "AmmoInHopper":1, "Health":1.000000, "Value":500600 }, { "Slot":"SmallHardpoint1", "Item":"Hpt_BeamLaser_Gimbal_Small", "On":true, "Priority":0, "Health":1.000000, "Value":74650 }, { "Slot":"SmallHardpoint2", "Item":"Hpt_MultiCannon_Gimbal_Small", "On":false, "Priority":0, "AmmoInClip":90, "AmmoInHopper":2100, "Health":1.000000, "Value":14250 }, { "Slot":"TinyHardpoint1", "Item":"Hpt_CrimeScanner_Size0_Class3", "On":true, "Priority":2, "Health":1.000000, "Value":121899 }, { "Slot":"TinyHardpoint2", "Item":"Hpt_PlasmaPointDefence_Turret_Tiny", "On":false, "Priority":0, "AmmoInClip":12, "AmmoInHopper":10000, "Health":1.000000, "Value":18546 }, { "Slot":"Armour", "Item":"Viper_Armour_Grade3", "On":true, "Priority":1, "Health":1.000000, "Value":128637 }, { "Slot":"PowerPlant", "Item":"Int_Powerplant_Size3_Class5", "On":true, "Priority":1, "Health":1.000000, "Value":507912 }, { "Slot":"MainEngines", "Item":"Int_Engine_Size3_Class4", "On":true, "Priority":0, "Health":1.000000, "Value":169304 }, { "Slot":"FrameShiftDrive", "Item":"Int_Hyperdrive_Size3_Class5", "On":true, "Priority":0, "Health":1.000000, "Value":507912 }, { "Slot":"LifeSupport", "Item":"Int_LifeSupport_Size2_Class1", "On":true, "Priority":1, "Health":1.000000, "Value":1448 }, { "Slot":"PowerDistributor", "Item":"Int_PowerDistributor_Size3_Class5", "On":true, "Priority":1, "Health":1.000000, "Value":158331 }, { "Slot":"Radar", "Item":"Int_Sensors_Size3_Class4", "On":true, "Priority":0, "Health":1.000000, "Value":63333 }, { "Slot":"FuelTank", "Item":"Int_FuelTank_Size2_Class3", "On":true, "Priority":1, "Health":1.000000, "Value":3750 }, { "Slot":"Decal1", "Item":"Decal_Combat_Novice", "On":true, "Priority":1, "Health":1.000000, "Value":0 }, { "Slot":"Decal2", "Item":"Decal_Trade_Dealer", "On":true, "Priority":1, "Health":1.000000, "Value":0 }, { "Slot":"Decal3", "Item":"Decal_Explorer_Scout", "On":true, "Priority":1, "Health":1.000000, "Value":0 }, { "Slot":"Slot01_Size3", "Item":"Int_HullReinforcement_Size3_Class2", "On":true, "Priority":1, "Health":1.000000, "Value":84000 }, { "Slot":"Slot02_Size3", "Item":"Int_ShieldGenerator_Size3_Class4", "On":true, "Priority":0, "Health":1.000000, "Value":169304 }, { "Slot":"Slot03_Size2", "Item":"Int_HullReinforcement_Size2_Class2", "On":true, "Priority":1, "Health":1.000000, "Value":36000 }, { "Slot":"Slot04_Size1", "Item":"Int_ModuleReinforcement_Size1_Class2", "On":true, "Priority":1, "Health":1.000000, "Value":15000 }, { "Slot":"PlanetaryApproachSuite", "Item":"Int_PlanetApproachSuite", "On":true, "Priority":1, "Health":1.000000, "Value":500 }, { "Slot":"Military01", "Item":"Int_HullReinforcement_Size3_Class1", "On":true, "Priority":1, "Health":1.000000, "Value":28000 }, { "Slot":"ShipCockpit", "Item":"Viper_Cockpit", "On":true, "Priority":1, "Health":1.000000, "Value":0 }, { "Slot":"CargoHatch", "Item":"ModularCargoBayDoor", "On":false, "Priority":4, "Health":1.000000, "Value":0 } ] }
{ "timestamp":"2017-06-15T18:27:38Z", "event":"Docked", "StationName":"Ceres Tarn", "StationType":"SurfaceStation", "StarSystem":"HR 1185", "StationFaction":"Merope Expeditionary Fleet", "StationGovernment":"$government_Patronage;", "StationGovernment_Localised":"Patronage", "StationAllegiance":"Empire", "StationEconomy":"$economy_Extraction;", "StationEconomy_Localised":"Extraction", "DistFromStarLS":365.612518 }
{ "timestamp":"2017-06-15T18:28:12Z", "event":"ModuleSwap", "FromSlot":"SmallHardpoint2", "ToSlot":"SmallHardpoint1", "FromItem":"$hpt_multicannon_gimbal_small_name;", "FromItem_Localised":"Multi-Cannon", "ToItem":"$hpt_beamlaser_gimbal_small_name;", "ToItem_Localised":"Beam Laser", "Ship":"viper", "ShipID":13 }
{ "timestamp":"2017-06-15T18:29:14Z", "event":"ModuleBuy", "Slot":"SmallHardpoint2", "SellItem":"$hpt_beamlaser_gimbal_small_name;", "SellItem_Localised":"Beam Laser", "SellPrice":74650, "BuyItem":"$hpt_pulselaserburst_gimbal_small_name;", "BuyItem_Localised":"Burst Laser", "BuyPrice":8600, "Ship":"viper", "ShipID":13 }
{ "timestamp":"2017-06-15T18:29:39Z", "event":"ModuleBuy", "Slot":"MediumHardpoint2", "SellItem":"$hpt_beamlaser_gimbal_medium_name;", "SellItem_Localised":"Beam Laser", "SellPrice":500600, "BuyItem":"$hpt_pulselaserburst_gimbal_medium_name;", "BuyItem_Localised":"Burst Laser", "BuyPrice":48500, "Ship":"viper", "ShipID":13 }
{ "timestamp":"2017-06-15T18:30:33Z", "event":"ModuleBuy", "Slot":"Slot04_Size1", "SellItem":"$int_modulereinforcement_size1_class2_name;", "SellItem_Localised":"Module Reinforcement", "SellPrice":15000, "BuyItem":"$int_cargorack_size1_class1_name;", "BuyItem_Localised":"Cargo Rack", "BuyPrice":1000, "Ship":"viper", "ShipID":13 }
{ "timestamp":"2017-06-15T18:30:43Z", "event":"ModuleBuy", "Slot":"Slot03_Size2", "SellItem":"$int_hullreinforcement_size2_class2_name;", "SellItem_Localised":"Hull Reinforcement", "SellPrice":36000, "BuyItem":"$int_buggybay_size2_class1_name;", "BuyItem_Localised":"Planetary Vehicle Hangar", "BuyPrice":18000, "Ship":"viper", "ShipID":13 }
{ "timestamp":"2017-06-15T18:31:18Z", "event":"PayFines", "Amount":400 }
{ "timestamp":"2017-06-15T18:31:22Z", "event":"RedeemVoucher", "Type":"settlement", "Amount":9022, "Faction":"" }
{ "timestamp":"2017-06-15T18:31:33Z", "event":"SellExplorationData", "Systems":[ "HIP 18595", "BD+21 717", "HIP 21158", "Hyades Sector HW-W c1-8", "SPOCS 218", "Aldebaran", "Aries Dark Region JM-V c2-14", "Pleiades Sector YP-O b6-2", "Pleiades Sector WU-O b6-2", "Pleiades Sector BB-N b7-3", "Hyades Sector TO-Q b5-4", "HIP 21123", "Hyades Sector MX-T b3-5" ], "Discovered":[  ], "BaseValue":195798, "Bonus":0 }
{ "timestamp":"2017-06-15T18:33:28Z", "event":"Undocked", "StationName":"Ceres Tarn", "StationType":"SurfaceStation" }
{ "timestamp":"2017-06-15T18:33:53Z", "event":"ReceiveText", "From":"Ceres Tarn", "Message":"$STATION_NoFireZone_exited;", "Message_Localised":"No fire zone left.", "Channel":"npc" }
{ "timestamp":"2017-06-15T18:34:12Z", "event":"ReceiveText", "From":"$ShipName_Police_Empire;", "From_Localised":"Internal Security Service", "Message":"$Police_EndPatrol04;", "Message_Localised":"Negative, Tower, I'm bingo on fuel, RTB.", "Channel":"npc" }
{ "timestamp":"2017-06-15T18:34:26Z", "event":"Promotion", "Explore":3 }
{ "timestamp":"2017-06-15T18:34:39Z", "event":"StartJump", "JumpType":"Hyperspace", "StarSystem":"Pleiades Sector HR-W d1-36", "StarClass":"F" }
{ "timestamp":"2017-06-15T18:34:58Z", "event":"FSDJump", "StarSystem":"Pleiades Sector HR-W d1-36", "StarPos":[-67.656,-150.719,-333.313], "SystemAllegiance":"", "SystemEconomy":"$economy_None;", "SystemEconomy_Localised":"None", "SystemGovernment":"$government_None;", "SystemGovernment_Localised":"None", "SystemSecurity":"$SYSTEM_SECURITY_low;", "SystemSecurity_Localised":"Low Security", "JumpDist":4.541, "FuelUsed":0.266850, "FuelLevel":3.733150 }
{ "timestamp":"2017-06-15T18:35:34Z", "event":"StartJump", "JumpType":"Hyperspace", "StarSystem":"Pleiades Sector PD-S b4-2", "StarClass":"M" }
{ "timestamp":"2017-06-15T18:35:52Z", "event":"FSDJump", "StarSystem":"Pleiades Sector PD-S b4-2", "StarPos":[-75.563,-152.406,-336.406], "SystemAllegiance":"", "SystemEconomy":"$economy_None;", "SystemEconomy_Localised":"None", "SystemGovernment":"$government_None;", "SystemGovernment_Localised":"None", "SystemSecurity":"$SYSTEM_SECURITY_low;", "SystemSecurity_Localised":"Low Security", "JumpDist":8.656, "FuelUsed":1.063855, "FuelLevel":2.669296 }
{ "timestamp":"2017-06-15T18:36:52Z", "event":"StartJump", "JumpType":"Hyperspace", "StarSystem":"Merope", "StarClass":"B" }
{ "timestamp":"2017-06-15T18:37:11Z", "event":"FSDJump", "StarSystem":"Merope", "StarPos":[-78.594,-149.625,-340.531], "SystemAllegiance":"Federation", "SystemEconomy":"$economy_Industrial;", "SystemEconomy_Localised":"Industrial", "SystemGovernment":"$government_Democracy;", "SystemGovernment_Localised":"Democracy", "SystemSecurity":"$SYSTEM_SECURITY_medium;", "SystemSecurity_Localised":"Medium Security", "JumpDist":5.826, "FuelUsed":0.446687, "FuelLevel":2.222609, "Factions":[ { "Name":"The Ant Hill Mob", "FactionState":"Boom", "Government":"Anarchy", "Influence":0.031000, "Allegiance":"Independent" }, { "Name":"Pleiades Resource Enterprise", "FactionState":"None", "Government":"Corporate", "Influence":0.753000, "Allegiance":"Federation" }, { "Name":"Atlas Research Group", "FactionState":"Boom", "Government":"Corporate", "Influence":0.108000, "Allegiance":"Independent" }, { "Name":"Merope Expeditionary Fleet", "FactionState":"None", "Government":"Patronage", "Influence":0.108000, "Allegiance":"Empire" } ], "SystemFaction":"Pleiades Resource Enterprise" }
{ "timestamp":"2017-06-15T18:38:28Z", "event":"StartJump", "JumpType":"Hyperspace", "StarSystem":"Maia", "StarClass":"B" }
{ "timestamp":"2017-06-15T18:38:47Z", "event":"FSDJump", "StarSystem":"Maia", "StarPos":[-81.781,-149.438,-343.375], "SystemAllegiance":"Independent", "SystemEconomy":"$economy_Industrial;", "SystemEconomy_Localised":"Industrial", "SystemGovernment":"$government_Anarchy;", "SystemGovernment_Localised":"Anarchy", "SystemSecurity":"$GALAXY_MAP_INFO_state_lawless;", "SystemSecurity_Localised":"Lawless", "JumpDist":4.276, "FuelUsed":0.228118, "FuelLevel":1.994491, "Factions":[ { "Name":"Professor Palin", "FactionState":"None", "Government":"Engineer", "Influence":0.023438, "Allegiance":"Independent" }, { "Name":"The Ant Hill Mob", "FactionState":"Boom", "Government":"Anarchy", "Influence":0.427734, "Allegiance":"Independent" }, { "Name":"Pleiades Resource Enterprise", "FactionState":"None", "Government":"Corporate", "Influence":0.243164, "Allegiance":"Federation" }, { "Name":"Cooper Research Associates", "FactionState":"Retreat", "Government":"Democracy", "Influence":0.020508, "Allegiance":"Alliance" }, { "Name":"Merope Expeditionary Fleet", "FactionState":"None", "Government":"Patronage", "Influence":0.084961, "Allegiance":"Empire" }, { "Name":"Ryder Revolutionary Party", "FactionState":"Boom", "Government":"Communism", "Influence":0.094727, "Allegiance":"Independent" }, { "Name":"Nebula Goat Appreciation Society", "FactionState":"Boom", "Government":"Democracy", "Influence":0.042969, "Allegiance":"Independent" }, { "Name":"The Pioneer's Cooperative", "FactionState":"Bust", "Government":"Cooperative", "Influence":0.038086, "Allegiance":"Independent" }, { "Name":"Hagglebeard's Heroes", "FactionState":"None", "Government":"Cooperative", "Influence":0.024414, "Allegiance":"Independent" } ], "SystemFaction":"The Ant Hill Mob", "FactionState":"Boom" }
{ "timestamp":"2017-06-15T18:40:45Z", "event":"ApproachSettlement", "Name":"Darnielle's Progress" }
{ "timestamp":"2017-06-15T18:41:04Z", "event":"SupercruiseExit", "StarSystem":"Maia", "Body":"Obsidian Orbital", "BodyType":"Station" }
{ "timestamp":"2017-06-15T18:41:21Z", "event":"DockingRequested", "StationName":"Obsidian Orbital" }
{ "timestamp":"2017-06-15T18:41:21Z", "event":"ReceiveText", "From":"Obsidian Orbital", "Message":"$DockingChatter_Neutral;", "Message_Localised":"Ensure to observe starport protocol during your visit, pilot.", "Channel":"npc" }
{ "timestamp":"2017-06-15T18:41:23Z", "event":"ReceiveText", "From":"Obsidian Orbital", "Message":"$STATION_docking_granted;", "Message_Localised":"Docking request granted.", "Channel":"npc" }
{ "timestamp":"2017-06-15T18:41:23Z", "event":"DockingGranted", "LandingPad":6, "StationName":"Obsidian Orbital" }
{ "timestamp":"2017-06-15T18:41:26Z", "event":"ReceiveText", "From":"Obsidian Orbital", "Message":"$STATION_NoFireZone_entered;", "Message_Localised":"No fire zone entered.", "Channel":"npc" }
{ "timestamp":"2017-06-15T18:42:13Z", "event":"Docked", "StationName":"Obsidian Orbital", "StationType":"Bernal", "StarSystem":"Maia", "StationFaction":"The Ant Hill Mob", "FactionState":"Boom", "StationGovernment":"$government_Anarchy;", "StationGovernment_Localised":"Anarchy", "StationEconomy":"$economy_HighTech;", "StationEconomy_Localised":"High Tech", "DistFromStarLS":636.628235 }
{ "timestamp":"2017-06-15T18:42:23Z", "event":"RefuelAll", "Cost":109, "Amount":2.155845 }
{ "timestamp":"2017-06-15T18:43:34Z", "event":"MissionAccepted", "Faction":"Hagglebeard's Heroes", "Name":"Mission_AltruismCredits_Bust", "Expiry":"2017-06-15T21:26:59Z", "Influence":"Low", "Reputation":"High", "MissionID":153559812 }
{ "timestamp":"2017-06-15T18:43:37Z", "event":"MissionCompleted", "Faction":"Hagglebeard's Heroes", "Name":"Mission_AltruismCredits_Bust_name", "MissionID":153559812, "Donation":300000 }
{ "timestamp":"2017-06-15T18:43:46Z", "event":"MissionAccepted", "Faction":"Cooper Research Associates", "Name":"Mission_AltruismCredits", "Expiry":"2017-06-15T20:54:30Z", "Influence":"Low", "Reputation":"High", "MissionID":153559879 }
{ "timestamp":"2017-06-15T18:43:48Z", "event":"MissionCompleted", "Faction":"Cooper Research Associates", "Name":"Mission_AltruismCredits_name", "MissionID":153559879, "Donation":25000 }
{ "timestamp":"2017-06-15T18:43:51Z", "event":"MissionAccepted", "Faction":"Cooper Research Associates", "Name":"Mission_AltruismCredits", "Expiry":"2017-06-15T21:39:04Z", "Influence":"Low", "Reputation":"High", "MissionID":153559907 }
{ "timestamp":"2017-06-15T18:43:53Z", "event":"MissionCompleted", "Faction":"Cooper Research Associates", "Name":"Mission_AltruismCredits_name", "MissionID":153559907, "Donation":50000 }
{ "timestamp":"2017-06-15T18:46:58Z", "event":"Undocked", "StationName":"Obsidian Orbital", "StationType":"Bernal" }
{ "timestamp":"2017-06-15T18:47:12Z", "event":"MaterialCollected", "Category":"Encoded", "Name":"shieldpatternanalysis", "Count":3 }
{ "timestamp":"2017-06-15T18:47:40Z", "event":"ReceiveText", "From":"Obsidian Orbital", "Message":"$STATION_NoFireZone_exited;", "Message_Localised":"No fire zone left.", "Channel":"npc" }
{ "timestamp":"2017-06-15T18:50:26Z", "event":"StartJump", "JumpType":"Hyperspace", "StarSystem":"Pleiades Sector PD-S b4-2", "StarClass":"M" }
{ "timestamp":"2017-06-15T18:50:45Z", "event":"FSDJump", "StarSystem":"Pleiades Sector PD-S b4-2", "StarPos":[-75.563,-152.406,-336.406], "SystemAllegiance":"", "SystemEconomy":"$economy_None;", "SystemEconomy_Localised":"None", "SystemGovernment":"$government_None;", "SystemGovernment_Localised":"None", "SystemSecurity":"$SYSTEM_SECURITY_low;", "SystemSecurity_Localised":"Low Security", "JumpDist":9.800, "FuelUsed":1.395113, "FuelLevel":2.604887 }
{ "timestamp":"2017-06-15T18:51:46Z", "event":"StartJump", "JumpType":"Hyperspace", "StarSystem":"Pleiades Sector HR-W d1-36", "StarClass":"F" }
{ "timestamp":"2017-06-15T18:52:04Z", "event":"FSDJump", "StarSystem":"Pleiades Sector HR-W d1-36", "StarPos":[-67.656,-150.719,-333.313], "SystemAllegiance":"", "SystemEconomy":"$economy_None;", "SystemEconomy_Localised":"None", "SystemGovernment":"$government_None;", "SystemGovernment_Localised":"None", "SystemSecurity":"$SYSTEM_SECURITY_low;", "SystemSecurity_Localised":"Low Security", "JumpDist":8.656, "FuelUsed":1.045446, "FuelLevel":1.559441 }
{ "timestamp":"2017-06-15T18:52:39Z", "event":"StartJump", "JumpType":"Hyperspace", "StarSystem":"HR 1185", "StarClass":"B" }
{ "timestamp":"2017-06-15T18:52:57Z", "event":"FSDJump", "StarSystem":"HR 1185", "StarPos":[-64.656,-148.938,-330.406], "SystemAllegiance":"Empire", "SystemEconomy":"$economy_Extraction;", "SystemEconomy_Localised":"Extraction", "SystemGovernment":"$government_Patronage;", "SystemGovernment_Localised":"Patronage", "SystemSecurity":"$SYSTEM_SECURITY_medium;", "SystemSecurity_Localised":"Medium Security", "JumpDist":4.541, "FuelUsed":0.256934, "FuelLevel":1.302507, "Factions":[ { "Name":"Cooper Research Associates", "FactionState":"Retreat", "Government":"Democracy", "Influence":0.124000, "Allegiance":"Alliance" }, { "Name":"Merope Expeditionary Fleet", "FactionState":"None", "Government":"Patronage", "Influence":0.876000, "Allegiance":"Empire" } ], "SystemFaction":"Merope Expeditionary Fleet" }
{ "timestamp":"2017-06-15T18:54:01Z", "event":"SupercruiseExit", "StarSystem":"HR 1185", "Body":"HR 1185 A", "BodyType":"Star" }
{ "timestamp":"2017-06-15T18:54:55Z", "event":"MaterialCollected", "Category":"Encoded", "Name":"bulkscandata", "Count":3 }
{ "timestamp":"2017-06-15T18:58:18Z", "event":"ReceiveText", "From":"$ShipName_Police_Empire;", "From_Localised":"Internal Security Service", "Message":"$Police_ArrivedAtInvestigationLocation03;", "Message_Localised":"Crime scene cordon initialised, all ships must submit to police scan.", "Channel":"npc" }
{ "timestamp":"2017-06-15T18:58:21Z", "event":"ReceiveText", "From":"$npc_name_decorate:#name=Ella Rosetta Berry;", "From_Localised":"Ella Rosetta Berry", "Message":"$Pirate_OnEnemyShipDetection05;", "Message_Localised":"Hostiles - just what I needed.", "Channel":"npc" }
{ "timestamp":"2017-06-15T18:58:31Z", "event":"Bounty", "Rewards":[ { "Faction":"Empire", "Reward":17010 } ], "Target":"cobramkiii", "TotalReward":17010, "VictimFaction":"Merope Expeditionary Fleet" }
{ "timestamp":"2017-06-15T18:58:50Z", "event":"Bounty", "Rewards":[ { "Faction":"Merope Expeditionary Fleet", "Reward":200 }, { "Faction":"Empire", "Reward":6720 } ], "Target":"cobramkiii", "TotalReward":6920, "VictimFaction":"Merope Expeditionary Fleet" }
{ "timestamp":"2017-06-15T18:59:17Z", "event":"ReceiveText", "From":"$ShipName_Police_Empire;", "From_Localised":"Internal Security Service", "Message":"$Police_ArriveReinforcement03;", "Message_Localised":"We're responding to an emergency signal.", "Channel":"npc" }
{ "timestamp":"2017-06-15T18:59:43Z", "event":"MaterialCollected", "Category":"Encoded", "Name":"shieldcyclerecordings", "Count":3 }
{ "timestamp":"2017-06-15T18:59:46Z", "event":"Scanned", "ScanType":"Cargo" }
{ "timestamp":"2017-06-15T18:59:46Z", "event":"ReceiveText", "From":"$ShipName_Police_Empire;", "From_Localised":"Internal Security Service", "Message":"$Police_ThankYouPassedStopAndSearch08;", "Message_Localised":"All done and you're clear to proceed, Commander.", "Channel":"npc" }
{ "timestamp":"2017-06-15T18:59:52Z", "event":"MaterialCollected", "Category":"Encoded", "Name":"shieldsoakanalysis", "Count":3 }
{ "timestamp":"2017-06-15T19:00:23Z", "event":"MaterialCollected", "Category":"Encoded", "Name":"bulkscandata", "Count":3 }
{ "timestamp":"2017-06-15T19:01:37Z", "event":"MaterialCollected", "Category":"Encoded", "Name":"shielddensityreports", "Count":3 }
{ "timestamp":"2017-06-15T19:01:45Z", "event":"Scanned", "ScanType":"Cargo" }
{ "timestamp":"2017-06-15T19:01:45Z", "event":"ReceiveText", "From":"$ShipName_Police_Empire;", "From_Localised":"Internal Security Service", "Message":"$Police_ThankYouPassedStopAndSearch06;", "Message_Localised":"We're done here pilot, move along.", "Channel":"npc" }
{ "timestamp":"2017-06-15T19:02:32Z", "event":"Bounty", "Rewards":[ { "Faction":"Merope Expeditionary Fleet", "Reward":14070 } ], "Target":"adder", "TotalReward":14070, "VictimFaction":"Cooper Research Associates" }
{ "timestamp":"2017-06-15T19:04:46Z", "event":"Bounty", "Rewards":[ { "Faction":"Merope Expeditionary Fleet", "Reward":2690 }, { "Faction":"Cooper Research Associates", "Reward":2730 } ], "Target":"hauler", "TotalReward":5420, "VictimFaction":"Merope Expeditionary Fleet" }
{ "timestamp":"2017-06-15T19:05:59Z", "event":"ReceiveText", "From":"$npc_name_decorate:#name=LordOsis;", "From_Localised":"LordOsis", "Message":"$BadKarmaCriticalDamage02;", "Message_Localised":"Impossible!", "Channel":"npc" }
{ "timestamp":"2017-06-15T19:06:18Z", "event":"Bounty", "Rewards":[ { "Faction":"Merope Expeditionary Fleet", "Reward":147345 } ], "Target":"federation_gunship", "TotalReward":147345, "VictimFaction":"Merope Expeditionary Fleet" }
{ "timestamp":"2017-06-15T19:06:27Z", "event":"MaterialCollected", "Category":"Encoded", "Name":"shieldsoakanalysis", "Count":3 }
{ "timestamp":"2017-06-15T19:06:28Z", "event":"MaterialCollected", "Category":"Encoded", "Name":"scandatabanks", "Count":3 }
{ "timestamp":"2017-06-15T19:07:07Z", "event":"ShieldState", "ShieldsUp":false }
{ "timestamp":"2017-06-15T19:07:14Z", "event":"ReceiveText", "From":"$npc_name_decorate:#name=CCIECHAZ;", "From_Localised":"CCIECHAZ", "Message":"$Smuggler_NearDeath01;", "Message_Localised":"Okay, okay, the cargo's all yours... This job isn't worth my life.", "Channel":"npc" }
{ "timestamp":"2017-06-15T19:07:32Z", "event":"Bounty", "Rewards":[ { "Faction":"Merope Expeditionary Fleet", "Reward":53897 }, { "Faction":"Federation", "Reward":28507 } ], "Target":"asp", "TotalReward":82404, "VictimFaction":"Cooper Research Associates" }
{ "timestamp":"2017-06-15T19:08:10Z", "event":"ShieldState", "ShieldsUp":true }
{ "timestamp":"2017-06-15T19:09:06Z", "event":"StartJump", "JumpType":"Supercruise" }
{ "timestamp":"2017-06-15T19:09:11Z", "event":"SupercruiseEntry", "StarSystem":"HR 1185" }
{ "timestamp":"2017-06-15T19:11:17Z", "event":"SupercruiseExit", "StarSystem":"HR 1185", "Body":"HR 1185 A 4", "BodyType":"Planet" }
{ "timestamp":"2017-06-15T19:12:07Z", "event":"ReceiveText", "From":"$npc_name_decorate:#name=INV Achenar's Might;", "From_Localised":"INV Achenar's Might", "Message":"$CapShipProximityWarning;", "Message_Localised":"Back off Commander. You are not authorised to be close.", "Channel":"npc" }
{ "timestamp":"2017-06-15T19:12:35Z", "event":"StartJump", "JumpType":"Supercruise" }
{ "timestamp":"2017-06-15T19:12:40Z", "event":"SupercruiseEntry", "StarSystem":"HR 1185" }
{ "timestamp":"2017-06-15T19:12:52Z", "event":"ApproachSettlement", "Name":"Ceres Tarn" }
{ "timestamp":"2017-06-15T19:14:46Z", "event":"ApproachSettlement", "Name":"Ceres Tarn" }
{ "timestamp":"2017-06-15T19:14:49Z", "event":"SupercruiseExit", "StarSystem":"HR 1185", "Body":"HR 1185 A 4", "BodyType":"Planet" }
{ "timestamp":"2017-06-15T19:15:36Z", "event":"DockingRequested", "StationName":"Ceres Tarn" }
{ "timestamp":"2017-06-15T19:15:36Z", "event":"ReceiveText", "From":"Ceres Tarn", "Message":"$DockingChatter_Neutral;", "Message_Localised":"Ensure to observe starport protocol during your visit, pilot.", "Channel":"npc" }
{ "timestamp":"2017-06-15T19:15:37Z", "event":"ReceiveText", "From":"Ceres Tarn", "Message":"$STATION_docking_granted;", "Message_Localised":"Docking request granted.", "Channel":"npc" }
{ "timestamp":"2017-06-15T19:15:37Z", "event":"DockingGranted", "LandingPad":3, "StationName":"Ceres Tarn" }
{ "timestamp":"2017-06-15T19:15:56Z", "event":"ReceiveText", "From":"Ceres Tarn", "Message":"$STATION_NoFireZone_entered;", "Message_Localised":"No fire zone entered.", "Channel":"npc" }
{ "timestamp":"2017-06-15T19:17:18Z", "event":"Docked", "StationName":"Ceres Tarn", "StationType":"SurfaceStation", "StarSystem":"HR 1185", "StationFaction":"Merope Expeditionary Fleet", "StationGovernment":"$government_Patronage;", "StationGovernment_Localised":"Patronage", "StationAllegiance":"Empire", "StationEconomy":"$economy_Extraction;", "StationEconomy_Localised":"Extraction", "DistFromStarLS":365.614227 }
{ "timestamp":"2017-06-15T19:17:27Z", "event":"RefuelAll", "Cost":160, "Amount":3.172620 }
{ "timestamp":"2017-06-15T19:17:28Z", "event":"RepairAll", "Cost":191 }
{ "timestamp":"2017-06-15T19:17:29Z", "event":"BuyAmmo", "Cost":973 }
{ "timestamp":"2017-06-15T19:18:08Z", "event":"LaunchSRV", "Loadout":"starter", "PlayerControlled":true }
{ "timestamp":"2017-06-15T19:18:12Z", "event":"ReceiveText", "From":"Ceres Tarn", "Message":"$STATION_NoFireZone_entered;", "Message_Localised":"No fire zone entered.", "Channel":"npc" }
{ "timestamp":"2017-06-15T19:20:53Z", "event":"ReceiveText", "From":"Ceres Tarn", "Message":"$DockingPadBlockWarningComms;", "Message_Localised":"Loitering infraction detected, clear pad approach immediately to avoid lethal response", "Channel":"npc" }
{ "timestamp":"2017-06-15T19:21:04Z", "event":"CommitCrime", "CrimeType":"dockingMinorBlockingLandingPad", "Faction":"Merope Expeditionary Fleet", "Fine":400 }
{ "timestamp":"2017-06-15T19:21:05Z", "event":"HullDamage", "Health":0.799355, "PlayerPilot":true }
{ "timestamp":"2017-06-15T19:21:41Z", "event":"ReceiveText", "From":"Ceres Tarn", "Message":"$DockingOffenceCleared;", "Message_Localised":"Starport infractions cleared, docking privileges restored.", "Channel":"npc" }
{ "timestamp":"2017-06-15T19:23:20Z", "event":"ReceiveText", "From":"Ceres Tarn", "Message":"$DockingChatter_Neutral;", "Message_Localised":"Ensure to observe starport protocol during your visit, pilot.", "Channel":"npc" }
{ "timestamp":"2017-06-15T19:23:20Z", "event":"ReceiveText", "From":"Ceres Tarn", "Message":"$STATION_docking_granted;", "Message_Localised":"Docking request granted.", "Channel":"npc" }
{ "timestamp":"2017-06-15T19:23:34Z", "event":"HullDamage", "Health":0.551665, "PlayerPilot":true }
{ "timestamp":"2017-06-15T19:24:12Z", "event":"DockSRV" }
{ "timestamp":"2017-06-15T19:24:14Z", "event":"Docked", "StationName":"Ceres Tarn", "StationType":"SurfaceStation", "StarSystem":"HR 1185", "StationFaction":"Merope Expeditionary Fleet", "StationGovernment":"$government_Patronage;", "StationGovernment_Localised":"Patronage", "StationAllegiance":"Empire", "StationEconomy":"$economy_Extraction;", "StationEconomy_Localised":"Extraction", "DistFromStarLS":365.614441 }
{ "timestamp":"2017-06-15T19:24:50Z", "event":"PayFines", "Amount":400 }
{ "timestamp":"2017-06-15T19:24:54Z", "event":"RedeemVoucher", "Type":"bounty", "Amount":244662, "Factions":[ { "Faction":"Empire", "Amount":23730 }, { "Faction":"Merope Expeditionary Fleet", "Amount":218202 }, { "Faction":"Cooper Research Associates", "Amount":2730 } ] }
{ "timestamp":"2017-06-15T19:25:39Z", "event":"Undocked", "StationName":"Ceres Tarn", "StationType":"SurfaceStation" }
{ "timestamp":"2017-06-15T19:26:00Z", "event":"ReceiveText", "From":"Ceres Tarn", "Message":"$STATION_NoFireZone_exited;", "Message_Localised":"No fire zone left.", "Channel":"npc" }
{ "timestamp":"2017-06-15T19:26:08Z", "event":"StartJump", "JumpType":"Supercruise" }
{ "timestamp":"2017-06-15T19:26:08Z", "event":"ApproachSettlement", "Name":"Ceres Tarn" }
{ "timestamp":"2017-06-15T19:26:13Z", "event":"SupercruiseEntry", "StarSystem":"HR 1185" }
{ "timestamp":"2017-06-15T19:28:30Z", "event":"Screenshot", "Filename":"\\ED_Pictures\\Screenshot_0001.bmp", "Width":1366, "Height":768, "System":"HR 1185", "Body":"HR 1185 A 4" }
{ "timestamp":"2017-06-15T19:28:31Z", "event":"Screenshot", "Filename":"\\ED_Pictures\\Screenshot_0002.bmp", "Width":1366, "Height":768, "System":"HR 1185", "Body":"HR 1185 A 4" }
{ "timestamp":"2017-06-15T19:31:15Z", "event":"SupercruiseExit", "StarSystem":"HR 1185", "Body":"HR 1185 A 5 A Ring", "BodyType":"PlanetaryRing" }
{ "timestamp":"2017-06-15T19:31:37Z", "event":"ReceiveText", "From":"$npc_name_decorate:#name=James Lock;", "From_Localised":"James Lock", "Message":"$Pirate_OnDeclarePiracyAttack02;", "Message_Localised":"You choose death then. Very well.", "Channel":"npc" }
{ "timestamp":"2017-06-15T19:33:41Z", "event":"ReceiveText", "From":"$npc_name_decorate:#name=Edreamer Jix;", "From_Localised":"Edreamer Jix", "Message":"$MinerCriticalDamage04;", "Message_Localised":"I'm just a simple miner!", "Channel":"npc" }
{ "timestamp":"2017-06-15T19:34:22Z", "event":"ShieldState", "ShieldsUp":false }
{ "timestamp":"2017-06-15T19:35:32Z", "event":"ShieldState", "ShieldsUp":true }
{ "timestamp":"2017-06-15T19:36:14Z", "event":"ShieldState", "ShieldsUp":false }
{ "timestamp":"2017-06-15T19:36:54Z", "event":"HullDamage", "Health":0.780533, "PlayerPilot":true, "Fighter":false }
{ "timestamp":"2017-06-15T19:37:04Z", "event":"HullDamage", "Health":0.575373, "PlayerPilot":true, "Fighter":false }
{ "timestamp":"2017-06-15T19:37:16Z", "event":"ShieldState", "ShieldsUp":true }
{ "timestamp":"2017-06-15T19:38:21Z", "event":"ShieldState", "ShieldsUp":false }
{ "timestamp":"2017-06-15T19:38:59Z", "event":"HullDamage", "Health":0.380254, "PlayerPilot":true, "Fighter":false }
{ "timestamp":"2017-06-15T19:39:22Z", "event":"ShieldState", "ShieldsUp":true }
{ "timestamp":"2017-06-15T19:40:43Z", "event":"ReceiveText", "From":"$npc_name_decorate:#name=James Lock;", "From_Localised":"James Lock", "Message":"$Pirate_OnDeclarePiracyAttack07;", "Message_Localised":"I consign your remains to the void.", "Channel":"npc" }
{ "timestamp":"2017-06-15T19:41:21Z", "event":"HullDamage", "Health":0.169281, "PlayerPilot":true, "Fighter":false }
{ "timestamp":"2017-06-15T19:41:23Z", "event":"RebootRepair", "Modules":[ "MediumHardpoint1", "MediumHardpoint2", "SmallHardpoint1", "TinyHardpoint1" ] }
{ "timestamp":"2017-06-15T19:41:26Z", "event":"Died", "KillerName":"James Lock", "KillerShip":"ferdelance", "KillerRank":"Master" }
{ "timestamp":"2017-06-15T19:41:50Z", "event":"Resurrect", "Option":"rebuy", "Cost":110283, "Bankrupt":false }
{ "timestamp":"2017-06-15T19:41:51Z", "event":"ApproachSettlement", "Name":"Ceres Tarn" }
{ "timestamp":"2017-06-15T19:42:00Z", "event":"Location", "Docked":true, "StationName":"Ceres Tarn", "StationType":"SurfaceStation", "StarSystem":"HR 1185", "StarPos":[-64.656,-148.938,-330.406], "SystemAllegiance":"Empire", "SystemEconomy":"$economy_Extraction;", "SystemEconomy_Localised":"Extraction", "SystemGovernment":"$government_Patronage;", "SystemGovernment_Localised":"Patronage", "SystemSecurity":"$SYSTEM_SECURITY_medium;", "SystemSecurity_Localised":"Medium Security", "Body":"HR 1185 A 4", "BodyType":"Planet", "Factions":[ { "Name":"Cooper Research Associates", "FactionState":"Retreat", "Government":"Democracy", "Influence":0.124000, "Allegiance":"Alliance" }, { "Name":"Merope Expeditionary Fleet", "FactionState":"None", "Government":"Patronage", "Influence":0.876000, "Allegiance":"Empire" } ], "SystemFaction":"Merope Expeditionary Fleet" }
{ "timestamp":"2017-06-15T19:42:00Z", "event":"Docked", "StationName":"Ceres Tarn", "StationType":"SurfaceStation", "StarSystem":"HR 1185", "StationFaction":"Merope Expeditionary Fleet", "StationGovernment":"$government_Patronage;", "StationGovernment_Localised":"Patronage", "StationAllegiance":"Empire", "StationEconomy":"$economy_Extraction;", "StationEconomy_Localised":"Extraction", "DistFromStarLS":365.615051 }
{ "timestamp":"2017-06-15T19:42:19Z", "event":"ShipyardSwap", "ShipType":"viper_mkiv", "ShipID":2, "StoreOldShip":"Viper", "StoreShipID":13 }
{ "timestamp":"2017-06-15T19:42:20Z", "event":"Cargo", "Inventory":[  ] }
{ "timestamp":"2017-06-15T19:42:20Z", "event":"Loadout", "Ship":"Viper_MkIV", "ShipID":2, "ShipName":"", "ShipIdent":"", "Modules":[ { "Slot":"MediumHardpoint1", "Item":"Hpt_PulseLaser_Gimbal_Medium", "On":true, "Priority":0, "Health":1.000000, "Value":35400 }, { "Slot":"MediumHardpoint2", "Item":"Hpt_MultiCannon_Gimbal_Medium", "On":true, "Priority":0, "AmmoInClip":90, "AmmoInHopper":2100, "Health":1.000000, "Value":57000 }, { "Slot":"SmallHardpoint1", "Item":"Hpt_PulseLaser_Gimbal_Small", "On":true, "Priority":0, "AmmoInClip":1, "Health":1.000000, "Value":6600 }, { "Slot":"SmallHardpoint2", "Item":"Hpt_MultiCannon_Gimbal_Small", "On":true, "Priority":0, "AmmoInClip":90, "AmmoInHopper":2100, "Health":1.000000, "Value":14250 }, { "Slot":"TinyHardpoint1", "Item":"Hpt_PlasmaPointDefence_Turret_Tiny", "On":true, "Priority":0, "AmmoInClip":12, "AmmoInHopper":10000, "Health":1.000000, "Value":18546 }, { "Slot":"TinyHardpoint2", "Item":"Hpt_CrimeScanner_Size0_Class2", "On":true, "Priority":0, "Health":1.000000, "Value":40633 }, { "Slot":"Armour", "Item":"Viper_MkIV_Armour_Grade1", "On":true, "Priority":1, "Health":1.000000, "Value":0 }, { "Slot":"PowerPlant", "Item":"Int_Powerplant_Size4_Class4", "On":true, "Priority":1, "Health":1.000000, "Value":536693 }, { "Slot":"MainEngines", "Item":"Int_Engine_Size4_Class5", "On":true, "Priority":0, "Health":1.000000, "Value":1610080 }, { "Slot":"FrameShiftDrive", "Item":"Int_Hyperdrive_Size4_Class2", "On":true, "Priority":0, "Health":1.000000, "Value":59633 }, { "Slot":"LifeSupport", "Item":"Int_LifeSupport_Size2_Class2", "On":true, "Priority":0, "Health":1.000000, "Value":3619 }, { "Slot":"PowerDistributor", "Item":"Int_PowerDistributor_Size3_Class3", "On":true, "Priority":0, "Health":1.000000, "Value":25333 }, { "Slot":"Radar", "Item":"Int_Sensors_Size3_Class5", "On":true, "Priority":0, "Health":1.000000, "Value":158331 }, { "Slot":"FuelTank", "Item":"Int_FuelTank_Size4_Class3", "On":true, "Priority":1, "Health":1.000000, "Value":24734 }, { "Slot":"Decal1", "Item":"Decal_Combat_Novice", "On":true, "Priority":1, "Health":1.000000, "Value":0 }, { "Slot":"Decal2", "Item":"Decal_Explorer_Scout", "On":true, "Priority":1, "Health":1.000000, "Value":0 }, { "Slot":"Decal3", "Item":"Decal_Trade_Merchant", "On":true, "Priority":1, "Health":1.000000, "Value":0 }, { "Slot":"Slot01_Size4", "Item":"Int_ShieldGenerator_Size4_Class5", "On":true, "Priority":0, "Health":1.000000, "Value":1610080 }, { "Slot":"Slot02_Size4", "Item":"Int_HullReinforcement_Size4_Class2", "On":true, "Priority":1, "Health":1.000000, "Value":195000 }, { "Slot":"Slot03_Size3", "Item":"Int_HullReinforcement_Size3_Class1", "On":true, "Priority":1, "Health":1.000000, "Value":28000 }, { "Slot":"Slot04_Size2", "Item":"Int_HullReinforcement_Size2_Class2", "On":true, "Priority":1, "Health":1.000000, "Value":36000 }, { "Slot":"Slot05_Size2", "Item":"Int_ModuleReinforcement_Size2_Class2", "On":true, "Priority":1, "Health":1.000000, "Value":36000 }, { "Slot":"Slot06_Size1", "Item":"Int_HullReinforcement_Size1_Class2", "On":true, "Priority":1, "Health":1.000000, "Value":15000 }, { "Slot":"PlanetaryApproachSuite", "Item":"Int_PlanetApproachSuite", "On":true, "Priority":1, "Health":1.000000, "Value":500 }, { "Slot":"Bobble03", "Item":"Bobble_PilotMale", "On":true, "Priority":1, "Health":1.000000, "Value":0 }, { "Slot":"Military01", "Item":"Int_HullReinforcement_Size2_Class2", "On":true, "Priority":1, "Health":1.000000, "Value":36000 }, { "Slot":"ShipCockpit", "Item":"Viper_MkIV_Cockpit", "On":true, "Priority":1, "Health":1.000000, "Value":0 }, { "Slot":"CargoHatch", "Item":"ModularCargoBayDoor", "On":true, "Priority":1, "Health":1.000000, "Value":0 } ] }
{ "timestamp":"2017-06-15T19:42:29Z", "event":"Docked", "StationName":"Ceres Tarn", "StationType":"SurfaceStation", "StarSystem":"HR 1185", "StationFaction":"Merope Expeditionary Fleet", "StationGovernment":"$government_Patronage;", "StationGovernment_Localised":"Patronage", "StationAllegiance":"Empire", "StationEconomy":"$economy_Extraction;", "StationEconomy_Localised":"Extraction", "DistFromStarLS":365.615082 }
{ "timestamp":"2017-06-15T19:42:33Z", "event":"ReceiveText", "From":"$ShipName_Police_Empire;", "From_Localised":"Internal Security Service", "Message":"$Police_StartPatrol03;", "Message_Localised":"Receiving five by five, I'm in the air now, joining patrol.", "Channel":"npc" }
{ "timestamp":"2017-06-15T19:42:58Z", "event":"Undocked", "StationName":"Ceres Tarn", "StationType":"SurfaceStation" }
{ "timestamp":"2017-06-15T19:43:17Z", "event":"ReceiveText", "From":"Ceres Tarn", "Message":"$STATION_NoFireZone_exited;", "Message_Localised":"No fire zone left.", "Channel":"npc" }
{ "timestamp":"2017-06-15T19:43:26Z", "event":"StartJump", "JumpType":"Supercruise" }
{ "timestamp":"2017-06-15T19:43:26Z", "event":"ApproachSettlement", "Name":"Ceres Tarn" }
{ "timestamp":"2017-06-15T19:43:31Z", "event":"SupercruiseEntry", "StarSystem":"HR 1185" }
{ "timestamp":"2017-06-15T19:45:33Z", "event":"USSDrop", "USSType":"$USS_Type_DistressSignal;", "USSType_Localised":"Distress call", "USSThreat":2 }
{ "timestamp":"2017-06-15T19:45:34Z", "event":"SupercruiseExit", "StarSystem":"HR 1185", "Body":"HR 1185 A 4", "BodyType":"Planet" }
{ "timestamp":"2017-06-15T19:45:43Z", "event":"ReceiveText", "From":"$npc_name_decorate:#name=Rick Hope;", "From_Localised":"Rick Hope", "Message":"$Pirate_OnStartScanCargo05;", "Message_Localised":"What treats do you carry?", "Channel":"npc" }
{ "timestamp":"2017-06-15T19:45:53Z", "event":"ReceiveText", "From":"$npc_name_decorate:#name=Rick Hope;", "From_Localised":"Rick Hope", "Message":"$Pirate_OnNoCargoFound05;", "Message_Localised":"How do you fools make a living?", "Channel":"npc" }
{ "timestamp":"2017-06-15T19:45:53Z", "event":"Scanned", "ScanType":"Cargo" }
{ "timestamp":"2017-06-15T19:46:14Z", "event":"StartJump", "JumpType":"Supercruise" }
{ "timestamp":"2017-06-15T19:46:14Z", "event":"ApproachSettlement", "Name":"Ceres Tarn" }
{ "timestamp":"2017-06-15T19:46:19Z", "event":"SupercruiseEntry", "StarSystem":"HR 1185" }
{ "timestamp":"2017-06-15T19:47:29Z", "event":"SupercruiseExit", "StarSystem":"HR 1185", "Body":"HR 1185 A 4 A Ring", "BodyType":"PlanetaryRing" }
{ "timestamp":"2017-06-15T19:47:56Z", "event":"ReceiveText", "From":"$npc_name_decorate:#name=Ralph Finklestein;", "From_Localised":"Ralph Finklestein", "Message":"$Pirate_OnStartScanCargo05;", "Message_Localised":"What treats do you carry?", "Channel":"npc" }
{ "timestamp":"2017-06-15T19:47:59Z", "event":"MaterialCollected", "Category":"Encoded", "Name":"decodedemissiondata", "Count":3 }
{ "timestamp":"2017-06-15T19:48:00Z", "event":"ReceiveText", "From":"$npc_name_decorate:#name=Ralph Finklestein;", "From_Localised":"Ralph Finklestein", "Message":"$Pirate_OnDeclarePiracyAttack04;", "Message_Localised":"I'm gonna boil you up!", "Channel":"npc" }
{ "timestamp":"2017-06-15T19:48:42Z", "event":"ReceiveText", "From":"$npc_name_decorate:#name=Ralph Finklestein;", "From_Localised":"Ralph Finklestein", "Message":"$BadKarmaCriticalDamage01;", "Message_Localised":"How is this happening?!", "Channel":"npc" }
{ "timestamp":"2017-06-15T19:48:59Z", "event":"Bounty", "Rewards":[ { "Faction":"Merope Expeditionary Fleet", "Reward":200 }, { "Faction":"Empire", "Reward":13140 } ], "Target":"viper_mkiv", "TotalReward":13340, "VictimFaction":"Cooper Research Associates" }
{ "timestamp":"2017-06-15T19:49:36Z", "event":"MaterialCollected", "Category":"Encoded", "Name":"shieldcyclerecordings", "Count":3 }
{ "timestamp":"2017-06-15T19:49:52Z", "event":"ReceiveText", "From":"$npc_name_decorate:#name=Alexis;", "From_Localised":"Alexis", "Message":"$Pirate_OnDeclarePiracyAttack01;", "Message_Localised":"I'll pick your bones clean, greenhorn.", "Channel":"npc" }
{ "timestamp":"2017-06-15T19:49:52Z", "event":"ReceiveText", "From":"$npc_name_decorate:#name=Krukov;", "From_Localised":"Krukov", "Message":"$Escort_AttackDutyStart02;", "Message_Localised":"Hostiles detected, protect the lead ship at all costs.", "Channel":"npc" }
{ "timestamp":"2017-06-15T19:50:05Z", "event":"ReceiveText", "From":"$npc_name_decorate:#name=Alexis;", "From_Localised":"Alexis", "Message":"$BadKarmaCriticalDamage01;", "Message_Localised":"How is this happening?!", "Channel":"npc" }
{ "timestamp":"2017-06-15T19:50:11Z", "event":"Bounty", "Rewards":[ { "Faction":"Merope Expeditionary Fleet", "Reward":200 }, { "Faction":"Empire", "Reward":6900 } ], "Target":"empire_eagle", "TotalReward":7100, "VictimFaction":"Merope Expeditionary Fleet" }
{ "timestamp":"2017-06-15T19:50:33Z", "event":"Bounty", "Rewards":[ { "Faction":"Merope Expeditionary Fleet", "Reward":2562 } ], "Target":"sidewinder", "TotalReward":2562, "VictimFaction":"Merope Expeditionary Fleet" }
{ "timestamp":"2017-06-15T19:50:56Z", "event":"ReceiveText", "From":"$npc_name_decorate:#name=Diana;", "From_Localised":"Diana", "Message":"$Pirate_OnDeclarePiracyAttack01;", "Message_Localised":"I'll pick your bones clean, greenhorn.", "Channel":"npc" }
{ "timestamp":"2017-06-15T19:51:37Z", "event":"ReceiveText", "From":"$npc_name_decorate:#name=Diana;", "From_Localised":"Diana", "Message":"$BadKarmaCriticalDamage05;", "Message_Localised":"No, no!", "Channel":"npc" }
{ "timestamp":"2017-06-15T19:51:42Z", "event":"Bounty", "Rewards":[ { "Faction":"Empire", "Reward":19020 } ], "Target":"viper_mkiv", "TotalReward":19020, "VictimFaction":"Merope Expeditionary Fleet" }
{ "timestamp":"2017-06-15T19:51:46Z", "event":"ReceiveText", "From":"$npc_name_decorate:#name=DANA FOX;", "From_Localised":"DANA FOX", "Message":"$BadKarmaCriticalDamage07;", "Message_Localised":"Too much damage!", "Channel":"npc" }
{ "timestamp":"2017-06-15T19:52:05Z", "event":"CommitCrime", "CrimeType":"assault", "Faction":"Merope Expeditionary Fleet", "Victim":"Monticle", "Bounty":200 }
{ "timestamp":"2017-06-15T19:52:09Z", "event":"MaterialCollected", "Category":"Encoded", "Name":"emissiondata", "Count":3 }
{ "timestamp":"2017-06-15T19:52:13Z", "event":"Bounty", "Rewards":[ { "Faction":"Merope Expeditionary Fleet", "Reward":6080 } ], "Target":"eagle", "TotalReward":6080, "VictimFaction":"Cooper Research Associates" }
{ "timestamp":"2017-06-15T19:52:13Z", "event":"ReceiveText", "From":"$ShipName_Police_Empire;", "From_Localised":"Internal Security Service", "Message":"$Police_ArriveReinforcement03;", "Message_Localised":"We're responding to an emergency signal.", "Channel":"npc" }
{ "timestamp":"2017-06-15T19:52:13Z", "event":"ReceiveText", "From":"$ShipName_Police_Empire;", "From_Localised":"Internal Security Service", "Message":"$Police_ArriveReinforcement02;", "Message_Localised":"Back-up has arrived.", "Channel":"npc" }
{ "timestamp":"2017-06-15T19:53:02Z", "event":"ReceiveText", "From":"$ShipName_Police_Empire;", "From_Localised":"Internal Security Service", "Message":"$Police_ArriveInvestigate03;", "Message_Localised":"Crime response flight deployed.", "Channel":"npc" }
{ "timestamp":"2017-06-15T19:53:13Z", "event":"ReceiveText", "From":"$ShipName_Police_Empire;", "From_Localised":"Internal Security Service", "Message":"$Police_ArrivedAtInvestigationLocation02;", "Message_Localised":"Cease and desist! Submit to authority scans immediately!", "Channel":"npc" }
{ "timestamp":"2017-06-15T19:53:49Z", "event":"ReceiveText", "From":"$npc_name_decorate:#name=Kalma;", "From_Localised":"Kalma", "Message":"$BadKarmaCriticalDamage08;", "Message_Localised":"I've taken too many hits.", "Channel":"npc" }
{ "timestamp":"2017-06-15T19:54:08Z", "event":"ShieldState", "ShieldsUp":true }
{ "timestamp":"2017-06-15T19:54:36Z", "event":"ReceiveText", "From":"$ShipName_Police_Empire;", "From_Localised":"Internal Security Service", "Message":"$OverwatchAttackRun02;", "Message_Localised":"Starting attack run.", "Channel":"npc" }
{ "timestamp":"2017-06-15T19:54:49Z", "event":"StartJump", "JumpType":"Supercruise" }
{ "timestamp":"2017-06-15T19:54:54Z", "event":"SupercruiseEntry", "StarSystem":"HR 1185" }
{ "timestamp":"2017-06-15T19:58:44Z", "event":"ApproachSettlement", "Name":"Ceres Tarn" }
{ "timestamp":"2017-06-15T20:01:38Z", "event":"StartJump", "JumpType":"Hyperspace", "StarSystem":"HIP 17692", "StarClass":"A" }
{ "timestamp":"2017-06-15T20:01:56Z", "event":"FSDJump", "StarSystem":"HIP 17692", "StarPos":[-74.125,-143.969,-328.781], "SystemAllegiance":"Federation", "SystemEconomy":"$economy_HighTech;", "SystemEconomy_Localised":"High Tech", "SystemGovernment":"$government_Democracy;", "SystemGovernment_Localised":"Democracy", "SystemSecurity":"$SYSTEM_SECURITY_low;", "SystemSecurity_Localised":"Low Security", "JumpDist":10.816, "FuelUsed":1.910664, "FuelLevel":14.089336, "Factions":[ { "Name":"Pleiades Resource Enterprise", "FactionState":"None", "Government":"Corporate", "Influence":1.000000, "Allegiance":"Federation" } ], "SystemFaction":"Pleiades Resource Enterprise" }
{ "timestamp":"2017-06-15T20:02:57Z", "event":"StartJump", "JumpType":"Hyperspace", "StarSystem":"HR 1185", "StarClass":"B" }
{ "timestamp":"2017-06-15T20:03:16Z", "event":"FSDJump", "StarSystem":"HR 1185", "StarPos":[-64.656,-148.938,-330.406], "SystemAllegiance":"Empire", "SystemEconomy":"$economy_Extraction;", "SystemEconomy_Localised":"Extraction", "SystemGovernment":"$government_Patronage;", "SystemGovernment_Localised":"Patronage", "SystemSecurity":"$SYSTEM_SECURITY_medium;", "SystemSecurity_Localised":"Medium Security", "JumpDist":10.816, "FuelUsed":1.881412, "FuelLevel":12.207924, "Factions":[ { "Name":"Cooper Research Associates", "FactionState":"Retreat", "Government":"Democracy", "Influence":0.124000, "Allegiance":"Alliance" }, { "Name":"Merope Expeditionary Fleet", "FactionState":"None", "Government":"Patronage", "Influence":0.876000, "Allegiance":"Empire" } ], "SystemFaction":"Merope Expeditionary Fleet" }
{ "timestamp":"2017-06-15T20:04:58Z", "event":"SupercruiseExit", "StarSystem":"HR 1185", "Body":"HR 1185 A", "BodyType":"Star" }
{ "timestamp":"2017-06-15T20:05:36Z", "event":"StartJump", "JumpType":"Supercruise" }
{ "timestamp":"2017-06-15T20:05:41Z", "event":"SupercruiseEntry", "StarSystem":"HR 1185" }
{ "timestamp":"2017-06-15T20:07:13Z", "event":"ApproachSettlement", "Name":"Ceres Tarn" }
{ "timestamp":"2017-06-15T20:08:50Z", "event":"ApproachSettlement", "Name":"Ceres Tarn" }
{ "timestamp":"2017-06-15T20:08:52Z", "event":"SupercruiseExit", "StarSystem":"HR 1185", "Body":"HR 1185 A 4", "BodyType":"Planet" }
{ "timestamp":"2017-06-15T20:09:45Z", "event":"DockingRequested", "StationName":"Ceres Tarn" }
{ "timestamp":"2017-06-15T20:09:45Z", "event":"ReceiveText", "From":"Ceres Tarn", "Message":"$DockingChatter_Cordial;", "Message_Localised":"Welcome back, Commander.", "Channel":"npc" }
{ "timestamp":"2017-06-15T20:09:47Z", "event":"ReceiveText", "From":"Ceres Tarn", "Message":"$STATION_docking_granted;", "Message_Localised":"Docking request granted.", "Channel":"npc" }
{ "timestamp":"2017-06-15T20:09:47Z", "event":"DockingGranted", "LandingPad":3, "StationName":"Ceres Tarn" }
{ "timestamp":"2017-06-15T20:09:56Z", "event":"ReceiveText", "From":"Ceres Tarn", "Message":"$STATION_NoFireZone_entered;", "Message_Localised":"No fire zone entered.", "Channel":"npc" }
{ "timestamp":"2017-06-15T20:10:39Z", "event":"Touchdown", "PlayerControlled":true, "Latitude":62.040424, "Longitude":90.002441 }
{ "timestamp":"2017-06-15T20:10:42Z", "event":"Liftoff", "PlayerControlled":true, "Latitude":62.040424, "Longitude":90.002441 }
{ "timestamp":"2017-06-15T20:12:07Z", "event":"Docked", "StationName":"Ceres Tarn", "StationType":"SurfaceStation", "StarSystem":"HR 1185", "StationFaction":"Merope Expeditionary Fleet", "StationGovernment":"$government_Patronage;", "StationGovernment_Localised":"Patronage", "StationAllegiance":"Empire", "StationEconomy":"$economy_Extraction;", "StationEconomy_Localised":"Extraction", "DistFromStarLS":365.616089 }
{ "timestamp":"2017-06-15T20:12:18Z", "event":"RefuelAll", "Cost":221, "Amount":4.406875 }
{ "timestamp":"2017-06-15T20:12:19Z", "event":"RepairAll", "Cost":282 }
{ "timestamp":"2017-06-15T20:12:20Z", "event":"BuyAmmo", "Cost":606 }
{ "timestamp":"2017-06-15T20:12:35Z", "event":"PayLegacyFines", "Amount":200 }
{ "timestamp":"2017-06-15T20:12:39Z", "event":"RedeemVoucher", "Type":"bounty", "Amount":48102, "Factions":[ { "Faction":"Empire", "Amount":39060 }, { "Faction":"Merope Expeditionary Fleet", "Amount":9042 } ] }
{ "timestamp":"2017-06-15T20:14:53Z", "event":"Undocked", "StationName":"Ceres Tarn", "StationType":"SurfaceStation" }
{ "timestamp":"2017-06-15T20:15:17Z", "event":"ReceiveText", "From":"Ceres Tarn", "Message":"$STATION_NoFireZone_exited;", "Message_Localised":"No fire zone left.", "Channel":"npc" }
{ "timestamp":"2017-06-15T20:15:31Z", "event":"StartJump", "JumpType":"Hyperspace", "StarSystem":"Pleiades Sector HR-W d1-36", "StarClass":"F" }
{ "timestamp":"2017-06-15T20:15:50Z", "event":"FSDJump", "StarSystem":"Pleiades Sector HR-W d1-36", "StarPos":[-67.656,-150.719,-333.313], "SystemAllegiance":"", "SystemEconomy":"$economy_None;", "SystemEconomy_Localised":"None", "SystemGovernment":"$government_None;", "SystemGovernment_Localised":"None", "SystemSecurity":"$SYSTEM_SECURITY_low;", "SystemSecurity_Localised":"Low Security", "JumpDist":4.541, "FuelUsed":0.259561, "FuelLevel":15.740438 }
{ "timestamp":"2017-06-15T20:16:36Z", "event":"StartJump", "JumpType":"Hyperspace", "StarSystem":"HIP 17694", "StarClass":"A" }
{ "timestamp":"2017-06-15T20:16:54Z", "event":"FSDJump", "StarSystem":"HIP 17694", "StarPos":[-72.250,-152.531,-338.688], "SystemAllegiance":"", "SystemEconomy":"$economy_None;", "SystemEconomy_Localised":"None", "SystemGovernment":"$government_None;", "SystemGovernment_Localised":"None", "SystemSecurity":"$SYSTEM_SECURITY_low;", "SystemSecurity_Localised":"Low Security", "JumpDist":7.299, "FuelUsed":0.771710, "FuelLevel":14.968728 }
{ "timestamp":"2017-06-15T20:17:54Z", "event":"StartJump", "JumpType":"Hyperspace", "StarSystem":"Merope", "StarClass":"B" }
{ "timestamp":"2017-06-15T20:18:12Z", "event":"FSDJump", "StarSystem":"Merope", "StarPos":[-78.594,-149.625,-340.531], "SystemAllegiance":"Federation", "SystemEconomy":"$economy_Industrial;", "SystemEconomy_Localised":"Industrial", "SystemGovernment":"$government_Democracy;", "SystemGovernment_Localised":"Democracy", "SystemSecurity":"$SYSTEM_SECURITY_medium;", "SystemSecurity_Localised":"Medium Security", "JumpDist":7.217, "FuelUsed":0.747265, "FuelLevel":14.221463, "Factions":[ { "Name":"The Ant Hill Mob", "FactionState":"Boom", "Government":"Anarchy", "Influence":0.031000, "Allegiance":"Independent" }, { "Name":"Pleiades Resource Enterprise", "FactionState":"None", "Government":"Corporate", "Influence":0.753000, "Allegiance":"Federation" }, { "Name":"Atlas Research Group", "FactionState":"Boom", "Government":"Corporate", "Influence":0.108000, "Allegiance":"Independent" }, { "Name":"Merope Expeditionary Fleet", "FactionState":"None", "Government":"Patronage", "Influence":0.108000, "Allegiance":"Empire" } ], "SystemFaction":"Pleiades Resource Enterprise" }
{ "timestamp":"2017-06-15T20:19:24Z", "event":"SupercruiseExit", "StarSystem":"Merope", "Body":"Merope", "BodyType":"Star" }
{ "timestamp":"2017-06-15T20:21:24Z", "event":"Scanned", "ScanType":"Crime" }
{ "timestamp":"2017-06-15T20:21:32Z", "event":"Scanned", "ScanType":"Crime" }
{ "timestamp":"2017-06-15T20:23:27Z", "event":"ShieldState", "ShieldsUp":false }
{ "timestamp":"2017-06-15T20:23:28Z", "event":"ReceiveText", "From":"$ShipName_Police_Federation;", "From_Localised":"Federal Security Service", "Message":"$Police_ArrivedAtInvestigationLocation04;", "Message_Localised":"Rapid deployment unit deployed. Initiating scans of all ships in the area.", "Channel":"npc" }
{ "timestamp":"2017-06-15T20:23:35Z", "event":"ReceiveText", "From":"$npc_name_decorate:#name=Howard P. Tillinghast;", "From_Localised":"Howard P. Tillinghast", "Message":"$Pirate_OnDeclarePiracyAttack05;", "Message_Localised":"You have no chance now.", "Channel":"npc" }
{ "timestamp":"2017-06-15T20:23:43Z", "event":"Scanned", "ScanType":"Crime" }
{ "timestamp":"2017-06-15T20:23:53Z", "event":"ReceiveText", "From":"$ShipName_Police_Federation;", "From_Localised":"Federal Security Service", "Message":"$Police_ArriveInvestigate04;", "Message_Localised":"Emergency response squad in position.", "Channel":"npc" }
{ "timestamp":"2017-06-15T20:23:56Z", "event":"ReceiveText", "From":"$ShipName_Police_Federation;", "From_Localised":"Federal Security Service", "Message":"$Police_ArriveInvestigate05;", "Message_Localised":"Police response unit in position.", "Channel":"npc" }
{ "timestamp":"2017-06-15T20:24:06Z", "event":"ReceiveText", "From":"$npc_name_decorate:#name=Howard P. Tillinghast;", "From_Localised":"Howard P. Tillinghast", "Message":"$Pirate_OnDeclarePiracyAttack10;", "Message_Localised":"Die now, wretch!", "Channel":"npc" }
{ "timestamp":"2017-06-15T20:24:35Z", "event":"ReceiveText", "From":"$npc_name_decorate:#name=Howard P. Tillinghast;", "From_Localised":"Howard P. Tillinghast", "Message":"$Pirate_OnDeclarePiracyAttack06;", "Message_Localised":"Prepare for death, fool!", "Channel":"npc" }
{ "timestamp":"2017-06-15T20:25:10Z", "event":"ShieldState", "ShieldsUp":true }
{ "timestamp":"2017-06-15T20:25:26Z", "event":"Bounty", "Rewards":[ { "Faction":"Pleiades Resource Enterprise", "Reward":800 }, { "Faction":"Federation", "Reward":22635 } ], "Target":"empire_courier", "TotalReward":23435, "VictimFaction":"Pleiades Resource Enterprise" }
{ "timestamp":"2017-06-15T20:25:45Z", "event":"ReceiveText", "From":"$ShipName_Police_Federation;", "From_Localised":"Federal Security Service", "Message":"$Police_ArrivedAtInvestigationLocation01;", "Message_Localised":"All citizens must submit to authority scans. Do not attempt to flee!", "Channel":"npc" }
{ "timestamp":"2017-06-15T20:25:46Z", "event":"ReceiveText", "From":"$ShipName_Police_Federation;", "From_Localised":"Federal Security Service", "Message":"$Police_ArrivedAtInvestigationLocation06;", "Message_Localised":"Crime response team in situ. Security sweep and scan commencing.", "Channel":"npc" }
{ "timestamp":"2017-06-15T20:25:49Z", "event":"ReceiveText", "From":"$ShipName_Police_Federation;", "From_Localised":"Federal Security Service", "Message":"$Police_FinishedAtInvestigationLocation06;", "Message_Localised":"Rapid criminal investigation scans are finished. Please continue about your business.", "Channel":"npc" }
{ "timestamp":"2017-06-15T20:27:04Z", "event":"Scanned", "ScanType":"Cargo" }
{ "timestamp":"2017-06-15T20:27:04Z", "event":"ReceiveText", "From":"$ShipName_Police_Federation;", "From_Localised":"Federal Security Service", "Message":"$Police_ThankYouPassedStopAndSearch08;", "Message_Localised":"All done and you're clear to proceed, Commander.", "Channel":"npc" }
{ "timestamp":"2017-06-15T20:30:08Z", "event":"ReceiveText", "From":"$ShipName_Police_Federation;", "From_Localised":"Federal Security Service", "Message":"$Police_ArriveInvestigate05;", "Message_Localised":"Police response unit in position.", "Channel":"npc" }
{ "timestamp":"2017-06-15T20:30:48Z", "event":"Bounty", "Rewards":[ { "Faction":"Pleiades Resource Enterprise", "Reward":400 }, { "Faction":"Federation", "Reward":17415 } ], "Target":"cobramkiii", "TotalReward":17815, "VictimFaction":"Atlas Research Group" }
{ "timestamp":"2017-06-15T20:31:16Z", "event":"ReceiveText", "From":"$ShipName_Police_Federation;", "From_Localised":"Federal Security Service", "Message":"$Police_ArrivedAtInvestigationLocation04;", "Message_Localised":"Rapid deployment unit deployed. Initiating scans of all ships in the area.", "Channel":"npc" }
{ "timestamp":"2017-06-15T20:32:03Z", "event":"ReceiveText", "From":"$npc_name_decorate:#name=Christopher Knutson;", "From_Localised":"Christopher Knutson", "Message":"$BadKarmaCriticalDamage10;", "Message_Localised":"You've scratched my paint!", "Channel":"npc" }
{ "timestamp":"2017-06-15T20:32:18Z", "event":"Bounty", "Rewards":[ { "Faction":"Federation", "Reward":13710 } ], "Target":"viper", "TotalReward":13710, "VictimFaction":"The Ant Hill Mob" }
{ "timestamp":"2017-06-15T20:32:18Z", "event":"Promotion", "Combat":3 }
{ "timestamp":"2017-06-15T20:34:16Z", "event":"ReceiveText", "From":"$npc_name_decorate:#name=Wicks;", "From_Localised":"Wicks", "Message":"$Smuggler_NearDeath01;", "Message_Localised":"Okay, okay, the cargo's all yours... This job isn't worth my life.", "Channel":"npc" }
{ "timestamp":"2017-06-15T20:34:28Z", "event":"Bounty", "Rewards":[ { "Faction":"Federation", "Reward":12090 } ], "Target":"independant_trader", "TotalReward":12090, "VictimFaction":"Pleiades Resource Enterprise" }
{ "timestamp":"2017-06-15T20:35:00Z", "event":"ReceiveText", "From":"$npc_name_decorate:#name=hash;", "From_Localised":"hash", "Message":"$Pirate_OnDeclarePiracyAttack05;", "Message_Localised":"You have no chance now.", "Channel":"npc" }
{ "timestamp":"2017-06-15T20:35:54Z", "event":"ReceiveText", "From":"$npc_name_decorate:#name=hash;", "From_Localised":"hash", "Message":"$BadKarmaCriticalDamage02;", "Message_Localised":"Impossible!", "Channel":"npc" }
{ "timestamp":"2017-06-15T20:36:08Z", "event":"ReceiveText", "From":"$npc_name_decorate:#name=Thomas K. Albright;", "From_Localised":"Thomas K. Albright", "Message":"$Pirate_OnDeclarePiracyAttack02;", "Message_Localised":"You choose death then. Very well.", "Channel":"npc" }
{ "timestamp":"2017-06-15T20:36:24Z", "event":"Bounty", "Rewards":[ { "Faction":"Pleiades Resource Enterprise", "Reward":400 }, { "Faction":"Federation", "Reward":34320 } ], "Target":"asp_scout", "TotalReward":34720, "VictimFaction":"Atlas Research Group" }
{ "timestamp":"2017-06-15T20:36:58Z", "event":"Scanned", "ScanType":"Cargo" }
{ "timestamp":"2017-06-15T20:36:58Z", "event":"ReceiveText", "From":"$ShipName_Police_Federation;", "From_Localised":"Federal Security Service", "Message":"$Police_ThankYouPassedStopAndSearch03;", "Message_Localised":"All clear. Carry on, pilot.", "Channel":"npc" }
{ "timestamp":"2017-06-15T20:37:06Z", "event":"Scanned", "ScanType":"Crime" }
{ "timestamp":"2017-06-15T20:37:16Z", "event":"Scanned", "ScanType":"Crime" }
{ "timestamp":"2017-06-15T20:38:39Z", "event":"ReceiveText", "From":"$npc_name_decorate:#name=Pajuren Ravenwood;", "From_Localised":"Pajuren Ravenwood", "Message":"$BadKarmaCriticalDamage01;", "Message_Localised":"How is this happening?!", "Channel":"npc" }
{ "timestamp":"2017-06-15T20:39:02Z", "event":"Bounty", "Rewards":[ { "Faction":"Federation", "Reward":2460 } ], "Target":"eagle", "TotalReward":2460, "VictimFaction":"The Ant Hill Mob" }
{ "timestamp":"2017-06-15T20:40:07Z", "event":"ReceiveText", "From":"$npc_name_decorate:#name=jabba-j;", "From_Localised":"jabba-j", "Message":"$Escort_EscortJump06;", "Message_Localised":"I'm not staying here to die.", "Channel":"npc" }
{ "timestamp":"2017-06-15T20:40:45Z", "event":"ReceiveText", "From":"$npc_name_decorate:#name=Svea Theotmalli Incognito;", "From_Localised":"Svea Theotmalli Incognito", "Message":"$Smuggler_NearDeath03;", "Message_Localised":"You almost had me there!", "Channel":"npc" }
{ "timestamp":"2017-06-15T20:40:55Z", "event":"Bounty", "Rewards":[ { "Faction":"Pleiades Resource Enterprise", "Reward":29425 } ], "Target":"cobramkiii", "TotalReward":29425, "VictimFaction":"Atlas Research Group" }
{ "timestamp":"2017-06-15T20:42:00Z", "event":"ReceiveText", "From":"$npc_name_decorate:#name=Mallam;", "From_Localised":"Mallam", "Message":"$Pirate_OnDeclarePiracyAttack04;", "Message_Localised":"I'm gonna boil you up!", "Channel":"npc" }
{ "timestamp":"2017-06-15T20:43:05Z", "event":"ReceiveText", "From":"$ShipName_Police_Federation;", "From_Localised":"Federal Security Service", "Message":"$Police_ArriveInvestigate05;", "Message_Localised":"Police response unit in position.", "Channel":"npc" }
{ "timestamp":"2017-06-15T20:43:06Z", "event":"ReceiveText", "From":"$ShipName_Police_Federation;", "From_Localised":"Federal Security Service", "Message":"$Police_ArrivedAtInvestigationLocation03;", "Message_Localised":"Crime scene cordon initialised, all ships must submit to police scan.", "Channel":"npc" }
{ "timestamp":"2017-06-15T20:43:07Z", "event":"ReceiveText", "From":"$npc_name_decorate:#name=Mallam;", "From_Localised":"Mallam", "Message":"$BadKarmaCriticalDamage02;", "Message_Localised":"Impossible!", "Channel":"npc" }
{ "timestamp":"2017-06-15T20:43:37Z", "event":"Bounty", "Rewards":[ { "Faction":"Pleiades Resource Enterprise", "Reward":800 }, { "Faction":"Federation", "Reward":43380 } ], "Target":"viper_mkiv", "TotalReward":44180, "VictimFaction":"The Ant Hill Mob" }
{ "timestamp":"2017-06-15T20:44:05Z", "event":"ReceiveText", "From":"$ShipName_Police_Federation;", "From_Localised":"Federal Security Service", "Message":"$Police_FinishedAtInvestigationLocation03;", "Message_Localised":"Crime scene cordon removed, go back about your business.", "Channel":"npc" }
{ "timestamp":"2017-06-15T20:44:07Z", "event":"ReceiveText", "From":"$ShipName_Police_Federation;", "From_Localised":"Federal Security Service", "Message":"$Police_FinishedAtInvestigationLocation02;", "Message_Localised":"Investigation is complete, you may be on your way.", "Channel":"npc" }
{ "timestamp":"2017-06-15T20:44:28Z", "event":"Scanned", "ScanType":"Cargo" }
{ "timestamp":"2017-06-15T20:44:28Z", "event":"ReceiveText", "From":"$ShipName_Police_Federation;", "From_Localised":"Federal Security Service", "Message":"$Police_ThankYouPassedStopAndSearch06;", "Message_Localised":"We're done here pilot, move along.", "Channel":"npc" }
{ "timestamp":"2017-06-15T20:46:18Z", "event":"MaterialCollected", "Category":"Encoded", "Name":"decodedemissiondata", "Count":3 }
{ "timestamp":"2017-06-15T20:46:51Z", "event":"ReceiveText", "From":"$npc_name_decorate:#name=Robert Redden;", "From_Localised":"Robert Redden", "Message":"$BadKarmaCriticalDamage05;", "Message_Localised":"No, no!", "Channel":"npc" }
{ "timestamp":"2017-06-15T20:47:10Z", "event":"Bounty", "Rewards":[ { "Faction":"Pleiades Resource Enterprise", "Reward":18225 } ], "Target":"viper_mkiv", "TotalReward":18225, "VictimFaction":"The Ant Hill Mob" }
{ "timestamp":"2017-06-15T20:50:34Z", "event":"Scanned", "ScanType":"Cargo" }
{ "timestamp":"2017-06-15T20:50:34Z", "event":"ReceiveText", "From":"$ShipName_Police_Federation;", "From_Localised":"Federal Security Service", "Message":"$Police_ThankYouPassedStopAndSearch09;", "Message_Localised":"Move along, Commander, we're done here.", "Channel":"npc" }
{ "timestamp":"2017-06-15T20:50:37Z", "event":"Scanned", "ScanType":"Crime" }
{ "timestamp":"2017-06-15T20:50:44Z", "event":"Bounty", "Rewards":[ { "Faction":"Pleiades Resource Enterprise", "Reward":2355 } ], "Target":"empire_eagle", "TotalReward":2355, "VictimFaction":"The Ant Hill Mob" }
{ "timestamp":"2017-06-15T20:51:45Z", "event":"ReceiveText", "From":"$npc_name_decorate:#name=Sarge March;", "From_Localised":"Sarge March", "Message":"$Smuggler_NearDeath01;", "Message_Localised":"Okay, okay, the cargo's all yours... This job isn't worth my life.", "Channel":"npc" }
{ "timestamp":"2017-06-15T20:52:00Z", "event":"Bounty", "Rewards":[ { "Faction":"Pleiades Resource Enterprise", "Reward":400 }, { "Faction":"Federation", "Reward":2812 } ], "Target":"hauler", "TotalReward":3212, "VictimFaction":"Merope Expeditionary Fleet" }
{ "timestamp":"2017-06-15T20:53:35Z", "event":"Bounty", "Rewards":[ { "Faction":"Pleiades Resource Enterprise", "Reward":9780 } ], "Target":"eagle", "TotalReward":9780, "VictimFaction":"The Ant Hill Mob" }
{ "timestamp":"2017-06-15T20:53:56Z", "event":"MaterialCollected", "Category":"Encoded", "Name":"shieldcyclerecordings", "Count":3 }
{ "timestamp":"2017-06-15T20:53:56Z", "event":"MaterialCollected", "Category":"Encoded", "Name":"scanarchives", "Count":3 }
{ "timestamp":"2017-06-15T20:53:57Z", "event":"MaterialCollected", "Category":"Encoded", "Name":"shieldcyclerecordings", "Count":3 }
{ "timestamp":"2017-06-15T20:54:13Z", "event":"MaterialCollected", "Category":"Encoded", "Name":"shieldcyclerecordings", "Count":3 }
{ "timestamp":"2017-06-15T20:55:05Z", "event":"Bounty", "Rewards":[ { "Faction":"Pleiades Resource Enterprise", "Reward":3937 } ], "Target":"sidewinder", "TotalReward":3937, "VictimFaction":"Merope Expeditionary Fleet" }
{ "timestamp":"2017-06-15T20:55:29Z", "event":"Scanned", "ScanType":"Crime" }
{ "timestamp":"2017-06-15T20:55:29Z", "event":"ReceiveText", "From":"$npc_name_decorate:#name=Wito;", "From_Localised":"Wito", "Message":"$BountyHunter_ThankYouPassedStopAndSearch05;", "Message_Localised":"Keep your nose clean, Commander. Now proceed with your journey.", "Channel":"npc" }
{ "timestamp":"2017-06-15T20:55:32Z", "event":"MaterialCollected", "Category":"Encoded", "Name":"shielddensityreports", "Count":3 }
{ "timestamp":"2017-06-15T20:55:33Z", "event":"MaterialCollected", "Category":"Encoded", "Name":"shieldpatternanalysis", "Count":3 }
{ "timestamp":"2017-06-15T20:55:58Z", "event":"ReceiveText", "From":"$npc_name_decorate:#name=Yuki Deacon;", "From_Localised":"Yuki Deacon", "Message":"$Escort_AttackDutyStart07;", "Message_Localised":"Tracking targets.", "Channel":"npc" }
{ "timestamp":"2017-06-15T20:55:58Z", "event":"ReceiveText", "From":"$npc_name_decorate:#name=Max Rabbit;", "From_Localised":"Max Rabbit", "Message":"$Escort_AttackDutyStart02;", "Message_Localised":"Hostiles detected, protect the lead ship at all costs.", "Channel":"npc" }
{ "timestamp":"2017-06-15T20:56:33Z", "event":"Bounty", "Rewards":[ { "Faction":"Pleiades Resource Enterprise", "Reward":9610 } ], "Target":"eagle", "TotalReward":9610, "VictimFaction":"The Ant Hill Mob" }
{ "timestamp":"2017-06-15T20:57:51Z", "event":"MaterialCollected", "Category":"Encoded", "Name":"scandatabanks", "Count":3 }
{ "timestamp":"2017-06-15T20:58:01Z", "event":"MaterialCollected", "Category":"Encoded", "Name":"bulkscandata", "Count":3 }
{ "timestamp":"2017-06-15T20:58:34Z", "event":"Scanned", "ScanType":"Cargo" }
{ "timestamp":"2017-06-15T20:58:34Z", "event":"ReceiveText", "From":"$ShipName_Police_Federation;", "From_Localised":"Federal Security Service", "Message":"$Police_ThankYouPassedStopAndSearch02;", "Message_Localised":"You're clean. Proceed, pilot.", "Channel":"npc" }
{ "timestamp":"2017-06-15T20:59:05Z", "event":"Scanned", "ScanType":"Crime" }
{ "timestamp":"2017-06-15T20:59:40Z", "event":"Bounty", "Rewards":[ { "Faction":"Pleiades Resource Enterprise", "Reward":1845 } ], "Target":"sidewinder", "TotalReward":1845, "VictimFaction":"The Ant Hill Mob" }
{ "timestamp":"2017-06-15T21:01:09Z", "event":"MaterialCollected", "Category":"Encoded", "Name":"shieldcyclerecordings", "Count":3 }
{ "timestamp":"2017-06-15T21:02:02Z", "event":"ReceiveText", "From":"$npc_name_decorate:#name=Scholten;", "From_Localised":"Scholten", "Message":"$Smuggler_NearDeath04;", "Message_Localised":"You're making a big mistake!", "Channel":"npc" }
{ "timestamp":"2017-06-15T21:02:06Z", "event":"Bounty", "Rewards":[ { "Faction":"Federation", "Reward":5152 } ], "Target":"adder", "TotalReward":5152, "VictimFaction":"Atlas Research Group" }
{ "timestamp":"2017-06-15T21:03:17Z", "event":"ReceiveText", "From":"$npc_name_decorate:#name=Lonestar;", "From_Localised":"Lonestar", "Message":"$BadKarmaCriticalDamage06;", "Message_Localised":"I hadn't expected this.", "Channel":"npc" }
{ "timestamp":"2017-06-15T21:03:24Z", "event":"Bounty", "Rewards":[ { "Faction":"Atlas Research Group", "Reward":9630 }, { "Faction":"Federation", "Reward":13680 } ], "Target":"empire_courier", "TotalReward":23310, "VictimFaction":"The Ant Hill Mob" }
{ "timestamp":"2017-06-15T21:03:56Z", "event":"Scanned", "ScanType":"Crime" }
{ "timestamp":"2017-06-15T21:03:56Z", "event":"ReceiveText", "From":"$npc_name_decorate:#name=Joar Guttormsen;", "From_Localised":"Joar Guttormsen", "Message":"$BountyHunter_ThankYouPassedStopAndSearch03;", "Message_Localised":"I'll be watching you.", "Channel":"npc" }
{ "timestamp":"2017-06-15T21:04:16Z", "event":"Scanned", "ScanType":"Cargo" }
{ "timestamp":"2017-06-15T21:04:16Z", "event":"ReceiveText", "From":"$ShipName_Police_Federation;", "From_Localised":"Federal Security Service", "Message":"$Police_ThankYouPassedStopAndSearch11;", "Message_Localised":"We didn't find anything on you this time.", "Channel":"npc" }
{ "timestamp":"2017-06-15T21:04:43Z", "event":"ReceiveText", "From":"$npc_name_decorate:#name=Vera Crumb;", "From_Localised":"Vera Crumb", "Message":"$Smuggler_NearDeath05;", "Message_Localised":"The boss isn't going to like this.", "Channel":"npc" }
{ "timestamp":"2017-06-15T21:05:09Z", "event":"Bounty", "Rewards":[ { "Faction":"Pleiades Resource Enterprise", "Reward":11317 } ], "Target":"cobramkiii", "TotalReward":11317, "VictimFaction":"Pleiades Resource Enterprise" }
{ "timestamp":"2017-06-15T21:05:32Z", "event":"MaterialCollected", "Category":"Encoded", "Name":"shielddensityreports", "Count":3 }
{ "timestamp":"2017-06-15T21:06:26Z", "event":"ReceiveText", "From":"$npc_name_decorate:#name=Sasan Izadpanah;", "From_Localised":"Sasan Izadpanah", "Message":"$Pirate_OnDeclarePiracyAttack04;", "Message_Localised":"I'm gonna boil you up!", "Channel":"npc" }
{ "timestamp":"2017-06-15T21:07:07Z", "event":"Bounty", "Rewards":[ { "Faction":"Pleiades Resource Enterprise", "Reward":6150 } ], "Target":"empire_eagle", "TotalReward":6150, "VictimFaction":"The Ant Hill Mob" }
{ "timestamp":"2017-06-15T21:07:26Z", "event":"Scanned", "ScanType":"Crime" }
{ "timestamp":"2017-06-15T21:08:27Z", "event":"Bounty", "Rewards":[ { "Faction":"Pleiades Resource Enterprise", "Reward":1800 } ], "Target":"sidewinder", "TotalReward":1800, "VictimFaction":"Merope Expeditionary Fleet" }
{ "timestamp":"2017-06-15T21:08:46Z", "event":"Scanned", "ScanType":"Crime" }
{ "timestamp":"2017-06-15T21:08:47Z", "event":"ReceiveText", "From":"$npc_name_decorate:#name=Brian Nisbet;", "From_Localised":"Brian Nisbet", "Message":"$Police_ThankYouPassedStopAndSearch02;", "Message_Localised":"You're clean. Proceed, pilot.", "Channel":"npc" }
{ "timestamp":"2017-06-15T21:09:42Z", "event":"Bounty", "Rewards":[ { "Faction":"Merope Expeditionary Fleet", "Reward":1800 }, { "Faction":"Federation", "Reward":4110 } ], "Target":"hauler", "TotalReward":5910, "VictimFaction":"Pleiades Resource Enterprise" }
{ "timestamp":"2017-06-15T21:11:13Z", "event":"MaterialCollected", "Category":"Encoded", "Name":"shieldcyclerecordings", "Count":3 }
{ "timestamp":"2017-06-15T21:12:07Z", "event":"ReceiveText", "From":"$ShipName_Police_Federation;", "From_Localised":"Federal Security Service", "Message":"$Police_ArriveReinforcement05;", "Message_Localised":"Emergency reserve force deploying.", "Channel":"npc" }
{ "timestamp":"2017-06-15T21:12:07Z", "event":"ReceiveText", "From":"$ShipName_Police_Federation;", "From_Localised":"Federal Security Service", "Message":"$Police_ArriveReinforcement01;", "Message_Localised":"Reinforcements incoming.", "Channel":"npc" }
{ "timestamp":"2017-06-15T21:12:07Z", "event":"ReceiveText", "From":"$npc_name_decorate:#name=Ozzymandias;", "From_Localised":"Ozzymandias", "Message":"$Trader_AttackRun04;", "Message_Localised":"Get away from me, you pirating scum!", "Channel":"npc" }
{ "timestamp":"2017-06-15T21:12:08Z", "event":"CommitCrime", "CrimeType":"assault", "Faction":"Pleiades Resource Enterprise", "Victim":"Ozzymandias", "Bounty":400 }
{ "timestamp":"2017-06-15T21:12:55Z", "event":"StartJump", "JumpType":"Supercruise" }
{ "timestamp":"2017-06-15T21:13:00Z", "event":"SupercruiseEntry", "StarSystem":"Merope" }
