{ "timestamp":"2017-11-05T20:07:21Z", "event":"Fileheader", "part":1, "language":"English\\UK", "gameversion":"2.4", "build":"r156431/r0 " }
{ "timestamp":"2017-11-05T20:07:21Z", "event":"Music", "MusicTrack":"NoTrack" }
{ "timestamp":"2017-11-05T20:07:21Z", "event":"Music", "MusicTrack":"MainMenu" }
{ "timestamp":"2017-11-05T20:32:38Z", "event":"Cargo", "Inventory":[  ] }
{ "timestamp":"2017-11-05T20:32:38Z", "event":"Loadout", "Ship":"Viper_MkIV", "ShipID":2, "ShipName":"", "ShipIdent":"", "Modules":[ { "Slot":"MediumHardpoint1", "Item":"Hpt_PulseLaser_Gimbal_Medium", "On":true, "Priority":0, "Health":1.000000, "Value":35400 }, { "Slot":"MediumHardpoint2", "Item":"Hpt_MultiCannon_Gimbal_Medium", "On":true, "Priority":0, "AmmoInClip":82, "AmmoInHopper":1650, "Health":1.000000, "Value":57000 }, { "Slot":"SmallHardpoint1", "Item":"Hpt_PulseLaser_Gimbal_Small", "On":true, "Priority":0, "AmmoInClip":1, "Health":1.000000, "Value":6600 }, { "Slot":"SmallHardpoint2", "Item":"Hpt_MultiCannon_Gimbal_Small", "On":true, "Priority":0, "AmmoInClip":67, "AmmoInHopper":1560, "Health":1.000000, "Value":14250 }, { "Slot":"TinyHardpoint1", "Item":"Hpt_PlasmaPointDefence_Turret_Tiny", "On":true, "Priority":0, "AmmoInClip":12, "AmmoInHopper":9880, "Health":1.000000, "Value":18546 }, { "Slot":"TinyHardpoint2", "Item":"Hpt_CrimeScanner_Size0_Class2", "On":true, "Priority":0, "Health":1.000000, "Value":40633 }, { "Slot":"Armour", "Item":"Viper_MkIV_Armour_Grade1", "On":true, "Priority":1, "Health":1.000000, "Value":0 }, { "Slot":"PowerPlant", "Item":"Int_Powerplant_Size4_Class4", "On":true, "Priority":1, "Health":1.000000, "Value":536693 }, { "Slot":"MainEngines", "Item":"Int_Engine_Size4_Class5", "On":true, "Priority":0, "Health":1.000000, "Value":1610080 }, { "Slot":"FrameShiftDrive", "Item":"Int_Hyperdrive_Size4_Class2", "On":true, "Priority":0, "Health":1.000000, "Value":59633 }, { "Slot":"LifeSupport", "Item":"Int_LifeSupport_Size2_Class2", "On":true, "Priority":0, "Health":1.000000, "Value":3619 }, { "Slot":"PowerDistributor", "Item":"Int_PowerDistributor_Size3_Class3", "On":true, "Priority":0, "Health":1.000000, "Value":25333 }, { "Slot":"Radar", "Item":"Int_Sensors_Size3_Class5", "On":true, "Priority":0, "Health":1.000000, "Value":158331 }, { "Slot":"FuelTank", "Item":"Int_FuelTank_Size4_Class3", "On":true, "Priority":1, "Health":1.000000, "Value":24734 }, { "Slot":"Decal1", "Item":"Decal_Combat_Competent", "On":true, "Priority":1, "Health":1.000000, "Value":0 }, { "Slot":"Decal2", "Item":"Decal_Explorer_Surveyor", "On":true, "Priority":1, "Health":1.000000, "Value":0 }, { "Slot":"Decal3", "Item":"Decal_Trade_Merchant", "On":true, "Priority":1, "Health":1.000000, "Value":0 }, { "Slot":"Slot01_Size4", "Item":"Int_ShieldGenerator_Size4_Class5", "On":true, "Priority":0, "Health":1.000000, "Value":1610080 }, { "Slot":"Slot02_Size4", "Item":"Int_HullReinforcement_Size4_Class2", "On":true, "Priority":1, "Health":1.000000, "Value":195000 }, { "Slot":"Slot03_Size3", "Item":"Int_HullReinforcement_Size3_Class1", "On":true, "Priority":1, "Health":1.000000, "Value":28000 }, { "Slot":"Slot04_Size2", "Item":"Int_HullReinforcement_Size2_Class2", "On":true, "Priority":1, "Health":1.000000, "Value":36000 }, { "Slot":"Slot05_Size2", "Item":"Int_ModuleReinforcement_Size2_Class2", "On":true, "Priority":1, "Health":1.000000, "Value":36000 }, { "Slot":"Slot06_Size1", "Item":"Int_HullReinforcement_Size1_Class2", "On":true, "Priority":1, "Health":1.000000, "Value":15000 }, { "Slot":"PlanetaryApproachSuite", "Item":"Int_PlanetApproachSuite", "On":true, "Priority":1, "Health":1.000000, "Value":500 }, { "Slot":"Military01", "Item":"Int_HullReinforcement_Size3_Class1", "On":true, "Priority":1, "Health":1.000000, "Value":28000 }, { "Slot":"ShipCockpit", "Item":"Viper_MkIV_Cockpit", "On":true, "Priority":1, "Health":1.000000, "Value":0 }, { "Slot":"CargoHatch", "Item":"ModularCargoBayDoor", "On":true, "Priority":1, "Health":1.000000, "Value":0 } ] }
{ "timestamp":"2017-11-05T20:32:38Z", "event":"Materials", "Raw":[ { "Name":"nickel", "Count":38 }, { "Name":"iron", "Count":63 }, { "Name":"carbon", "Count":14 }, { "Name":"sulphur", "Count":9 }, { "Name":"germanium", "Count":1 }, { "Name":"chromium", "Count":7 }, { "Name":"phosphorus", "Count":9 }, { "Name":"niobium", "Count":3 }, { "Name":"vanadium", "Count":12 }, { "Name":"zinc", "Count":3 }, { "Name":"molybdenum", "Count":3 } ], "Manufactured":[ { "Name":"refinedfocuscrystals", "Count":1 }, { "Name":"galvanisingalloys", "Count":4 }, { "Name":"heatdispersionplate", "Count":4 }, { "Name":"fedcorecomposites", "Count":2 }, { "Name":"compoundshielding", "Count":2 }, { "Name":"focuscrystals", "Count":1 }, { "Name":"chemicalmanipulators", "Count":1 }, { "Name":"uncutfocuscrystals", "Count":1 }, { "Name":"hybridcapacitors", "Count":1 }, { "Name":"heatconductionwiring", "Count":2 }, { "Name":"gridresistors", "Count":4 }, { "Name":"mechanicalequipment", "Count":1 }, { "Name":"conductivecomponents", "Count":6 } ], "Encoded":[ { "Name":"emissiondata", "Count":11 }, { "Name":"shieldpatternanalysis", "Count":18 }, { "Name":"scandatabanks", "Count":11 }, { "Name":"shielddensityreports", "Count":33 }, { "Name":"shieldcyclerecordings", "Count":47 }, { "Name":"decodedemissiondata", "Count":16 }, { "Name":"bulkscandata", "Count":17 }, { "Name":"archivedemissiondata", "Count":4 }, { "Name":"encryptedfiles", "Count":1 }, { "Name":"scrambledemissiondata", "Count":1 }, { "Name":"scanarchives", "Count":6 }, { "Name":"encodedscandata", "Count":3 }, { "Name":"compactemissionsdata", "Count":6 }, { "Name":"hyperspacetrajectories", "Count":6 }, { "Name":"shieldsoakanalysis", "Count":9 }, { "Name":"consumerfirmware", "Count":3 }, { "Name":"legacyfirmware", "Count":3 } ] }
{ "timestamp":"2017-11-05T20:32:38Z", "event":"LoadGame", "Commander":"Karahl_1", "Ship":"Viper_MkIV", "ShipID":2, "ShipName":"", "ShipIdent":"", "FuelLevel":16.000000, "FuelCapacity":16.000000, "GameMode":"Open", "Credits":11953836, "Loan":0 }
{ "timestamp":"2017-11-05T20:32:38Z", "event":"Rank", "Combat":3, "Trade":4, "Explore":3, "Empire":0, "Federation":0, "CQC":0 }
{ "timestamp":"2017-11-05T20:32:38Z", "event":"Progress", "Combat":5, "Trade":28, "Explore":6, "Empire":0, "Federation":68, "CQC":0 }
{ "timestamp":"2017-11-05T20:32:54Z", "event":"Location", "Docked":false, "StarSystem":"Merope", "StarPos":[-78.594,-149.625,-340.531], "SystemAllegiance":"Independent", "SystemEconomy":"$economy_Industrial;", "SystemEconomy_Localised":"Industrial", "SystemGovernment":"$government_Corporate;", "SystemGovernment_Localised":"Corporate", "SystemSecurity":"$SYSTEM_SECURITY_medium;", "SystemSecurity_Localised":"Medium Security", "Population":850000, "Body":"Merope 2 B Ring", "BodyType":"PlanetaryRing", "Factions":[ { "Name":"The Ant Hill Mob", "FactionState":"War", "Government":"Anarchy", "Influence":0.028000, "Allegiance":"Independent", "PendingStates":[ { "State":"Boom", "Trend":1 }, { "State":"Bust", "Trend":0 } ] }, { "Name":"Pleiades Resource Enterprise", "FactionState":"None", "Government":"Corporate", "Influence":0.038000, "Allegiance":"Federation", "PendingStates":[ { "State":"Boom", "Trend":1 }, { "State":"CivilUnrest", "Trend":0 }, { "State":"Lockdown", "Trend":0 } ] }, { "Name":"Sirius Mining Merope", "FactionState":"None", "Government":"Corporate", "Influence":0.866000, "Allegiance":"Independent", "PendingStates":[ { "State":"Boom", "Trend":1 } ], "RecoveringStates":[ { "State":"Expansion", "Trend":0 } ] }, { "Name":"Atlas Research Group", "FactionState":"War", "Government":"Corporate", "Influence":0.041000, "Allegiance":"Independent", "PendingStates":[ { "State":"Boom", "Trend":1 }, { "State":"Bust", "Trend":0 }, { "State":"CivilUnrest", "Trend":0 }, { "State":"Lockdown", "Trend":1 } ] }, { "Name":"Pilots Federation Local Branch", "FactionState":"None", "Government":"Democracy", "Influence":0.000000, "Allegiance":"PilotsFederation" }, { "Name":"Merope Expeditionary Fleet", "FactionState":"None", "Government":"Patronage", "Influence":0.027000, "Allegiance":"Empire", "PendingStates":[ { "State":"Boom", "Trend":1 } ] } ], "SystemFaction":"Sirius Mining Merope" }
{ "timestamp":"2017-11-05T20:32:55Z", "event":"Music", "MusicTrack":"NoTrack" }
{ "timestamp":"2017-11-05T20:32:55Z", "event":"Music", "MusicTrack":"Exploration" }
{ "timestamp":"2017-11-05T20:38:00Z", "event":"StartJump", "JumpType":"Supercruise" }
{ "timestamp":"2017-11-05T20:38:01Z", "event":"ReceiveText", "From":"$npc_name_decorate:#name=Michael Ellis;", "From_Localised":"Michael Ellis", "Message":"$Miner_OnJumpNoAsteroids03;", "Message_Localised":"Location running dry, heading home.", "Channel":"npc" }
{ "timestamp":"2017-11-05T20:38:05Z", "event":"SupercruiseEntry", "StarSystem":"Merope" }
{ "timestamp":"2017-11-05T20:38:05Z", "event":"Music", "MusicTrack":"Supercruise" }
{ "timestamp":"2017-11-05T20:38:13Z", "event":"Friends", "Status":"Added", "Name":"Arbitration" }
{ "timestamp":"2017-11-05T20:38:15Z", "event":"Friends", "Status":"Added", "Name":"Radio Sidewinder" }
{ "timestamp":"2017-11-05T20:40:26Z", "event":"ApproachSettlement", "Name":"Alcazar's Hope" }
{ "timestamp":"2017-11-05T20:41:23Z", "event":"ApproachSettlement", "Name":"Alcazar's Hope" }
{ "timestamp":"2017-11-05T20:41:26Z", "event":"SupercruiseExit", "StarSystem":"Merope", "Body":"Merope 2 a", "BodyType":"Planet" }
{ "timestamp":"2017-11-05T20:41:26Z", "event":"Music", "MusicTrack":"Exploration" }
{ "timestamp":"2017-11-05T20:42:51Z", "event":"Music", "MusicTrack":"NoTrack" }
{ "timestamp":"2017-11-05T20:42:57Z", "event":"ReceiveText", "From":"Alcazar's Hope", "Message":"$DockingFailed_Distance:#distance=7500;", "Message_Localised":"Docking request denied, please approach to 7500m", "Channel":"npc" }
{ "timestamp":"2017-11-05T20:42:57Z", "event":"DockingDenied", "Reason":"Distance", "StationName":"" }
{ "timestamp":"2017-11-05T20:43:15Z", "event":"ReceiveText", "From":"Alcazar's Hope", "Message":"$STATION_NoFireZone_entered;", "Message_Localised":"No fire zone entered.", "Channel":"npc" }
{ "timestamp":"2017-11-05T20:43:20Z", "event":"DockingRequested", "StationName":"Alcazar's Hope" }
{ "timestamp":"2017-11-05T20:43:20Z", "event":"ReceiveText", "From":"Alcazar's Hope", "Message":"$DockingChatter_Neutral;", "Message_Localised":"Ensure to observe starport protocol during your visit, pilot.", "Channel":"npc" }
{ "timestamp":"2017-11-05T20:43:21Z", "event":"ReceiveText", "From":"Alcazar's Hope", "Message":"$STATION_docking_granted;", "Message_Localised":"Docking request granted.", "Channel":"npc" }
{ "timestamp":"2017-11-05T20:43:21Z", "event":"DockingGranted", "LandingPad":6, "StationName":"Alcazar's Hope" }
{ "timestamp":"2017-11-05T20:45:13Z", "event":"Docked", "StationName":"Alcazar's Hope", "StationType":"SurfaceStation", "StarSystem":"Merope", "StationFaction":"Sirius Mining Merope", "StationGovernment":"$government_Corporate;", "StationGovernment_Localised":"Corporate", "StationServices":[ "Dock", "Autodock", "Commodities", "Contacts", "Exploration", "Missions", "Outfitting", "CrewLounge", "Rearm", "Refuel", "Repair", "Shipyard", "Tuning", "MissionsGenerated", "FlightController", "StationOperations", "Powerplay", "SearchAndRescue" ], "StationEconomy":"$economy_Industrial;", "StationEconomy_Localised":"Industrial", "DistFromStarLS":3004.211914 }
{ "timestamp":"2017-11-05T20:45:13Z", "event":"ShieldState", "ShieldsUp":true }
{ "timestamp":"2017-11-05T20:46:04Z", "event":"Music", "MusicTrack":"GalaxyMap" }
{ "timestamp":"2017-11-05T20:47:07Z", "event":"Music", "MusicTrack":"NoTrack" }
{ "timestamp":"2017-11-05T20:47:29Z", "event":"ShipyardSwap", "ShipType":"type6", "ShipID":10, "StoreOldShip":"Viper_MkIV", "StoreShipID":2 }
{ "timestamp":"2017-11-05T20:47:30Z", "event":"Cargo", "Inventory":[  ] }
{ "timestamp":"2017-11-05T20:47:30Z", "event":"Loadout", "Ship":"Type6", "ShipID":10, "ShipName":"sleipnir", "ShipIdent":"TS-001", "Modules":[ { "Slot":"TinyHardpoint1", "Item":"Hpt_PlasmaPointDefence_Turret_Tiny", "On":true, "Priority":1, "AmmoInClip":12, "AmmoInHopper":10000, "Health":1.000000, "Value":18546 }, { "Slot":"TinyHardpoint2", "Item":"Hpt_HeatSinkLauncher_Turret_Tiny", "On":true, "Priority":3, "AmmoInClip":1, "AmmoInHopper":2, "Health":1.000000, "Value":3500 }, { "Slot":"TinyHardpoint3", "Item":"Hpt_HeatSinkLauncher_Turret_Tiny", "On":true, "Priority":3, "AmmoInClip":1, "AmmoInHopper":2, "Health":1.000000, "Value":3500 }, { "Slot":"Armour", "Item":"Type6_Armour_Grade1", "On":true, "Priority":1, "Health":1.000000, "Value":0 }, { "Slot":"PowerPlant", "Item":"Int_Powerplant_Size3_Class5", "On":true, "Priority":1, "Health":1.000000, "Value":507912 }, { "Slot":"MainEngines", "Item":"Int_Engine_Size4_Class2", "On":true, "Priority":0, "Health":1.000000, "Value":59633 }, { "Slot":"FrameShiftDrive", "Item":"Int_Hyperdrive_Size4_Class5", "On":true, "Priority":0, "Health":1.000000, "Value":1610080 }, { "Slot":"LifeSupport", "Item":"Int_LifeSupport_Size2_Class2", "On":true, "Priority":0, "Health":1.000000, "Value":3619 }, { "Slot":"PowerDistributor", "Item":"Int_PowerDistributor_Size3_Class2", "On":true, "Priority":0, "Health":1.000000, "Value":10133 }, { "Slot":"Radar", "Item":"Int_Sensors_Size2_Class2", "On":true, "Priority":0, "Health":1.000000, "Value":3619 }, { "Slot":"FuelTank", "Item":"Int_FuelTank_Size4_Class3", "On":true, "Priority":1, "Health":1.000000, "Value":24734 }, { "Slot":"Decal1", "Item":"Decal_Trade_Peddler", "On":true, "Priority":1, "Health":1.000000, "Value":0 }, { "Slot":"Decal2", "Item":"Decal_Combat_Novice", "On":true, "Priority":1, "Health":1.000000, "Value":0 }, { "Slot":"Decal3", "Item":"Decal_Explorer_Scout", "On":true, "Priority":1, "Health":1.000000, "Value":0 }, { "Slot":"Slot01_Size5", "Item":"Int_FuelTank_Size5_Class3", "On":true, "Priority":1, "Health":1.000000, "Value":97754 }, { "Slot":"Slot02_Size5", "Item":"Int_FuelScoop_Size5_Class3", "On":true, "Priority":2, "Health":1.000000, "Value":567106 }, { "Slot":"Slot03_Size4", "Item":"Int_BuggyBay_Size4_Class2", "On":true, "Priority":4, "Health":1.000000, "Value":86400 }, { "Slot":"Slot04_Size4", "Item":"Int_Repairer_Size4_Class5", "On":true, "Priority":3, "AmmoInClip":5400, "Health":1.000000, "Value":4723920 }, { "Slot":"Slot05_Size3", "Item":"Int_ShieldGenerator_Size3_Class2", "On":true, "Priority":0, "Health":1.000000, "Value":18812 }, { "Slot":"Slot06_Size2", "Item":"Int_DetailedSurfaceScanner_Tiny", "On":true, "Priority":1, "Health":1.000000, "Value":250000 }, { "Slot":"Slot07_Size2", "Item":"Int_StellarBodyDiscoveryScanner_Advanced", "On":true, "Priority":1, "Health":1.000000, "Value":1545000 }, { "Slot":"PlanetaryApproachSuite", "Item":"Int_PlanetApproachSuite", "On":true, "Priority":1, "Health":1.000000, "Value":500 }, { "Slot":"Bobble10", "Item":"Bobble_PilotMale", "On":true, "Priority":1, "Health":1.000000, "Value":0 }, { "Slot":"ShipCockpit", "Item":"Type6_Cockpit", "On":true, "Priority":1, "Health":1.000000, "Value":0 }, { "Slot":"CargoHatch", "Item":"ModularCargoBayDoor", "On":true, "Priority":1, "Health":1.000000, "Value":0 } ] }
{ "timestamp":"2017-11-05T20:47:41Z", "event":"Docked", "StationName":"Alcazar's Hope", "StationType":"SurfaceStation", "StarSystem":"Merope", "StationFaction":"Sirius Mining Merope", "StationGovernment":"$government_Corporate;", "StationGovernment_Localised":"Corporate", "StationServices":[ "Dock", "Autodock", "Commodities", "Contacts", "Exploration", "Missions", "Outfitting", "CrewLounge", "Rearm", "Refuel", "Repair", "Shipyard", "Tuning", "MissionsGenerated", "FlightController", "StationOperations", "Powerplay", "SearchAndRescue" ], "StationEconomy":"$economy_Industrial;", "StationEconomy_Localised":"Industrial", "DistFromStarLS":3004.198730 }
{ "timestamp":"2017-11-05T20:47:56Z", "event":"ReceiveText", "From":"$ShipName_Police_Independent;", "From_Localised":"System Authority Vessel", "Message":"$Police_EndPatrol05;", "Message_Localised":"Patrol completed, Command, I'm heading home.", "Channel":"npc" }
{ "timestamp":"2017-11-05T20:49:32Z", "event":"ReceiveText", "From":"$ShipName_Police_Independent;", "From_Localised":"System Authority Vessel", "Message":"$Police_EndPatrol04;", "Message_Localised":"Negative, Tower, I'm bingo on fuel, RTB.", "Channel":"npc" }
{ "timestamp":"2017-11-05T20:49:45Z", "event":"Music", "MusicTrack":"GalaxyMap" }
{ "timestamp":"2017-11-05T20:49:59Z", "event":"Friends", "Status":"Online", "Name":"Dansi212" }
{ "timestamp":"2017-11-05T20:53:26Z", "event":"ReceiveText", "From":"$ShipName_Police_Independent;", "From_Localised":"System Authority Vessel", "Message":"$Police_EndPatrol05;", "Message_Localised":"Patrol completed, Command, I'm heading home.", "Channel":"npc" }
{ "timestamp":"2017-11-05T20:55:47Z", "event":"Music", "MusicTrack":"NoTrack" }
{ "timestamp":"2017-11-05T20:56:04Z", "event":"ShipyardSwap", "ShipType":"type7", "ShipID":14, "StoreOldShip":"Type6", "StoreShipID":10 }
{ "timestamp":"2017-11-05T20:56:05Z", "event":"Cargo", "Inventory":[  ] }
{ "timestamp":"2017-11-05T20:56:05Z", "event":"Loadout", "Ship":"Type7", "ShipID":14, "ShipName":"Behemoth", "ShipIdent":"TS-002", "Modules":[ { "Slot":"Armour", "Item":"Type7_Armour_Grade1", "On":true, "Priority":1, "Health":1.000000, "Value":0 }, { "Slot":"PowerPlant", "Item":"Int_Powerplant_Size2_Class5", "On":true, "Priority":1, "Health":1.000000, "Value":160224 }, { "Slot":"MainEngines", "Item":"Int_Engine_Size5_Class3", "On":true, "Priority":0, "Health":1.000000, "Value":567106 }, { "Slot":"FrameShiftDrive", "Item":"Int_Hyperdrive_Size5_Class4", "On":true, "Priority":0, "Health":1.000000, "Value":1701318 }, { "Slot":"LifeSupport", "Item":"Int_LifeSupport_Size4_Class1", "On":true, "Priority":2, "Health":1.000000, "Value":11349 }, { "Slot":"PowerDistributor", "Item":"Int_PowerDistributor_Size1_Class2", "On":true, "Priority":0, "Health":1.000000, "Value":1293 }, { "Slot":"Radar", "Item":"Int_Sensors_Size3_Class2", "On":true, "Priority":0, "Health":1.000000, "Value":10133 }, { "Slot":"Decal1", "Item":"Decal_Trade_Dealer", "On":true, "Priority":1, "Health":1.000000, "Value":0 }, { "Slot":"Decal2", "Item":"Decal_Combat_Novice", "On":true, "Priority":1, "Health":1.000000, "Value":0 }, { "Slot":"Decal3", "Item":"Decal_Explorer_Scout", "On":true, "Priority":1, "Health":1.000000, "Value":0 }, { "Slot":"FuelTank", "Item":"Int_FuelTank_Size5_Class3", "On":true, "Priority":1, "Health":1.000000, "Value":97754 }, { "Slot":"Slot01_Size6", "Item":"Int_CargoRack_Size6_Class1", "On":true, "Priority":1, "Health":1.000000, "Value":362591 }, { "Slot":"Slot02_Size6", "Item":"Int_CargoRack_Size6_Class1", "On":true, "Priority":1, "Health":1.000000, "Value":362591 }, { "Slot":"Slot03_Size5", "Item":"Int_CargoRack_Size6_Class1", "On":true, "Priority":1, "Health":1.000000, "Value":362591 }, { "Slot":"Slot04_Size5", "Item":"Int_CargoRack_Size5_Class1", "On":true, "Priority":1, "Health":1.000000, "Value":111566 }, { "Slot":"Slot05_Size4", "Item":"Int_CargoRack_Size5_Class1", "On":true, "Priority":1, "Health":1.000000, "Value":111566 }, { "Slot":"Slot06_Size4", "Item":"Int_CargoRack_Size5_Class1", "On":true, "Priority":1, "Health":1.000000, "Value":111566 }, { "Slot":"Slot07_Size2", "Item":"Int_CargoRack_Size3_Class1", "On":true, "Priority":1, "Health":1.000000, "Value":10563 }, { "Slot":"Slot08_Size2", "Item":"Int_CargoRack_Size3_Class1", "On":true, "Priority":1, "Health":1.000000, "Value":10563 }, { "Slot":"PlanetaryApproachSuite", "Item":"Int_PlanetApproachSuite", "On":true, "Priority":1, "Health":1.000000, "Value":500 }, { "Slot":"ShipCockpit", "Item":"Type7_Cockpit", "On":true, "Priority":1, "Health":1.000000, "Value":0 }, { "Slot":"CargoHatch", "Item":"ModularCargoBayDoor", "On":true, "Priority":2, "Health":1.000000, "Value":0 } ] }
{ "timestamp":"2017-11-05T20:56:07Z", "event":"Docked", "StationName":"Alcazar's Hope", "StationType":"SurfaceStation", "StarSystem":"Merope", "StationFaction":"Sirius Mining Merope", "StationGovernment":"$government_Corporate;", "StationGovernment_Localised":"Corporate", "StationServices":[ "Dock", "Autodock", "Commodities", "Contacts", "Exploration", "Missions", "Outfitting", "CrewLounge", "Rearm", "Refuel", "Repair", "Shipyard", "Tuning", "MissionsGenerated", "FlightController", "StationOperations", "Powerplay", "SearchAndRescue" ], "StationEconomy":"$economy_Industrial;", "StationEconomy_Localised":"Industrial", "DistFromStarLS":3004.152100 }
{ "timestamp":"2017-11-05T20:57:35Z", "event":"ReceiveText", "From":"$ShipName_Police_Independent;", "From_Localised":"System Authority Vessel", "Message":"$Police_StartPatrol02;", "Message_Localised":"Tower, this is Patrol. Launch completed.", "Channel":"npc" }
{ "timestamp":"2017-11-05T20:58:51Z", "event":"ModuleBuy", "Slot":"Slot08_Size2", "SellItem":"$int_cargorack_size3_class1_name;", "SellItem_Localised":"Cargo Rack", "SellPrice":10563, "BuyItem":"$int_fuelscoop_size3_class5_name;", "BuyItem_Localised":"Fuel Scoop", "BuyPrice":902954, "Ship":"type7", "ShipID":14 }
{ "timestamp":"2017-11-05T21:00:58Z", "event":"MarketBuy", "Type":"basicmedicines", "Count":296, "BuyPrice":190, "TotalCost":56240 }
{ "timestamp":"2017-11-05T21:01:25Z", "event":"Undocked", "StationName":"Alcazar's Hope", "StationType":"SurfaceStation" }
{ "timestamp":"2017-11-05T21:02:13Z", "event":"Scanned", "ScanType":"Cargo" }
{ "timestamp":"2017-11-05T21:02:13Z", "event":"ReceiveText", "From":"$ShipName_Police_Independent;", "From_Localised":"System Authority Vessel", "Message":"$Police_ThankYouPassedStopAndSearch08;", "Message_Localised":"All done and you're clear to proceed, Commander.", "Channel":"npc" }
{ "timestamp":"2017-11-05T21:03:35Z", "event":"Music", "MusicTrack":"GalaxyMap" }
{ "timestamp":"2017-11-05T21:03:44Z", "event":"Music", "MusicTrack":"NoTrack" }
{ "timestamp":"2017-11-05T21:03:54Z", "event":"ReceiveText", "From":"Alcazar's Hope", "Message":"$STATION_NoFireZone_exited;", "Message_Localised":"No fire zone left.", "Channel":"npc" }
{ "timestamp":"2017-11-05T21:04:06Z", "event":"StartJump", "JumpType":"Hyperspace", "StarSystem":"Asterope", "StarClass":"B" }
{ "timestamp":"2017-11-05T21:04:12Z", "event":"Music", "MusicTrack":"Exploration" }
{ "timestamp":"2017-11-05T21:04:12Z", "event":"Music", "MusicTrack":"NoTrack" }
{ "timestamp":"2017-11-05T21:04:25Z", "event":"FSDJump", "StarSystem":"Asterope", "StarPos":[-80.156,-144.094,-333.375], "SystemAllegiance":"Independent", "SystemEconomy":"$economy_Military;", "SystemEconomy_Localised":"Military", "SystemGovernment":"$government_Cooperative;", "SystemGovernment_Localised":"Cooperative", "SystemSecurity":"$SYSTEM_SECURITY_medium;", "SystemSecurity_Localised":"Medium Security", "Population":0, "JumpDist":9.179, "FuelUsed":1.912755, "FuelLevel":30.087246, "Factions":[ { "Name":"Cooper Research Associates", "FactionState":"None", "Government":"Democracy", "Influence":0.032901, "Allegiance":"Alliance", "PendingStates":[ { "State":"Boom", "Trend":1 }, { "State":"Expansion", "Trend":0 } ] }, { "Name":"I.P.S.A.L Project", "FactionState":"None", "Government":"Corporate", "Influence":0.042871, "Allegiance":"Independent" }, { "Name":"Pilots Federation Local Branch", "FactionState":"None", "Government":"Democracy", "Influence":0.000000, "Allegiance":"PilotsFederation" }, { "Name":"Rational Logistics", "FactionState":"None", "Government":"Corporate", "Influence":0.016949, "Allegiance":"Independent", "PendingStates":[ { "State":"Boom", "Trend":1 }, { "State":"CivilUnrest", "Trend":0 } ] }, { "Name":"Janus Incorporated", "FactionState":"None", "Government":"Corporate", "Influence":0.009970, "Allegiance":"Independent", "PendingStates":[ { "State":"Boom", "Trend":0 }, { "State":"CivilUnrest", "Trend":1 } ] }, { "Name":"Aegis Research", "FactionState":"Expansion", "Government":"Cooperative", "Influence":0.897308, "Allegiance":"Independent", "PendingStates":[ { "State":"Boom", "Trend":1 }, { "State":"CivilUnrest", "Trend":0 } ] } ], "SystemFaction":"Aegis Research", "FactionState":"Expansion" }
{ "timestamp":"2017-11-05T21:04:26Z", "event":"Music", "MusicTrack":"Supercruise" }
{ "timestamp":"2017-11-05T21:04:41Z", "event":"Music", "MusicTrack":"GalaxyMap" }
{ "timestamp":"2017-11-05T21:05:09Z", "event":"FuelScoop", "Scooped":1.912745, "Total":32.000000 }
{ "timestamp":"2017-11-05T21:05:12Z", "event":"Music", "MusicTrack":"Supercruise" }
{ "timestamp":"2017-11-05T21:05:46Z", "event":"StartJump", "JumpType":"Hyperspace", "StarSystem":"Pleiades Sector RO-Q b5-0", "StarClass":"M" }
{ "timestamp":"2017-11-05T21:05:52Z", "event":"Music", "MusicTrack":"NoTrack" }
{ "timestamp":"2017-11-05T21:06:05Z", "event":"FSDJump", "StarSystem":"Pleiades Sector RO-Q b5-0", "StarPos":[-80.469,-140.219,-324.156], "SystemAllegiance":"", "SystemEconomy":"$economy_None;", "SystemEconomy_Localised":"None", "SystemGovernment":"$government_None;", "SystemGovernment_Localised":"None", "SystemSecurity":"$GAlAXY_MAP_INFO_state_anarchy;", "SystemSecurity_Localised":"Anarchy", "Population":0, "JumpDist":10.005, "FuelUsed":2.362365, "FuelLevel":29.637634 }
{ "timestamp":"2017-11-05T21:06:05Z", "event":"Music", "MusicTrack":"Supercruise" }
{ "timestamp":"2017-11-05T21:06:21Z", "event":"FuelScoop", "Scooped":0.485704, "Total":30.123344 }
{ "timestamp":"2017-11-05T21:06:35Z", "event":"StartJump", "JumpType":"Hyperspace", "StarSystem":"Pleiades Sector QO-Q b5-3", "StarClass":"M" }
{ "timestamp":"2017-11-05T21:06:41Z", "event":"Music", "MusicTrack":"NoTrack" }
{ "timestamp":"2017-11-05T21:06:55Z", "event":"FSDJump", "StarSystem":"Pleiades Sector QO-Q b5-3", "StarPos":[-87.656,-141.125,-315.281], "SystemAllegiance":"", "SystemEconomy":"$economy_None;", "SystemEconomy_Localised":"None", "SystemGovernment":"$government_None;", "SystemGovernment_Localised":"None", "SystemSecurity":"$GAlAXY_MAP_INFO_state_anarchy;", "SystemSecurity_Localised":"Anarchy", "Population":0, "JumpDist":11.456, "FuelUsed":3.273663, "FuelLevel":26.849682 }
{ "timestamp":"2017-11-05T21:06:55Z", "event":"Music", "MusicTrack":"Supercruise" }
{ "timestamp":"2017-11-05T21:07:12Z", "event":"FuelScoop", "Scooped":0.514557, "Total":27.364225 }
{ "timestamp":"2017-11-05T21:07:28Z", "event":"StartJump", "JumpType":"Hyperspace", "StarSystem":"Pleiades Sector UU-O b6-3", "StarClass":"M" }
{ "timestamp":"2017-11-05T21:07:34Z", "event":"Music", "MusicTrack":"NoTrack" }
{ "timestamp":"2017-11-05T21:07:47Z", "event":"FSDJump", "StarSystem":"Pleiades Sector UU-O b6-3", "StarPos":[-88.781,-135.875,-304.594], "SystemAllegiance":"", "SystemEconomy":"$economy_None;", "SystemEconomy_Localised":"None", "SystemGovernment":"$government_None;", "SystemGovernment_Localised":"None", "SystemSecurity":"$GAlAXY_MAP_INFO_state_anarchy;", "SystemSecurity_Localised":"Anarchy", "Population":0, "JumpDist":11.960, "FuelUsed":3.607808, "FuelLevel":23.756418 }
{ "timestamp":"2017-11-05T21:07:47Z", "event":"Music", "MusicTrack":"Supercruise" }
{ "timestamp":"2017-11-05T21:08:46Z", "event":"FuelScoop", "Scooped":5.001569, "Total":28.758018 }
{ "timestamp":"2017-11-05T21:09:08Z", "event":"FuelScoop", "Scooped":3.242007, "Total":32.000000 }
{ "timestamp":"2017-11-05T21:09:35Z", "event":"StartJump", "JumpType":"Hyperspace", "StarSystem":"Pleiades Sector VU-O b6-2", "StarClass":"M" }
{ "timestamp":"2017-11-05T21:09:40Z", "event":"Music", "MusicTrack":"NoTrack" }
{ "timestamp":"2017-11-05T21:09:54Z", "event":"FSDJump", "StarSystem":"Pleiades Sector VU-O b6-2", "StarPos":[-80.250,-137.250,-298.656], "SystemAllegiance":"", "SystemEconomy":"$economy_None;", "SystemEconomy_Localised":"None", "SystemGovernment":"$government_None;", "SystemGovernment_Localised":"None", "SystemSecurity":"$GAlAXY_MAP_INFO_state_anarchy;", "SystemSecurity_Localised":"Anarchy", "Population":0, "JumpDist":10.485, "FuelUsed":2.649623, "FuelLevel":29.350376 }
{ "timestamp":"2017-11-05T21:09:54Z", "event":"Music", "MusicTrack":"Supercruise" }
{ "timestamp":"2017-11-05T21:10:30Z", "event":"FuelScoop", "Scooped":2.649612, "Total":32.000000 }
{ "timestamp":"2017-11-05T21:11:21Z", "event":"StartJump", "JumpType":"Hyperspace", "StarSystem":"Pleiades Sector MN-T c3-15", "StarClass":"K" }
{ "timestamp":"2017-11-05T21:11:26Z", "event":"Music", "MusicTrack":"NoTrack" }
{ "timestamp":"2017-11-05T21:11:39Z", "event":"FSDJump", "StarSystem":"Pleiades Sector MN-T c3-15", "StarPos":[-79.531,-144.625,-288.656], "SystemAllegiance":"", "SystemEconomy":"$economy_None;", "SystemEconomy_Localised":"None", "SystemGovernment":"$government_None;", "SystemGovernment_Localised":"None", "SystemSecurity":"$GAlAXY_MAP_INFO_state_anarchy;", "SystemSecurity_Localised":"Anarchy", "Population":0, "JumpDist":12.446, "FuelUsed":4.033471, "FuelLevel":27.966530 }
{ "timestamp":"2017-11-05T21:11:40Z", "event":"Music", "MusicTrack":"Supercruise" }
{ "timestamp":"2017-11-05T21:11:50Z", "event":"ReceiveText", "From":"$npc_name_decorate:#name=Daniel Fandrich;", "From_Localised":"Daniel Fandrich", "Message":"$Pirate_HunterHostileSC_Relevant02;", "Message_Localised":"I knew I'd find you eventually, all that tasty cargo!", "Channel":"npc" }
{ "timestamp":"2017-11-05T21:12:33Z", "event":"FuelScoop", "Scooped":4.033473, "Total":32.000000 }
{ "timestamp":"2017-11-05T21:13:04Z", "event":"StartJump", "JumpType":"Hyperspace", "StarSystem":"Pleiades Sector YA-N b7-3", "StarClass":"M" }
{ "timestamp":"2017-11-05T21:13:09Z", "event":"Music", "MusicTrack":"NoTrack" }
{ "timestamp":"2017-11-05T21:13:22Z", "event":"FSDJump", "StarSystem":"Pleiades Sector YA-N b7-3", "StarPos":[-85.844,-139.313,-281.719], "SystemAllegiance":"", "SystemEconomy":"$economy_None;", "SystemEconomy_Localised":"None", "SystemGovernment":"$government_None;", "SystemGovernment_Localised":"None", "SystemSecurity":"$GAlAXY_MAP_INFO_state_anarchy;", "SystemSecurity_Localised":"Anarchy", "Population":0, "JumpDist":10.780, "FuelUsed":2.836107, "FuelLevel":29.163893 }
{ "timestamp":"2017-11-05T21:13:23Z", "event":"Music", "MusicTrack":"Supercruise" }
{ "timestamp":"2017-11-05T21:13:44Z", "event":"FuelScoop", "Scooped":0.464426, "Total":29.628294 }
{ "timestamp":"2017-11-05T21:14:15Z", "event":"StartJump", "JumpType":"Hyperspace", "StarSystem":"Pleiades Sector ZA-N b7-3", "StarClass":"M" }
{ "timestamp":"2017-11-05T21:14:20Z", "event":"Music", "MusicTrack":"NoTrack" }
{ "timestamp":"2017-11-05T21:14:33Z", "event":"FSDJump", "StarSystem":"Pleiades Sector ZA-N b7-3", "StarPos":[-84.250,-136.875,-270.844], "SystemAllegiance":"", "SystemEconomy":"$economy_None;", "SystemEconomy_Localised":"None", "SystemGovernment":"$government_None;", "SystemGovernment_Localised":"None", "SystemSecurity":"$GAlAXY_MAP_INFO_state_anarchy;", "SystemSecurity_Localised":"Anarchy", "Population":0, "JumpDist":11.258, "FuelUsed":3.132046, "FuelLevel":26.496248 }
{ "timestamp":"2017-11-05T21:14:33Z", "event":"Music", "MusicTrack":"Supercruise" }
{ "timestamp":"2017-11-05T21:14:51Z", "event":"FuelScoop", "Scooped":0.139626, "Total":26.635872 }
{ "timestamp":"2017-11-05T21:15:24Z", "event":"StartJump", "JumpType":"Hyperspace", "StarSystem":"HIP 16440", "StarClass":"F" }
{ "timestamp":"2017-11-05T21:15:29Z", "event":"Music", "MusicTrack":"NoTrack" }
{ "timestamp":"2017-11-05T21:15:42Z", "event":"FSDJump", "StarSystem":"HIP 16440", "StarPos":[-74.375,-133.000,-267.344], "SystemAllegiance":"", "SystemEconomy":"$economy_None;", "SystemEconomy_Localised":"None", "SystemGovernment":"$government_None;", "SystemGovernment_Localised":"None", "SystemSecurity":"$GAlAXY_MAP_INFO_state_anarchy;", "SystemSecurity_Localised":"Anarchy", "Population":0, "JumpDist":11.171, "FuelUsed":3.044886, "FuelLevel":23.590986 }
{ "timestamp":"2017-11-05T21:15:42Z", "event":"Music", "MusicTrack":"Supercruise" }
{ "timestamp":"2017-11-05T21:16:04Z", "event":"FuelScoop", "Scooped":1.159189, "Total":24.750179 }
{ "timestamp":"2017-11-05T21:16:32Z", "event":"StartJump", "JumpType":"Hyperspace", "StarSystem":"Pleiades Sector NN-T c3-12", "StarClass":"M" }
{ "timestamp":"2017-11-05T21:16:37Z", "event":"Music", "MusicTrack":"NoTrack" }
{ "timestamp":"2017-11-05T21:16:50Z", "event":"FSDJump", "StarSystem":"Pleiades Sector NN-T c3-12", "StarPos":[-63.750,-132.969,-270.125], "SystemAllegiance":"", "SystemEconomy":"$economy_None;", "SystemEconomy_Localised":"None", "SystemGovernment":"$government_None;", "SystemGovernment_Localised":"None", "SystemSecurity":"$GAlAXY_MAP_INFO_state_anarchy;", "SystemSecurity_Localised":"Anarchy", "Population":0, "JumpDist":10.983, "FuelUsed":2.904612, "FuelLevel":21.845568 }
{ "timestamp":"2017-11-05T21:16:50Z", "event":"Music", "MusicTrack":"Supercruise" }
{ "timestamp":"2017-11-05T21:17:27Z", "event":"FuelScoop", "Scooped":5.000450, "Total":26.846003 }
{ "timestamp":"2017-11-05T21:17:48Z", "event":"FuelScoop", "Scooped":2.668136, "Total":29.514151 }
{ "timestamp":"2017-11-05T21:18:08Z", "event":"StartJump", "JumpType":"Hyperspace", "StarSystem":"Pleiades Sector AB-N b7-2", "StarClass":"M" }
{ "timestamp":"2017-11-05T21:18:13Z", "event":"Music", "MusicTrack":"NoTrack" }
{ "timestamp":"2017-11-05T21:18:27Z", "event":"FSDJump", "StarSystem":"Pleiades Sector AB-N b7-2", "StarPos":[-60.531,-142.031,-270.875], "SystemAllegiance":"", "SystemEconomy":"$economy_None;", "SystemEconomy_Localised":"None", "SystemGovernment":"$government_None;", "SystemGovernment_Localised":"None", "SystemSecurity":"$GAlAXY_MAP_INFO_state_anarchy;", "SystemSecurity_Localised":"Anarchy", "Population":0, "JumpDist":9.646, "FuelUsed":2.144212, "FuelLevel":27.369938 }
{ "timestamp":"2017-11-05T21:18:27Z", "event":"Music", "MusicTrack":"Supercruise" }
{ "timestamp":"2017-11-05T21:18:36Z", "event":"FuelScoop", "Scooped":0.044221, "Total":27.414158 }
{ "timestamp":"2017-11-05T21:18:59Z", "event":"StartJump", "JumpType":"Hyperspace", "StarSystem":"HIP 16813", "StarClass":"F" }
{ "timestamp":"2017-11-05T21:19:05Z", "event":"Music", "MusicTrack":"NoTrack" }
{ "timestamp":"2017-11-05T21:19:18Z", "event":"FSDJump", "StarSystem":"HIP 16813", "StarPos":[-57.031,-143.375,-268.281], "SystemAllegiance":"Independent", "SystemEconomy":"$economy_Service;", "SystemEconomy_Localised":"Service", "SystemGovernment":"$government_Theocracy;", "SystemGovernment_Localised":"Theocracy", "SystemSecurity":"$SYSTEM_SECURITY_medium;", "SystemSecurity_Localised":"Medium Security", "Population":2500, "JumpDist":4.559, "FuelUsed":0.339648, "FuelLevel":27.074511, "Factions":[ { "Name":"Order of the Seven Bells", "FactionState":"Boom", "Government":"Theocracy", "Influence":1.000000, "Allegiance":"Independent" }, { "Name":"Pilots Federation Local Branch", "FactionState":"None", "Government":"Democracy", "Influence":0.000000, "Allegiance":"PilotsFederation" } ], "SystemFaction":"Order of the Seven Bells", "FactionState":"Boom" }
{ "timestamp":"2017-11-05T21:19:18Z", "event":"Music", "MusicTrack":"DestinationFromHyperspace" }
{ "timestamp":"2017-11-05T21:19:23Z", "event":"Music", "MusicTrack":"Supercruise" }
{ "timestamp":"2017-11-05T21:22:59Z", "event":"SupercruiseExit", "StarSystem":"HIP 16813", "Body":"Sisters' Refuge", "BodyType":"Station" }
{ "timestamp":"2017-11-05T21:22:59Z", "event":"Music", "MusicTrack":"DestinationFromSupercruise" }
{ "timestamp":"2017-11-05T21:23:04Z", "event":"Music", "MusicTrack":"NoTrack" }
{ "timestamp":"2017-11-05T21:23:09Z", "event":"ReceiveText", "From":"Sisters' Refuge", "Message":"$STATION_NoFireZone_entered;", "Message_Localised":"No fire zone entered.", "Channel":"npc" }
{ "timestamp":"2017-11-05T21:23:17Z", "event":"DockingRequested", "StationName":"Sisters' Refuge" }
{ "timestamp":"2017-11-05T21:23:17Z", "event":"ReceiveText", "From":"Sisters' Refuge", "Message":"$DockingChatter_Neutral;", "Message_Localised":"Ensure to observe starport protocol during your visit, pilot.", "Channel":"npc" }
{ "timestamp":"2017-11-05T21:23:18Z", "event":"ReceiveText", "From":"Sisters' Refuge", "Message":"$STATION_docking_granted;", "Message_Localised":"Docking request granted.", "Channel":"npc" }
{ "timestamp":"2017-11-05T21:23:18Z", "event":"DockingGranted", "LandingPad":32, "StationName":"Sisters' Refuge" }
{ "timestamp":"2017-11-05T21:24:30Z", "event":"Music", "MusicTrack":"Starport" }
{ "timestamp":"2017-11-05T21:25:16Z", "event":"Docked", "StationName":"Sisters' Refuge", "StationType":"AsteroidBase", "StarSystem":"HIP 16813", "StationFaction":"Order of the Seven Bells", "FactionState":"Boom", "StationGovernment":"$government_Theocracy;", "StationGovernment_Localised":"Theocracy", "StationServices":[ "Dock", "Autodock", "Commodities", "Contacts", "Exploration", "Missions", "Outfitting", "CrewLounge", "Rearm", "Refuel", "Repair", "Shipyard", "Tuning", "MissionsGenerated", "FlightController", "StationOperations", "Powerplay", "SearchAndRescue" ], "StationEconomy":"$economy_Service;", "StationEconomy_Localised":"Service", "DistFromStarLS":3556.265381 }
{ "timestamp":"2017-11-05T21:25:59Z", "event":"MarketSell", "Type":"basicmedicines", "Count":296, "SellPrice":379, "TotalSale":112184, "AvgPricePaid":190 }
{ "timestamp":"2017-11-05T21:26:09Z", "event":"Music", "MusicTrack":"GalaxyMap" }
{ "timestamp":"2017-11-05T21:31:59Z", "event":"Music", "MusicTrack":"Starport" }
{ "timestamp":"2017-11-05T21:32:18Z", "event":"Music", "MusicTrack":"GalaxyMap" }
{ "timestamp":"2017-11-05T21:35:29Z", "event":"Music", "MusicTrack":"Starport" }
{ "timestamp":"2017-11-05T21:41:46Z", "event":"RefuelAll", "Cost":268, "Amount":5.335185 }
{ "timestamp":"2017-11-05T21:41:51Z", "event":"Music", "MusicTrack":"GalaxyMap" }
{ "timestamp":"2017-11-05T21:42:16Z", "event":"Music", "MusicTrack":"Starport" }
{ "timestamp":"2017-11-05T21:42:52Z", "event":"ModuleBuy", "Slot":"Slot07_Size2", "StoredItem":"$int_cargorack_size3_class1_name;", "StoredItem_Localised":"Cargo Rack", "BuyItem":"$int_passengercabin_size3_class2_name;", "BuyItem_Localised":"BC Passenger Cabin", "BuyPrice":26705, "Ship":"type7", "ShipID":14 }
{ "timestamp":"2017-11-05T21:43:27Z", "event":"MarketBuy", "Type":"hydrogenfuel", "Count":288, "BuyPrice":72, "TotalCost":20736 }
{ "timestamp":"2017-11-05T21:43:55Z", "event":"Undocked", "StationName":"Sisters' Refuge", "StationType":"AsteroidBase" }
{ "timestamp":"2017-11-05T21:44:18Z", "event":"Music", "MusicTrack":"NoTrack" }
{ "timestamp":"2017-11-05T21:45:29Z", "event":"ReceiveText", "From":"Sisters' Refuge", "Message":"$STATION_NoFireZone_exited;", "Message_Localised":"No fire zone left.", "Channel":"npc" }
{ "timestamp":"2017-11-05T21:46:39Z", "event":"Music", "MusicTrack":"Exploration" }
{ "timestamp":"2017-11-05T21:46:47Z", "event":"Music", "MusicTrack":"GalaxyMap" }
{ "timestamp":"2017-11-05T21:46:48Z", "event":"Music", "MusicTrack":"Exploration" }
{ "timestamp":"2017-11-05T21:47:05Z", "event":"StartJump", "JumpType":"Hyperspace", "StarSystem":"Pleiades Sector IR-W d1-56", "StarClass":"K" }
{ "timestamp":"2017-11-05T21:47:11Z", "event":"Music", "MusicTrack":"NoTrack" }
{ "timestamp":"2017-11-05T21:47:24Z", "event":"FSDJump", "StarSystem":"Pleiades Sector IR-W d1-56", "StarPos":[-51.719,-133.063,-268.219], "SystemAllegiance":"", "SystemEconomy":"$economy_None;", "SystemEconomy_Localised":"None", "SystemGovernment":"$government_None;", "SystemGovernment_Localised":"None", "SystemSecurity":"$GAlAXY_MAP_INFO_state_anarchy;", "SystemSecurity_Localised":"Anarchy", "Population":0, "JumpDist":11.601, "FuelUsed":3.364319, "FuelLevel":28.635681 }
{ "timestamp":"2017-11-05T21:47:24Z", "event":"Music", "MusicTrack":"Supercruise" }
{ "timestamp":"2017-11-05T21:47:39Z", "event":"FuelScoop", "Scooped":0.280079, "Total":28.915751 }
{ "timestamp":"2017-11-05T21:48:01Z", "event":"StartJump", "JumpType":"Hyperspace", "StarSystem":"Pleiades Sector FH-L b8-3", "StarClass":"M" }
{ "timestamp":"2017-11-05T21:48:07Z", "event":"Music", "MusicTrack":"NoTrack" }
{ "timestamp":"2017-11-05T21:48:20Z", "event":"FSDJump", "StarSystem":"Pleiades Sector FH-L b8-3", "StarPos":[-43.531,-132.375,-258.719], "SystemAllegiance":"", "SystemEconomy":"$economy_None;", "SystemEconomy_Localised":"None", "SystemGovernment":"$government_None;", "SystemGovernment_Localised":"None", "SystemSecurity":"$GAlAXY_MAP_INFO_state_anarchy;", "SystemSecurity_Localised":"Anarchy", "Population":0, "JumpDist":12.560, "FuelUsed":4.049337, "FuelLevel":24.866413 }
{ "timestamp":"2017-11-05T21:48:20Z", "event":"Music", "MusicTrack":"Supercruise" }
{ "timestamp":"2017-11-05T21:48:57Z", "event":"FuelScoop", "Scooped":5.001309, "Total":29.867702 }
{ "timestamp":"2017-11-05T21:49:09Z", "event":"FuelScoop", "Scooped":2.132283, "Total":32.000000 }
{ "timestamp":"2017-11-05T21:49:59Z", "event":"StartJump", "JumpType":"Hyperspace", "StarSystem":"HIP 17174", "StarClass":"G" }
{ "timestamp":"2017-11-05T21:50:05Z", "event":"Music", "MusicTrack":"NoTrack" }
{ "timestamp":"2017-11-05T21:50:18Z", "event":"FSDJump", "StarSystem":"HIP 17174", "StarPos":[-42.188,-135.906,-248.219], "SystemAllegiance":"", "SystemEconomy":"$economy_None;", "SystemEconomy_Localised":"None", "SystemGovernment":"$government_None;", "SystemGovernment_Localised":"None", "SystemSecurity":"$GAlAXY_MAP_INFO_state_anarchy;", "SystemSecurity_Localised":"Anarchy", "Population":0, "JumpDist":11.159, "FuelUsed":3.059156, "FuelLevel":28.940844 }
{ "timestamp":"2017-11-05T21:50:18Z", "event":"Music", "MusicTrack":"Supercruise" }
{ "timestamp":"2017-11-05T21:50:29Z", "event":"ReceiveText", "From":"$npc_name_decorate:#name=Christian COUTURIER;", "From_Localised":"Christian COUTURIER", "Message":"$Pirate_HunterHostileSC_Relevant04;", "Message_Localised":"Big haul like that, surprised you made it this far.", "Channel":"npc" }
{ "timestamp":"2017-11-05T21:50:38Z", "event":"FuelScoop", "Scooped":1.223792, "Total":30.164642 }
{ "timestamp":"2017-11-05T21:50:52Z", "event":"StartJump", "JumpType":"Hyperspace", "StarSystem":"Aries Dark Region GW-W d1-51", "StarClass":"F" }
{ "timestamp":"2017-11-05T21:50:57Z", "event":"Music", "MusicTrack":"NoTrack" }
{ "timestamp":"2017-11-05T21:51:10Z", "event":"FSDJump", "StarSystem":"Aries Dark Region GW-W d1-51", "StarPos":[-32.563,-133.438,-249.375], "SystemAllegiance":"", "SystemEconomy":"$economy_None;", "SystemEconomy_Localised":"None", "SystemGovernment":"$government_None;", "SystemGovernment_Localised":"None", "SystemSecurity":"$GAlAXY_MAP_INFO_state_anarchy;", "SystemSecurity_Localised":"Anarchy", "Population":0, "JumpDist":10.004, "FuelUsed":2.327424, "FuelLevel":27.837219 }
{ "timestamp":"2017-11-05T21:51:11Z", "event":"Music", "MusicTrack":"Supercruise" }
{ "timestamp":"2017-11-05T21:51:43Z", "event":"FuelScoop", "Scooped":4.162752, "Total":32.000000 }
{ "timestamp":"2017-11-05T21:52:21Z", "event":"StartJump", "JumpType":"Hyperspace", "StarSystem":"HIP 17944", "StarClass":"F" }
{ "timestamp":"2017-11-05T21:52:26Z", "event":"Music", "MusicTrack":"NoTrack" }
{ "timestamp":"2017-11-05T21:52:40Z", "event":"FSDJump", "StarSystem":"HIP 17944", "StarPos":[-26.125,-131.406,-243.125], "SystemAllegiance":"", "SystemEconomy":"$economy_None;", "SystemEconomy_Localised":"None", "SystemGovernment":"$government_None;", "SystemGovernment_Localised":"None", "SystemSecurity":"$GAlAXY_MAP_INFO_state_anarchy;", "SystemSecurity_Localised":"Anarchy", "Population":0, "JumpDist":9.199, "FuelUsed":1.906012, "FuelLevel":30.093988 }
{ "timestamp":"2017-11-05T21:52:40Z", "event":"Music", "MusicTrack":"Supercruise" }
